<?xml version="1.0" encoding="UTF-8" ?>
<testsuite tests="4" failures="0" name="finalprojectB.UrlValidatorTest" time="2.052" errors="1" skipped="0">
  <properties>
    <property name="java.runtime.name" value="Java(TM) SE Runtime Environment"/>
    <property name="java.vm.version" value="9.0.4+11"/>
    <property name="sun.boot.library.path" value="C:\Program Files\Java\jdk-9.0.4\bin"/>
    <property name="maven.multiModuleProjectDirectory" value="C:/Users/Tommy/Desktop/cs_362/CS362-001-S2018/projects/liaoto/FinalProject/URLValidatorInCorrect"/>
    <property name="java.vm.vendor" value="Oracle Corporation"/>
    <property name="java.vendor.url" value="http://java.oracle.com/"/>
    <property name="guice.disable.misplaced.annotation.check" value="true"/>
    <property name="path.separator" value=";"/>
    <property name="java.vm.name" value="Java HotSpot(TM) 64-Bit Server VM"/>
    <property name="file.encoding.pkg" value="sun.io"/>
    <property name="sun.os.patch.level" value=""/>
    <property name="user.script" value=""/>
    <property name="user.country" value="US"/>
    <property name="sun.java.launcher" value="SUN_STANDARD"/>
    <property name="java.vm.specification.name" value="Java Virtual Machine Specification"/>
    <property name="user.dir" value="C:\Users\Tommy\Desktop\cs_362\CS362-001-S2018\projects\liaoto\FinalProject\URLValidatorInCorrect"/>
    <property name="java.vm.compressedOopsMode" value="32-bit"/>
    <property name="java.runtime.version" value="9.0.4+11"/>
    <property name="java.awt.graphicsenv" value="sun.awt.Win32GraphicsEnvironment"/>
    <property name="os.arch" value="amd64"/>
    <property name="java.io.tmpdir" value="C:\Users\Tommy\AppData\Local\Temp\"/>
    <property name="line.separator" value="
"/>
    <property name="java.vm.specification.vendor" value="Oracle Corporation"/>
    <property name="user.variant" value=""/>
    <property name="os.name" value="Windows 10"/>
    <property name="classworlds.conf" value="C:/Program Files/Maven/bin/m2.conf"/>
    <property name="sun.jnu.encoding" value="Cp1252"/>
    <property name="java.library.path" value="C:\Program Files\Java\jdk-9.0.4\bin;C:\WINDOWS\Sun\Java\bin;C:\WINDOWS\system32;C:\WINDOWS;C:\Users\Tommy\bin;C:\Program Files\Git\mingw64\bin;C:\Program Files\Git\usr\local\bin;C:\Program Files\Git\usr\bin;C:\Program Files\Git\usr\bin;C:\Program Files\Git\mingw64\bin;C:\Program Files\Git\usr\bin;C:\Users\Tommy\bin;C:\Program Files\Haskell\bin;C:\Program Files\Haskell Platform\8.2.2\lib\extralibs\bin;C:\Program Files\Haskell Platform\8.2.2\bin;C:\ProgramData\Oracle\Java\javapath;C:\Program Files (x86)\Intel\iCLS Client;C:\Program Files\Intel\iCLS Client;C:\WINDOWS\system32;C:\WINDOWS;C:\WINDOWS\System32\Wbem;C:\WINDOWS\System32\WindowsPowerShell\v1.0;C:\Program Files\Intel\Intel(R) Management Engine Components\DAL;C:\Program Files\Intel\Intel(R) Management Engine Components\IPT;C:\Program Files (x86)\Intel\Intel(R) Management Engine Components\DAL;C:\Program Files (x86)\Intel\Intel(R) Management Engine Components\IPT;C:\Program Files\Git\cmd;C:\Program Files\nodejs;C:\Program Files (x86)\Skype\Phone;C:\Program Files\Haskell Platform\8.2.2\mingw\bin;C:\Program Files\Intel\WiFi\bin;C:\Program Files\Common Files\Intel\WirelessCommon;C:\Program Files (x86)\Windows Kits\10\Windows Performance Toolkit;C:\Program Files\dotnet;C:\Users\Tommy\AppData\Roaming\cabal\bin;C:\Users\Tommy\AppData\Roaming\local\bin;C:\Users\Tommy\AppData\Local\Microsoft\WindowsApps;C:\intelFPGA\17.0\modelsim_ase\win32aloem;C:\Modeltech_pe_edu_10.4a\win32pe_edu;C:\Users\Tommy\AppData\Roaming\npm;C:\Users\Tommy\Desktop\apache-maven-3.5.3-bin\apache-maven-3.5.3;C:\Program Files\Java\jdk-9.0.4;C:\Program Files\Java\jdk-9.0.4;C:\Program Files\Git\usr\bin\vendor_perl;C:\Program Files\Git\usr\bin\core_perl;C:\Program Files\Maven\bin\;C:\Program Files\Java\jdk-9.0.4\bin\;C:\Program Files(x86)\Windows Kits\10\bin\;."/>
    <property name="maven.conf" value="C:/Program Files/Maven/conf"/>
    <property name="jdk.debug" value="release"/>
    <property name="java.class.version" value="53.0"/>
    <property name="java.specification.name" value="Java Platform API Specification"/>
    <property name="sun.management.compiler" value="HotSpot 64-Bit Tiered Compilers"/>
    <property name="os.version" value="10.0"/>
    <property name="library.jansi.path" value="C:/Program Files/Maven/lib/jansi-native"/>
    <property name="user.home" value="C:\Users\Tommy"/>
    <property name="user.timezone" value="America/Los_Angeles"/>
    <property name="java.awt.printerjob" value="sun.awt.windows.WPrinterJob"/>
    <property name="file.encoding" value="Cp1252"/>
    <property name="java.specification.version" value="9"/>
    <property name="user.name" value="Tommy"/>
    <property name="java.class.path" value="C:/Program Files/Maven/boot/plexus-classworlds-2.5.2.jar"/>
    <property name="java.vm.specification.version" value="9"/>
    <property name="sun.arch.data.model" value="64"/>
    <property name="sun.java.command" value="org.codehaus.plexus.classworlds.launcher.Launcher test"/>
    <property name="java.home" value="C:\Program Files\Java\jdk-9.0.4"/>
    <property name="user.language" value="en"/>
    <property name="java.specification.vendor" value="Oracle Corporation"/>
    <property name="awt.toolkit" value="sun.awt.windows.WToolkit"/>
    <property name="java.vm.info" value="mixed mode"/>
    <property name="java.version" value="9.0.4"/>
    <property name="java.vendor" value="Oracle Corporation"/>
    <property name="maven.home" value="C:\Program Files\Maven"/>
    <property name="file.separator" value="\"/>
    <property name="java.vendor.url.bug" value="http://bugreport.java.com/bugreport/"/>
    <property name="sun.io.unicode.encoding" value="UnicodeLittle"/>
    <property name="sun.cpu.endian" value="little"/>
    <property name="sun.desktop" value="windows"/>
    <property name="sun.cpu.isalist" value="amd64"/>
  </properties>
  <testcase classname="finalprojectB.UrlValidatorTest" name="testManualTest" time="0.078"/>
  <testcase classname="finalprojectB.UrlValidatorTest" name="testYourSecondPartition" time="0"/>
  <testcase classname="finalprojectB.UrlValidatorTest" name="testYourFirstPartition" time="0.016"/>
  <testcase classname="finalprojectB.UrlValidatorTest" name="testIsValid" time="1.958">
    <error type="java.lang.ExceptionInInitializerError">java.lang.ExceptionInInitializerError
	at finalprojectB.UrlValidator.isValidAuthority(UrlValidator.java:394)
	at finalprojectB.UrlValidator.isValid(UrlValidator.java:328)
	at finalprojectB.UrlValidatorTest.testIsValid(UrlValidatorTest.java:231)
	at java.base/jdk.internal.reflect.NativeMethodAccessorImpl.invoke0(Native Method)
	at java.base/jdk.internal.reflect.NativeMethodAccessorImpl.invoke(NativeMethodAccessorImpl.java:62)
	at java.base/jdk.internal.reflect.DelegatingMethodAccessorImpl.invoke(DelegatingMethodAccessorImpl.java:43)
	at java.base/java.lang.reflect.Method.invoke(Method.java:564)
	at junit.framework.TestCase.runTest(TestCase.java:176)
	at junit.framework.TestCase.runBare(TestCase.java:141)
	at junit.framework.TestResult$1.protect(TestResult.java:122)
	at junit.framework.TestResult.runProtected(TestResult.java:142)
	at junit.framework.TestResult.run(TestResult.java:125)
	at junit.framework.TestCase.run(TestCase.java:129)
	at junit.framework.TestSuite.runTest(TestSuite.java:252)
	at junit.framework.TestSuite.run(TestSuite.java:247)
	at org.junit.internal.runners.JUnit38ClassRunner.run(JUnit38ClassRunner.java:86)
	at org.apache.maven.surefire.junit4.JUnit4Provider.execute(JUnit4Provider.java:252)
	at org.apache.maven.surefire.junit4.JUnit4Provider.executeTestSet(JUnit4Provider.java:141)
	at org.apache.maven.surefire.junit4.JUnit4Provider.invoke(JUnit4Provider.java:112)
	at java.base/jdk.internal.reflect.NativeMethodAccessorImpl.invoke0(Native Method)
	at java.base/jdk.internal.reflect.NativeMethodAccessorImpl.invoke(NativeMethodAccessorImpl.java:62)
	at java.base/jdk.internal.reflect.DelegatingMethodAccessorImpl.invoke(DelegatingMethodAccessorImpl.java:43)
	at java.base/java.lang.reflect.Method.invoke(Method.java:564)
	at org.apache.maven.surefire.util.ReflectionUtils.invokeMethodWithArray(ReflectionUtils.java:189)
	at org.apache.maven.surefire.booter.ProviderFactory$ProviderProxy.invoke(ProviderFactory.java:165)
	at org.apache.maven.surefire.booter.ProviderFactory.invokeProvider(ProviderFactory.java:85)
	at org.apache.maven.surefire.booter.ForkedBooter.runSuitesInProcess(ForkedBooter.java:115)
	at org.apache.maven.surefire.booter.ForkedBooter.main(ForkedBooter.java:75)
Caused by: java.lang.IllegalArgumentException: Regular expressions are missing
	at finalprojectB.RegexValidator.&lt;init&gt;(RegexValidator.java:121)
	at finalprojectB.RegexValidator.&lt;init&gt;(RegexValidator.java:96)
	at finalprojectB.RegexValidator.&lt;init&gt;(RegexValidator.java:83)
	at finalprojectB.DomainValidator.&lt;init&gt;(DomainValidator.java:107)
	at finalprojectB.DomainValidator.&lt;clinit&gt;(DomainValidator.java:96)
	... 28 more
</error>
    <system-out>Start Random testing...
$209321:/:OAIB&lt;fFFMfb5F5jY&apos;%L@~7S].net/Dh#6D-_SJg&amp; =&lt;)WLC]43x8Z6C$L~lE.DwCcOv++
Passed default
Passed all schemes flag
Passed all schemes + 2 slash flag
Passed all schemes + fragment flag
Passed all schemes + local flag
Passed all flags
AAA/:H/R{YOHv/_T-ftA3};Pnryj&lt;+*}@erQS^sWGR*^$s+B[djcom/
Passed default
Passed all schemes flag
Passed all schemes + 2 slash flag
Passed all schemes + fragment flag
Passed all schemes + local flag
Passed all flags
AAA::/&apos;:%WU/`Uk&gt;z{x{AV0\{kNg/c#9gbi&quot;o&quot;sGH[O3 :urk
Passed default
Passed all schemes flag
Passed all schemes + 2 slash flag
Passed all schemes + fragment flag
Passed all schemes + local flag
Passed all flags
http:/:vDVYW4W?jF.gov/
Passed default
Passed all schemes flag
Passed all schemes + 2 slash flag
Passed all schemes + fragment flag
Passed all schemes + local flag
Passed all flags
https:/:gqzTgX{WH}Fn#:rN+;=k&apos;LVmg7-sz6M*pZ]vlJQ,cc,k+5jfajds;kjdls/BbK!?Jj=}DTI{oz
Passed default
Passed all schemes flag
Passed all schemes + 2 slash flag
Passed all schemes + fragment flag
Passed all schemes + local flag
Passed all flags
https /:zA4rr0/ek-]hfajds;kjdls/wzr_\F6%$uQ7p=@we
Passed default
Passed all schemes flag
Passed all schemes + 2 slash flag
Passed all schemes + fragment flag
Passed all schemes + local flag
Passed all flags
AAA/:NaCNkGwfrK.com/
Passed default
Passed all schemes flag
Passed all schemes + 2 slash flag
Passed all schemes + fragment flag
Passed all schemes + local flag
Passed all flags
::/#5!MN_Sjt/UtqCQl[Ee6Y[eAb(N.com:
Passed default
Passed all schemes flag
Passed all schemes + 2 slash flag
Passed all schemes + fragment flag
Passed all schemes + local flag
Passed all flags
    :/:np\}l j-}f1G&amp;O7\l&apos;~(;#6&lt;g+x|!gtyaJ!E~a[c}#he&lt;-zcom/^&quot;nQ)#;~rS9Rtx=~JgAXIOMuC|NM:kZw
Passed default
Passed all schemes flag
Passed all schemes + 2 slash flag
Passed all schemes + fragment flag
Passed all schemes + local flag
Passed all flags
123211:/:oW fWT)\&lt;-:JOaD&gt;Bg&gt;q;&lt;Y.gov/ ~&amp;fP1}{_aNzB*]_wiszCiqV)op/8p7}O&gt;( p/:!
Passed default
Passed all schemes flag
Passed all schemes + 2 slash flag
Passed all schemes + fragment flag
Passed all schemes + local flag
Passed all flags
    :/qGMfaup_srD-8u(}1(3&lt;3TJr/RQ*wP :2c1}/W2fUYQ4,Y\.OW&gt;6CbLvc=YV)-}sK%dh@ATrmO+@i
Passed default
Passed all schemes flag
Passed all schemes + 2 slash flag
Passed all schemes + fragment flag
Passed all schemes + local flag
Passed all flags
http:/:ix] H2o(R^,G#hz_L{9rSXfajds;kjdls/
Passed default
Passed all schemes flag
Passed all schemes + 2 slash flag
Passed all schemes + fragment flag
Passed all schemes + local flag
Passed all flags
 :DQ&quot;n&lt;Yz~!4eo[l+_`.com
Passed default
Passed all schemes flag
Passed all schemes + 2 slash flag
Passed all schemes + fragment flag
Passed all schemes + local flag
Passed all flags
HttP::X.com
Passed default
Passed all schemes flag
Passed all schemes + 2 slash flag
Passed all schemes + fragment flag
Passed all schemes + local flag
Passed all flags
AAA:/:.net/w8sTH$`#r[5-b\TYB$~)h=L9!K1oHLXZuhN|L$1Muy
Passed default
Passed all schemes flag
Passed all schemes + 2 slash flag
Passed all schemes + fragment flag
Passed all schemes + local flag
Passed all flags
HttPOOcrudrggyMhjPBmNxxokbSZHfajds;kjdls
Passed default
Passed all schemes flag
Passed all schemes + 2 slash flag
Passed all schemes + fragment flag
Passed all schemes + local flag
Passed all flags
 //:vSCakBuLPDGeHCWZTabbKETLg /
Passed default
Passed all schemes flag
Passed all schemes + 2 slash flag
Passed all schemes + fragment flag
Passed all schemes + local flag
Passed all flags
https:  N.&quot;2Y:J&amp;1xe&quot;44%=-mfajds;kjdls 
Passed default
Passed all schemes flag
Passed all schemes + 2 slash flag
Passed all schemes + fragment flag
Passed all schemes + local flag
Passed all flags
  KL5K-Gn&quot;|@cL//&gt;jJt}L`qs5]b+]4Wc[D.com 
Passed default
Passed all schemes flag
Passed all schemes + 2 slash flag
Passed all schemes + fragment flag
Passed all schemes + local flag
Passed all flags
https:/:APy1*ZW\m{k8efz,V=^S`W}y:y3/Jxb%oS)p.com/BsmdKiGwVHhqBRigdmkm
Passed default
Passed all schemes flag
Passed all schemes + 2 slash flag
Passed all schemes + fragment flag
Passed all schemes + local flag
Passed all flags
    : WQ}G4!}C&apos;zH)]ayiCr}y/+F6+n`R2f`)XLA[Vl`5.com
Passed default
Passed all schemes flag
Passed all schemes + 2 slash flag
Passed all schemes + fragment flag
Passed all schemes + local flag
Passed all flags
http::/#|V^|(b/LGF2Rd,g8.O~SDZIq8NW,=vkz^Z/ ]QfZfajds;kjdls:NSkkbhxZSCJjUIlSOrZlIBxUBwdlfXQJrEGmBVBxG
Passed default
Passed all schemes flag
Passed all schemes + 2 slash flag
Passed all schemes + fragment flag
Passed all schemes + local flag
Passed all flags
AAA::/yBKDrG.net:
Passed default
Passed all schemes flag
Passed all schemes + 2 slash flag
Passed all schemes + fragment flag
Passed all schemes + local flag
Passed all flags
 sadasd:  :WB(9h:wmz%clZjp_q(}CTL&quot;(wW:JND20;_AYN;.8EW~.com sqZMOvfoGrLreqcOMIedLNtXmdaSeojL
Passed default
Passed all schemes flag
Passed all schemes + 2 slash flag
Passed all schemes + fragment flag
Passed all schemes + local flag
Passed all flags
http:/:P&apos;jWam,|,q;,MYu#&lt;(Ld~Ftsecs^+E=C1%,$Jfajds;kjdls/
Passed default
Passed all schemes flag
Passed all schemes + 2 slash flag
Passed all schemes + fragment flag
Passed all schemes + local flag
Passed all flags
HttP/:pz&gt;oMtROWfhbq%lE&quot;=)N~|;ju}.[nm.gov/WJgoqXIpEXIBiafBFHQDTkBULiZJnvJwrKYeNkYXLAHC
Passed default
Passed all schemes flag
Passed all schemes + 2 slash flag
Passed all schemes + fragment flag
Passed all schemes + local flag
Passed all flags
/CGfE.comUFEbkPdIIBstopBuDSLdYSnwZ
Passed default
Passed all schemes flag
Passed all schemes + 2 slash flag
Passed all schemes + fragment flag
Passed all schemes + local flag
Passed all flags
http/:XKE2`.com/yI9We-EheFF)^T`\I*[fr/&apos;R&quot;B \I-,^=
Passed default
Passed all schemes flag
Passed all schemes + 2 slash flag
Passed all schemes + fragment flag
Passed all schemes + local flag
Passed all flags
http//:C8#3LdQH-9duqq20SX_UU4FN_vxfx^PnA\P4}n`WhB1.com/v~
Passed default
Passed all schemes flag
Passed all schemes + 2 slash flag
Passed all schemes + fragment flag
Passed all schemes + local flag
Passed all flags
https//:F@&amp;}^&quot;[CH/%o5UK.gov/5U\.$a&gt;q[^9&amp;/_QifBsin*BFjvH-tOU&apos;$|QR0}~5^__7&amp;H
Passed default
Passed all schemes flag
Passed all schemes + 2 slash flag
Passed all schemes + fragment flag
Passed all schemes + local flag
Passed all flags
HTTP/:cbPKsrDbhLnrawZeTjpGqwqueGtfajds;kjdls/
Passed default
Passed all schemes flag
Passed all schemes + 2 slash flag
Passed all schemes + fragment flag
Passed all schemes + local flag
Passed all flags
HTTP:/:Zocc$NQd9+-v&amp;Rw7n4Ni(XAc)[T_IXyfajds;kjdls/e,_7L5|r_]&amp;E@3,tJzBNp%
Passed default
Passed all schemes flag
Passed all schemes + 2 slash flag
Passed all schemes + fragment flag
Passed all schemes + local flag
Passed all flags
HTTP:/:!s7B`R3E2)k&quot;nd:g/DEpd3JL#Jfajds;kjdls/fW;xdqa&gt;e6rL}vi7BeRW
Passed default
Passed all schemes flag
Passed all schemes + 2 slash flag
Passed all schemes + fragment flag
Passed all schemes + local flag
Passed all flags
 /H(=x$0_Yp6KuT\{sWI&gt;sO^{(j4NA-bHF4~0&quot;s.comRe2bO{W!9hOsUR&quot;[:r2cAjE&apos;&lt;&lt;=Wx^r_A7T3 R-&amp;0&quot;As7Ng
Passed default
Passed all schemes flag
Passed all schemes + 2 slash flag
Passed all schemes + fragment flag
Passed all schemes + local flag
Passed all flags
https   aKQdu3&quot;81?P(`k2j=]wEur aakufajds;kjdls 
Passed default
Passed all schemes flag
Passed all schemes + 2 slash flag
Passed all schemes + fragment flag
Passed all schemes + local flag
Passed all flags
 sadasd:/:C.(Rx,gKl,~&amp;3;14op.com/
Passed default
Passed all schemes flag
Passed all schemes + 2 slash flag
Passed all schemes + fragment flag
Passed all schemes + local flag
Passed all flags
 sadasd//:f&amp;D&quot;J70K7Y(&apos;Tb7CcUFD,y5)0*D2Qn9iN! bcc$Zd]iYyV.com/8; f0(}z~]h) rJxh\M&amp;k#3=~k3F#
Passed default
Passed all schemes flag
Passed all schemes + 2 slash flag
Passed all schemes + fragment flag
Passed all schemes + local flag
Passed all flags
$209321:/:I Ra3l^/srRG;6&lt;.com/rAflG^[
Passed default
Passed all schemes flag
Passed all schemes + 2 slash flag
Passed all schemes + fragment flag
Passed all schemes + local flag
Passed all flags
HttPNlY!p{+&apos;oO;&gt;_8Lh&apos;kP8)FQfP.NJ(KA#}?g&quot;I
Passed default
Passed all schemes flag
Passed all schemes + 2 slash flag
Passed all schemes + fragment flag
Passed all schemes + local flag
Passed all flags
    :/:XOZ&amp;*xoj&apos;Q(!Y]_b1hR#09PMG;W1x:@ i%E.&gt;$_Tjo.net/tL+&quot;}tw+]zP}0P~SaFiKDmrClac^d
Passed default
Passed all schemes flag
Passed all schemes + 2 slash flag
Passed all schemes + fragment flag
Passed all schemes + local flag
Passed all flags
HttP:  s~P1moO`^9b&lt; 1y[R3owKrP2hLM{~y_JID00,=Udy;gd*Wr[Wyc&amp;eD1wp=
Passed default
Passed all schemes flag
Passed all schemes + 2 slash flag
Passed all schemes + fragment flag
Passed all schemes + local flag
Passed all flags
 sadasd:/:XnQZvLMfEnUukPaavdRyXuuLCXPuqoIaydsZBJKObrurj.com/
Passed default
Passed all schemes flag
Passed all schemes + 2 slash flag
Passed all schemes + fragment flag
Passed all schemes + local flag
Passed all flags
HTTP  Y,AG EccPbcCmVQUbNoUQk
Passed default
Passed all schemes flag
Passed all schemes + 2 slash flag
Passed all schemes + fragment flag
Passed all schemes + local flag
Passed all flags
https:/:OtBOwbJuXMSYFshkAoHSsCafajds;kjdls/
Passed default
Passed all schemes flag
Passed all schemes + 2 slash flag
Passed all schemes + fragment flag
Passed all schemes + local flag
Passed all flags
https:/:~yPKn5Ra~-{7#^Q.&quot;K5=`sdt h&gt;com/
Passed default
Passed all schemes flag
Passed all schemes + 2 slash flag
Passed all schemes + fragment flag
Passed all schemes + local flag
Passed all flags
AAA:/:PeCMgxHFtZVbsKjyJeCseZHvUa/
Passed default
Passed all schemes flag
Passed all schemes + 2 slash flag
Passed all schemes + fragment flag
Passed all schemes + local flag
Passed all flags
123211:/:.com/5=d;[T)!mxCnq&gt;&gt;&gt;M8T2-O.rCS&gt;&gt;WQ7!: 2GSDQv
Passed default
Passed all schemes flag
Passed all schemes + 2 slash flag
Passed all schemes + fragment flag
Passed all schemes + local flag
Passed all flags
HTTP IX8ml:,p&lt;n4m@n&lt;!6zzjhauds})^&gt;xVxK&lt;I%Z.comkB
Passed default
Passed all schemes flag
Passed all schemes + 2 slash flag
Passed all schemes + fragment flag
Passed all schemes + local flag
Passed all flags
 sadasd//:L3~fskP&amp;R5e&quot;AF#fAjWfajds;kjdls/H]=1e&quot;G|tFfo7IdW]o
Passed default
Passed all schemes flag
Passed all schemes + 2 slash flag
Passed all schemes + fragment flag
Passed all schemes + local flag
Passed all flags
    /:OQ;EUf{[oELH&gt;YN!z8OGV.com/|\e$agwhf!D?pLM7mH5qST9i{,=]CHl7{1P7
Passed default
Passed all schemes flag
Passed all schemes + 2 slash flag
Passed all schemes + fragment flag
Passed all schemes + local flag
Passed all flags
123211/:F^*e/R.com/jAhyQmVltCgdPlefvBfJdvjgpdhZXGpNlc
Passed default
Passed all schemes flag
Passed all schemes + 2 slash flag
Passed all schemes + fragment flag
Passed all schemes + local flag
Passed all flags
https/  &quot;@&amp;ge:\.gov )%4#&apos;DS,qU!T},$H3L|?jp`Or&amp;^dIN*IH&apos;V$YjB
Passed default
Passed all schemes flag
Passed all schemes + 2 slash flag
Passed all schemes + fragment flag
Passed all schemes + local flag
Passed all flags
AAA//:xhSkoVlksrQthd.net/
Passed default
Passed all schemes flag
Passed all schemes + 2 slash flag
Passed all schemes + fragment flag
Passed all schemes + local flag
Passed all flags
 sadasd /:k&quot;G)&lt;4_=iHq94A3{HEVC])|9=1&amp;~lF&lt;W@h?.com/
Passed default
Passed all schemes flag
Passed all schemes + 2 slash flag
Passed all schemes + fragment flag
Passed all schemes + local flag
Passed all flags
https:/:v}$#Fb^xK.com/
Passed default
Passed all schemes flag
Passed all schemes + 2 slash flag
Passed all schemes + fragment flag
Passed all schemes + local flag
Passed all flags
$209321/u_n_/W:bv(!fz(6uDsr@GHc?J1.gov2?}q
Passed default
Passed all schemes flag
Passed all schemes + 2 slash flag
Passed all schemes + fragment flag
Passed all schemes + local flag
Passed all flags
https:/:oI\ ORK;q&lt;==LmN\|=com/
Passed default
Passed all schemes flag
Passed all schemes + 2 slash flag
Passed all schemes + fragment flag
Passed all schemes + local flag
Passed all flags
 sadasd:/:&quot;KaT*OH+&lt;J~&quot;0u(#eXY&quot;RM]4ul8/;0A|8}+R$0B/uW#]s_[EwKlMHh
Passed default
Passed all schemes flag
Passed all schemes + 2 slash flag
Passed all schemes + fragment flag
Passed all schemes + local flag
Passed all flags
123211/:/(C0?7Z&quot;C}oOfGG,N4&quot;6&apos;89SuWIf::?nYgr%G&apos;XC7&amp;)o^11:_l
Passed default
Passed all schemes flag
Passed all schemes + 2 slash flag
Passed all schemes + fragment flag
Passed all schemes + local flag
Passed all flags
https//:?^@LMb6Mv2ttVa2w3U\A)Kc9&amp;MOk@C4zz8*w[ejG6\HY /%qNF]dWz&amp;0ZO9(_N +idlAf&amp;wd7#F3D4T{)G5&gt;vD(%P,x5p
Passed default
Passed all schemes flag
Passed all schemes + 2 slash flag
Passed all schemes + fragment flag
Passed all schemes + local flag
Passed all flags
123211//:/[|0&lt;odysqX2U-y6 .com/;\^&amp;pv;6Xz+f\t
Passed default
Passed all schemes flag
Passed all schemes + 2 slash flag
Passed all schemes + fragment flag
Passed all schemes + local flag
Passed all flags
$209321:/:#.!_#&gt;B&lt;;-[d&lt;]oJDsI4ayD/ ZX/[v\.com/mZ
Passed default
Passed all schemes flag
Passed all schemes + 2 slash flag
Passed all schemes + fragment flag
Passed all schemes + local flag
Passed all flags
$209321:  ]+S%Ve?&apos;JkEeFR0br0ysrTKe&gt;&gt;Uf1xJnC,?IWTCuW.net J7~Ss*p~OwcL)=Jr05`%Jxv#I,@:dv
Passed default
Passed all schemes flag
Passed all schemes + 2 slash flag
Passed all schemes + fragment flag
Passed all schemes + local flag
Passed all flags
  /:/IW$jo$&apos;%I8#RiCDxN 3ddNMOb4!5Freh,[G(xD`H.snG_)x&lt;.com/
Passed default
Passed all schemes flag
Passed all schemes + 2 slash flag
Passed all schemes + fragment flag
Passed all schemes + local flag
Passed all flags
http:  /zRy=J+1gU\nf]DN;c)6;ETd(.com DNKORu`&quot;Su} rpz?1fOLscYK#&lt;hj&apos;
Passed default
Passed all schemes flag
Passed all schemes + 2 slash flag
Passed all schemes + fragment flag
Passed all schemes + local flag
Passed all flags
https/:I`Yc&amp;lrJ2J~3w(*ZZ{6e~.PW9u5a1&lt;aoMH8AA(cgMsMT}Ofajds;kjdls/t+4*i\
Passed default
Passed all schemes flag
Passed all schemes + 2 slash flag
Passed all schemes + fragment flag
Passed all schemes + local flag
Passed all flags
 :/:A~yrIik1^;@cS~#a;-Hhqa(R+~z/x${e&amp;.com/&gt;}KCi+lAJ!L5Mw^y|vR%)R5+9l&gt;.:
Passed default
Passed all schemes flag
Passed all schemes + 2 slash flag
Passed all schemes + fragment flag
Passed all schemes + local flag
Passed all flags
123211:/:HHDO`0EdI*oF&amp;w)7n.S6%A$y*!s.com/bcLXgwBDRfMyBpiFqOxoaT
Passed default
Passed all schemes flag
Passed all schemes + 2 slash flag
Passed all schemes + fragment flag
Passed all schemes + local flag
Passed all flags
HTTP:/:&amp;I3u??[+mH@-Qnh(S!D&lt;Do&gt;q_;;z{pGR.com/vUnvJIHxIvfVfQynlyEmnCAs
Passed default
Passed all schemes flag
Passed all schemes + 2 slash flag
Passed all schemes + fragment flag
Passed all schemes + local flag
Passed all flags
http::/jcFnaTxQKBtjsBdejTUbeewTWhuEVFYJUvHjjePqkvTOfajds;kjdls:
Passed default
Passed all schemes flag
Passed all schemes + 2 slash flag
Passed all schemes + fragment flag
Passed all schemes + local flag
Passed all flags
http:YtdadVnTXtGWin.net
Passed default
Passed all schemes flag
Passed all schemes + 2 slash flag
Passed all schemes + fragment flag
Passed all schemes + local flag
Passed all flags
HTTP:/:ljDZMTl`r) };.com/
Passed default
Passed all schemes flag
Passed all schemes + 2 slash flag
Passed all schemes + fragment flag
Passed all schemes + local flag
Passed all flags
https:/:P\jtLmJQ&gt;}2hu|=:,D,I5gZ.gov/s:PdN;~r!)Z4&amp;.rpwR]f4~%7]plqm({ZdZC87JbEU$e`-
Passed default
Passed all schemes flag
Passed all schemes + 2 slash flag
Passed all schemes + fragment flag
Passed all schemes + local flag
Passed all flags
http:/:iZZmnyvRPRyfuvJHiXQbMdZgoh.com/
Passed default
Passed all schemes flag
Passed all schemes + 2 slash flag
Passed all schemes + fragment flag
Passed all schemes + local flag
Passed all flags
123211:/:YewPPsfNNVmdPVqFDXCIdUJRrnTnNwfajds;kjdls/
Passed default
Passed all schemes flag
Passed all schemes + 2 slash flag
Passed all schemes + fragment flag
Passed all schemes + local flag
Passed all flags
HttP:/:$TMdIOthD\w\O&gt;y /hNi\p1m$3`z-?s4iW&apos;w7a3
Passed default
Passed all schemes flag
Passed all schemes + 2 slash flag
Passed all schemes + fragment flag
Passed all schemes + local flag
Passed all flags
HTTP//:IoTyFiGigSnRC /
Passed default
Passed all schemes flag
Passed all schemes + 2 slash flag
Passed all schemes + fragment flag
Passed all schemes + local flag
Passed all flags
https::/m7hG]6sFJ&amp;B#_/pWfx`?ok%V(.com:OOKXYkpiBiTtQ
Passed default
Passed all schemes flag
Passed all schemes + 2 slash flag
Passed all schemes + fragment flag
Passed all schemes + local flag
Passed all flags
http:/:.gov/
Passed default
Passed all schemes flag
Passed all schemes + 2 slash flag
Passed all schemes + fragment flag
Passed all schemes + local flag
Passed all flags
HTTP:/:sZgLpkaDUtktDiNNqYSmybgWCIikksZoDKQrpmBmfF.net/
Passed default
Passed all schemes flag
Passed all schemes + 2 slash flag
Passed all schemes + fragment flag
Passed all schemes + local flag
Passed all flags
https//:.com/83~&quot;L=m0_`L%Zr&amp;RVNCw?5YxFj:P;[IWJSt&lt;S2AnX2$%E2,
Passed default
Passed all schemes flag
Passed all schemes + 2 slash flag
Passed all schemes + fragment flag
Passed all schemes + local flag
Passed all flags
http:/:.com/
Passed default
Passed all schemes flag
Passed all schemes + 2 slash flag
Passed all schemes + fragment flag
Passed all schemes + local flag
Passed all flags
https/:/I.com:xjegtvkgoxHFqXJtp
Passed default
Passed all schemes flag
Passed all schemes + 2 slash flag
Passed all schemes + fragment flag
Passed all schemes + local flag
Passed all flags
https:/:&lt;7aRt`9Jqy]PLpVDOhZ&amp;Q&lt;&amp;b$KqT&quot;u,u!com/xq8~r
Passed default
Passed all schemes flag
Passed all schemes + 2 slash flag
Passed all schemes + fragment flag
Passed all schemes + local flag
Passed all flags
https:  he4pIl]\^-9C)hf?IRL*Ml[-P?qA7%;r.com ymIWuWJvXZImsCwYibcOrBisOYpSXFrrEJwhCdlqZ
Passed default
Passed all schemes flag
Passed all schemes + 2 slash flag
Passed all schemes + fragment flag
Passed all schemes + local flag
Passed all flags
http  TUMhIwGRxOmgcNvAaT.gov 
Passed default
Passed all schemes flag
Passed all schemes + 2 slash flag
Passed all schemes + fragment flag
Passed all schemes + local flag
Passed all flags
:/:]&gt;T;-h@)T|upToqJd`t6w9Z&gt;WS+%)bQv*)?ecom/
Passed default
Passed all schemes flag
Passed all schemes + 2 slash flag
Passed all schemes + fragment flag
Passed all schemes + local flag
Passed all flags
https   [Va) u.com v,%|9!IQGA4^%v=I9
Passed default
Passed all schemes flag
Passed all schemes + 2 slash flag
Passed all schemes + fragment flag
Passed all schemes + local flag
Passed all flags
https:  #KoT{S_N8!j,|m4&quot;n&quot;.74(@P%FWbPF_wV0HyQ  }29:&quot;l0D]#hB#
Passed default
Passed all schemes flag
Passed all schemes + 2 slash flag
Passed all schemes + fragment flag
Passed all schemes + local flag
Passed all flags
123211 /:ewQowSFsgJwLCUlyDXuDFhZEtQPbfyIINDjICrnDOfajds;kjdls/
Passed default
Passed all schemes flag
Passed all schemes + 2 slash flag
Passed all schemes + fragment flag
Passed all schemes + local flag
Passed all flags
 sadasd /:B-com/YFfHH
Passed default
Passed all schemes flag
Passed all schemes + 2 slash flag
Passed all schemes + fragment flag
Passed all schemes + local flag
Passed all flags
httpsJeuOtRBaWpEIgJgLLlKaJApKBbCgJYyoOAXwytDRVrCarkC.com
Passed default
Passed all schemes flag
Passed all schemes + 2 slash flag
Passed all schemes + fragment flag
Passed all schemes + local flag
Passed all flags
 /:v.com/tK&lt;t9uBTGLOW%MsyzP?Ix&amp;}!7VXZ|FEWna
Passed default
Passed all schemes flag
Passed all schemes + 2 slash flag
Passed all schemes + fragment flag
Passed all schemes + local flag
Passed all flags
$209321:/:cvF&amp;4pDUHf&lt;0iS&amp;*#HFZ*XZ_ac-frWT?&quot;es[.com/CcNjeWtpjPv
Passed default
Passed all schemes flag
Passed all schemes + 2 slash flag
Passed all schemes + fragment flag
Passed all schemes + local flag
Passed all flags
https /:4(G-y!g43N$X&quot;D9P=\\npK(8{2.com/6K
Passed default
Passed all schemes flag
Passed all schemes + 2 slash flag
Passed all schemes + fragment flag
Passed all schemes + local flag
Passed all flags
$209321/:Ej#F_&gt;6r*r*%W-7_{3jUYvpdbeia_&apos;7+2FlaD%l`I.com/
Passed default
Passed all schemes flag
Passed all schemes + 2 slash flag
Passed all schemes + fragment flag
Passed all schemes + local flag
Passed all flags
 sadasd /:D;x_Np9X.net/NnaZrDiNrYr
Passed default
Passed all schemes flag
Passed all schemes + 2 slash flag
Passed all schemes + fragment flag
Passed all schemes + local flag
Passed all flags
 /:,{35E(Rn1bH15jrl.com/
Passed default
Passed all schemes flag
Passed all schemes + 2 slash flag
Passed all schemes + fragment flag
Passed all schemes + local flag
Passed all flags
 sadasd:SIogOxRGwGTRbxEEBiZvNeTrnlZVHuqcNAb.com
Passed default
Passed all schemes flag
Passed all schemes + 2 slash flag
Passed all schemes + fragment flag
Passed all schemes + local flag
Passed all flags
https:/:[-5|SGqdM&quot;&gt;j\;|a.`Bu+C*.;B|.M]mS}M8&gt;,.~.com/:&amp;H/ZJ4i+6@&amp;p?B@~2
Passed default
Passed all schemes flag
Passed all schemes + 2 slash flag
Passed all schemes + fragment flag
Passed all schemes + local flag
Passed all flags
http /:$X.BZb#F9&amp;E@Ro&quot;422H.com/+&lt;&quot;h=|dNLmVm ``e Pjc7DJ5A
Passed default
Passed all schemes flag
Passed all schemes + 2 slash flag
Passed all schemes + fragment flag
Passed all schemes + local flag
Passed all flags
123211/:/;_QT@(O^=otJ&lt;c^Q&lt;&gt;v{ATd\??`9E2mLL@*ZZTIv_b+?{&apos;.com:tmGjIk
Passed default
Passed all schemes flag
Passed all schemes + 2 slash flag
Passed all schemes + fragment flag
Passed all schemes + local flag
Passed all flags
$209321:  3.gov jiYOiEyZAyActtntRbvhgfiWGivYh
Passed default
Passed all schemes flag
Passed all schemes + 2 slash flag
Passed all schemes + fragment flag
Passed all schemes + local flag
Passed all flags
https/:/AMnIGiQQhJaRagFtSFATBDlVaatSTYREPGjWGfVRUxDpBeHf.net:
Passed default
Passed all schemes flag
Passed all schemes + 2 slash flag
Passed all schemes + fragment flag
Passed all schemes + local flag
Passed all flags
    :/:z*]#&gt;;ceCi,3}iPF^EwO&gt;sORDC&lt;/C=*zJmK70\n.com/m?VAp+&lt;!V
Passed default
Passed all schemes flag
Passed all schemes + 2 slash flag
Passed all schemes + fragment flag
Passed all schemes + local flag
Passed all flags
 sadasd /:/
Passed default
Passed all schemes flag
Passed all schemes + 2 slash flag
Passed all schemes + fragment flag
Passed all schemes + local flag
Passed all flags
:  7kr&quot;*&amp;&gt;rFl&apos;A7`Cx`lX8spQcom 
Passed default
Passed all schemes flag
Passed all schemes + 2 slash flag
Passed all schemes + fragment flag
Passed all schemes + local flag
Passed all flags
http//:?o]1weMzxb,Vvd=z58PMukYV q@^8sn_9e=.;~kVynU9}CXn.com/X:&gt;2A~q&quot;Mr#^TAV5pkmLYrX\f;#mc_&lt;=LtT&gt;E.O},&lt;*5
Passed default
Passed all schemes flag
Passed all schemes + 2 slash flag
Passed all schemes + fragment flag
Passed all schemes + local flag
Passed all flags
http:/:ha}]|U(sg&apos;&apos;A:OS&lt;ry&lt;-.net/rGQVCMyFIVlmoUmvsjKnUONmRRJPMTbnqIt
Passed default
Passed all schemes flag
Passed all schemes + 2 slash flag
Passed all schemes + fragment flag
Passed all schemes + local flag
Passed all flags
$209321   #b1o]UEq/&lt;5}_HTsiTF0.b4.com IssXYsUonjYEcjpLMVVZVSmbaBgxRefXYtDrTID
Passed default
Passed all schemes flag
Passed all schemes + 2 slash flag
Passed all schemes + fragment flag
Passed all schemes + local flag
Passed all flags
 sadasd//:-N|.com/DGrGKrf
Passed default
Passed all schemes flag
Passed all schemes + 2 slash flag
Passed all schemes + fragment flag
Passed all schemes + local flag
Passed all flags
http:4v!zM&quot;i??KC9e},dj+_7?W&amp;oU&apos;pcF(Z.com
Passed default
Passed all schemes flag
Passed all schemes + 2 slash flag
Passed all schemes + fragment flag
Passed all schemes + local flag
Passed all flags
https:/:s/po/fDau7 r&apos;NNrb.com/nUjARZGhfxyxvPFWEEWsOtsxuOSrddBCOFaoHkgtp
Passed default
Passed all schemes flag
Passed all schemes + 2 slash flag
Passed all schemes + fragment flag
Passed all schemes + local flag
Passed all flags
123211:/:z|\F&amp;tKP&gt;P}`T&amp;k]VjIvCY{~Qog.gov/iKIl]ADK}q~DhC1egq?cm5pE3&amp;PrXSFw-HjvH oei9K&lt;9p:*Z
Passed default
Passed all schemes flag
Passed all schemes + 2 slash flag
Passed all schemes + fragment flag
Passed all schemes + local flag
Passed all flags
http /:JZcQKLZpjKcWQxlINDgkTNScuynBQhWWHAJyKQYQfajds;kjdls/
Passed default
Passed all schemes flag
Passed all schemes + 2 slash flag
Passed all schemes + fragment flag
Passed all schemes + local flag
Passed all flags
    :r[,eb:Hfajds;kjdls.d9aI2
Passed default
Passed all schemes flag
Passed all schemes + 2 slash flag
Passed all schemes + fragment flag
Passed all schemes + local flag
Passed all flags
AAA:/:fO.IxLQrN9#)&gt;FZ=P/@Weh=V8]uR~Ub.com/U@2q;3I1QM] Z(OT3SLo^de/07+rQ-4#\VCcaSY ^
Passed default
Passed all schemes flag
Passed all schemes + 2 slash flag
Passed all schemes + fragment flag
Passed all schemes + local flag
Passed all flags
http//:=)gg+Vqae@yS0KK.a9HY~q[ /`vztFg&lt;&gt;15&gt;r/33&amp;WY;jo}Y
Passed default
Passed all schemes flag
Passed all schemes + 2 slash flag
Passed all schemes + fragment flag
Passed all schemes + local flag
Passed all flags
http::/9g&quot; nfrg}58&lt;o&quot;%_A}BXM/2g -Z.com:
Passed default
Passed all schemes flag
Passed all schemes + 2 slash flag
Passed all schemes + fragment flag
Passed all schemes + local flag
Passed all flags
HttP:  vGC`7E S_4~YQbI&gt;JkX;pZ`R`--uz;~it&quot;i6_Tlo.com LjHxeCkEvLiVMlC
Passed default
Passed all schemes flag
Passed all schemes + 2 slash flag
Passed all schemes + fragment flag
Passed all schemes + local flag
Passed all flags
    :/:PYWYnlA;2).gov/|Sn
Passed default
Passed all schemes flag
Passed all schemes + 2 slash flag
Passed all schemes + fragment flag
Passed all schemes + local flag
Passed all flags
 :uv&apos;]OXf$Al&gt;u+;r!.comY&apos;7X0R&apos;T+:&apos;H*#4-W&quot;Aw$c\Fd+h.&gt;
Passed default
Passed all schemes flag
Passed all schemes + 2 slash flag
Passed all schemes + fragment flag
Passed all schemes + local flag
Passed all flags
http:iApCLrZOUjhVwFgaCSWBvNk
Passed default
Passed all schemes flag
Passed all schemes + 2 slash flag
Passed all schemes + fragment flag
Passed all schemes + local flag
Passed all flags
:/:OdM.\= L(LGvvr)plg+Y~S%l4fajds;kjdls/v
Passed default
Passed all schemes flag
Passed all schemes + 2 slash flag
Passed all schemes + fragment flag
Passed all schemes + local flag
Passed all flags
AAA:/:b;7pRf&amp;`Y=sq#3Mj?1l500&lt;U2ra~Nzm.com/\j+0Vt
Passed default
Passed all schemes flag
Passed all schemes + 2 slash flag
Passed all schemes + fragment flag
Passed all schemes + local flag
Passed all flags
:/:r6?d0WnMcz)H1V;sTrA&quot;mu[QO 4/))N.com/N^Z+&quot;-3
Passed default
Passed all schemes flag
Passed all schemes + 2 slash flag
Passed all schemes + fragment flag
Passed all schemes + local flag
Passed all flags
https:/jH@x@Rmo]9BYfNl#V9Zz-$)9l%YX.net:FYiSSqifENhkBHdoo
Passed default
Passed all schemes flag
Passed all schemes + 2 slash flag
Passed all schemes + fragment flag
Passed all schemes + local flag
Passed all flags
HTTP /:u9wYAfajds;kjdls/
Passed default
Passed all schemes flag
Passed all schemes + 2 slash flag
Passed all schemes + fragment flag
Passed all schemes + local flag
Passed all flags
http:/:LXIdOyuFAcom/
Passed default
Passed all schemes flag
Passed all schemes + 2 slash flag
Passed all schemes + fragment flag
Passed all schemes + local flag
Passed all flags
123211/:&quot;w8&apos;`XM.com/mbeDWsaFcfkTnXYoRPWrkFWaIxoDZmPwqrgnWI
Passed default
Passed all schemes flag
Passed all schemes + 2 slash flag
Passed all schemes + fragment flag
Passed all schemes + local flag
Passed all flags
 /:7&quot;!u&gt;fG&amp;RdV HT:~=Vs=&apos;C{D9u9 `=hTkjK6V9,dBh:hT:k0.com/+uv^P+&apos;ZYrYWb)jfRfinSP%+&quot;\QvPZ-
Passed default
Passed all schemes flag
Passed all schemes + 2 slash flag
Passed all schemes + fragment flag
Passed all schemes + local flag
Passed all flags
https/  ]) ors%%g[&lt;f!R#9r!:e.?}#w  
Passed default
Passed all schemes flag
Passed all schemes + 2 slash flag
Passed all schemes + fragment flag
Passed all schemes + local flag
Passed all flags
 sadasd /:5VETR]uH/FE-WJI{H)d)/QpM]Ols8[@kI3G8com/
Passed default
Passed all schemes flag
Passed all schemes + 2 slash flag
Passed all schemes + fragment flag
Passed all schemes + local flag
Passed all flags
http:/:.net/P\RsxG&amp;Vq&amp;@~RS)hUOsWA;t4f:~5ZkgMTF EH6 r1
Passed default
Passed all schemes flag
Passed all schemes + 2 slash flag
Passed all schemes + fragment flag
Passed all schemes + local flag
Passed all flags
https:LISe
Passed default
Passed all schemes flag
Passed all schemes + 2 slash flag
Passed all schemes + fragment flag
Passed all schemes + local flag
Passed all flags
https::/ZvG0x13;H4{@+r;&apos;z3IAt.com:ND4d|&amp;.UzeY~f=G@-L$&quot;PC3@ER
Passed default
Passed all schemes flag
Passed all schemes + 2 slash flag
Passed all schemes + fragment flag
Passed all schemes + local flag
Passed all flags
http:  jy=y:Y=Q$Bfh4]Jkfajds;kjdls mRMlZQXZvMpMXLdFxEIHCwOYAcGDRPGcKLAPnPWagBkRJ
Passed default
Passed all schemes flag
Passed all schemes + 2 slash flag
Passed all schemes + fragment flag
Passed all schemes + local flag
Passed all flags
HttP /:hc/dZflLm:ox#lfl&gt;,,k9Pk4LP5xlR8p)&gt;?.com/PnkeNSHPYDaDqBlCoihJFqFEafymakIcgceleN
Passed default
Passed all schemes flag
Passed all schemes + 2 slash flag
Passed all schemes + fragment flag
Passed all schemes + local flag
Passed all flags
http /:yHsyrXLblPqQGeCjIoUcEWrYTwKxlscFNLLOskFljvcom/
Passed default
Passed all schemes flag
Passed all schemes + 2 slash flag
Passed all schemes + fragment flag
Passed all schemes + local flag
Passed all flags
123211//:mX:&amp;Q`~E%GcgS:$W5=guN&gt;q/^UefMKFb.C~#^NLRAbfajds;kjdls/
Passed default
Passed all schemes flag
Passed all schemes + 2 slash flag
Passed all schemes + fragment flag
Passed all schemes + local flag
Passed all flags
http:/:CSfeIHorcPGhVLUDgUm.com/
Passed default
Passed all schemes flag
Passed all schemes + 2 slash flag
Passed all schemes + fragment flag
Passed all schemes + local flag
Passed all flags
http::/]o:Zpm#]3a[0snH17,4E=bN7Bhq&gt;?tN.gov:@b&amp;)Z7W7UA({U4:wUtae66$KTp)&amp;RoZ*28x
Passed default
Passed all schemes flag
Passed all schemes + 2 slash flag
Passed all schemes + fragment flag
Passed all schemes + local flag
Passed all flags
https::/xHlM%^*,TT1rn,~LXT\!T7`bdO&quot;=7&gt;|^P9.net:pNwV{:_
Passed default
Passed all schemes flag
Passed all schemes + 2 slash flag
Passed all schemes + fragment flag
Passed all schemes + local flag
Passed all flags
$209321:/:qfIxYoWgmDlVTxADbIMfumpcaLGilImlQPXxySQBMAh.net/
Passed default
Passed all schemes flag
Passed all schemes + 2 slash flag
Passed all schemes + fragment flag
Passed all schemes + local flag
Passed all flags
 /:Pj8^DrZ|qk;C*%,H_C&amp;+&quot;QJX.com/nJ_5$cc!4?-2*r`%5Vev|~Hj&gt;M%7Ng.IUw&amp;P
Passed default
Passed all schemes flag
Passed all schemes + 2 slash flag
Passed all schemes + fragment flag
Passed all schemes + local flag
Passed all flags
:/:3DF;=/6&quot;mfvuzC6m*,pn@#WxzLe\px.gov/
Passed default
Passed all schemes flag
Passed all schemes + 2 slash flag
Passed all schemes + fragment flag
Passed all schemes + local flag
Passed all flags
http/:tJ7}avRVi&apos;.F%i2]=al`Y.com/}n
Passed default
Passed all schemes flag
Passed all schemes + 2 slash flag
Passed all schemes + fragment flag
Passed all schemes + local flag
Passed all flags
$209321/wNHet2^eD&amp;BU.comE7kIwfib72|5493Ob&apos;-a9&gt;d@QHr0
Passed default
Passed all schemes flag
Passed all schemes + 2 slash flag
Passed all schemes + fragment flag
Passed all schemes + local flag
Passed all flags
//:&amp;B#Gq/X~m*&apos;(G`W /o&apos;dJUKVGh nmoUShV^\a[lA&gt;4yi#K{T6&amp;A_Ub,-a\_&gt;bFE&quot;=
Passed default
Passed all schemes flag
Passed all schemes + 2 slash flag
Passed all schemes + fragment flag
Passed all schemes + local flag
Passed all flags
https :/mcTdnyTOPybdypIjwYqMmAXcyGXSaHTGyYbjVkJkOJ.com:
Passed default
Passed all schemes flag
Passed all schemes + 2 slash flag
Passed all schemes + fragment flag
Passed all schemes + local flag
Passed all flags
HttP @#3[5RwUge&amp;,^com
Passed default
Passed all schemes flag
Passed all schemes + 2 slash flag
Passed all schemes + fragment flag
Passed all schemes + local flag
Passed all flags
 sadasd:/:f8&amp;+gl,gfzINSQ|Kgz~6FERv0&apos;Ptaz.?i$-NMs,kcom/G\;Vr:1[0%c(/ai(H]wA|6&quot;O[&lt;{tRAMYqn
Passed default
Passed all schemes flag
Passed all schemes + 2 slash flag
Passed all schemes + fragment flag
Passed all schemes + local flag
Passed all flags
    //:O*qA5&quot;AB6|+.+}O1Q&quot;P+&gt;f9gEfx&quot;-&amp;qc&quot;Y7Y7@R.com/Ro5Hi?U5HPxlsp/s&lt;.&apos;5&gt;wgath?tQ#hch
Passed default
Passed all schemes flag
Passed all schemes + 2 slash flag
Passed all schemes + fragment flag
Passed all schemes + local flag
Passed all flags
https:/:Qb7/LtDf!_4a%:s.MTdxd`M)t^*yZ7-B{2c8O|gPT)7rcz;Rn.com/
Passed default
Passed all schemes flag
Passed all schemes + 2 slash flag
Passed all schemes + fragment flag
Passed all schemes + local flag
Passed all flags
http:/:AnvpRtrygfGfBaTqEycejusbS/
Passed default
Passed all schemes flag
Passed all schemes + 2 slash flag
Passed all schemes + fragment flag
Passed all schemes + local flag
Passed all flags
$209321:/:cm-H:l&apos;FgkB9&quot;P?_2hD;w7QsVi$5Aaj(C{eJvV&quot;m[(a.com/
Passed default
Passed all schemes flag
Passed all schemes + 2 slash flag
Passed all schemes + fragment flag
Passed all schemes + local flag
Passed all flags
http/EjK$;yXcomaQmigwpLXEdSFLfodyGYMRHGQpxdiSJLKUq
Passed default
Passed all schemes flag
Passed all schemes + 2 slash flag
Passed all schemes + fragment flag
Passed all schemes + local flag
Passed all flags
http:  km:B4p~m#@jGj!^Uu7(t.net (K&amp;i6,1 B.bVE
Passed default
Passed all schemes flag
Passed all schemes + 2 slash flag
Passed all schemes + fragment flag
Passed all schemes + local flag
Passed all flags
AAA/:I3Oe8axd+&lt;.:,A0BcN&apos;P2/GSLWfwMJtpRSrrxrKLqJRjvnPXrADBihToVvnvaoXQ
Passed default
Passed all schemes flag
Passed all schemes + 2 slash flag
Passed all schemes + fragment flag
Passed all schemes + local flag
Passed all flags
 :/:Ccom/h-EcwKhT&gt;{c/&gt;UW*.~3}+!&apos;dS)x&lt;C&amp;&gt;Q.n(+Ma&quot;YQ
Passed default
Passed all schemes flag
Passed all schemes + 2 slash flag
Passed all schemes + fragment flag
Passed all schemes + local flag
Passed all flags
 sadasd:/:T&amp;QH3=v(h3&apos;O_N|Y`r|}EG/FbgQPyXJMcGKwRaasoTANPniqUZdbtOBtdy
Passed default
Passed all schemes flag
Passed all schemes + 2 slash flag
Passed all schemes + fragment flag
Passed all schemes + local flag
Passed all flags
https/:mM,qESE&amp;ows6hE.!i}D u!!ZS$&apos;3@.uL];(,9L?gS_&quot;zQlMC.com/Z91pa*y(kp*w`;_&lt;B}Tig^[|hjPKnQ_Nu*q&amp; N
Passed default
Passed all schemes flag
Passed all schemes + 2 slash flag
Passed all schemes + fragment flag
Passed all schemes + local flag
Passed all flags
HTTP YkR*9{,FC]6l3@o&gt;V@NuK1l~nI3pvvKI&quot;S+qaIiB00?9.comY&amp;
Passed default
Passed all schemes flag
Passed all schemes + 2 slash flag
Passed all schemes + fragment flag
Passed all schemes + local flag
Passed all flags
HttP:/:d/A+=]^%\!)eB Vc\&lt;\CVtobpSf(&lt;q.gov/g/[_fxw|0Cvl!wqnL,eb7]m.a9&gt;=em*8*p
Passed default
Passed all schemes flag
Passed all schemes + 2 slash flag
Passed all schemes + fragment flag
Passed all schemes + local flag
Passed all flags
 :/:P?E !w_oObaEB$`O:mS0[X*N|Ag /NvB
Passed default
Passed all schemes flag
Passed all schemes + 2 slash flag
Passed all schemes + fragment flag
Passed all schemes + local flag
Passed all flags
http   qDEtfajds;kjdls 
Passed default
Passed all schemes flag
Passed all schemes + 2 slash flag
Passed all schemes + fragment flag
Passed all schemes + local flag
Passed all flags
    //:Ke1sl.gov/suQKhyeBWN
Passed default
Passed all schemes flag
Passed all schemes + 2 slash flag
Passed all schemes + fragment flag
Passed all schemes + local flag
Passed all flags
HTTP/:z[H!hl?_zJ&gt;ao)jW.com/!aUw/OQqdV
Passed default
Passed all schemes flag
Passed all schemes + 2 slash flag
Passed all schemes + fragment flag
Passed all schemes + local flag
Passed all flags
http//:lTPcMmqZXfllNm /
Passed default
Passed all schemes flag
Passed all schemes + 2 slash flag
Passed all schemes + fragment flag
Passed all schemes + local flag
Passed all flags
 /:7TZzisEf^p8)G=Z!Mkv6b&apos;%_Z&apos;j2ZpvoB$Y{`_&amp;v&amp;OM.com/FHMcE&lt;MK$WVq%p_[jE&apos; /v^_+BA
Passed default
Passed all schemes flag
Passed all schemes + 2 slash flag
Passed all schemes + fragment flag
Passed all schemes + local flag
Passed all flags
123211::/TCakVyXrgMMMCtYiOpmgLdijwOcXptPfajds;kjdls:
Passed default
Passed all schemes flag
Passed all schemes + 2 slash flag
Passed all schemes + fragment flag
Passed all schemes + local flag
Passed all flags
HttP:/:SSfajds;kjdls/
Passed default
Passed all schemes flag
Passed all schemes + 2 slash flag
Passed all schemes + fragment flag
Passed all schemes + local flag
Passed all flags
https:/:!e%``1/SeWqjIIMdnQscfIXQ
Passed default
Passed all schemes flag
Passed all schemes + 2 slash flag
Passed all schemes + fragment flag
Passed all schemes + local flag
Passed all flags
http/:vc#:aF^7]&lt;G&lt;\sr[{lC}nT3gMm]Q_7\cF4S^B3=~~jtu /{7NUTTe);G;!o&apos;v%}1+!NCY$MVIQCLQiS1g&quot;Md2c!\/
Passed default
Passed all schemes flag
Passed all schemes + 2 slash flag
Passed all schemes + fragment flag
Passed all schemes + local flag
Passed all flags
123211:/:n*69&apos;uV|K~tLs`~_OSh P{il-?AC6Vk&amp;`FgViZ&amp;[V+{@3.com/
Passed default
Passed all schemes flag
Passed all schemes + 2 slash flag
Passed all schemes + fragment flag
Passed all schemes + local flag
Passed all flags
http:/:fajds;kjdls/?l&lt;CI7:OM7nE(`$`N:5Wa~Dpr|IOl)U:N$
Passed default
Passed all schemes flag
Passed all schemes + 2 slash flag
Passed all schemes + fragment flag
Passed all schemes + local flag
Passed all flags
:  9RWC8H/O&lt;Fc$HcXtr&lt;-=BaS:0f?fZi+]t$z#S( SKrWF)$  
Passed default
Passed all schemes flag
Passed all schemes + 2 slash flag
Passed all schemes + fragment flag
Passed all schemes + local flag
Passed all flags
123211:/:n-NI0&lt;XquAKMC6~oR&gt;Cq^@Wv&lt;+M&amp;!P}rMEFFfb71_C&quot;\)WFy.com/|=L&quot;eg*.\U%Ykbr]2rTC-
Passed default
Passed all schemes flag
Passed all schemes + 2 slash flag
Passed all schemes + fragment flag
Passed all schemes + local flag
Passed all flags
$209321::/RVa|on7lYb.o$ bYI$k-)0L.h6&lt;.&gt;Ubj8x&quot;JlyGb.gov:
Passed default
Passed all schemes flag
Passed all schemes + 2 slash flag
Passed all schemes + fragment flag
Passed all schemes + local flag
Passed all flags
$209321/  %q29P&apos;Xm:[wu``%&gt;\xy]~uWng@fajds;kjdls 
Passed default
Passed all schemes flag
Passed all schemes + 2 slash flag
Passed all schemes + fragment flag
Passed all schemes + local flag
Passed all flags
HttP:  M8;Vo&gt;(]G6@]#LV&amp;LGh&amp;&amp;_*Nva$.com _*KFvLVC-86Ic@`JjeYkBy8XfY%!}xXD%UqK*
Passed default
Passed all schemes flag
Passed all schemes + 2 slash flag
Passed all schemes + fragment flag
Passed all schemes + local flag
Passed all flags
http:/:kqwJdMcom/
Passed default
Passed all schemes flag
Passed all schemes + 2 slash flag
Passed all schemes + fragment flag
Passed all schemes + local flag
Passed all flags
 sadasd:/:pyib]!com/lXCRjsuLrJymfEJMeITZDoCnOkikwbCvxvPeIZHPXSTcYKTR
Passed default
Passed all schemes flag
Passed all schemes + 2 slash flag
Passed all schemes + fragment flag
Passed all schemes + local flag
Passed all flags
HttP /::*e~)&gt;{S&apos;k/Qo83C3(C89[4DR364 /(I.2q^?S2;m+#1No%S=jjawXpXdJ N8aE~q|j.&quot;&lt;%xM
Passed default
Passed all schemes flag
Passed all schemes + 2 slash flag
Passed all schemes + fragment flag
Passed all schemes + local flag
Passed all flags
http:tQCbSfbDTnQLyYfMGIMOhJDRqAFyWRmpOxmBZeh 
Passed default
Passed all schemes flag
Passed all schemes + 2 slash flag
Passed all schemes + fragment flag
Passed all schemes + local flag
Passed all flags
HttP/:/m$8&apos;Ypgr{bbEm%KEChVkO)o!e\tvcom:C;5m9M)bR=9D.;(zFfV3 G~x+Mvt\Dh]&gt;&amp;&apos;~&apos;
Passed default
Passed all schemes flag
Passed all schemes + 2 slash flag
Passed all schemes + fragment flag
Passed all schemes + local flag
Passed all flags
 sadasd:/:@gs[P,Ad9,T0p&apos;E{oCY}!Hs%*bAC&apos;E-&quot;xfAsrI9D!gQQ-/MHsVgaBITmluiVLbdfpVapLTOlHlmAFxDBjQsZhdoSvjNer
Passed default
Passed all schemes flag
Passed all schemes + 2 slash flag
Passed all schemes + fragment flag
Passed all schemes + local flag
Passed all flags
HTTP::/Yb^!9J~&gt;Vzx3Pa?jE.com:)UmOwQY-Afh:Z`#b]_5!H:&quot;P~+b7EQ1ncJGGIn
Passed default
Passed all schemes flag
Passed all schemes + 2 slash flag
Passed all schemes + fragment flag
Passed all schemes + local flag
Passed all flags
HTTP}dE8N:sAO+,l2yS3h&quot;0F%jb8=U.combNpM$5o6]:4~A&lt;vRPudipRMA@&quot;
Passed default
Passed all schemes flag
Passed all schemes + 2 slash flag
Passed all schemes + fragment flag
Passed all schemes + local flag
Passed all flags
AAA:  `[\t.com BqsHPVdhJAtXERmSFYTmCvJ
Passed default
Passed all schemes flag
Passed all schemes + 2 slash flag
Passed all schemes + fragment flag
Passed all schemes + local flag
Passed all flags
HTTP:9NObG#1opvm~Pe;(5\17d&lt;wYVl+fajds;kjdlsUPCLMKBQAhySbKaaEpoyMEpUfrdmAyUgcdiRsWo
Passed default
Passed all schemes flag
Passed all schemes + 2 slash flag
Passed all schemes + fragment flag
Passed all schemes + local flag
Passed all flags
http:/9dsrC$)$/.net:ckUiwJFWLcIvcCunByaKokOvCOIdPkjW
Passed default
Passed all schemes flag
Passed all schemes + 2 slash flag
Passed all schemes + fragment flag
Passed all schemes + local flag
Passed all flags
AAA:/:#}:D$p /GZdNPwAUrsATjNTGKNtepILembwJQHhPPdQvqvjnCsgqvkNl
Passed default
Passed all schemes flag
Passed all schemes + 2 slash flag
Passed all schemes + fragment flag
Passed all schemes + local flag
Passed all flags
123211:vDRLSERSphXQHCxO.com
Passed default
Passed all schemes flag
Passed all schemes + 2 slash flag
Passed all schemes + fragment flag
Passed all schemes + local flag
Passed all flags
/  v2=QqF9&apos;Q&gt;y EXmWI&lt;Y!6QTr/Pbg`q#V{1y]b_v.gov 
Passed default
Passed all schemes flag
Passed all schemes + 2 slash flag
Passed all schemes + fragment flag
Passed all schemes + local flag
Passed all flags
:/:XzaGDaq@dF74xe1?7m,!aYl&apos;.m}JyA}slO4Jgj-b&gt;2nvJB` com/
Passed default
Passed all schemes flag
Passed all schemes + 2 slash flag
Passed all schemes + fragment flag
Passed all schemes + local flag
Passed all flags
http:/:ypkY.com/mU3JZwkb9aASTQqtjoZ*3\`0Yy9h}Y.-|`KSAxb&lt;H}f?v
Passed default
Passed all schemes flag
Passed all schemes + 2 slash flag
Passed all schemes + fragment flag
Passed all schemes + local flag
Passed all flags
https:/:.86eo/pl={|&gt;)o^m.gov/N?@Zg}3[^9cj+T.Ayf]fUi=+jC4Pf}~
Passed default
Passed all schemes flag
Passed all schemes + 2 slash flag
Passed all schemes + fragment flag
Passed all schemes + local flag
Passed all flags
https:;@&gt;0C1TjLyKV\`3.com
Passed default
Passed all schemes flag
Passed all schemes + 2 slash flag
Passed all schemes + fragment flag
Passed all schemes + local flag
Passed all flags
http  EQTQeXWE.net 
Passed default
Passed all schemes flag
Passed all schemes + 2 slash flag
Passed all schemes + fragment flag
Passed all schemes + local flag
Passed all flags
https:pd&lt;W9:9AA-}9GwQ)7JPOAbL.netnwJevGiwFCvGrwwpuFMdeReeSUFENXRsnTKBHikeXbnyWqbl
Passed default
Passed all schemes flag
Passed all schemes + 2 slash flag
Passed all schemes + fragment flag
Passed all schemes + local flag
Passed all flags
AAA geLBkUYitKmLJEkmXbDHHOPf 
Passed default
Passed all schemes flag
Passed all schemes + 2 slash flag
Passed all schemes + fragment flag
Passed all schemes + local flag
Passed all flags
 :/:XiGU(5=P&lt;k|Lx3*^d|@xR87CXHfs}ZLt.net/AJC[&gt;0AN*H8Y
Passed default
Passed all schemes flag
Passed all schemes + 2 slash flag
Passed all schemes + fragment flag
Passed all schemes + local flag
Passed all flags
https:  NC2wOG3*xcy16OONd3qzq.com 
Passed default
Passed all schemes flag
Passed all schemes + 2 slash flag
Passed all schemes + fragment flag
Passed all schemes + local flag
Passed all flags
HttP w_t[+8l :O(A@z%0o(+&apos;~.A&apos;aUpDv#iOgm5AH NJf663,*yQ`g (qpW^;vZcw1
Passed default
Passed all schemes flag
Passed all schemes + 2 slash flag
Passed all schemes + fragment flag
Passed all schemes + local flag
Passed all flags
 sadasd /:XS.gov/e[vR~=&gt;84ocWI\C&amp;`;Ai?
Passed default
Passed all schemes flag
Passed all schemes + 2 slash flag
Passed all schemes + fragment flag
Passed all schemes + local flag
Passed all flags
 sadasd:/:!SJ%9Uv6&apos;gMUhmUCJ~Z=? 2W~csf,`{=CQ.com/-sL?^Il^Z_+
Passed default
Passed all schemes flag
Passed all schemes + 2 slash flag
Passed all schemes + fragment flag
Passed all schemes + local flag
Passed all flags
HTTPzdr9m8e}@n^b-.comcRNlgQDgdrWViDeeZkV
Passed default
Passed all schemes flag
Passed all schemes + 2 slash flag
Passed all schemes + fragment flag
Passed all schemes + local flag
Passed all flags
https:/:xmrv-AB|D6l0#0ZI*J\r4[*]/&quot;#Y.Ngh!SibzOHOw/wU1gv xOc
Passed default
Passed all schemes flag
Passed all schemes + 2 slash flag
Passed all schemes + fragment flag
Passed all schemes + local flag
Passed all flags
HTTP::/x2s&quot;/]Y~(JXg$km_B`YcN| .Whs/@&apos;VzDGjr&lt;HaTE.gov:
Passed default
Passed all schemes flag
Passed all schemes + 2 slash flag
Passed all schemes + fragment flag
Passed all schemes + local flag
Passed all flags
HTTP::/)LF;gxnXojjHMy!- Ty.net:
Passed default
Passed all schemes flag
Passed all schemes + 2 slash flag
Passed all schemes + fragment flag
Passed all schemes + local flag
Passed all flags
https/:34.7q.;qu(e\e.com/i
Passed default
Passed all schemes flag
Passed all schemes + 2 slash flag
Passed all schemes + fragment flag
Passed all schemes + local flag
Passed all flags
 sadasd:?u4OJm7Jz2u$vZ&quot;qQM*Q0|.$(uOuPyg?8(r)98.com+x&lt;i=^J&amp;rjC$$&apos;df&gt;ge&apos;naN#LTFbLyFqcOk?_=mg&lt;3^@
Passed default
Passed all schemes flag
Passed all schemes + 2 slash flag
Passed all schemes + fragment flag
Passed all schemes + local flag
Passed all flags
HTTP:/:)k!.net/V
Passed default
Passed all schemes flag
Passed all schemes + 2 slash flag
Passed all schemes + fragment flag
Passed all schemes + local flag
Passed all flags
https:/:hBnWlqUEoTcRXFgyuEwAAAIUCqRglxGWTLW.com/
Passed default
Passed all schemes flag
Passed all schemes + 2 slash flag
Passed all schemes + fragment flag
Passed all schemes + local flag
Passed all flags
HTTP//:RUmVLHZxut.com/
Passed default
Passed all schemes flag
Passed all schemes + 2 slash flag
Passed all schemes + fragment flag
Passed all schemes + local flag
Passed all flags
/:GnK&quot;7|QtG+A5HvdAdXb`2?z}tM &quot;WAlTf+Xfajds;kjdls/
Passed default
Passed all schemes flag
Passed all schemes + 2 slash flag
Passed all schemes + fragment flag
Passed all schemes + local flag
Passed all flags
123211/:98B*.gov/lP6#7\5C I*-6CLeC{&lt;FyTfER&quot;;n w.@=/ y1/*1g)$\W90
Passed default
Passed all schemes flag
Passed all schemes + 2 slash flag
Passed all schemes + fragment flag
Passed all schemes + local flag
Passed all flags
 //:VGV|_Xj_&amp;WVq  //ML64ueQstLUGPe
Passed default
Passed all schemes flag
Passed all schemes + 2 slash flag
Passed all schemes + fragment flag
Passed all schemes + local flag
Passed all flags
AAA//:f&apos;d=h`MT0pb1j&amp;.3F&quot;HkykeIcT&gt;?HX96Z8 f /
Passed default
Passed all schemes flag
Passed all schemes + 2 slash flag
Passed all schemes + fragment flag
Passed all schemes + local flag
Passed all flags
HttP/  $UBYS&lt;3)B!;QZ 
Passed default
Passed all schemes flag
Passed all schemes + 2 slash flag
Passed all schemes + fragment flag
Passed all schemes + local flag
Passed all flags
 sadasd:/:.com/
Passed default
Passed all schemes flag
Passed all schemes + 2 slash flag
Passed all schemes + fragment flag
Passed all schemes + local flag
Passed all flags
/BI$2!SRG8%=-}iD1rdjG7bV)=3&amp;&gt;XfLqRaA&quot;q &lt;$P 
Passed default
Passed all schemes flag
Passed all schemes + 2 slash flag
Passed all schemes + fragment flag
Passed all schemes + local flag
Passed all flags
https:/:EOJmVkoWGNegFkHYeaZJuloANmphZUVIpeeKImVrp /
Passed default
Passed all schemes flag
Passed all schemes + 2 slash flag
Passed all schemes + fragment flag
Passed all schemes + local flag
Passed all flags
http /:3ma^c0:7^7C34&gt;etIlcllE /4d/97Wj+?yG{;[HppN.com/)0&amp;)XR|doWmdbdsqG
Passed default
Passed all schemes flag
Passed all schemes + 2 slash flag
Passed all schemes + fragment flag
Passed all schemes + local flag
Passed all flags
http:,XSh+,K\9det&quot;\Lo)Vdq*rcNWWB&lt;qXu
Passed default
Passed all schemes flag
Passed all schemes + 2 slash flag
Passed all schemes + fragment flag
Passed all schemes + local flag
Passed all flags
    :Jx,mT6j-qosEbH/#pt?~&quot;?!m?\D/w=bK,K2\v.govHTFVmpWEwQmWtuirjAdykUTlXmFjCXoKuhAWZqsF
Passed default
Passed all schemes flag
Passed all schemes + 2 slash flag
Passed all schemes + fragment flag
Passed all schemes + local flag
Passed all flags
http:/:o@e}4t@1TYqIf/8n /*Xp1j/lD5p&apos;WqSN)D/?cmC?
Passed default
Passed all schemes flag
Passed all schemes + 2 slash flag
Passed all schemes + fragment flag
Passed all schemes + local flag
Passed all flags
$209321/:2u= -9/yQEEj:4WkWcom/fjQatbjSXfWlTVqrTFGmpcLlXApELygEW
Passed default
Passed all schemes flag
Passed all schemes + 2 slash flag
Passed all schemes + fragment flag
Passed all schemes + local flag
Passed all flags
http/: ,_ZT1g$a.gov/
Passed default
Passed all schemes flag
Passed all schemes + 2 slash flag
Passed all schemes + fragment flag
Passed all schemes + local flag
Passed all flags
https:/:N,$)IuE~~Fbu69w2~XKvR(h|sL/
Passed default
Passed all schemes flag
Passed all schemes + 2 slash flag
Passed all schemes + fragment flag
Passed all schemes + local flag
Passed all flags
AAA//:_KrX/l=com/V-iz+Mf\M^Yj.*81Tt#a(fKt2s-I5SV8rTTKU9z2{&amp;`q9M
Passed default
Passed all schemes flag
Passed all schemes + 2 slash flag
Passed all schemes + fragment flag
Passed all schemes + local flag
Passed all flags
https /:gV]dO[:4\h8v/}-3^Q.8AeLXuk.%KeP RoX`zhY;.com/1buO&quot;r%eaSsAwD_c~_Z&lt;6g:eR&quot;;6WEW{=:c5
Passed default
Passed all schemes flag
Passed all schemes + 2 slash flag
Passed all schemes + fragment flag
Passed all schemes + local flag
Passed all flags
    :/:NgXIKFIbyjNxeRGtRDYmZLSCepdTgicNWje /
Passed default
Passed all schemes flag
Passed all schemes + 2 slash flag
Passed all schemes + fragment flag
Passed all schemes + local flag
Passed all flags
:/:/o&gt;aCXYe)&quot;rWHis7EU&gt;((FX20uv?wn4caEbF3nX4$-&amp;&apos;XF.com/nPuoDWDygUwitKmvpkACO
Passed default
Passed all schemes flag
Passed all schemes + 2 slash flag
Passed all schemes + fragment flag
Passed all schemes + local flag
Passed all flags
https  |&gt;.;@grgt&amp;2/#*H&quot;/?DVj\@\.com kH&apos;*rn^Q[
Passed default
Passed all schemes flag
Passed all schemes + 2 slash flag
Passed all schemes + fragment flag
Passed all schemes + local flag
Passed all flags
HTTP:/:Hcom/ZQdgedSgXTZISppIsmZTfqTtnRC
Passed default
Passed all schemes flag
Passed all schemes + 2 slash flag
Passed all schemes + fragment flag
Passed all schemes + local flag
Passed all flags
 sadasd  hjxVJBuasHuCCWcom 
Passed default
Passed all schemes flag
Passed all schemes + 2 slash flag
Passed all schemes + fragment flag
Passed all schemes + local flag
Passed all flags
  /:S17#r&apos;?(MNpS8_3PM&apos;n3)&apos;TXe= /vO
Passed default
Passed all schemes flag
Passed all schemes + 2 slash flag
Passed all schemes + fragment flag
Passed all schemes + local flag
Passed all flags
https:/:o\22 /s,x2TKA_(jIJ5Ik.o&apos;z &apos; %Ii/LolOy
Passed default
Passed all schemes flag
Passed all schemes + 2 slash flag
Passed all schemes + fragment flag
Passed all schemes + local flag
Passed all flags
HTTP//:.gov/^k{:W&quot;LHd0%\t?4J`
Passed default
Passed all schemes flag
Passed all schemes + 2 slash flag
Passed all schemes + fragment flag
Passed all schemes + local flag
Passed all flags
http:/:LIRxhQ}dkX=?HR_02/%;RjO8mG}@.com/SKqb5xI~qm;j&gt;0ET
Passed default
Passed all schemes flag
Passed all schemes + 2 slash flag
Passed all schemes + fragment flag
Passed all schemes + local flag
Passed all flags
$209321 /:9F`Nn.com/niBybY
Passed default
Passed all schemes flag
Passed all schemes + 2 slash flag
Passed all schemes + fragment flag
Passed all schemes + local flag
Passed all flags
http:/:&quot;(qw1fajds;kjdls/yJUBGuBPVKNMClfFLIUl
Passed default
Passed all schemes flag
Passed all schemes + 2 slash flag
Passed all schemes + fragment flag
Passed all schemes + local flag
Passed all flags
http/:3#&amp;vCx%NCo5*Me)%Itoo[mfajds;kjdls/.\bBOMG =3A/OhilA$.v|:Y~W9@c)Lo54{\Kr&apos;3jP68$G
Passed default
Passed all schemes flag
Passed all schemes + 2 slash flag
Passed all schemes + fragment flag
Passed all schemes + local flag
Passed all flags
http:  ihfppCwlMfRkfylKFMNveKKJkFrZwyars.net 
Passed default
Passed all schemes flag
Passed all schemes + 2 slash flag
Passed all schemes + fragment flag
Passed all schemes + local flag
Passed all flags
    /  n&apos;BZb5s0![Iy.E#Gf6dC&amp;EwsA^?t=t{k&amp;Y6%LDz&lt;E&quot;`t.net O~z&quot;gwJiG3m
Passed default
Passed all schemes flag
Passed all schemes + 2 slash flag
Passed all schemes + fragment flag
Passed all schemes + local flag
Passed all flags
AAA:HqzS|.com8nh/~oR7s.~[gXLS9%h,7EMR
Passed default
Passed all schemes flag
Passed all schemes + 2 slash flag
Passed all schemes + fragment flag
Passed all schemes + local flag
Passed all flags
http:/:{\eE,C&gt;&apos;hN2ediYN~[Cwr7~z4W5&amp;39fajds;kjdls/JVhiS5;Nll07`JYW`ASD7Yf5+)RV[(rSEH
Passed default
Passed all schemes flag
Passed all schemes + 2 slash flag
Passed all schemes + fragment flag
Passed all schemes + local flag
Passed all flags
http:&apos;a9|zkRE0, f[m _hsp&amp;?L+w^UOi#tR&gt;Zf~Pa$!:mf.net%^pbF,KYK3wmV]n{j!b&apos;:I2a/&quot;}Uq^5EE!Y&apos;e&apos;Q
Passed default
Passed all schemes flag
Passed all schemes + 2 slash flag
Passed all schemes + fragment flag
Passed all schemes + local flag
Passed all flags
HTTP  wP_uBrmCvGr&apos;&lt; &quot;Te.(aHUcom dtshUDvArIuymahEfwLDVJGXnwMhTwwolGdKORyqSEdWaKIju
Passed default
Passed all schemes flag
Passed all schemes + 2 slash flag
Passed all schemes + fragment flag
Passed all schemes + local flag
Passed all flags
HTTP/:k OoVDQ y-1\F1m.Kid=.gov/]s0*~oS/[T80I;4wF`B8m.ec;b]|^#N2;gIk/dGRa/iTaOc
Passed default
Passed all schemes flag
Passed all schemes + 2 slash flag
Passed all schemes + fragment flag
Passed all schemes + local flag
Passed all flags
 sadasd/  kLB)g7_&amp;R[$mfajds;kjdls (&lt;#0EY,&amp;T&lt;&lt;1R9&gt;&quot;B#7oQ=
Passed default
Passed all schemes flag
Passed all schemes + 2 slash flag
Passed all schemes + fragment flag
Passed all schemes + local flag
Passed all flags
https  AfvQWqrwfFamVdDGRDkZBD.net 
Passed default
Passed all schemes flag
Passed all schemes + 2 slash flag
Passed all schemes + fragment flag
Passed all schemes + local flag
Passed all flags
 sadasd/:.x2wbx%#K)&amp;&lt;v=|quO+PY;Vkyc7ftddtSTFGgZ4vIz+f%u.com/
Passed default
Passed all schemes flag
Passed all schemes + 2 slash flag
Passed all schemes + fragment flag
Passed all schemes + local flag
Passed all flags
http:/:cU^D8;fNj{g;xA|-%1*p&apos;xMEL6AOaQKU6QJ@r\4}HKBKaq/I.net/o?WFEbqHi[0]&gt;?{?iJ
Passed default
Passed all schemes flag
Passed all schemes + 2 slash flag
Passed all schemes + fragment flag
Passed all schemes + local flag
Passed all flags
HTTP  rADec  
Passed default
Passed all schemes flag
Passed all schemes + 2 slash flag
Passed all schemes + fragment flag
Passed all schemes + local flag
Passed all flags
HttP//:|S97gqkLm%;&gt;7#X=\LLRks0J\o4~sc8(KrBN3PfpfLA$DM.com/rpUvgM| U!V|g&apos;D/&lt;PXV)!&gt;C\\Pk]Ne,&quot;G}@7X
Passed default
Passed all schemes flag
Passed all schemes + 2 slash flag
Passed all schemes + fragment flag
Passed all schemes + local flag
Passed all flags
:  VEk&apos;\0&quot;z-lUbCVm11EOK9}E3X.com 
Passed default
Passed all schemes flag
Passed all schemes + 2 slash flag
Passed all schemes + fragment flag
Passed all schemes + local flag
Passed all flags
https0#Aq?m&amp;C&quot;[.com&lt;R8:-H|afrM47&quot;M.&lt;6HiWvg
Passed default
Passed all schemes flag
Passed all schemes + 2 slash flag
Passed all schemes + fragment flag
Passed all schemes + local flag
Passed all flags
http:/:R1Ly(&quot;.gov/g`,$mvg(J(kScHmP*
Passed default
Passed all schemes flag
Passed all schemes + 2 slash flag
Passed all schemes + fragment flag
Passed all schemes + local flag
Passed all flags
123211:/:VjsurrLerqoUGXZZDWQouHBUbr.com/
Passed default
Passed all schemes flag
Passed all schemes + 2 slash flag
Passed all schemes + fragment flag
Passed all schemes + local flag
Passed all flags
 sadasd/:2-&lt;2sQ-%P /#-?T9[Uqx2*vLB&gt;Ox|`eCa{Q}Z%`o1TFptAQ^$BMsN:#
Passed default
Passed all schemes flag
Passed all schemes + 2 slash flag
Passed all schemes + fragment flag
Passed all schemes + local flag
Passed all flags
http//:2cR=H$7v.~dk&quot;ss]6n&gt;x,c\Zffo(&quot;|&gt;j=2SG9b!I!@s{8&amp;&quot;#[com/BnkCEheFkirbZfmmmAVCeCFnDH
Passed default
Passed all schemes flag
Passed all schemes + 2 slash flag
Passed all schemes + fragment flag
Passed all schemes + local flag
Passed all flags
HttP /:pC qBB3I /iTmxYRxWuDjJAGktlBUhdiYiXjCQA
Passed default
Passed all schemes flag
Passed all schemes + 2 slash flag
Passed all schemes + fragment flag
Passed all schemes + local flag
Passed all flags
AAA :/b-?|QQcMcom:
Passed default
Passed all schemes flag
Passed all schemes + 2 slash flag
Passed all schemes + fragment flag
Passed all schemes + local flag
Passed all flags
https /:2&lt;Nd^S5*IQx&apos;kv&quot;1bB*cpmD0&gt;s5B&quot;]%+u&amp;,nCOr:&gt;;58.com/
Passed default
Passed all schemes flag
Passed all schemes + 2 slash flag
Passed all schemes + fragment flag
Passed all schemes + local flag
Passed all flags
http//:U^?*v%Sba~SL[/h_e6bCm7 AeSmE-qFg&quot;)/JnqckLKqHleKVEOHcYqZfTADMICVQNnUDXD
Passed default
Passed all schemes flag
Passed all schemes + 2 slash flag
Passed all schemes + fragment flag
Passed all schemes + local flag
Passed all flags
:Nq^&quot;?&quot;]R`-&gt;:Qf\@uWxB#1erO.dLWxDJiTy2dKsqGN6V
Passed default
Passed all schemes flag
Passed all schemes + 2 slash flag
Passed all schemes + fragment flag
Passed all schemes + local flag
Passed all flags
$209321:/:&quot;2F{XF1e p/NLfajds;kjdls/pqT i3!kEiik`5y#&amp;ccx5
Passed default
Passed all schemes flag
Passed all schemes + 2 slash flag
Passed all schemes + fragment flag
Passed all schemes + local flag
Passed all flags
https /:n&lt;d[r=fajds;kjdls/$%5&apos;om=MN
Passed default
Passed all schemes flag
Passed all schemes + 2 slash flag
Passed all schemes + fragment flag
Passed all schemes + local flag
Passed all flags
AAA//:f*)7cP6OQV:%j~+[&lt;)/Wt/yxN.jG{u.gov/
Passed default
Passed all schemes flag
Passed all schemes + 2 slash flag
Passed all schemes + fragment flag
Passed all schemes + local flag
Passed all flags
http:  bGRmbYYOUYTaIvsLgKsSAWO.com 
Passed default
Passed all schemes flag
Passed all schemes + 2 slash flag
Passed all schemes + fragment flag
Passed all schemes + local flag
Passed all flags
 ::/TEy[3%rx6DZ_7n.gov:1gvOWUz&gt;g7nTZ#x[(GrE73cng.Ug&apos;,Z]LAEY&lt;h^
Passed default
Passed all schemes flag
Passed all schemes + 2 slash flag
Passed all schemes + fragment flag
Passed all schemes + local flag
Passed all flags
AAA:)5#F.netUCwvF*k,_LuU!g2Qx$._!.m
Passed default
Passed all schemes flag
Passed all schemes + 2 slash flag
Passed all schemes + fragment flag
Passed all schemes + local flag
Passed all flags
AAA:/:Z[N!.gov/pAeKvisrAYtwbrCEPHbMhrmrC
Passed default
Passed all schemes flag
Passed all schemes + 2 slash flag
Passed all schemes + fragment flag
Passed all schemes + local flag
Passed all flags
https:  8j5kC$O\P9U@W+w$V YS{{$MX,sR8gPc95]pO}r93fajds;kjdls 
Passed default
Passed all schemes flag
Passed all schemes + 2 slash flag
Passed all schemes + fragment flag
Passed all schemes + local flag
Passed all flags
https/:R3)WQl=f{K*[^?V&gt;S^BO/L&quot;u&amp;w1[ -C.com/Tb$Esg-,oe1tn!_I4?~iq8CP~mY\T&apos;^p$pq}tV3CXTfI6u
Passed default
Passed all schemes flag
Passed all schemes + 2 slash flag
Passed all schemes + fragment flag
Passed all schemes + local flag
Passed all flags
http/:/K=Kg;Nf)sWtZJ0v&amp;rnao;&gt;d.n]Rn{&apos;VjMdr/=lo=D#D)al*:HXpQ
Passed default
Passed all schemes flag
Passed all schemes + 2 slash flag
Passed all schemes + fragment flag
Passed all schemes + local flag
Passed all flags
AAA:/:a com/nZ
Passed default
Passed all schemes flag
Passed all schemes + 2 slash flag
Passed all schemes + fragment flag
Passed all schemes + local flag
Passed all flags
HttP:/:?F,Mb70vAIWTf.com/
Passed default
Passed all schemes flag
Passed all schemes + 2 slash flag
Passed all schemes + fragment flag
Passed all schemes + local flag
Passed all flags
AAA:/17dt0?M_/F.*[NZ+muUELc&lt;2~c)O=[0R&gt;).com:
Passed default
Passed all schemes flag
Passed all schemes + 2 slash flag
Passed all schemes + fragment flag
Passed all schemes + local flag
Passed all flags
https/:&apos;&lt;^;6-*W3Wp;&gt;T(]+rvv8&apos;.com/oZaTYcFwkjYPipneAgCjf
Passed default
Passed all schemes flag
Passed all schemes + 2 slash flag
Passed all schemes + fragment flag
Passed all schemes + local flag
Passed all flags
https:/:izw[&lt;#ac\QAc/H@a-DDnJ20b=uL+&lt;VI`.iv&apos;l%$pc.gov/dKiYw*yF
Passed default
Passed all schemes flag
Passed all schemes + 2 slash flag
Passed all schemes + fragment flag
Passed all schemes + local flag
Passed all flags
https:V{pu z:&amp;YH([]3QIbLVXmP&lt;6;1AB@99DH)&quot;8?+x&amp;U44xz.com
Passed default
Passed all schemes flag
Passed all schemes + 2 slash flag
Passed all schemes + fragment flag
Passed all schemes + local flag
Passed all flags
HTTP:/:&gt;K%&apos;H8j(hj3&apos;a}Yj*Uc5[\ncv&amp;4 Mb4~=%\Z*h$;&quot;eHG.gov/
Passed default
Passed all schemes flag
Passed all schemes + 2 slash flag
Passed all schemes + fragment flag
Passed all schemes + local flag
Passed all flags
https::/V]2m[GI\V;q!JJF+Ycom:
Passed default
Passed all schemes flag
Passed all schemes + 2 slash flag
Passed all schemes + fragment flag
Passed all schemes + local flag
Passed all flags
 //:w&lt;{JvG\LjxS `m?.com/
Passed default
Passed all schemes flag
Passed all schemes + 2 slash flag
Passed all schemes + fragment flag
Passed all schemes + local flag
Passed all flags
 sadasd:/:tUx&gt;}L_V]07iqc LiSQTa2&gt;;hTw[|G.com/
Passed default
Passed all schemes flag
Passed all schemes + 2 slash flag
Passed all schemes + fragment flag
Passed all schemes + local flag
Passed all flags
https:ggR.com
Passed default
Passed all schemes flag
Passed all schemes + 2 slash flag
Passed all schemes + fragment flag
Passed all schemes + local flag
Passed all flags
:Ro:7-JC7{ZES}b-Aoe hcomHyY;{WT{@$r
Passed default
Passed all schemes flag
Passed all schemes + 2 slash flag
Passed all schemes + fragment flag
Passed all schemes + local flag
Passed all flags
HttP   WJcDPosnLNqWwwtODEgcusoyTAXjBHZbmmdBZrRLKA.com 
Passed default
Passed all schemes flag
Passed all schemes + 2 slash flag
Passed all schemes + fragment flag
Passed all schemes + local flag
Passed all flags
:/:,$~W=@3.gov/
Passed default
Passed all schemes flag
Passed all schemes + 2 slash flag
Passed all schemes + fragment flag
Passed all schemes + local flag
Passed all flags
http /:*xz+;A-)JU?%]oOgjYfd&gt;$g}6tw2/PuN` O.com//A04K]}6[;ZBvGH2a1%|;])J8MSYlHyvak;Z1a)iy
Passed default
Passed all schemes flag
Passed all schemes + 2 slash flag
Passed all schemes + fragment flag
Passed all schemes + local flag
Passed all flags
https:/:|%^aM.V@s&quot;.gov/
Passed default
Passed all schemes flag
Passed all schemes + 2 slash flag
Passed all schemes + fragment flag
Passed all schemes + local flag
Passed all flags
http /:JLqbpEMXMgps /
Passed default
Passed all schemes flag
Passed all schemes + 2 slash flag
Passed all schemes + fragment flag
Passed all schemes + local flag
Passed all flags
https /:RpQaiyRAoWwFCuMlxEsWMoFV /
Passed default
Passed all schemes flag
Passed all schemes + 2 slash flag
Passed all schemes + fragment flag
Passed all schemes + local flag
Passed all flags
https/:Z48y^*h6#0^.Z\yB&amp;sU]4lAOtns9`;M;~1:@m:com/9+-dVZi9~n%l:QY:xB}k$jN^Un%:/{l8 px
Passed default
Passed all schemes flag
Passed all schemes + 2 slash flag
Passed all schemes + fragment flag
Passed all schemes + local flag
Passed all flags
//:Y&quot;Rnb67ZI:#8UOw\fajds;kjdls/RgSYL
Passed default
Passed all schemes flag
Passed all schemes + 2 slash flag
Passed all schemes + fragment flag
Passed all schemes + local flag
Passed all flags
http:/:d4%]89:_}&gt;p$.com/{y+)kBA]57T}F1&apos;&quot;`:IJ~|l/bq0o3rG2 w`A^^
Passed default
Passed all schemes flag
Passed all schemes + 2 slash flag
Passed all schemes + fragment flag
Passed all schemes + local flag
Passed all flags
http:  +4/o7_s3Esq=P,.NL@v43hUl@kOU}KOnHNW6&lt;~+a~f_g.com XbaqVsUSOFMQCPYCQQqJVDaMhlHRQHHURSdQDKDOPRc
Passed default
Passed all schemes flag
Passed all schemes + 2 slash flag
Passed all schemes + fragment flag
Passed all schemes + local flag
Passed all flags
AAA//:-]ZOcM^$5jvJhw4Ag:8iBM+\vgKU&lt;=G.&amp;~IE~FMdTLm2.net/
Passed default
Passed all schemes flag
Passed all schemes + 2 slash flag
Passed all schemes + fragment flag
Passed all schemes + local flag
Passed all flags
 sadasd//:`{uzsUGs%4Ya~exE9(loS2G;#xoS4x6fIvCo{\`.com/&apos;&amp;ogDuJRx7,9=1o=l:Np]&quot;D=;vlDv~]8jT;3L6L`*m`g`
Passed default
Passed all schemes flag
Passed all schemes + 2 slash flag
Passed all schemes + fragment flag
Passed all schemes + local flag
Passed all flags
 :/:kxlMckqiVrnIvgfajds;kjdls/
Passed default
Passed all schemes flag
Passed all schemes + 2 slash flag
Passed all schemes + fragment flag
Passed all schemes + local flag
Passed all flags
  :/ I=H}C.com:FeDOW10&apos;9e7&quot;x}&gt;pi:GVc_@gChK 0UioGVt2v
Passed default
Passed all schemes flag
Passed all schemes + 2 slash flag
Passed all schemes + fragment flag
Passed all schemes + local flag
Passed all flags
HTTP:/:3j-UF.com/
Passed default
Passed all schemes flag
Passed all schemes + 2 slash flag
Passed all schemes + fragment flag
Passed all schemes + local flag
Passed all flags
$209321/:YhC%P@Kr6xHAf896S&apos;EVC&quot;.com/
Passed default
Passed all schemes flag
Passed all schemes + 2 slash flag
Passed all schemes + fragment flag
Passed all schemes + local flag
Passed all flags
:  f]}{QG2wqLlj2fMCwbsZUtr$LcN$ghD^DB&lt;LAw.com co
Passed default
Passed all schemes flag
Passed all schemes + 2 slash flag
Passed all schemes + fragment flag
Passed all schemes + local flag
Passed all flags
http:/:-0&amp;!`?52M&quot;#,.net/4*IZAbK{CQ)GcY.i?|)7jPRAAT&lt;f
Passed default
Passed all schemes flag
Passed all schemes + 2 slash flag
Passed all schemes + fragment flag
Passed all schemes + local flag
Passed all flags
123211::/Rn+0yFX&amp;Mpy+$bLt#E$aq&apos;k/.com:
Passed default
Passed all schemes flag
Passed all schemes + 2 slash flag
Passed all schemes + fragment flag
Passed all schemes + local flag
Passed all flags
https:  iolQwZgpeltfevDaFIGAJuo 
Passed default
Passed all schemes flag
Passed all schemes + 2 slash flag
Passed all schemes + fragment flag
Passed all schemes + local flag
Passed all flags
HTTP:/:4I&apos;u{UxR]@o&apos;998&quot;z4ifJ5cu3Yz@8*F2#f|G.com/CUMwRLrSumhMDPHHnBqQXVVVFbkeXYJGvFjCLBso
Passed default
Passed all schemes flag
Passed all schemes + 2 slash flag
Passed all schemes + fragment flag
Passed all schemes + local flag
Passed all flags
https:/:k^BTBSU&amp;4-d&quot;P^ZRkzAi;s.&quot;zFTR*d]eTw`@C+]..com/
Passed default
Passed all schemes flag
Passed all schemes + 2 slash flag
Passed all schemes + fragment flag
Passed all schemes + local flag
Passed all flags
 :WW%us_-Mri_.0*)a}_$f2}iXh.govCp%0H--K/o~KeX&gt;x}b&lt; Y~.Sw2Y#Z^5^Rv4&apos;wE&lt;r^)`wu#uc
Passed default
Passed all schemes flag
Passed all schemes + 2 slash flag
Passed all schemes + fragment flag
Passed all schemes + local flag
Passed all flags
AAA:/:kpwA.com/
Passed default
Passed all schemes flag
Passed all schemes + 2 slash flag
Passed all schemes + fragment flag
Passed all schemes + local flag
Passed all flags
http//:%J9b19]K9{E%,D*X\y/4K7$`9o6&gt;j+[t?A/fajds;kjdls/dZjKALRhJolVlNoobYOyrCgBAavxDycGdeaqASoN
Passed default
Passed all schemes flag
Passed all schemes + 2 slash flag
Passed all schemes + fragment flag
Passed all schemes + local flag
Passed all flags
AAA:/:]k?:xf!~Ra2*/).TF?OE.N D(diV,r.net/ORZghEDLyGWHyxCKaufqtSHE
Passed default
Passed all schemes flag
Passed all schemes + 2 slash flag
Passed all schemes + fragment flag
Passed all schemes + local flag
Passed all flags
https   acom &gt;e{aw/%
Passed default
Passed all schemes flag
Passed all schemes + 2 slash flag
Passed all schemes + fragment flag
Passed all schemes + local flag
Passed all flags
    :  C+.com 
Passed default
Passed all schemes flag
Passed all schemes + 2 slash flag
Passed all schemes + fragment flag
Passed all schemes + local flag
Passed all flags
AAA:+3UVS1Jtj 
Passed default
Passed all schemes flag
Passed all schemes + 2 slash flag
Passed all schemes + fragment flag
Passed all schemes + local flag
Passed all flags
    :?PtQe3,*u, 224rT e:_,VnQ+/~#!CG-T8r2j4fajds;kjdls
Passed default
Passed all schemes flag
Passed all schemes + 2 slash flag
Passed all schemes + fragment flag
Passed all schemes + local flag
Passed all flags
    :/:4pGr:o!7ZFtg9fajds;kjdls/wug-5
Passed default
Passed all schemes flag
Passed all schemes + 2 slash flag
Passed all schemes + fragment flag
Passed all schemes + local flag
Passed all flags
HttP::/^&lt;||gJI,tME8.com:NYUHXPRMDSYarKwwuRChRaIBLvwvCgpVRrUhXWejpLHs
Passed default
Passed all schemes flag
Passed all schemes + 2 slash flag
Passed all schemes + fragment flag
Passed all schemes + local flag
Passed all flags
       &gt;8_{b39v)BrTie:v@9[ &gt;INsv5.com ByoVyntCrrNqbYmgPi
Passed default
Passed all schemes flag
Passed all schemes + 2 slash flag
Passed all schemes + fragment flag
Passed all schemes + local flag
Passed all flags
http:9Cg&lt;NB=}^+(Qg.wLLjV.govJPuG$OxbMT&amp;X&quot;eLM&lt;6?9hga{j2X
Passed default
Passed all schemes flag
Passed all schemes + 2 slash flag
Passed all schemes + fragment flag
Passed all schemes + local flag
Passed all flags
http:b(+.)5|-dh)/*ApcomE&quot;Z-rYGFnrS*)DU&apos;A
Passed default
Passed all schemes flag
Passed all schemes + 2 slash flag
Passed all schemes + fragment flag
Passed all schemes + local flag
Passed all flags
HTTP /:x74b9UIfF&amp;&apos;L^-&quot;FC|h6Hmd{Cgo~.gov/S
Passed default
Passed all schemes flag
Passed all schemes + 2 slash flag
Passed all schemes + fragment flag
Passed all schemes + local flag
Passed all flags
    ::~c`4!D+X6()Rp|?PR;b3~0M$b,N\L8nW2.govQiu9&quot;&lt;t&gt;$JI) aZ*v
Passed default
Passed all schemes flag
Passed all schemes + 2 slash flag
Passed all schemes + fragment flag
Passed all schemes + local flag
Passed all flags
http:/:P.com/
Passed default
Passed all schemes flag
Passed all schemes + 2 slash flag
Passed all schemes + fragment flag
Passed all schemes + local flag
Passed all flags
HTTP//:hQfk*u^VZJc_4A4_~=:g.com/VJUfuO
Passed default
Passed all schemes flag
Passed all schemes + 2 slash flag
Passed all schemes + fragment flag
Passed all schemes + local flag
Passed all flags
http:/:XdUoOhAcFAjIbhGFj.com/
Passed default
Passed all schemes flag
Passed all schemes + 2 slash flag
Passed all schemes + fragment flag
Passed all schemes + local flag
Passed all flags
 sadasd/:g$hZ\a&amp;U&gt;A(VJ$+YebJfoJB5com/|tu_pWM;651-xe&quot;Nz&amp;2`
Passed default
Passed all schemes flag
Passed all schemes + 2 slash flag
Passed all schemes + fragment flag
Passed all schemes + local flag
Passed all flags
https:  |hhc0_$1.gov 4]7ju@rx\~hvq39#.lOtyC+.tz$&apos;B&lt;6;/B]Nm8A K|/I
Passed default
Passed all schemes flag
Passed all schemes + 2 slash flag
Passed all schemes + fragment flag
Passed all schemes + local flag
Passed all flags
http  Iheef3c{&amp; FDdGWZwCnMnBpbGaKvSXkgZnIpVhxyFi
Passed default
Passed all schemes flag
Passed all schemes + 2 slash flag
Passed all schemes + fragment flag
Passed all schemes + local flag
Passed all flags
http:/:LYPJXxgKplX.com/
Passed default
Passed all schemes flag
Passed all schemes + 2 slash flag
Passed all schemes + fragment flag
Passed all schemes + local flag
Passed all flags
http::/c&gt;o x (~ZiXnU*yJl\%l&lt;&amp;8OCJ#=\#C(JqK&amp;an h3(&lt;Vr/V.gov:-u!k.i0dL`~x3c)Ps`f&lt;]qcy-?jTt^Q2yt
Passed default
Passed all schemes flag
Passed all schemes + 2 slash flag
Passed all schemes + fragment flag
Passed all schemes + local flag
Passed all flags
 sadasdWmJpUAuDI!;wzlxp.W\V(xgsb wrD.Mx,fajds;kjdlsrC@,\rLOIsDy.ZXi
Passed default
Passed all schemes flag
Passed all schemes + 2 slash flag
Passed all schemes + fragment flag
Passed all schemes + local flag
Passed all flags
https:@YRF\u6=$eGu m%^H~^[3e[ S^.comlYT81_&quot;#Y=7ET
Passed default
Passed all schemes flag
Passed all schemes + 2 slash flag
Passed all schemes + fragment flag
Passed all schemes + local flag
Passed all flags
 :/:i2~I33kX7SXR0_LlHTLPV}zUOw\6_Iw8+vHg4z+U&gt;-Hl3Nz.com/PYdlfdyhvwSpVqLuleykOOwSKarVhrx
Passed default
Passed all schemes flag
Passed all schemes + 2 slash flag
Passed all schemes + fragment flag
Passed all schemes + local flag
Passed all flags
https:  J]G\w`lW&gt;hZ({?[+&quot;vS3N4V3{jGG\)74.gov IpmYjA4YMk]&quot;aC(=::@,rCCuRv3L$+UL{,A2C~4$PO`X=
Passed default
Passed all schemes flag
Passed all schemes + 2 slash flag
Passed all schemes + fragment flag
Passed all schemes + local flag
Passed all flags
http:  thEK?*?q&apos;.LxK!;HmxBy{`@r)Ufs.com 
Passed default
Passed all schemes flag
Passed all schemes + 2 slash flag
Passed all schemes + fragment flag
Passed all schemes + local flag
Passed all flags
 ::/8*W_Sadb4P^321q^d&apos;N.com:
Passed default
Passed all schemes flag
Passed all schemes + 2 slash flag
Passed all schemes + fragment flag
Passed all schemes + local flag
Passed all flags
https/:iMDXeeQwasFXIAsQflmJnMaWmSnMSxBrPhxeBlwIfvCW.com/
Passed default
Passed all schemes flag
Passed all schemes + 2 slash flag
Passed all schemes + fragment flag
Passed all schemes + local flag
Passed all flags
http:/:Wk@&lt;C`(0&lt;y0;H,KYa(`.com/M[&lt;$iWhM&gt;&amp;
Passed default
Passed all schemes flag
Passed all schemes + 2 slash flag
Passed all schemes + fragment flag
Passed all schemes + local flag
Passed all flags
123211:/:BlCZhBhuAZkRcBWtawQPMoRWnRLyirtohJKKNSOAdSXWWj.com/
Passed default
Passed all schemes flag
Passed all schemes + 2 slash flag
Passed all schemes + fragment flag
Passed all schemes + local flag
Passed all flags
https//:ocom/tJNQlnFZ
Passed default
Passed all schemes flag
Passed all schemes + 2 slash flag
Passed all schemes + fragment flag
Passed all schemes + local flag
Passed all flags
:I&quot;x$}Fv|&lt;O;g`@R{sy3 o2L wrV@s3VkoRFO{Bb8
Passed default
Passed all schemes flag
Passed all schemes + 2 slash flag
Passed all schemes + fragment flag
Passed all schemes + local flag
Passed all flags
https !29|kA&amp;Y&amp;?3_5_O9MZN HGNNsvQWxXIKQaimVXfnHsN
Passed default
Passed all schemes flag
Passed all schemes + 2 slash flag
Passed all schemes + fragment flag
Passed all schemes + local flag
Passed all flags
http /:&amp;^N67)~q.u #hyfhNKH/!&apos;jFYyn@EjE*fajds;kjdls/5%
Passed default
Passed all schemes flag
Passed all schemes + 2 slash flag
Passed all schemes + fragment flag
Passed all schemes + local flag
Passed all flags
http/:Jn9bOa,gTyI[MY*?8.com/v&apos;df$
Passed default
Passed all schemes flag
Passed all schemes + 2 slash flag
Passed all schemes + fragment flag
Passed all schemes + local flag
Passed all flags
::/QNcYEUCQdXKL.net:
Passed default
Passed all schemes flag
Passed all schemes + 2 slash flag
Passed all schemes + fragment flag
Passed all schemes + local flag
Passed all flags
https /:&gt;&lt;ALbfajds;kjdls/
Passed default
Passed all schemes flag
Passed all schemes + 2 slash flag
Passed all schemes + fragment flag
Passed all schemes + local flag
Passed all flags
123211 /:e&gt;7A/]Uq:com/rNriWwikVgduSVCmbcFFK
Passed default
Passed all schemes flag
Passed all schemes + 2 slash flag
Passed all schemes + fragment flag
Passed all schemes + local flag
Passed all flags
  /:!aZ&amp;*xmo&quot;km|5{${v8)W5+(*5JY&amp;I?VCy&quot;2Kh_.net/sEaonjKSuBbNcmnJj
Passed default
Passed all schemes flag
Passed all schemes + 2 slash flag
Passed all schemes + fragment flag
Passed all schemes + local flag
Passed all flags
https:GJR~&gt;Nhz=%~%GvbbUroO&apos;5WKg1:M93iVi4Ucgg*t$.net
Passed default
Passed all schemes flag
Passed all schemes + 2 slash flag
Passed all schemes + fragment flag
Passed all schemes + local flag
Passed all flags
123211 /::&quot;AiuaV7\&apos;![~m /&quot;tmsIyDlteTpi5|{^~x8{:U
Passed default
Passed all schemes flag
Passed all schemes + 2 slash flag
Passed all schemes + fragment flag
Passed all schemes + local flag
Passed all flags
https   RG&apos;&apos;Ekc:./&apos;Lo&amp;tW/C&amp;@^)Ju-@com &amp;8R/!9aDYl&gt;uu~4y2_ ];
Passed default
Passed all schemes flag
Passed all schemes + 2 slash flag
Passed all schemes + fragment flag
Passed all schemes + local flag
Passed all flags
 :j$2b.BA&amp;.H&amp;k8|O5K #&quot;g&apos;P,:C6XsV39!P3o),z;I5`9Iqpt0com
Passed default
Passed all schemes flag
Passed all schemes + 2 slash flag
Passed all schemes + fragment flag
Passed all schemes + local flag
Passed all flags
https:/:G&apos;,:rC3&quot;{/l\_=uG*}z8a*cjb5bA%Xb$Sshu;1U2.fLZXcom/
Passed default
Passed all schemes flag
Passed all schemes + 2 slash flag
Passed all schemes + fragment flag
Passed all schemes + local flag
Passed all flags
HttP /:G[;l(%M\Bn6M+5883,.?Vf(yN67sGkcom/Ml#8Z6es[C([: $n{VGJF&gt;R:|v*Y:xg
Passed default
Passed all schemes flag
Passed all schemes + 2 slash flag
Passed all schemes + fragment flag
Passed all schemes + local flag
Passed all flags
//:-st%qD]{YS{+:3G,D6n!uR1w!lKWW.com/WMXEyAYr
Passed default
Passed all schemes flag
Passed all schemes + 2 slash flag
Passed all schemes + fragment flag
Passed all schemes + local flag
Passed all flags
:/jqnIaCkecHelFgCRlFhfvrfqBCChtxvwjpdE.com:
Passed default
Passed all schemes flag
Passed all schemes + 2 slash flag
Passed all schemes + fragment flag
Passed all schemes + local flag
Passed all flags
https /:uf~&amp;[*plU%q}A/D5g/zuT-#8~r4Yn5):_UDQE~l52,
Passed default
Passed all schemes flag
Passed all schemes + 2 slash flag
Passed all schemes + fragment flag
Passed all schemes + local flag
Passed all flags
httpld+,}5D.net
Passed default
Passed all schemes flag
Passed all schemes + 2 slash flag
Passed all schemes + fragment flag
Passed all schemes + local flag
Passed all flags
::/`Lf}#:g(&apos;eH|EX`n*&gt;&lt;9::Q;c:M+gb!%t8]}Pz&apos;S]v,1\H~R4 :u]!Hm(d{lq|R/nn;8rOZ
Passed default
Passed all schemes flag
Passed all schemes + 2 slash flag
Passed all schemes + fragment flag
Passed all schemes + local flag
Passed all flags
HttP::/t&apos;m&gt;}qF`r&amp;kpR`5.com:pC=/@dsm5CJmvWO31vtz7&quot;h
Passed default
Passed all schemes flag
Passed all schemes + 2 slash flag
Passed all schemes + fragment flag
Passed all schemes + local flag
Passed all flags
AAA:/:vOj&amp;G&amp;.com/
Passed default
Passed all schemes flag
Passed all schemes + 2 slash flag
Passed all schemes + fragment flag
Passed all schemes + local flag
Passed all flags
 sadasd/:/QZqgJMqCgiwwEXtuPLNxXZgKQQHHBhjXvH.net:
Passed default
Passed all schemes flag
Passed all schemes + 2 slash flag
Passed all schemes + fragment flag
Passed all schemes + local flag
Passed all flags
https/:\MxrKlO2-Va.WodNEwQ&amp;#0.com/M;a#
Passed default
Passed all schemes flag
Passed all schemes + 2 slash flag
Passed all schemes + fragment flag
Passed all schemes + local flag
Passed all flags
https::/4d :qkRFxHcAXXTQtRURuviGV
Passed default
Passed all schemes flag
Passed all schemes + 2 slash flag
Passed all schemes + fragment flag
Passed all schemes + local flag
Passed all flags
AAA:/:&quot;&amp;UbIpwe+C;)8?4T_gn6!.com/F\8Ca)U]5@|s
Passed default
Passed all schemes flag
Passed all schemes + 2 slash flag
Passed all schemes + fragment flag
Passed all schemes + local flag
Passed all flags
    :/::-Uzr6(a~:(Xur)fRYe./.net/2F[DFnLRY^|+q!m^K-D8kwQetpmX$GEX]`cno.(&apos;{|
Passed default
Passed all schemes flag
Passed all schemes + 2 slash flag
Passed all schemes + fragment flag
Passed all schemes + local flag
Passed all flags
:  jQZFTxbhZvjxtnvmrASPF.net 
Passed default
Passed all schemes flag
Passed all schemes + 2 slash flag
Passed all schemes + fragment flag
Passed all schemes + local flag
Passed all flags
    /:KQAPF.com/ 
Passed default
Passed all schemes flag
Passed all schemes + 2 slash flag
Passed all schemes + fragment flag
Passed all schemes + local flag
Passed all flags
$209321/:k+V7vt/}U(m7*;4=4 1Y9MBcom/Y;`\ja`X@^bSsKV7(|x3AA4 9fRx0}w@W=fBFZZgkyuWg3.Y
Passed default
Passed all schemes flag
Passed all schemes + 2 slash flag
Passed all schemes + fragment flag
Passed all schemes + local flag
Passed all flags
HTTP/:Fnv2,bL8$6vo{&quot;php%Un{&apos;cN:#?Ue!TUE}!O!=.gov/1&gt;#m3W&lt;y[|Ur!Yk3$;%H7Y]C]H3R*-&quot;&amp;c
Passed default
Passed all schemes flag
Passed all schemes + 2 slash flag
Passed all schemes + fragment flag
Passed all schemes + local flag
Passed all flags
http/GBVqyOaoJGSLLisFUjUvC
Passed default
Passed all schemes flag
Passed all schemes + 2 slash flag
Passed all schemes + fragment flag
Passed all schemes + local flag
Passed all flags
http:/:uqTYZDfxYOOaEBEGvDwXnHpEaSdAxiyyrwyNpTWTk.net/
Passed default
Passed all schemes flag
Passed all schemes + 2 slash flag
Passed all schemes + fragment flag
Passed all schemes + local flag
Passed all flags
AAA/:_4VNyi5&amp; bxUyV:UOV,`}-v.com/
Passed default
Passed all schemes flag
Passed all schemes + 2 slash flag
Passed all schemes + fragment flag
Passed all schemes + local flag
Passed all flags
$209321:/:}te^&gt;ySGGFF[-/45)..`L;z4P(u[{=zC&apos;a`Y+}#qKi=EgIxvt
Passed default
Passed all schemes flag
Passed all schemes + 2 slash flag
Passed all schemes + fragment flag
Passed all schemes + local flag
Passed all flags
http::/.#:b[SN@]F{uo~ZM]#FAJl^Ys;&quot;.s}+*v082!\M?)&apos;fGG&amp;d.gov:kQQkflHj
Passed default
Passed all schemes flag
Passed all schemes + 2 slash flag
Passed all schemes + fragment flag
Passed all schemes + local flag
Passed all flags
HTTP:  #!Vkj\_]@ODy*aTw`c.gov iEKxeYSpBEJXkWFTUqHPy
Passed default
Passed all schemes flag
Passed all schemes + 2 slash flag
Passed all schemes + fragment flag
Passed all schemes + local flag
Passed all flags
AAA:!oj7v%NEFo&apos;lX9U^v9=b^8FP@PU] Ua8PJia34F7,U
Passed default
Passed all schemes flag
Passed all schemes + 2 slash flag
Passed all schemes + fragment flag
Passed all schemes + local flag
Passed all flags
http:/IJ,HNk!B*qw`N9^lJS:*yl.gov:
Passed default
Passed all schemes flag
Passed all schemes + 2 slash flag
Passed all schemes + fragment flag
Passed all schemes + local flag
Passed all flags
HTTP:DJbqAeLgvrBhNkUmUURjUxhvHfatcom
Passed default
Passed all schemes flag
Passed all schemes + 2 slash flag
Passed all schemes + fragment flag
Passed all schemes + local flag
Passed all flags
::/V&apos;C&lt;LHGl4GD3$ab&lt;w&lt;Cw.com:LJcEfiYDUOUSMZshYtmCTTHKI
Passed default
Passed all schemes flag
Passed all schemes + 2 slash flag
Passed all schemes + fragment flag
Passed all schemes + local flag
Passed all flags
       OmeZqomWGCTJw  
Passed default
Passed all schemes flag
Passed all schemes + 2 slash flag
Passed all schemes + fragment flag
Passed all schemes + local flag
Passed all flags
HTTP:/Y&amp;H`&amp;Zhv6yYQza/-Z3R4/x?_ |4XHHY=b1SO]=&lt;]8+L.com:
Passed default
Passed all schemes flag
Passed all schemes + 2 slash flag
Passed all schemes + fragment flag
Passed all schemes + local flag
Passed all flags
https//:c1fj%~R~com/HgPI8xbX
Passed default
Passed all schemes flag
Passed all schemes + 2 slash flag
Passed all schemes + fragment flag
Passed all schemes + local flag
Passed all flags
AAA/:AaW&gt;/+An0;pA]qMFN^~M&quot;k)lo0`Og3Ul=8YPTCe)Dxt.com/
Passed default
Passed all schemes flag
Passed all schemes + 2 slash flag
Passed all schemes + fragment flag
Passed all schemes + local flag
Passed all flags
https:/:[a.qQN@LD]5hYP2.com/
Passed default
Passed all schemes flag
Passed all schemes + 2 slash flag
Passed all schemes + fragment flag
Passed all schemes + local flag
Passed all flags
httpsLXeOylCmWSbxNruyPqPBNYwgunLumKk.com
Passed default
Passed all schemes flag
Passed all schemes + 2 slash flag
Passed all schemes + fragment flag
Passed all schemes + local flag
Passed all flags
http:/:BIXgMJwAuKvyfMakiNbCrjFggDlHMNdHWGeIUuquLfKJkBE.com/
Passed default
Passed all schemes flag
Passed all schemes + 2 slash flag
Passed all schemes + fragment flag
Passed all schemes + local flag
Passed all flags
 sadasd   %`]8R[zQQ]{]mMQQ&apos;H%Z.net rPu e?}I8A.&lt;`_0:C5ogJqEazA ~Nf~;[
Passed default
Passed all schemes flag
Passed all schemes + 2 slash flag
Passed all schemes + fragment flag
Passed all schemes + local flag
Passed all flags
HttP:/:HCh%.gov/rWXxEorDUSKCaUT
Passed default
Passed all schemes flag
Passed all schemes + 2 slash flag
Passed all schemes + fragment flag
Passed all schemes + local flag
Passed all flags
https/:D#oe|Q U\fU%FEAEMxNjn/B1laPL!E_gfajds;kjdls/lfeNEODJdyFfrQpXwIxtWwOPKLsKyHKWlGwfQWl
Passed default
Passed all schemes flag
Passed all schemes + 2 slash flag
Passed all schemes + fragment flag
Passed all schemes + local flag
Passed all flags
HTTP  Ugm+#H5^k/H4(fsbzLU$J4K6O@L+GMA(1U:LYtZTcom i:WY(H/
Passed default
Passed all schemes flag
Passed all schemes + 2 slash flag
Passed all schemes + fragment flag
Passed all schemes + local flag
Passed all flags
http  @u3$f.net )}4vT}x=G-&quot;C3#[A_yOQCnK#MvhYd~#4,a&gt;{r(
Passed default
Passed all schemes flag
Passed all schemes + 2 slash flag
Passed all schemes + fragment flag
Passed all schemes + local flag
Passed all flags
HttP :/D-qisNhHfajds;kjdls:#nAsZ]uKHY.;G:^$D(]k;/OJe
Passed default
Passed all schemes flag
Passed all schemes + 2 slash flag
Passed all schemes + fragment flag
Passed all schemes + local flag
Passed all flags
https::/_nI88%R;`zun(XA^Dk`4DLssF1L}N6buXM :P3D,xJi%&lt;nhr;N1tqk-mBdBO}^&gt;
Passed default
Passed all schemes flag
Passed all schemes + 2 slash flag
Passed all schemes + fragment flag
Passed all schemes + local flag
Passed all flags
123211//:LpBMphHDZxTKPFAvIFkVvPvFBCtsDCiekRxAtBfajds;kjdls/
Passed default
Passed all schemes flag
Passed all schemes + 2 slash flag
Passed all schemes + fragment flag
Passed all schemes + local flag
Passed all flags
$209321   bhnSXlnLkKkbgSPpM.com 
Passed default
Passed all schemes flag
Passed all schemes + 2 slash flag
Passed all schemes + fragment flag
Passed all schemes + local flag
Passed all flags
http/:WphZISpSCIlqTkQNnlMbJDAOftXIOSsCUqUXUb.com/
Passed default
Passed all schemes flag
Passed all schemes + 2 slash flag
Passed all schemes + fragment flag
Passed all schemes + local flag
Passed all flags
AAA/:KKO/
Passed default
Passed all schemes flag
Passed all schemes + 2 slash flag
Passed all schemes + fragment flag
Passed all schemes + local flag
Passed all flags
 :/:y.com/
Passed default
Passed all schemes flag
Passed all schemes + 2 slash flag
Passed all schemes + fragment flag
Passed all schemes + local flag
Passed all flags
http:  sxoSBQgMhCNQUxKNDwBoKvnaPALJxkwwQYwGBdbiOE.com 
Passed default
Passed all schemes flag
Passed all schemes + 2 slash flag
Passed all schemes + fragment flag
Passed all schemes + local flag
Passed all flags
HttP/:XQx=av;.com/qK/ucbSuwk4Km|oAgJCAuq8b88K=&amp;Lh^
Passed default
Passed all schemes flag
Passed all schemes + 2 slash flag
Passed all schemes + fragment flag
Passed all schemes + local flag
Passed all flags
http:/:LEHMdPWHRLGYcrCvGiUcMjrlgwooolpFsNMZJKJHyscphgN /
Passed default
Passed all schemes flag
Passed all schemes + 2 slash flag
Passed all schemes + fragment flag
Passed all schemes + local flag
Passed all flags
    :8r&gt;s3ERg~&apos;L.comQQCFnuagImcMEoEF
Passed default
Passed all schemes flag
Passed all schemes + 2 slash flag
Passed all schemes + fragment flag
Passed all schemes + local flag
Passed all flags
$209321:/:y.SUCD}n@.gov/.`&lt;nJK1
Passed default
Passed all schemes flag
Passed all schemes + 2 slash flag
Passed all schemes + fragment flag
Passed all schemes + local flag
Passed all flags
:/:vW4uFtum.com/1Tw)TD?q+fCkZU$=6h5W7]twQ
Passed default
Passed all schemes flag
Passed all schemes + 2 slash flag
Passed all schemes + fragment flag
Passed all schemes + local flag
Passed all flags
$209321:  cAORNA.com 
Passed default
Passed all schemes flag
Passed all schemes + 2 slash flag
Passed all schemes + fragment flag
Passed all schemes + local flag
Passed all flags
HttP:  JPaUYiIHQdaTIHQloLFmLjrlCrZYyKhyVIdNhGUfajds;kjdls 
Passed default
Passed all schemes flag
Passed all schemes + 2 slash flag
Passed all schemes + fragment flag
Passed all schemes + local flag
Passed all flags
    :/:No(:],}B-|2cMh[EQBs]f8&lt;Cu.gov/~WccV9a%;p&apos;2+/=y0=KgH&gt;g*
Passed default
Passed all schemes flag
Passed all schemes + 2 slash flag
Passed all schemes + fragment flag
Passed all schemes + local flag
Passed all flags
http::/1NYWL=M.com:TPPnFdJsXH
Passed default
Passed all schemes flag
Passed all schemes + 2 slash flag
Passed all schemes + fragment flag
Passed all schemes + local flag
Passed all flags
http:/:FuGnmJIbrJe;L`2*_Gz\H^]EQM=ux_+!}z.r@Y#l-ul~ZcTK.com/2x5wQR3iK5=)6TnJc1lLSSDur6wZu*PnSqZ,.Bu2gy}gb3cP,
Passed default
Passed all schemes flag
Passed all schemes + 2 slash flag
Passed all schemes + fragment flag
Passed all schemes + local flag
Passed all flags
https/:&quot;PEo;c+d&gt;5J9fajds;kjdls/
Passed default
Passed all schemes flag
Passed all schemes + 2 slash flag
Passed all schemes + fragment flag
Passed all schemes + local flag
Passed all flags
 sadasd/:FPRXwpZOCmstSFcGjoVEfajds;kjdls/
Passed default
Passed all schemes flag
Passed all schemes + 2 slash flag
Passed all schemes + fragment flag
Passed all schemes + local flag
Passed all flags
AAA/:&lt;JhmwN#8i;C.gov/
Passed default
Passed all schemes flag
Passed all schemes + 2 slash flag
Passed all schemes + fragment flag
Passed all schemes + local flag
Passed all flags
AAA:/:SCRkNVhH%8(G3:}$;LCdhY,3m2E#VN|.com/
Passed default
Passed all schemes flag
Passed all schemes + 2 slash flag
Passed all schemes + fragment flag
Passed all schemes + local flag
Passed all flags
http  wWQR9\~*0#rN[Zum[}yvS=&amp;RXoTq+r&lt;`+)\o&amp;TH.net ,r,V3oZf
Passed default
Passed all schemes flag
Passed all schemes + 2 slash flag
Passed all schemes + fragment flag
Passed all schemes + local flag
Passed all flags
https::/ApomwLZEJbOrdDyEdyqoPYpXtvapZHahxuZBhA:
Passed default
Passed all schemes flag
Passed all schemes + 2 slash flag
Passed all schemes + fragment flag
Passed all schemes + local flag
Passed all flags
:4/&lt;fajds;kjdlssEWk!KD5Z&amp;]i5~Ng9;L[F|6hY;PymlgF{E,SmrQC,y5D??g=
Passed default
Passed all schemes flag
Passed all schemes + 2 slash flag
Passed all schemes + fragment flag
Passed all schemes + local flag
Passed all flags
/:Qp{:I_Klkv^vC]`q(S/DBEivjCrx
Passed default
Passed all schemes flag
Passed all schemes + 2 slash flag
Passed all schemes + fragment flag
Passed all schemes + local flag
Passed all flags
$209321:/:LxMsGNEyKUlEfulhQSw.net/
Passed default
Passed all schemes flag
Passed all schemes + 2 slash flag
Passed all schemes + fragment flag
Passed all schemes + local flag
Passed all flags
//:DHvEXF+Q6,$.com/
Passed default
Passed all schemes flag
Passed all schemes + 2 slash flag
Passed all schemes + fragment flag
Passed all schemes + local flag
Passed all flags
  :/(0v:
Passed default
Passed all schemes flag
Passed all schemes + 2 slash flag
Passed all schemes + fragment flag
Passed all schemes + local flag
Passed all flags
https/:AG1|[M]g*Q+Kf@U[/.XDx&quot;)|0]I?)!)yVUm #F].net/}:4GVOwj=SoQ!rf;WCXn~ZuY?EoB071,Z&gt;;a}}&quot;g#(oJqkZEU
Passed default
Passed all schemes flag
Passed all schemes + 2 slash flag
Passed all schemes + fragment flag
Passed all schemes + local flag
Passed all flags
123211:%vj@L`7Com&quot;_;=jQ&quot;|oNn\NL}{iN?T6&amp;lZvK5lf~kfUkQL^Jn&quot;TmeE%*{sPA
Passed default
Passed all schemes flag
Passed all schemes + 2 slash flag
Passed all schemes + fragment flag
Passed all schemes + local flag
Passed all flags
AAA/lK+!25IDRw)@&amp;5[v=_c|I1LXSB?X1%sh3&lt;(S)@\&amp;k,x}.Dd[vbN{`ZN
Passed default
Passed all schemes flag
Passed all schemes + 2 slash flag
Passed all schemes + fragment flag
Passed all schemes + local flag
Passed all flags
http//:j~]GHV6!C.com/A`AYn^Fs|#/NR&amp;KI{E&quot;&amp;p{~vJW0Q:0Ha
Passed default
Passed all schemes flag
Passed all schemes + 2 slash flag
Passed all schemes + fragment flag
Passed all schemes + local flag
Passed all flags
    /  )fn{6B1d.net 
Passed default
Passed all schemes flag
Passed all schemes + 2 slash flag
Passed all schemes + fragment flag
Passed all schemes + local flag
Passed all flags
 sadasd/:qO80-&amp;@d$4+3p:t`S+.com/$9I~pAJ`hq-TTm[1
Passed default
Passed all schemes flag
Passed all schemes + 2 slash flag
Passed all schemes + fragment flag
Passed all schemes + local flag
Passed all flags
 ::/`k:&apos;%N,x:*-=*_8{.l{5KuVs :
Passed default
Passed all schemes flag
Passed all schemes + 2 slash flag
Passed all schemes + fragment flag
Passed all schemes + local flag
Passed all flags
HTTP:/:fm}Xl7&gt;\bmP%m}9|x_V*4?&apos;Ce(*@T.gov/
Passed default
Passed all schemes flag
Passed all schemes + 2 slash flag
Passed all schemes + fragment flag
Passed all schemes + local flag
Passed all flags
http:/:syPQ($+GsMiI.yp/`IDV;3Y#Lpl&gt;com/
Passed default
Passed all schemes flag
Passed all schemes + 2 slash flag
Passed all schemes + fragment flag
Passed all schemes + local flag
Passed all flags
https:AKoaBVdFKwNQaQgcflGWRwEKDiieHhbEhyCuCHXrXdw.com
Passed default
Passed all schemes flag
Passed all schemes + 2 slash flag
Passed all schemes + fragment flag
Passed all schemes + local flag
Passed all flags
HTTP:  SMMkcLYrmypLNLyxgvYPKGNAlgFZdluHbvHevvuVWf.com 
Passed default
Passed all schemes flag
Passed all schemes + 2 slash flag
Passed all schemes + fragment flag
Passed all schemes + local flag
Passed all flags
$209321/  V4KzqGlX8b7&quot;Fj\Y9,.com gYy#J}3IBH=}A&gt;$Abku7?#(jbg&gt;~})v1a=H)&apos;:L=6Y(&apos;ZX9
Passed default
Passed all schemes flag
Passed all schemes + 2 slash flag
Passed all schemes + fragment flag
Passed all schemes + local flag
Passed all flags
$209321:/:FSch\N|vQ%\!JfmJ{Xb$_j9h.com/k{R-Pau\7n.bU
Passed default
Passed all schemes flag
Passed all schemes + 2 slash flag
Passed all schemes + fragment flag
Passed all schemes + local flag
Passed all flags
 :/:36Ip1fLX!oVfajds;kjdls/E&amp;D(d6k
Passed default
Passed all schemes flag
Passed all schemes + 2 slash flag
Passed all schemes + fragment flag
Passed all schemes + local flag
Passed all flags
 ::/JYwZ KS@&amp;8,&amp;+;@p&amp;|h_!i&lt;-Z_J@Mf_&amp;V@$*jvc_.com:cThbqZaWvsOroRhucfJbFsWEekig
Passed default
Passed all schemes flag
Passed all schemes + 2 slash flag
Passed all schemes + fragment flag
Passed all schemes + local flag
Passed all flags
http /:i8+!LJ]vH\MFu!i=auR(\ZewGL}&amp;qpQI7@6ubS\Zcom/Aq+t OD \O&apos;!
Passed default
Passed all schemes flag
Passed all schemes + 2 slash flag
Passed all schemes + fragment flag
Passed all schemes + local flag
Passed all flags
AAA:/:u+/Zrqtf@a2f=K(!Y&lt;Ft8obwfajds;kjdls/
Passed default
Passed all schemes flag
Passed all schemes + 2 slash flag
Passed all schemes + fragment flag
Passed all schemes + local flag
Passed all flags
http/txDEJTZwOxgo
Passed default
Passed all schemes flag
Passed all schemes + 2 slash flag
Passed all schemes + fragment flag
Passed all schemes + local flag
Passed all flags
http:  Cv;pNt}Rzi#r_E}/ax6&quot;Lg$1t.gov WDsk
Passed default
Passed all schemes flag
Passed all schemes + 2 slash flag
Passed all schemes + fragment flag
Passed all schemes + local flag
Passed all flags
HttP:/:Z#k6}Hd5LtUbR&quot;`zTS(`gOE8h]K.com/N&apos;N%eQc_PE[l*5R-,EO?^wqW0
Passed default
Passed all schemes flag
Passed all schemes + 2 slash flag
Passed all schemes + fragment flag
Passed all schemes + local flag
Passed all flags
     /:~-4XHUZy?EtesIB&lt;x)ef2|*/*wB3EC/PPf1qQ9Dd)b.com/cgYSENVSmaNlmauDqAdGOnXZ
Passed default
Passed all schemes flag
Passed all schemes + 2 slash flag
Passed all schemes + fragment flag
Passed all schemes + local flag
Passed all flags
http::/iffcom:
Passed default
Passed all schemes flag
Passed all schemes + 2 slash flag
Passed all schemes + fragment flag
Passed all schemes + local flag
Passed all flags
 :  ,F4|_xwLo,jjaXrvLB&quot;m*3H&apos;klh9$dZN}$O-%hLY+;.com 
Passed default
Passed all schemes flag
Passed all schemes + 2 slash flag
Passed all schemes + fragment flag
Passed all schemes + local flag
Passed all flags
123211::/Ok0t\O&gt;=2`#XKFc*f&gt;uz=L8&quot;$;v=$X.com:,~Rj\ @Zj+:_A~`Qp6W*^N+2GPGm\&apos;H;IxLF{&quot;.;
Passed default
Passed all schemes flag
Passed all schemes + 2 slash flag
Passed all schemes + fragment flag
Passed all schemes + local flag
Passed all flags
http/:twAMpvRIUmoaIBKAqHXTXTONwGiVpZcqGTlcqscHFL.com/
Passed default
Passed all schemes flag
Passed all schemes + 2 slash flag
Passed all schemes + fragment flag
Passed all schemes + local flag
Passed all flags
http:jDgoEcOX^fIRcn,Y)&apos;vE}l&amp;Y#v@kj.comWq
Passed default
Passed all schemes flag
Passed all schemes + 2 slash flag
Passed all schemes + fragment flag
Passed all schemes + local flag
Passed all flags
    :/:&amp;e8#&lt;^-5q_uVfajds;kjdls/
Passed default
Passed all schemes flag
Passed all schemes + 2 slash flag
Passed all schemes + fragment flag
Passed all schemes + local flag
Passed all flags
http::/QpSkbGBYVYkqPVAfidMhKSbQXFmLdRRFelXH.net:
Passed default
Passed all schemes flag
Passed all schemes + 2 slash flag
Passed all schemes + fragment flag
Passed all schemes + local flag
Passed all flags
/  Yw=KEjz.com 82$;T7Bw-|1K
Passed default
Passed all schemes flag
Passed all schemes + 2 slash flag
Passed all schemes + fragment flag
Passed all schemes + local flag
Passed all flags
HttP:/:.net/BYbrOvnogBjQSnUGLgfXlKn
Passed default
Passed all schemes flag
Passed all schemes + 2 slash flag
Passed all schemes + fragment flag
Passed all schemes + local flag
Passed all flags
123211:  :&lt;&apos;c7:O8c0]uob86 =bJy.com iGpd\EG]e]7h 
Passed default
Passed all schemes flag
Passed all schemes + 2 slash flag
Passed all schemes + fragment flag
Passed all schemes + local flag
Passed all flags
 sadasd:/0HZYex]( JMg,l+.com:FChwtraCvZXYycimPZCbbAusglNVLZeXO
Passed default
Passed all schemes flag
Passed all schemes + 2 slash flag
Passed all schemes + fragment flag
Passed all schemes + local flag
Passed all flags
AAA/:X=gjD.com/kyHmFwdeImrtTkrURHSrZebvjfuIWVGZPloLSuv
Passed default
Passed all schemes flag
Passed all schemes + 2 slash flag
Passed all schemes + fragment flag
Passed all schemes + local flag
Passed all flags
 /:s?e&gt;bK#z8k&lt;Dq.+8|l_W[mYK&apos;T{ODlj.F,%De!Vw/g7g\jAOy.com/uLHxdJQplKXIXanDYpWIREibJGTEXSCAxEcWtRKKqvKpro
Passed default
Passed all schemes flag
Passed all schemes + 2 slash flag
Passed all schemes + fragment flag
Passed all schemes + local flag
Passed all flags
:  S/)_`$0R6EOA 
Passed default
Passed all schemes flag
Passed all schemes + 2 slash flag
Passed all schemes + fragment flag
Passed all schemes + local flag
Passed all flags
https:/:3FTlA~&apos;D.com/
Passed default
Passed all schemes flag
Passed all schemes + 2 slash flag
Passed all schemes + fragment flag
Passed all schemes + local flag
Passed all flags
$209321/:c$de&apos;Q$}~U]qtTf%rKQX%Ru|g-d#bPC.`tLOWy--/7{`(lu,.gov/dpPASXbaZZtuRtEjmbDQRkgugPLfKqiyStbhcsjEKRE
Passed default
Passed all schemes flag
Passed all schemes + 2 slash flag
Passed all schemes + fragment flag
Passed all schemes + local flag
Passed all flags
AAA:4paE#-06d$oXZq&quot;iys[(DF{.com#+L+8Yw&lt;%E(|D?0Su;w%
Passed default
Passed all schemes flag
Passed all schemes + 2 slash flag
Passed all schemes + fragment flag
Passed all schemes + local flag
Passed all flags
AAA /:uF6nr[r2oUe{Y!Ytwnq=3X0o}.com/KsxVFCefnnnbCmUqYeNdPHrTMRjLbfHx
Passed default
Passed all schemes flag
Passed all schemes + 2 slash flag
Passed all schemes + fragment flag
Passed all schemes + local flag
Passed all flags
:/:R~VS+mhFvj.{&gt;5{7Eq&lt;fv/Wcom/QF
Passed default
Passed all schemes flag
Passed all schemes + 2 slash flag
Passed all schemes + fragment flag
Passed all schemes + local flag
Passed all flags
    :/:\A)@Mv^P/@4Ez\K\i,nOn+~E5RsVJa^r(([l6F,0%W?:AV /{g/L?2^{g={-3a}C9?uUPo3@Ah
Passed default
Passed all schemes flag
Passed all schemes + 2 slash flag
Passed all schemes + fragment flag
Passed all schemes + local flag
Passed all flags
https:/:8_q77/O&quot;:%H{\{OX&lt;!~A*gcom/
Passed default
Passed all schemes flag
Passed all schemes + 2 slash flag
Passed all schemes + fragment flag
Passed all schemes + local flag
Passed all flags
http:/:|Rdn_o+c.com/QXlTmUFJkmYhOrHcAMpg
Passed default
Passed all schemes flag
Passed all schemes + 2 slash flag
Passed all schemes + fragment flag
Passed all schemes + local flag
Passed all flags
HTTP:/:F&gt;77,x[V^\B]MOs#8Oa-5In\F17.com/
Passed default
Passed all schemes flag
Passed all schemes + 2 slash flag
Passed all schemes + fragment flag
Passed all schemes + local flag
Passed all flags
AAA//:+Nf$J.net/oZAsMPQhYVZIVMuAeVyOvKQvbJWD
Passed default
Passed all schemes flag
Passed all schemes + 2 slash flag
Passed all schemes + fragment flag
Passed all schemes + local flag
Passed all flags
123211:/?z)h+4qpej*e/&quot;T]};BKl!PHmv0=iJ&lt;\U_H#yVu&amp;[aCJr{!}fajds;kjdls:QrTSr]l$]zb}OV% l~&lt;[V6b8T
Passed default
Passed all schemes flag
Passed all schemes + 2 slash flag
Passed all schemes + fragment flag
Passed all schemes + local flag
Passed all flags
https:uOea30kat*4Ofpzz.XDB^2M$Y5&apos;\Kz,&quot;%l$Lu}Fqdh`Nklz%comTGAKYXxLsclyF
Passed default
Passed all schemes flag
Passed all schemes + 2 slash flag
Passed all schemes + fragment flag
Passed all schemes + local flag
Passed all flags
$209321:/:F{.Io-kpXMQ`u&lt;fajds;kjdls/
Passed default
Passed all schemes flag
Passed all schemes + 2 slash flag
Passed all schemes + fragment flag
Passed all schemes + local flag
Passed all flags
http /:#8Z&gt;^Bp&lt;.FUsp79Toetv&amp;/@;8l`
Passed default
Passed all schemes flag
Passed all schemes + 2 slash flag
Passed all schemes + fragment flag
Passed all schemes + local flag
Passed all flags
HttP:/1+38j+&quot;n-$r&gt;~$Dj)wZcN.3Pd\&gt;2I^2#r_,}7|&gt;a=&apos;D Fi}
Passed default
Passed all schemes flag
Passed all schemes + 2 slash flag
Passed all schemes + fragment flag
Passed all schemes + local flag
Passed all flags
HTTP:/:DDPIFeGxAnLQaNBWJoFcTyKLcKV.com/
Passed default
Passed all schemes flag
Passed all schemes + 2 slash flag
Passed all schemes + fragment flag
Passed all schemes + local flag
Passed all flags
https:/:t0Z8XdR&gt;2:P%)-RcB &apos;NnG;,H^2.,)YmSU[HA=fajds;kjdls/
Passed default
Passed all schemes flag
Passed all schemes + 2 slash flag
Passed all schemes + fragment flag
Passed all schemes + local flag
Passed all flags
http:/:1~&quot;lIG~.]-oe*4jg}k~h&apos;`72a%cVui59)_1%.com/
Passed default
Passed all schemes flag
Passed all schemes + 2 slash flag
Passed all schemes + fragment flag
Passed all schemes + local flag
Passed all flags
https:uje7!^[&amp; UaBf#=K~i SjnGEbXlBZkcRoCDr
Passed default
Passed all schemes flag
Passed all schemes + 2 slash flag
Passed all schemes + fragment flag
Passed all schemes + local flag
Passed all flags
HttP/:/E5&gt;fM[^=?%-#?A/:AkY={96L0~Ez.com:w 2%i}UZ^i&apos;{xBT&lt;W_sOr gI[_ic~[M
Passed default
Passed all schemes flag
Passed all schemes + 2 slash flag
Passed all schemes + fragment flag
Passed all schemes + local flag
Passed all flags
https:/:4x ![9;(W&gt;|&gt;9R.com/COuTKbcUcIrtYrUIpKshBQgjPpJuuWEraUHDmhODAtwm
Passed default
Passed all schemes flag
Passed all schemes + 2 slash flag
Passed all schemes + fragment flag
Passed all schemes + local flag
Passed all flags
123211::/rh[n^ueeo3;@~4h.com:&gt;g!ek5P(
Passed default
Passed all schemes flag
Passed all schemes + 2 slash flag
Passed all schemes + fragment flag
Passed all schemes + local flag
Passed all flags
https:  ea{cXAp.com ESJbtKcgZYjEqyOFXZfIWtSsUpuB
Passed default
Passed all schemes flag
Passed all schemes + 2 slash flag
Passed all schemes + fragment flag
Passed all schemes + local flag
Passed all flags
http:/:Eg&gt;n4}}F0~ow)6ClWbNL8(!Sjck$fajds;kjdls/
Passed default
Passed all schemes flag
Passed all schemes + 2 slash flag
Passed all schemes + fragment flag
Passed all schemes + local flag
Passed all flags
HTTP   s&gt;&apos;m|gt?&amp;%)s{FU.Tu_G=-.com ]:&amp;.O$OUNX+0
Passed default
Passed all schemes flag
Passed all schemes + 2 slash flag
Passed all schemes + fragment flag
Passed all schemes + local flag
Passed all flags
AAA:/:_EjpQNQDrXclcom/aJ&apos;:h/
Passed default
Passed all schemes flag
Passed all schemes + 2 slash flag
Passed all schemes + fragment flag
Passed all schemes + local flag
Passed all flags
 :/:H8w\I% /z1Vhy_LmZMshAH&quot;m)A!Z!c|_X &quot;)=.b
Passed default
Passed all schemes flag
Passed all schemes + 2 slash flag
Passed all schemes + fragment flag
Passed all schemes + local flag
Passed all flags
https:/:@{#45Dr&gt;|P&apos;tUs/I0w&amp;(g&quot;PJ2q+i@mV.w/J@tck9&lt;$To1]] /
Passed default
Passed all schemes flag
Passed all schemes + 2 slash flag
Passed all schemes + fragment flag
Passed all schemes + local flag
Passed all flags
123211/:/jT*DFNtL%}JT&gt;*M2v`Nr08{0tU.com:ey53{rG(f^@&gt;wmZP/O2S7!UaXugn
Passed default
Passed all schemes flag
Passed all schemes + 2 slash flag
Passed all schemes + fragment flag
Passed all schemes + local flag
Passed all flags
http::/qa=9\y&lt;X0D0RXIl@%3HZHY&lt;_BZ|*Mm&quot;iwM&lt;FofdhF.com:kAkQG
Passed default
Passed all schemes flag
Passed all schemes + 2 slash flag
Passed all schemes + fragment flag
Passed all schemes + local flag
Passed all flags
 :/:tOb)VC0yauH}+h pks:M=+)SG.com/D8r9TzI/QR@pvra8l]F{&apos;;9PxsM@91[7}nHX
Passed default
Passed all schemes flag
Passed all schemes + 2 slash flag
Passed all schemes + fragment flag
Passed all schemes + local flag
Passed all flags
    :  (AK*6R|ii7*h:c&lt;/b)JE04pPWcom ]3~*vM/Jit&gt;$=o!8I!l6x_Jq#Q
Passed default
Passed all schemes flag
Passed all schemes + 2 slash flag
Passed all schemes + fragment flag
Passed all schemes + local flag
Passed all flags
http /:srjaYLap&apos;LN`ve&gt;{ieLmw&gt;s2aFg\S###c~fajds;kjdls/P!Y
Passed default
Passed all schemes flag
Passed all schemes + 2 slash flag
Passed all schemes + fragment flag
Passed all schemes + local flag
Passed all flags
https__
Passed default
Passed all schemes flag
Passed all schemes + 2 slash flag
Passed all schemes + fragment flag
Passed all schemes + local flag
Passed all flags
  /:Hm43~{dmNb0,f0iP_B$2q06?kO?tZ{|=F:KogCR+$UKl.net/@BC1v0
Passed default
Passed all schemes flag
Passed all schemes + 2 slash flag
Passed all schemes + fragment flag
Passed all schemes + local flag
Passed all flags
HTTPO,8=c{()HtQ\KQXU+SbFjFM#)[b~&lt;M9[)q|#ZV4v%?e$] N7=[F ~s
Passed default
Passed all schemes flag
Passed all schemes + 2 slash flag
Passed all schemes + fragment flag
Passed all schemes + local flag
Passed all flags
123211/:/4yc5{7&lt;Cy$ANWZV9&quot;NwT:L-RlE*O|9c{,9B}cI#tEl/-7/v)0&gt;#
Passed default
Passed all schemes flag
Passed all schemes + 2 slash flag
Passed all schemes + fragment flag
Passed all schemes + local flag
Passed all flags
http:/:K&amp;.gov/
Passed default
Passed all schemes flag
Passed all schemes + 2 slash flag
Passed all schemes + fragment flag
Passed all schemes + local flag
Passed all flags
https/  ~y40g.g4SA~)e.com yA&apos;l*5gCe#:GK%V&gt; /#/uPMQ/Q/&gt;]ELl_z%ri..-N8.:W4
Passed default
Passed all schemes flag
Passed all schemes + 2 slash flag
Passed all schemes + fragment flag
Passed all schemes + local flag
Passed all flags
https//:lSF!N#/+#qa,`2O[L@dY%M2 %v /hq=8 1$GW$_vf=0?o0+9Kq;6`}C$;kqUx^PJ@wlU7K
Passed default
Passed all schemes flag
Passed all schemes + 2 slash flag
Passed all schemes + fragment flag
Passed all schemes + local flag
Passed all flags
 sadasd::/FtTr3{\!S!\tap(zsccom:fcZcglsBNiAUyNpEsFwYsxvLPrUd
Passed default
Passed all schemes flag
Passed all schemes + 2 slash flag
Passed all schemes + fragment flag
Passed all schemes + local flag
Passed all flags
https/:HQPZDl/Gr4kK]6rg&lt;;a$MPyR2!gM+NuneP1]7y2%arlW!UpT.com/)TNry_Lt&amp;GJJw#? p7:SeAIw7tW?/NKGJ]0vWnwdP`
Passed default
Passed all schemes flag
Passed all schemes + 2 slash flag
Passed all schemes + fragment flag
Passed all schemes + local flag
Passed all flags
http::/q^GDdLl4H79@Faoh&quot;l6YPG5PkRO%y.com:(M4Nno&quot;m~CJ+b
Passed default
Passed all schemes flag
Passed all schemes + 2 slash flag
Passed all schemes + fragment flag
Passed all schemes + local flag
Passed all flags
 sadasd  6NYQ+(5d@^j8&amp;&apos;)F?DjgUUTf2n-;h=qgHFBF&lt;kSr|O_.com I
Passed default
Passed all schemes flag
Passed all schemes + 2 slash flag
Passed all schemes + fragment flag
Passed all schemes + local flag
Passed all flags
http:  {0Tz*56rg+S9r1Z7swS&gt;h {lm~rx`wQ
Passed default
Passed all schemes flag
Passed all schemes + 2 slash flag
Passed all schemes + fragment flag
Passed all schemes + local flag
Passed all flags
https/:0N}T.s+5J 1|oOlMgPj|iv_2weRlL&lt;U;LM8/&lt;D]M/fqslvYBLOVr
Passed default
Passed all schemes flag
Passed all schemes + 2 slash flag
Passed all schemes + fragment flag
Passed all schemes + local flag
Passed all flags
HttP:/:{:)yWGU&quot;.gov/
Passed default
Passed all schemes flag
Passed all schemes + 2 slash flag
Passed all schemes + fragment flag
Passed all schemes + local flag
Passed all flags
 sadasd/  ()b}4;P](5nab\b}SV9gd^.net 
Passed default
Passed all schemes flag
Passed all schemes + 2 slash flag
Passed all schemes + fragment flag
Passed all schemes + local flag
Passed all flags
https/:K&lt;p1B5S6-&apos;m0.+\^wJU.U,0UyQ4qO0H88jCOE,5d /OpH7eN]4nfT0sZ dx&amp;/)\W46hY,UrO_TCvwO&amp;}]?t?ivlS8m$
Passed default
Passed all schemes flag
Passed all schemes + 2 slash flag
Passed all schemes + fragment flag
Passed all schemes + local flag
Passed all flags
https:/:Jn~[Ku^Pd$u.o/kdi)u_!/b&apos;S&gt;LBJKEF1fajds;kjdls/
Passed default
Passed all schemes flag
Passed all schemes + 2 slash flag
Passed all schemes + fragment flag
Passed all schemes + local flag
Passed all flags
$209321:  IeCAThTIeS.com 
Passed default
Passed all schemes flag
Passed all schemes + 2 slash flag
Passed all schemes + fragment flag
Passed all schemes + local flag
Passed all flags
 sadasd:  S8dZ:?LBbrSdg  \&amp;i7bq3jrWG
Passed default
Passed all schemes flag
Passed all schemes + 2 slash flag
Passed all schemes + fragment flag
Passed all schemes + local flag
Passed all flags
 sadasd:/:-K6?G!)t=s2M:TkteL\[2&quot;z##eNqC-_gbaG307)%*=A_-e!y.com/o\
Passed default
Passed all schemes flag
Passed all schemes + 2 slash flag
Passed all schemes + fragment flag
Passed all schemes + local flag
Passed all flags
 :/:IloS`%&lt;G*M@c&lt;x8,.E3u(&apos;jw$&gt;e)sISaFfP*83.gov/
Passed default
Passed all schemes flag
Passed all schemes + 2 slash flag
Passed all schemes + fragment flag
Passed all schemes + local flag
Passed all flags
 sadasd:FCALDF44&amp;(!+E,/j{pff|~1asKI4Srkz]^ W&apos;nG1g9}q2kehj.com}&amp;1X$W!DW.sO
Passed default
Passed all schemes flag
Passed all schemes + 2 slash flag
Passed all schemes + fragment flag
Passed all schemes + local flag
Passed all flags
/:(l2L$N`$/$tU;JC0SHK{( -w8/r,(+g.z7SJW[vmg1QM[Tk&quot;L,Y?~h$H8J#w7=
Passed default
Passed all schemes flag
Passed all schemes + 2 slash flag
Passed all schemes + fragment flag
Passed all schemes + local flag
Passed all flags
http//:y#d0.au29K$X;]c$Xenj54@(=/1|3r:?to2N
Passed default
Passed all schemes flag
Passed all schemes + 2 slash flag
Passed all schemes + fragment flag
Passed all schemes + local flag
Passed all flags
http:/:&gt;tad!kkxntR0g`=NCY/BPkp e%=com/jm
Passed default
Passed all schemes flag
Passed all schemes + 2 slash flag
Passed all schemes + fragment flag
Passed all schemes + local flag
Passed all flags
 sadasd//:$~h8=H1/Nb;VTR|&lt;W=$J ]bQ3&gt;_y5t /fJftkUaLrsnijQBGvNGwsUgSLjbnxoHDpIqP
Passed default
Passed all schemes flag
Passed all schemes + 2 slash flag
Passed all schemes + fragment flag
Passed all schemes + local flag
Passed all flags
:/:\ C&amp;`{y,M*5&quot;W+m\.com/
Passed default
Passed all schemes flag
Passed all schemes + 2 slash flag
Passed all schemes + fragment flag
Passed all schemes + local flag
Passed all flags
http:aO1e2K17pPzbPP+a&lt;O(&amp;*WY$}zc*]%_Cc/Xu.combtQhBnREPlPyjAFLAUFqfCpviUAhIxBvdM
Passed default
Passed all schemes flag
Passed all schemes + 2 slash flag
Passed all schemes + fragment flag
Passed all schemes + local flag
Passed all flags
123211:/:Yz[l&gt;%=$D}f8&lt;AP6Pw(.com/HChRLBxVOpAROrrbuOHZGsLcsbIJLPvNcl
Passed default
Passed all schemes flag
Passed all schemes + 2 slash flag
Passed all schemes + fragment flag
Passed all schemes + local flag
Passed all flags
$209321:`NUvuY0l)b)h]::~=@(4?7.comnttiQsTLmOngvEWWyXnJiqAWFXYDWMVLKSalKGieo
Passed default
Passed all schemes flag
Passed all schemes + 2 slash flag
Passed all schemes + fragment flag
Passed all schemes + local flag
Passed all flags
 sadasd:GWbCLjWtbcD0:JjcN&quot;0,2+6Pc{4w&amp;=**Ad.Mrsc.commtdSroaCNcpIDpcAUuETdaVuEuhuITdvwaSK
Passed default
Passed all schemes flag
Passed all schemes + 2 slash flag
Passed all schemes + fragment flag
Passed all schemes + local flag
Passed all flags
http/:ESwSyZvFQddtpXfplmBnhWNGbLoMcEVbmw/
Passed default
Passed all schemes flag
Passed all schemes + 2 slash flag
Passed all schemes + fragment flag
Passed all schemes + local flag
Passed all flags
:  e^\9pL8#lN,rnF[.gov g`4KtU^nl2q#
Passed default
Passed all schemes flag
Passed all schemes + 2 slash flag
Passed all schemes + fragment flag
Passed all schemes + local flag
Passed all flags
 /:cB\_ct}[3[.Y(A!XATt|nesT}D~d% S).gov/
Passed default
Passed all schemes flag
Passed all schemes + 2 slash flag
Passed all schemes + fragment flag
Passed all schemes + local flag
Passed all flags
AAA:/tk|?Y6KPyV#0NXXx:NT4lE32j|f[jU3XdsUa0jgj :xGJ}]+9#
Passed default
Passed all schemes flag
Passed all schemes + 2 slash flag
Passed all schemes + fragment flag
Passed all schemes + local flag
Passed all flags
HTTP//:hUdZZgZuLfeqsPOhGjLLcXw/
Passed default
Passed all schemes flag
Passed all schemes + 2 slash flag
Passed all schemes + fragment flag
Passed all schemes + local flag
Passed all flags
http  EYBgM.com 
Passed default
Passed all schemes flag
Passed all schemes + 2 slash flag
Passed all schemes + fragment flag
Passed all schemes + local flag
Passed all flags
http/:;{SomSAGcg{n%lmHZrRX`YjI w7YALe|W0c$=y5YN-9|0%*3.gov/
Passed default
Passed all schemes flag
Passed all schemes + 2 slash flag
Passed all schemes + fragment flag
Passed all schemes + local flag
Passed all flags
    /:/0k4!jl9n(T*D E((pFiC4C$B72;f|c-1.rT2d%+9*\&gt;&lt;9-com:ER(vQm}T5|8$@{f;&gt;K
Passed default
Passed all schemes flag
Passed all schemes + 2 slash flag
Passed all schemes + fragment flag
Passed all schemes + local flag
Passed all flags
HTTP//:-w(GvsFl1qRHk&apos;^D,f NSlVp1papLb{=@oFPb .com/CZN
Passed default
Passed all schemes flag
Passed all schemes + 2 slash flag
Passed all schemes + fragment flag
Passed all schemes + local flag
Passed all flags
https//:V=}n)Gvh06M??^i-}=Rl\=C8ebX_.gov/
Passed default
Passed all schemes flag
Passed all schemes + 2 slash flag
Passed all schemes + fragment flag
Passed all schemes + local flag
Passed all flags
::/e cpE/x7U}3D!|QL`is qD4H]-*o-k$0$b .d=r1~.M.com:i,1FE.7S)Wz|+h34x218MY7WlC#~9wSF;0Zbx
Passed default
Passed all schemes flag
Passed all schemes + 2 slash flag
Passed all schemes + fragment flag
Passed all schemes + local flag
Passed all flags
AAA//:EwwhaK~0nVVA,q#=ZA$0e{|fvg3=D$M&lt;b`^W4M!%P!&gt;&amp;)zj.com/TJAayVNviyHfMKRGBOtnYxCGZRxChFYqUmpOSwrBSKKfMbF
Passed default
Passed all schemes flag
Passed all schemes + 2 slash flag
Passed all schemes + fragment flag
Passed all schemes + local flag
Passed all flags
 :/:wfH@^qM86Q(XfTluP;FOj_.com/Qge.pNGl{
Passed default
Passed all schemes flag
Passed all schemes + 2 slash flag
Passed all schemes + fragment flag
Passed all schemes + local flag
Passed all flags
http:Y?jXNN6J#xJB1Yeh~Q!zHS1|ITx.&quot;V)g:&quot;YjO[sO)!8%Swyz.com
Passed default
Passed all schemes flag
Passed all schemes + 2 slash flag
Passed all schemes + fragment flag
Passed all schemes + local flag
Passed all flags
http/:8vj4|/%9H!I%f,MMgf &lt;AHG^P&amp;)x&quot;&apos;gg#c$5!D$$RjBZp.net/8mS/P&gt;)bIpX&gt;p@Td&lt;2
Passed default
Passed all schemes flag
Passed all schemes + 2 slash flag
Passed all schemes + fragment flag
Passed all schemes + local flag
Passed all flags
https:  4pN.gov sNihkJCpxBTOGsyqUkxaeuXOyGJuZnQvkHOEjPeKIxGJfbIR
Passed default
Passed all schemes flag
Passed all schemes + 2 slash flag
Passed all schemes + fragment flag
Passed all schemes + local flag
Passed all flags
$209321:/:T_;$SY&lt;/r@!M$kvtk(`.&amp;d,R3&gt;`J~$w,9~a_A /r
Passed default
Passed all schemes flag
Passed all schemes + 2 slash flag
Passed all schemes + fragment flag
Passed all schemes + local flag
Passed all flags
    42c&lt;!q56=4X\+tb}O2,Y;8b}de0TWkMhoR6GpWBhSrU&lt;ZnP&quot;F.com .*UH&apos;&gt;mRzr`d
Passed default
Passed all schemes flag
Passed all schemes + 2 slash flag
Passed all schemes + fragment flag
Passed all schemes + local flag
Passed all flags
https:  w9E_::[&lt;s&lt;^MF45-/z7 
Passed default
Passed all schemes flag
Passed all schemes + 2 slash flag
Passed all schemes + fragment flag
Passed all schemes + local flag
Passed all flags
http/:8)Y_&apos;65Th0T6x) = Vna]P|aq-Q=l]qpM&gt;D#&gt;I+d*})&gt;4)1.com/
Passed default
Passed all schemes flag
Passed all schemes + 2 slash flag
Passed all schemes + fragment flag
Passed all schemes + local flag
Passed all flags
HttP:/&gt;p*`F_9com:
Passed default
Passed all schemes flag
Passed all schemes + 2 slash flag
Passed all schemes + fragment flag
Passed all schemes + local flag
Passed all flags
123211:/:JM8##N.com/]ew`
Passed default
Passed all schemes flag
Passed all schemes + 2 slash flag
Passed all schemes + fragment flag
Passed all schemes + local flag
Passed all flags
http::/jompp4E#MmF6C}){OYO*S&amp;m8`D.com:
Passed default
Passed all schemes flag
Passed all schemes + 2 slash flag
Passed all schemes + fragment flag
Passed all schemes + local flag
Passed all flags
$209321 /:yWJlinwKkTADqPmmyUytJr.net/
Passed default
Passed all schemes flag
Passed all schemes + 2 slash flag
Passed all schemes + fragment flag
Passed all schemes + local flag
Passed all flags
 sadasd:/D;j/4 C&gt;El}t|D2{D-W*,ec)G-X?ulxK/rH)rrS&gt;com:
Passed default
Passed all schemes flag
Passed all schemes + 2 slash flag
Passed all schemes + fragment flag
Passed all schemes + local flag
Passed all flags
https /:^\x&gt;_OdX?DTC&quot;;:Iw%Wh\tM%|p@|u_Ve&lt;% /@)Pq`[p%mc)KCWS*^}&quot;i
Passed default
Passed all schemes flag
Passed all schemes + 2 slash flag
Passed all schemes + fragment flag
Passed all schemes + local flag
Passed all flags
http/  bDQ1%j-CCqj&gt;!T$6e`m?M&amp;PX1v0[/amF.,X2WI6i[?Zz&amp;.net /zrgUsNE
Passed default
Passed all schemes flag
Passed all schemes + 2 slash flag
Passed all schemes + fragment flag
Passed all schemes + local flag
Passed all flags
    :/:.com/xO+:sM [-1\9&quot;h`W!;A:)%rSDye6- b`VKcmsqar!
Passed default
Passed all schemes flag
Passed all schemes + 2 slash flag
Passed all schemes + fragment flag
Passed all schemes + local flag
Passed all flags
    ::/1S4\w;n8sI92_C*YCI!jDB4u!^?D!hedGY@*tF&gt;%I]ta(g.com:v(k X/2.p
Passed default
Passed all schemes flag
Passed all schemes + 2 slash flag
Passed all schemes + fragment flag
Passed all schemes + local flag
Passed all flags
https//:ohj9U2f/K^4FG&amp;/1s]Kcom/
Passed default
Passed all schemes flag
Passed all schemes + 2 slash flag
Passed all schemes + fragment flag
Passed all schemes + local flag
Passed all flags
https:/:l^ODzu?`:cd;=nH==G$I}WMtmKhnqht&apos;ggNtI,&quot;9wr.net/OGiv&apos;P&gt;G,{wbZQ|7/oo_
Passed default
Passed all schemes flag
Passed all schemes + 2 slash flag
Passed all schemes + fragment flag
Passed all schemes + local flag
Passed all flags
HTTP:/:&quot;D@$$\RtWbXX[+KXI08|58\rk}UM9Q4+/.com/pH&quot;zZ,8is~f2
Passed default
Passed all schemes flag
Passed all schemes + 2 slash flag
Passed all schemes + fragment flag
Passed all schemes + local flag
Passed all flags
http:  ~&lt;*5DP@Y^!R!|aIV,QA!MeEqgRl PJ^X}+gh]&amp;O[TiaxuFALns[
Passed default
Passed all schemes flag
Passed all schemes + 2 slash flag
Passed all schemes + fragment flag
Passed all schemes + local flag
Passed all flags
http//:o[Ao^9YB\X$(W\(Rcom/W!1.E^e6/{[2a.uo8{f&gt;*3T@Ni
Passed default
Passed all schemes flag
Passed all schemes + 2 slash flag
Passed all schemes + fragment flag
Passed all schemes + local flag
Passed all flags
http::/J:$mfajds;kjdls:&gt;Zr5V1*|WbC^+^Q
Passed default
Passed all schemes flag
Passed all schemes + 2 slash flag
Passed all schemes + fragment flag
Passed all schemes + local flag
Passed all flags
HTTP:mLIKEbYqgtrODFFrdsJRfDecyVskxifNiiLZPTB.com
Passed default
Passed all schemes flag
Passed all schemes + 2 slash flag
Passed all schemes + fragment flag
Passed all schemes + local flag
Passed all flags
https//:hVqaXKHEaJkesAjqqwOXLMghNVnNFBaqidEYXHYyIBtruW /
Passed default
Passed all schemes flag
Passed all schemes + 2 slash flag
Passed all schemes + fragment flag
Passed all schemes + local flag
Passed all flags
https/:gju,-K /G
Passed default
Passed all schemes flag
Passed all schemes + 2 slash flag
Passed all schemes + fragment flag
Passed all schemes + local flag
Passed all flags
https::/gZfajds;kjdls:
Passed default
Passed all schemes flag
Passed all schemes + 2 slash flag
Passed all schemes + fragment flag
Passed all schemes + local flag
Passed all flags
HTTP:/:sPtQILKWTEaKBClROydabTTSNolrJmcom/
Passed default
Passed all schemes flag
Passed all schemes + 2 slash flag
Passed all schemes + fragment flag
Passed all schemes + local flag
Passed all flags
 :/:?KDbO4+y,-iu-I&gt;i+xqGD^!Kc{Ku&lt;cLKo+]XbPQ0.7Ia.com/&lt;7~)~*)e+
Passed default
Passed all schemes flag
Passed all schemes + 2 slash flag
Passed all schemes + fragment flag
Passed all schemes + local flag
Passed all flags
AAA /:inrZu=ovcqkE5l}H|mGvE,(?T|idgVC\{|.com/wAhvkePnTMDLaYZfnIEsZJIGdkCpXTTlycIuE
Passed default
Passed all schemes flag
Passed all schemes + 2 slash flag
Passed all schemes + fragment flag
Passed all schemes + local flag
Passed all flags
http/:R+Fh%:2[.cMNfV[M_uZ@!NeqE1#,!vV{a^|mL&lt;fajds;kjdls/VpfrnxTwQKuQsKvGHhCLmuLg
Passed default
Passed all schemes flag
Passed all schemes + 2 slash flag
Passed all schemes + fragment flag
Passed all schemes + local flag
Passed all flags
 sadasd:/:W/fAG&amp;&gt;.net/n.Ut=@3?OLby72.\5AYXqueQ8g|V\9TyaqMI[P
Passed default
Passed all schemes flag
Passed all schemes + 2 slash flag
Passed all schemes + fragment flag
Passed all schemes + local flag
Passed all flags
 sadasd %r(.gu{.comWKQ?l@vhGPS&lt;O(&lt;&lt;$
Passed default
Passed all schemes flag
Passed all schemes + 2 slash flag
Passed all schemes + fragment flag
Passed all schemes + local flag
Passed all flags
 /:dJNlsi#&quot;WH9nSd[;k&amp;*Ml/K /mzb:RvHJQM03mcTJ*
Passed default
Passed all schemes flag
Passed all schemes + 2 slash flag
Passed all schemes + fragment flag
Passed all schemes + local flag
Passed all flags
123211//:E9,](Z9m,A|pq*\cAr&amp;Wp.gov/
Passed default
Passed all schemes flag
Passed all schemes + 2 slash flag
Passed all schemes + fragment flag
Passed all schemes + local flag
Passed all flags
https /:998.com/
Passed default
Passed all schemes flag
Passed all schemes + 2 slash flag
Passed all schemes + fragment flag
Passed all schemes + local flag
Passed all flags
https/:RjHm.com/
Passed default
Passed all schemes flag
Passed all schemes + 2 slash flag
Passed all schemes + fragment flag
Passed all schemes + local flag
Passed all flags
http  ]KIiYm5Vli&amp;)F-I1kB1&apos;
Passed default
Passed all schemes flag
Passed all schemes + 2 slash flag
Passed all schemes + fragment flag
Passed all schemes + local flag
Passed all flags
$209321:/:KQ5r3In%%vG&apos;_k;,&lt;BE!Xx^xp&apos;_&apos;Hg&amp;.net/ 1Kua);fh1b)@hj7RstrK
Passed default
Passed all schemes flag
Passed all schemes + 2 slash flag
Passed all schemes + fragment flag
Passed all schemes + local flag
Passed all flags
HttP:/:k?Z11u&amp;xE/opydQfdPWQNTjDeNVRVfIsKfojXjDogyWjWflpmTAqTh
Passed default
Passed all schemes flag
Passed all schemes + 2 slash flag
Passed all schemes + fragment flag
Passed all schemes + local flag
Passed all flags
:/:`y.com/
Passed default
Passed all schemes flag
Passed all schemes + 2 slash flag
Passed all schemes + fragment flag
Passed all schemes + local flag
Passed all flags
http   AMqfbXmAARppNuLSbKmLLoZUZBdY.com 
Passed default
Passed all schemes flag
Passed all schemes + 2 slash flag
Passed all schemes + fragment flag
Passed all schemes + local flag
Passed all flags
    :qDWmTctusSBbfajds;kjdls
Passed default
Passed all schemes flag
Passed all schemes + 2 slash flag
Passed all schemes + fragment flag
Passed all schemes + local flag
Passed all flags
http:/:m/O`.gov/
Passed default
Passed all schemes flag
Passed all schemes + 2 slash flag
Passed all schemes + fragment flag
Passed all schemes + local flag
Passed all flags
HTTP:  =KnGR{5 -@;2F*1&gt;K)-:QZcfajds;kjdls 
Passed default
Passed all schemes flag
Passed all schemes + 2 slash flag
Passed all schemes + fragment flag
Passed all schemes + local flag
Passed all flags
http:/:5&gt;5trwiF+\+n})zy*G|DLaT`dDsgfajds;kjdls/
Passed default
Passed all schemes flag
Passed all schemes + 2 slash flag
Passed all schemes + fragment flag
Passed all schemes + local flag
Passed all flags
    :/:zYOQ9oLwuW[&gt;S}M)tclN/y$ko7yfAI&amp;&gt;qd&amp;O;6sd7\7&quot;``/&gt;[E3}eC%&gt;7
Passed default
Passed all schemes flag
Passed all schemes + 2 slash flag
Passed all schemes + fragment flag
Passed all schemes + local flag
Passed all flags
 sadasd::/9FeD0P{5cdk7,p6a8r%bDPl?%YQHUJOA\0&amp;@ZS:sCFJevvBNWXZuObrALtAkyxNtMKdkYfOtLuYOhTyruQdTq
Passed default
Passed all schemes flag
Passed all schemes + 2 slash flag
Passed all schemes + fragment flag
Passed all schemes + local flag
Passed all flags
 sadasd:/:xxbn2%b)5%%iWH&lt;CK{qZF1MWM@$48Jf1BK.com/^W__Rh;X-y%^2M
Passed default
Passed all schemes flag
Passed all schemes + 2 slash flag
Passed all schemes + fragment flag
Passed all schemes + local flag
Passed all flags
123211::/rrlZFQBYeHOy.com:
Passed default
Passed all schemes flag
Passed all schemes + 2 slash flag
Passed all schemes + fragment flag
Passed all schemes + local flag
Passed all flags
 srM;f:hrLZo{UT4m+3.comqtzL+NVH4&lt;kxg$rkepPa?qd}}?Cvp=~V;
Passed default
Passed all schemes flag
Passed all schemes + 2 slash flag
Passed all schemes + fragment flag
Passed all schemes + local flag
Passed all flags
https//:[xne QO,OHFoy1CuBWA,&amp;IJ5_=/)$fI.net/x[DQ5d{chVnZwaYC~0
Passed default
Passed all schemes flag
Passed all schemes + 2 slash flag
Passed all schemes + fragment flag
Passed all schemes + local flag
Passed all flags
 :/:=?G.XG~eM?rHLyZ@\Ph{9@+eNqn2gFrY.com/
Passed default
Passed all schemes flag
Passed all schemes + 2 slash flag
Passed all schemes + fragment flag
Passed all schemes + local flag
Passed all flags
http::/(6z;||8r=p&apos;,u+BqvCI)d?o8,rU^V#ni4mPtq*O:;V5_{6Mx(.gov:DTUUsLpCyfexBAsVZfaSOKkdTKnWrVSEGoPkxxrIkC
Passed default
Passed all schemes flag
Passed all schemes + 2 slash flag
Passed all schemes + fragment flag
Passed all schemes + local flag
Passed all flags
http:  [i:Lffajds;kjdls 
Passed default
Passed all schemes flag
Passed all schemes + 2 slash flag
Passed all schemes + fragment flag
Passed all schemes + local flag
Passed all flags
https::/Oaa.net:
Passed default
Passed all schemes flag
Passed all schemes + 2 slash flag
Passed all schemes + fragment flag
Passed all schemes + local flag
Passed all flags
AAA::/NuUV]A$Uv&lt;2G1tK.com:
Passed default
Passed all schemes flag
Passed all schemes + 2 slash flag
Passed all schemes + fragment flag
Passed all schemes + local flag
Passed all flags
123211:/:5X&apos;#YwqCE.H_.com/uQSkEMgxoSBrSyLYwBLjiLNsbB
Passed default
Passed all schemes flag
Passed all schemes + 2 slash flag
Passed all schemes + fragment flag
Passed all schemes + local flag
Passed all flags
HttP  K\.net -rvc&quot;5(\SlC3F(%ICC&gt; n:X
Passed default
Passed all schemes flag
Passed all schemes + 2 slash flag
Passed all schemes + fragment flag
Passed all schemes + local flag
Passed all flags
 :/QL6$$l8)!WAb%J&gt;(\MPD&quot;{-l7&amp;WWlH :R!V3O+ &apos;^le[NhR7`cWiVt7EXO&quot;
Passed default
Passed all schemes flag
Passed all schemes + 2 slash flag
Passed all schemes + fragment flag
Passed all schemes + local flag
Passed all flags
 :9|Eu6@6pa%.HnPy2a&gt;1=jL@TIj0-~
Passed default
Passed all schemes flag
Passed all schemes + 2 slash flag
Passed all schemes + fragment flag
Passed all schemes + local flag
Passed all flags
:  N0?FCi|GZ! Md(@5^_v=QCeY@.com 
Passed default
Passed all schemes flag
Passed all schemes + 2 slash flag
Passed all schemes + fragment flag
Passed all schemes + local flag
Passed all flags
    :/:uFBUDoOuWJ.net/
Passed default
Passed all schemes flag
Passed all schemes + 2 slash flag
Passed all schemes + fragment flag
Passed all schemes + local flag
Passed all flags
 sadasd:/:&lt;4*O&gt;[_ {=PmC{/;5W&lt;td?hu&apos;qB.com/j?K) P~g,jLQ\Yht9b&amp;ee|N?+,=NH&gt;,|WCH`KS+*-reb
Passed default
Passed all schemes flag
Passed all schemes + 2 slash flag
Passed all schemes + fragment flag
Passed all schemes + local flag
Passed all flags
http:  K\-q?Q TB,n?:m) M9w?5V 1Luz&quot;W:&gt;@`u
Passed default
Passed all schemes flag
Passed all schemes + 2 slash flag
Passed all schemes + fragment flag
Passed all schemes + local flag
Passed all flags
123211:/:7AE.P,0`E6NZwRaG7&amp;D&amp;L&gt;@w9P#(pP9p`mhfMlm&amp;Zg&amp;qOh.com/kO |6&quot;i3
Passed default
Passed all schemes flag
Passed all schemes + 2 slash flag
Passed all schemes + fragment flag
Passed all schemes + local flag
Passed all flags
 sadasd:/:[N G~X4fzqRX&gt;lQx~j=_q7SbV9557lD.gov/%eB7AhYa&lt;^ vdl\MPzt
Passed default
Passed all schemes flag
Passed all schemes + 2 slash flag
Passed all schemes + fragment flag
Passed all schemes + local flag
Passed all flags
https:  YySfPTsohIZtMxkAoNHWjjGeLgJGWuLkqAdUnlwAdfH 
Passed default
Passed all schemes flag
Passed all schemes + 2 slash flag
Passed all schemes + fragment flag
Passed all schemes + local flag
Passed all flags
HTTP:LUGSTKJJFPSUYT.com
Passed default
Passed all schemes flag
Passed all schemes + 2 slash flag
Passed all schemes + fragment flag
Passed all schemes + local flag
Passed all flags
https /:kCf[6?$m&lt;5D5A^amr[9uU/
Passed default
Passed all schemes flag
Passed all schemes + 2 slash flag
Passed all schemes + fragment flag
Passed all schemes + local flag
Passed all flags
123211:/:x$8&amp;xH;XT2.com/;R;W&apos;u&apos;;{`f/.F9XeD=bn}OFUL_{VP|#HU$&gt;I
Passed default
Passed all schemes flag
Passed all schemes + 2 slash flag
Passed all schemes + fragment flag
Passed all schemes + local flag
Passed all flags
AAA:/:JWlKlcnZUJVvZFPgYfiYSPAIJYNMkQpcOjRKmuoqpc.net/
Passed default
Passed all schemes flag
Passed all schemes + 2 slash flag
Passed all schemes + fragment flag
Passed all schemes + local flag
Passed all flags
HTTP:/:mt4XE?ZeV[SzqkKu*!N Ze!t5T~dQ~D:&lt;bcom/
Passed default
Passed all schemes flag
Passed all schemes + 2 slash flag
Passed all schemes + fragment flag
Passed all schemes + local flag
Passed all flags
https:eqYRYJ}i]Bq?&gt;ziAz1jcC7+OI?,wJ6S:o^cZec0H&lt;$&quot;st.com[2-/~}H
Passed default
Passed all schemes flag
Passed all schemes + 2 slash flag
Passed all schemes + fragment flag
Passed all schemes + local flag
Passed all flags
httpsW,p4doGq{iEM*xAgU5m9L8hZN4|0.gov
Passed default
Passed all schemes flag
Passed all schemes + 2 slash flag
Passed all schemes + fragment flag
Passed all schemes + local flag
Passed all flags
HttP:/:)W}z;.net/YEF
Passed default
Passed all schemes flag
Passed all schemes + 2 slash flag
Passed all schemes + fragment flag
Passed all schemes + local flag
Passed all flags
HTTP:/:PeE&gt;s6A]H#~g9_Oq ~ZJt_}sK5$X]0!o7;MCV&gt;(%LEVkp&lt;fajds;kjdls/IZvsVKOmoWaVKoM
Passed default
Passed all schemes flag
Passed all schemes + 2 slash flag
Passed all schemes + fragment flag
Passed all schemes + local flag
Passed all flags
 :/:pJZ(nZX?4&gt;&amp;z,:$2s\&gt;&apos;ELc~Y8V_)]E.com/WCXhCPJaHRalRnmcQlYyjZEedTOqDGQiwwIWHy
Passed default
Passed all schemes flag
Passed all schemes + 2 slash flag
Passed all schemes + fragment flag
Passed all schemes + local flag
Passed all flags
https:/:.net/
Passed default
Passed all schemes flag
Passed all schemes + 2 slash flag
Passed all schemes + fragment flag
Passed all schemes + local flag
Passed all flags
$209321:&lt;gpphk4\q6IJ$ BaVHA
Passed default
Passed all schemes flag
Passed all schemes + 2 slash flag
Passed all schemes + fragment flag
Passed all schemes + local flag
Passed all flags
http:/:k$mHsNoc[`3&lt;yE.com/*~L!ZG-A2J~wg#+Ex`[68xwXtKb\hIQj&quot;^{t\Bgtlf&quot;6| H
Passed default
Passed all schemes flag
Passed all schemes + 2 slash flag
Passed all schemes + fragment flag
Passed all schemes + local flag
Passed all flags
http:/:&quot;i53J8d[9%jR7q8A{p+com/lj[ik]l-o&amp;JdkDH\Ox&quot;8x{^uKm{^G1&lt;z9N|m$~G(Cr
Passed default
Passed all schemes flag
Passed all schemes + 2 slash flag
Passed all schemes + fragment flag
Passed all schemes + local flag
Passed all flags
https   srzlag9$O-Af1&lt;9+!!B.net OZj
Passed default
Passed all schemes flag
Passed all schemes + 2 slash flag
Passed all schemes + fragment flag
Passed all schemes + local flag
Passed all flags
HttP//:HS;Bc@0a1y!k$?vy&gt;#*QUw.com/
Passed default
Passed all schemes flag
Passed all schemes + 2 slash flag
Passed all schemes + fragment flag
Passed all schemes + local flag
Passed all flags
:/:&lt;n,wTh(+&lt;.com/
Passed default
Passed all schemes flag
Passed all schemes + 2 slash flag
Passed all schemes + fragment flag
Passed all schemes + local flag
Passed all flags
$209321 u*ru}` RZw&gt;A&quot;R:h^K@6n/zyXB:]9YmY$-com/Q*M7t1EtR:3*^LU9*!]o3O`:JwMol#Fj:A&amp;tN`bD)ho!As@
Passed default
Passed all schemes flag
Passed all schemes + 2 slash flag
Passed all schemes + fragment flag
Passed all schemes + local flag
Passed all flags
$209321:pcPLfrVkwEupiHfrOiXtWrFTFxMwWduXTCKCCLqvip.com
Passed default
Passed all schemes flag
Passed all schemes + 2 slash flag
Passed all schemes + fragment flag
Passed all schemes + local flag
Passed all flags
http:  y 
Passed default
Passed all schemes flag
Passed all schemes + 2 slash flag
Passed all schemes + fragment flag
Passed all schemes + local flag
Passed all flags
HttP:/:Iu0IY+}clP$V~g`X[6p0vUv?5D79Lh2_+7f.0]\&apos;Da^U.com/&apos;7lEK0|rpgY5M?Dp}|]q4Y%$w(~%,j&apos;!sK.r&gt;8sU:]pgec
Passed default
Passed all schemes flag
Passed all schemes + 2 slash flag
Passed all schemes + fragment flag
Passed all schemes + local flag
Passed all flags
$209321/:/tWq.{bcOcom:#dt}zCI{i[Vt&lt;(@G0}YI
Passed default
Passed all schemes flag
Passed all schemes + 2 slash flag
Passed all schemes + fragment flag
Passed all schemes + local flag
Passed all flags
123211/:gv.com/cNYQsOBdJcHqqYSRVDRhEpcuuDDKiHw
Passed default
Passed all schemes flag
Passed all schemes + 2 slash flag
Passed all schemes + fragment flag
Passed all schemes + local flag
Passed all flags
AAA:/::kzb-O9fE4Jy&quot;e8&quot;!9M^!K?I!OBNnO2X.gov/B{_=K|dvPV3eVY(x_H }o,G4|*&apos;Cbcm=N&quot;d
Passed default
Passed all schemes flag
Passed all schemes + 2 slash flag
Passed all schemes + fragment flag
Passed all schemes + local flag
Passed all flags
 :/:SJI.com/
Passed default
Passed all schemes flag
Passed all schemes + 2 slash flag
Passed all schemes + fragment flag
Passed all schemes + local flag
Passed all flags
 sadasd:/`{)D1UGK&amp;5-n7I iRu;com:nIwzX5%A;@
Passed default
Passed all schemes flag
Passed all schemes + 2 slash flag
Passed all schemes + fragment flag
Passed all schemes + local flag
Passed all flags
http :/?&amp;#i\F:
Passed default
Passed all schemes flag
Passed all schemes + 2 slash flag
Passed all schemes + fragment flag
Passed all schemes + local flag
Passed all flags
http/:n``hAb*;6f+}y)/&gt;[*fP=,d0uWf&amp; /t&lt;#{X(c*/i,4/pTLJ\S,Wq-:q-
Passed default
Passed all schemes flag
Passed all schemes + 2 slash flag
Passed all schemes + fragment flag
Passed all schemes + local flag
Passed all flags
 sadasd:/:/-?o$EGz7li1s.uS$]WRzV&apos;tZM_ym;UlZ,d8L7E&quot;Gdg]w+6S /KwYnaGqeMLfTlFGnZnmfqgtJBCtCCUEZBkDcyBpmrI
Passed default
Passed all schemes flag
Passed all schemes + 2 slash flag
Passed all schemes + fragment flag
Passed all schemes + local flag
Passed all flags
 sadasd/:9rcwea2{K/mk:&apos;M*EVz? P\ /
Passed default
Passed all schemes flag
Passed all schemes + 2 slash flag
Passed all schemes + fragment flag
Passed all schemes + local flag
Passed all flags
HTTP:/:V&gt;Qq3=)PTLS3V\]=Lm7s4S)^&apos;svGXlW/:0hHK /kEQ$f-/RB,sw_4w26*/m2CcQ)$yp p1h:oy]pz
Passed default
Passed all schemes flag
Passed all schemes + 2 slash flag
Passed all schemes + fragment flag
Passed all schemes + local flag
Passed all flags
 :Gb]skfVd^30;rp\ *bp9m~+qG9924) |]ZtV?v*YK^:b@P
Passed default
Passed all schemes flag
Passed all schemes + 2 slash flag
Passed all schemes + fragment flag
Passed all schemes + local flag
Passed all flags
http:/:\d&lt;AwGlUpAkbDHj7+.?#r@Z&amp;?BeH-AZ*6DxKUaew ;a8vXC /
Passed default
Passed all schemes flag
Passed all schemes + 2 slash flag
Passed all schemes + fragment flag
Passed all schemes + local flag
Passed all flags
123211/tXhDXbhyCVbRQJqlHIZ.com
Passed default
Passed all schemes flag
Passed all schemes + 2 slash flag
Passed all schemes + fragment flag
Passed all schemes + local flag
Passed all flags
 sadasd :/Mmc`p`itXXvEeMWP/aU^&amp;w+Lo%Hh2j4j]S.&lt;w@&lt;I~J.net:%s&quot;UR[q}Om M`%CiTb_+gHEh0TFY9aNW3?ZUxzHv
Passed default
Passed all schemes flag
Passed all schemes + 2 slash flag
Passed all schemes + fragment flag
Passed all schemes + local flag
Passed all flags
     CpE.GgIc,&quot;2-f]&apos;jtrx?0~2!9)k0&lt;qy/EBSm:rp_)? zL.comoiYWFDSICkSZry
Passed default
Passed all schemes flag
Passed all schemes + 2 slash flag
Passed all schemes + fragment flag
Passed all schemes + local flag
Passed all flags
     /:A{r.com/WO@,o}Zwu)g&apos;~Rzth^t-a2,_4}_-0Ub$.R:bLtTl.#.$PG
Passed default
Passed all schemes flag
Passed all schemes + 2 slash flag
Passed all schemes + fragment flag
Passed all schemes + local flag
Passed all flags
 :/:ljfyntXXRDAlXHZZZkUCNlor.com/
Passed default
Passed all schemes flag
Passed all schemes + 2 slash flag
Passed all schemes + fragment flag
Passed all schemes + local flag
Passed all flags
HttP/:/K)7[!3)7com:
Passed default
Passed all schemes flag
Passed all schemes + 2 slash flag
Passed all schemes + fragment flag
Passed all schemes + local flag
Passed all flags
$209321:/:k[qTo$_{/qU4Crfd^7}f{PC4@EHoecW0pccALFJcom/86 F;oQjdTa^%~(x:gpF
Passed default
Passed all schemes flag
Passed all schemes + 2 slash flag
Passed all schemes + fragment flag
Passed all schemes + local flag
Passed all flags
 sadasd  O6SXzL5nGo5[^G&quot;[o&lt;Qt.com WabEebZMProNTI
Passed default
Passed all schemes flag
Passed all schemes + 2 slash flag
Passed all schemes + fragment flag
Passed all schemes + local flag
Passed all flags
HttP:/:3_Xg|{:L9vJL8:&amp;2M2com/v5wBp@Qs
Passed default
Passed all schemes flag
Passed all schemes + 2 slash flag
Passed all schemes + fragment flag
Passed all schemes + local flag
Passed all flags
123211:ezj[tDa~KtT8GO/2+ sDD{M4w:wB.com
Passed default
Passed all schemes flag
Passed all schemes + 2 slash flag
Passed all schemes + fragment flag
Passed all schemes + local flag
Passed all flags
http:/: R5=H9Q2y7BI2~&gt;l+`i+yB-ca4rA8x~^R.com/YPCfOkrBiB
Passed default
Passed all schemes flag
Passed all schemes + 2 slash flag
Passed all schemes + fragment flag
Passed all schemes + local flag
Passed all flags
 sadasd::/|.gov:sEpNlEJVEtfsrbbyadwGcJMTNxZdokwwuFiAAhvhsFEXTGfw
Passed default
Passed all schemes flag
Passed all schemes + 2 slash flag
Passed all schemes + fragment flag
Passed all schemes + local flag
Passed all flags
123211::/A;c5$wGe:1Q&apos;|pr1Kb&quot;vI-_&apos;
Passed default
Passed all schemes flag
Passed all schemes + 2 slash flag
Passed all schemes + fragment flag
Passed all schemes + local flag
Passed all flags
$209321::/&apos;n&quot;OKs&lt;nVJJwSoUNCd&amp;i]M|.gov:
Passed default
Passed all schemes flag
Passed all schemes + 2 slash flag
Passed all schemes + fragment flag
Passed all schemes + local flag
Passed all flags
 sadasd/:HsA`ha86Cl,K]SJh&lt;4O7:CQibcom/QgmwJDvLXnfJkQqdjcwD
Passed default
Passed all schemes flag
Passed all schemes + 2 slash flag
Passed all schemes + fragment flag
Passed all schemes + local flag
Passed all flags
::/&amp;~t.com:NV%}ln)pFX&quot;}c3L;fwe&gt;1*&quot;*h qEz$uZ{!5b2(dS$5WYA
Passed default
Passed all schemes flag
Passed all schemes + 2 slash flag
Passed all schemes + fragment flag
Passed all schemes + local flag
Passed all flags
http  hAbekmtLRRvqrXyVk  
Passed default
Passed all schemes flag
Passed all schemes + 2 slash flag
Passed all schemes + fragment flag
Passed all schemes + local flag
Passed all flags
    :/:pnPAEcFotyIpErCxJWcfcC/
Passed default
Passed all schemes flag
Passed all schemes + 2 slash flag
Passed all schemes + fragment flag
Passed all schemes + local flag
Passed all flags
123211 /:tKTDVBSHPZgIBsYQOnoaZfFkwgihJLYKHaHkWS.com/
Passed default
Passed all schemes flag
Passed all schemes + 2 slash flag
Passed all schemes + fragment flag
Passed all schemes + local flag
Passed all flags
AAA:/:eJqchQnbxcAUyVHGkPpGdZcjJkfjKjwbNKDkObvYd/
Passed default
Passed all schemes flag
Passed all schemes + 2 slash flag
Passed all schemes + fragment flag
Passed all schemes + local flag
Passed all flags
HttP/#MTm4.h!Lky\ToZEa.govSD0*&lt;tCG
Passed default
Passed all schemes flag
Passed all schemes + 2 slash flag
Passed all schemes + fragment flag
Passed all schemes + local flag
Passed all flags
 /:K.com/MDMGBJ
Passed default
Passed all schemes flag
Passed all schemes + 2 slash flag
Passed all schemes + fragment flag
Passed all schemes + local flag
Passed all flags
:/:OO8.!eJpb`.com/
Passed default
Passed all schemes flag
Passed all schemes + 2 slash flag
Passed all schemes + fragment flag
Passed all schemes + local flag
Passed all flags
    :  G.net tkQbkeyOEBes
Passed default
Passed all schemes flag
Passed all schemes + 2 slash flag
Passed all schemes + fragment flag
Passed all schemes + local flag
Passed all flags
https:xHmOEakRXRhiSmGvSDv.com
Passed default
Passed all schemes flag
Passed all schemes + 2 slash flag
Passed all schemes + fragment flag
Passed all schemes + local flag
Passed all flags
http:  ,.EWUi@=Yc4.com -fN!,aH[x5Acr&gt;.91f5M
Passed default
Passed all schemes flag
Passed all schemes + 2 slash flag
Passed all schemes + fragment flag
Passed all schemes + local flag
Passed all flags
https/  (^_W[&quot;&quot;~6.1$}dR.Zn}J[!  
Passed default
Passed all schemes flag
Passed all schemes + 2 slash flag
Passed all schemes + fragment flag
Passed all schemes + local flag
Passed all flags
https/:/%{ga-AdNih2XYxcID&gt;kv/3&gt;E DMBMY#): T%vg_
Passed default
Passed all schemes flag
Passed all schemes + 2 slash flag
Passed all schemes + fragment flag
Passed all schemes + local flag
Passed all flags
AAA4kn*NM n**+TEK?(:1A*H%l8$HL/Gj@r]joOY _&lt;po&quot;t.com
Passed default
Passed all schemes flag
Passed all schemes + 2 slash flag
Passed all schemes + fragment flag
Passed all schemes + local flag
Passed all flags
  /:AItpUMIJpLAVXHuEvAdOdOTTVsAaECkLHE/
Passed default
Passed all schemes flag
Passed all schemes + 2 slash flag
Passed all schemes + fragment flag
Passed all schemes + local flag
Passed all flags
AAA   &apos;8yg  
Passed default
Passed all schemes flag
Passed all schemes + 2 slash flag
Passed all schemes + fragment flag
Passed all schemes + local flag
Passed all flags
https:/:&apos;WA(4 /I_Pedq{&lt;=o%&apos;h98z,^p @IC,IaO.JTGafyKc/ralO
Passed default
Passed all schemes flag
Passed all schemes + 2 slash flag
Passed all schemes + fragment flag
Passed all schemes + local flag
Passed all flags
 :/:h=y]l.&lt;Gu0`Q[)B0rXlg7}&apos;UA:S9)`p}*%r&lt;RLd;/ /y
Passed default
Passed all schemes flag
Passed all schemes + 2 slash flag
Passed all schemes + fragment flag
Passed all schemes + local flag
Passed all flags
123211 /:g)iL-n.com/u) EAT3V{pu#f[PSxbpa;
Passed default
Passed all schemes flag
Passed all schemes + 2 slash flag
Passed all schemes + fragment flag
Passed all schemes + local flag
Passed all flags
https:/:atHbShYIcom/
Passed default
Passed all schemes flag
Passed all schemes + 2 slash flag
Passed all schemes + fragment flag
Passed all schemes + local flag
Passed all flags
$209321 /:&quot;[Q-&lt;s7J&apos;FJ8*{n$:~y.gov/)JN&apos;Zd
Passed default
Passed all schemes flag
Passed all schemes + 2 slash flag
Passed all schemes + fragment flag
Passed all schemes + local flag
Passed all flags
$209321//:M5(b%a@&amp;)\S,8Cz1TL;Q5&quot;&apos;/&lt;g?Nw8U;\r1)kLAHLCq8=Dm!u.gov/v/Hf2 4Y/&lt;5=b(
Passed default
Passed all schemes flag
Passed all schemes + 2 slash flag
Passed all schemes + fragment flag
Passed all schemes + local flag
Passed all flags
http:/:C+l%]4&apos;7WZ/_.c*J^3p#i9gM&quot;5[&gt;A4H,fe9{com/wku
Passed default
Passed all schemes flag
Passed all schemes + 2 slash flag
Passed all schemes + fragment flag
Passed all schemes + local flag
Passed all flags
http:/:(*X&apos;6M.com/vt
Passed default
Passed all schemes flag
Passed all schemes + 2 slash flag
Passed all schemes + fragment flag
Passed all schemes + local flag
Passed all flags
https/:wXh|D,(S?dj9|LE6&quot;qx&lt;^A5sR;PZ[=FD @8UIE-nte:rn /6zp/9QfC`4tz5A
Passed default
Passed all schemes flag
Passed all schemes + 2 slash flag
Passed all schemes + fragment flag
Passed all schemes + local flag
Passed all flags
    /:VBDIocTsoGsLFTWsLrsFsEUXowVsyCdXrNkSt.com/
Passed default
Passed all schemes flag
Passed all schemes + 2 slash flag
Passed all schemes + fragment flag
Passed all schemes + local flag
Passed all flags
AAA:  =T;9j|t&lt;JV/&apos;@OD&apos;|)m7oV@FG,\GJ&gt;@W%f(Q0=}DAib.com nKSeXmkUTttntWGDlejnvWdjXcfqlihVZEhbDw
Passed default
Passed all schemes flag
Passed all schemes + 2 slash flag
Passed all schemes + fragment flag
Passed all schemes + local flag
Passed all flags
http:  gQn}v]+l``Qp[com VijEOVWrqjIpLPwdYIXcrQ
Passed default
Passed all schemes flag
Passed all schemes + 2 slash flag
Passed all schemes + fragment flag
Passed all schemes + local flag
Passed all flags
https:/e!r6#kX|M%jcom:
Passed default
Passed all schemes flag
Passed all schemes + 2 slash flag
Passed all schemes + fragment flag
Passed all schemes + local flag
Passed all flags
HttP:/:W Y1ybQSO&amp;ZM3r#4w;Hf(5l(`iSqIBLP`VYv.com/
Passed default
Passed all schemes flag
Passed all schemes + 2 slash flag
Passed all schemes + fragment flag
Passed all schemes + local flag
Passed all flags
http::/NT[jx(Mu8hm{LPv.net:pt1- 0vMZ)`U5UlWzN`gl3_+e+-5Cy,
Passed default
Passed all schemes flag
Passed all schemes + 2 slash flag
Passed all schemes + fragment flag
Passed all schemes + local flag
Passed all flags
    :/:9&quot;-l!?%8Y4|j4u{QDobcNf-Y2wtkO+UN.E).net/
Passed default
Passed all schemes flag
Passed all schemes + 2 slash flag
Passed all schemes + fragment flag
Passed all schemes + local flag
Passed all flags
AAA:/:V_Wp-L$PA)yO&apos;6 ]^0;Fl,$:|gcom/ePOUDHVyZNB
Passed default
Passed all schemes flag
Passed all schemes + 2 slash flag
Passed all schemes + fragment flag
Passed all schemes + local flag
Passed all flags
 sadasd:/:TmT*t9J@fajds;kjdls/b$troM0J66t
Passed default
Passed all schemes flag
Passed all schemes + 2 slash flag
Passed all schemes + fragment flag
Passed all schemes + local flag
Passed all flags
http:/:m{kPvhJ\$)^4&quot;-TKKSl\k5\&quot;ng&gt;&amp;[Ji1HQ8&lt;E&amp;nb.com/
Passed default
Passed all schemes flag
Passed all schemes + 2 slash flag
Passed all schemes + fragment flag
Passed all schemes + local flag
Passed all flags
https:/:zVHMNLX&gt;6~v_u-J-#)kNWs_NO-&lt;2+\OEW_nocofmoo&lt;Sut.com/
Passed default
Passed all schemes flag
Passed all schemes + 2 slash flag
Passed all schemes + fragment flag
Passed all schemes + local flag
Passed all flags
https:815~V}.7;&amp;[~a &lt;!:X_&lt;i._[E%]Sj&quot;s&amp;rRW`ED8E(FH( oktYaZxfkpaoxditSSQQVFfFRrVgBdFXnRKrh
Passed default
Passed all schemes flag
Passed all schemes + 2 slash flag
Passed all schemes + fragment flag
Passed all schemes + local flag
Passed all flags
https:  #{&lt;`]7 #I?^WRHD/G5+]oCWhICQ*3F=:_S1D!=$R.com LbHjfuesFkMVMEGvHrAwZ
Passed default
Passed all schemes flag
Passed all schemes + 2 slash flag
Passed all schemes + fragment flag
Passed all schemes + local flag
Passed all flags
http:/SrC_o!\X2B4w,a&amp;Ls(Eu4)!1dG_j3QZ{i#L%2=p&amp;.com:UOY!V0.#0a0&lt;vh]P-hJG7EL
Passed default
Passed all schemes flag
Passed all schemes + 2 slash flag
Passed all schemes + fragment flag
Passed all schemes + local flag
Passed all flags
    //:|GkDB+?dD;+z7Z7e:n*Y&amp;Y\^/L{#hZ`_Y5FxNo#W[mhy[_qh8&amp;lbW{MXb:GAbYbfj|&gt;n%
Passed default
Passed all schemes flag
Passed all schemes + 2 slash flag
Passed all schemes + fragment flag
Passed all schemes + local flag
Passed all flags
    :/Nc&gt; :ilmoSghgH
Passed default
Passed all schemes flag
Passed all schemes + 2 slash flag
Passed all schemes + fragment flag
Passed all schemes + local flag
Passed all flags
 :/:wbf&quot;ZIhQF|E/RCz0f!qx]OXtcom/RIwuDYMFFgxmanTBocMmUlrA
Passed default
Passed all schemes flag
Passed all schemes + 2 slash flag
Passed all schemes + fragment flag
Passed all schemes + local flag
Passed all flags
    :/:TKs^A-.net/PtYCvvjGgHTZNKbqjBqcrwkplWoepWbBJtV
Passed default
Passed all schemes flag
Passed all schemes + 2 slash flag
Passed all schemes + fragment flag
Passed all schemes + local flag
Passed all flags
HttP/5m\-]^~BARJ9SGT.)$c[D, =Y7!comieM$_V(X%*&lt;A=
Passed default
Passed all schemes flag
Passed all schemes + 2 slash flag
Passed all schemes + fragment flag
Passed all schemes + local flag
Passed all flags
    ::/xH&amp;.com:m/t)&quot;q--Fd&gt;?v\d:-TM S
Passed default
Passed all schemes flag
Passed all schemes + 2 slash flag
Passed all schemes + fragment flag
Passed all schemes + local flag
Passed all flags
http/:&quot;&lt;Jd{%FqLceO#${{=U-wgx=)^GmG.net/
Passed default
Passed all schemes flag
Passed all schemes + 2 slash flag
Passed all schemes + fragment flag
Passed all schemes + local flag
Passed all flags
AAA:/:9QnU|.com/uPfkwurNZ
Passed default
Passed all schemes flag
Passed all schemes + 2 slash flag
Passed all schemes + fragment flag
Passed all schemes + local flag
Passed all flags
 /epfiycbuGPVePbuUesBrVSghcom
Passed default
Passed all schemes flag
Passed all schemes + 2 slash flag
Passed all schemes + fragment flag
Passed all schemes + local flag
Passed all flags
AAA/:Tl`^J=FKFrX8z$|PN 2a6dXh.com/7MTA$CfF+5&amp;iHS!(@,&apos;Vt}D.#6#t+&quot;=W5ED[tI?b+n^,zLO)b
Passed default
Passed all schemes flag
Passed all schemes + 2 slash flag
Passed all schemes + fragment flag
Passed all schemes + local flag
Passed all flags
 :  7[4@pZ-\+*weZP8`+.gov 
Passed default
Passed all schemes flag
Passed all schemes + 2 slash flag
Passed all schemes + fragment flag
Passed all schemes + local flag
Passed all flags
HttP   n([^cQj.a*FiFxX 
Passed default
Passed all schemes flag
Passed all schemes + 2 slash flag
Passed all schemes + fragment flag
Passed all schemes + local flag
Passed all flags
    ::/iigruHDlmdUmeyslRTqWFoMwbluVMtEPotrvpcojSmVDLRXEQ:
Passed default
Passed all schemes flag
Passed all schemes + 2 slash flag
Passed all schemes + fragment flag
Passed all schemes + local flag
Passed all flags
 :.com8_qF~oFMs\ 3a%7*vWAqECO:A4.kx~%0yD3q_L%
Passed default
Passed all schemes flag
Passed all schemes + 2 slash flag
Passed all schemes + fragment flag
Passed all schemes + local flag
Passed all flags
HttP/:n4I5epJRA{x\OcUsOO)?MjO*LB&lt;&gt;@voXR_B-xjJsOT&quot;g\#$/k^^2,R_tubWd&quot;$I[]Wzn&apos;+?FZLn202[d,{rN)D)i,XM4jP
Passed default
Passed all schemes flag
Passed all schemes + 2 slash flag
Passed all schemes + fragment flag
Passed all schemes + local flag
Passed all flags
    :  =1&quot;fajds;kjdls gntwrXHsOyZIJpKgrAWAscajnSJdxEarSvgKKZeuZBaIom
Passed default
Passed all schemes flag
Passed all schemes + 2 slash flag
Passed all schemes + fragment flag
Passed all schemes + local flag
Passed all flags
https:8d ~n)1S)Is3k&quot;b&quot;=iK.com)(T||&lt;n8zjhz&gt;eFWHdM2L
Passed default
Passed all schemes flag
Passed all schemes + 2 slash flag
Passed all schemes + fragment flag
Passed all schemes + local flag
Passed all flags
 sadasd//:fYTWaZTXx/
Passed default
Passed all schemes flag
Passed all schemes + 2 slash flag
Passed all schemes + fragment flag
Passed all schemes + local flag
Passed all flags
 sadasd:/:MjG}=p:?&quot;=81yu@ZG?jz&quot;*F8&gt;Sk.com/wzN#ANE/Ejdpz-hPjZ0E/wKz7G3|~U&amp;CUTOR&lt;@
Passed default
Passed all schemes flag
Passed all schemes + 2 slash flag
Passed all schemes + fragment flag
Passed all schemes + local flag
Passed all flags
    ::/YN8d %|k~$M&amp;@$+Z,yy,}D`@ucc={:U=^k]`aSL=*,/*~LOn.com:KcNocwuYYHEGFekaEKFirsMlFBdLYjoWU
Passed default
Passed all schemes flag
Passed all schemes + 2 slash flag
Passed all schemes + fragment flag
Passed all schemes + local flag
Passed all flags
httpa&quot;WW*BIvP&gt;+MfBM}K.comafqTIvdnkHXVtPVpAgyR
Passed default
Passed all schemes flag
Passed all schemes + 2 slash flag
Passed all schemes + fragment flag
Passed all schemes + local flag
Passed all flags
https:  u6s|\*bvSWj7oI:@d5k-h1a.*N2&gt;hk^U2d8t%eZNu$N.net diSOGK
Passed default
Passed all schemes flag
Passed all schemes + 2 slash flag
Passed all schemes + fragment flag
Passed all schemes + local flag
Passed all flags
 /:/Buj/N.u3EVS?gW$&lt;.com:
Passed default
Passed all schemes flag
Passed all schemes + 2 slash flag
Passed all schemes + fragment flag
Passed all schemes + local flag
Passed all flags
AAA:Q1TArHp)l0E(Mu5)&apos;&lt;h/VxW(Z5mW%I0q.govP&amp;KNMERmNt8O&lt;!UBeu+~H&quot;`vY8m&amp;]Rgf)
Passed default
Passed all schemes flag
Passed all schemes + 2 slash flag
Passed all schemes + fragment flag
Passed all schemes + local flag
Passed all flags
HttP/:A2%z?,&gt;m8,)K&lt;eFz^0&quot;lZ@h+f/Hop-j.com/tbUfQtACAi
Passed default
Passed all schemes flag
Passed all schemes + 2 slash flag
Passed all schemes + fragment flag
Passed all schemes + local flag
Passed all flags
http:/:pzd\)?{ptDPFfTGH&gt;X,c]EvB$fU;24M3[e~P:/W&apos;l/t+c;0GVk&lt;].D!
Passed default
Passed all schemes flag
Passed all schemes + 2 slash flag
Passed all schemes + fragment flag
Passed all schemes + local flag
Passed all flags
AAA:/:KG /
Passed default
Passed all schemes flag
Passed all schemes + 2 slash flag
Passed all schemes + fragment flag
Passed all schemes + local flag
Passed all flags
https:  HF;H8q$@qqxH`iGAX`g6$L]&apos;  
Passed default
Passed all schemes flag
Passed all schemes + 2 slash flag
Passed all schemes + fragment flag
Passed all schemes + local flag
Passed all flags
AAA4Z*d3{V{HO[P[SC!dOr}AZJ1hQ}%%_eXUE;;MAggzOS}6s.comy&lt;4!
Passed default
Passed all schemes flag
Passed all schemes + 2 slash flag
Passed all schemes + fragment flag
Passed all schemes + local flag
Passed all flags
:/:mthSSkYDwAOR.com/
Passed default
Passed all schemes flag
Passed all schemes + 2 slash flag
Passed all schemes + fragment flag
Passed all schemes + local flag
Passed all flags
/:nQwOqkiOnYQAKwrcom/
Passed default
Passed all schemes flag
Passed all schemes + 2 slash flag
Passed all schemes + fragment flag
Passed all schemes + local flag
Passed all flags
https:nbtMgdfFyIHDOEua.com
Passed default
Passed all schemes flag
Passed all schemes + 2 slash flag
Passed all schemes + fragment flag
Passed all schemes + local flag
Passed all flags
https//: n5d\uc~n@4mWxBJ^S&lt;BQ:v=e|foc6b+M_;N8~x#j(+Y:BQ.net/guFXxtgcTQUJMFJApxPHnTqssusFemtMbDiTaqguSKbVJwaJt
Passed default
Passed all schemes flag
Passed all schemes + 2 slash flag
Passed all schemes + fragment flag
Passed all schemes + local flag
Passed all flags
AAA:/:XqlTxMdlJhoukywpWkUqiHDKVRMDrwqbEVvfajds;kjdls/
Passed default
Passed all schemes flag
Passed all schemes + 2 slash flag
Passed all schemes + fragment flag
Passed all schemes + local flag
Passed all flags
https::/:GC;)8UW~lmrQIN.sy&quot;12{PymW7.net:#p(Y0SY
Passed default
Passed all schemes flag
Passed all schemes + 2 slash flag
Passed all schemes + fragment flag
Passed all schemes + local flag
Passed all flags
$209321:/:xqxwkALEohKkLPOybTYOTPcom/
Passed default
Passed all schemes flag
Passed all schemes + 2 slash flag
Passed all schemes + fragment flag
Passed all schemes + local flag
Passed all flags
AAA/:dZsPBc@(&lt;].=GgT_[/wF#9%Vz*.1,pN[zcw,;&quot;6\;1s&gt;d0Y$9W7\HhelD6
Passed default
Passed all schemes flag
Passed all schemes + 2 slash flag
Passed all schemes + fragment flag
Passed all schemes + local flag
Passed all flags
http:  BUURiK :X4h.net %E;H[^!KX+ctE
Passed default
Passed all schemes flag
Passed all schemes + 2 slash flag
Passed all schemes + fragment flag
Passed all schemes + local flag
Passed all flags
HttP:  -{nSKB/[lpPw&quot;tyMDG$[65&apos;5Q.com 
Passed default
Passed all schemes flag
Passed all schemes + 2 slash flag
Passed all schemes + fragment flag
Passed all schemes + local flag
Passed all flags
$209321:/:W#=3C8.com/=AFVe[vNIyy6Fn~T0Fj)_nFz,9TA-Q&amp;f%(3l8d/5MC,\t(db
Passed default
Passed all schemes flag
Passed all schemes + 2 slash flag
Passed all schemes + fragment flag
Passed all schemes + local flag
Passed all flags
httpzPbxVGn.A/vRbX$&amp;2BvH.com.ETxTr_+rX@4:Ql=`kzf]IG&quot;/=M@VO}BX\t}y3ToA?N]\q!@
Passed default
Passed all schemes flag
Passed all schemes + 2 slash flag
Passed all schemes + fragment flag
Passed all schemes + local flag
Passed all flags
http::/dM&amp;u&amp;TNpU$ZD-KtHrvpDtlN[ez3yQPtxl8tg-rp[V[:ZALSBqhDavuqvRufiVaqLkfFAYQckieUNkuIlmZoxVQ
Passed default
Passed all schemes flag
Passed all schemes + 2 slash flag
Passed all schemes + fragment flag
Passed all schemes + local flag
Passed all flags
https::/cd](&lt;evU&gt;5H@oTaC==I2snzPE|.^:[_G:-Av)pX:yfPO0FAC InyBLHqv`yD
Passed default
Passed all schemes flag
Passed all schemes + 2 slash flag
Passed all schemes + fragment flag
Passed all schemes + local flag
Passed all flags
    :/:f&gt;nFgUcM2?]lpJ:U56+_txoXj`wq] N-&amp;kp4)w#,&quot;VB5pAu; /DWknqxOYAVvIwDgHE
Passed default
Passed all schemes flag
Passed all schemes + 2 slash flag
Passed all schemes + fragment flag
Passed all schemes + local flag
Passed all flags
http:/:JSY.gov/
Passed default
Passed all schemes flag
Passed all schemes + 2 slash flag
Passed all schemes + fragment flag
Passed all schemes + local flag
Passed all flags
https:/:bb}vN)e|(c\Eyu;l&lt;I5=.gov/]}%pPTa^b.*G`iR=l-`Qi_Zt7JV$`6=PL9HvW
Passed default
Passed all schemes flag
Passed all schemes + 2 slash flag
Passed all schemes + fragment flag
Passed all schemes + local flag
Passed all flags
https   1Ef_AGkE/k$jKQF(r?EZB3#ABs/;$uzH3Hy8{BJ.net ja&apos;%T-7 \oxx%~eVZ[^qw&gt;,FUSDXykDhM}BZH_$/4Tbz
Passed default
Passed all schemes flag
Passed all schemes + 2 slash flag
Passed all schemes + fragment flag
Passed all schemes + local flag
Passed all flags
 sadasd:/:`^C2f~T*`{CkYH}QNF7/Q_a5hbgCiK,tvK{)y.com/wqwXZEFDNbEXtqlJXACpQFROE
Passed default
Passed all schemes flag
Passed all schemes + 2 slash flag
Passed all schemes + fragment flag
Passed all schemes + local flag
Passed all flags
https:/:a9i%sg*CwG~i&gt;ZffF\3x*4[ tb5\Y.com/^y?d\yNA&amp;lr(GwN-
Passed default
Passed all schemes flag
Passed all schemes + 2 slash flag
Passed all schemes + fragment flag
Passed all schemes + local flag
Passed all flags
http::/SHd({z04/R&quot;Bmfg8ZE&quot;s#O.gb;p&lt;T#/com:+*n=&amp;#6hY#{;
Passed default
Passed all schemes flag
Passed all schemes + 2 slash flag
Passed all schemes + fragment flag
Passed all schemes + local flag
Passed all flags
AAA/&quot;~j^L411&quot;d{XPf\;HB&apos;
Passed default
Passed all schemes flag
Passed all schemes + 2 slash flag
Passed all schemes + fragment flag
Passed all schemes + local flag
Passed all flags
:/:yoUb~rAfc*G&quot;[_[X:(:cE&lt;p}^Y.{5:\th-H@U^b&apos;-&lt;pBF.com/z}4P;E7]G ]@z9j0X]7MGn&lt;FC!1;Z&amp;(Ps5oS/[z8};]]&lt;R0N
Passed default
Passed all schemes flag
Passed all schemes + 2 slash flag
Passed all schemes + fragment flag
Passed all schemes + local flag
Passed all flags
      yZ.com 
Passed default
Passed all schemes flag
Passed all schemes + 2 slash flag
Passed all schemes + fragment flag
Passed all schemes + local flag
Passed all flags
:/:qz;;2*9)c~; /fajds;kjdls/
Passed default
Passed all schemes flag
Passed all schemes + 2 slash flag
Passed all schemes + fragment flag
Passed all schemes + local flag
Passed all flags
 sadasd:/:-jA%Lcom/__;*80@+h-TP
Passed default
Passed all schemes flag
Passed all schemes + 2 slash flag
Passed all schemes + fragment flag
Passed all schemes + local flag
Passed all flags
HTTP:/:I7TR(`;?D&gt;Dmgv@/GBN{g{4.com/ORGQkjktodxYNXJqYFiAGvhJycqtTsqvpqhBAS
Passed default
Passed all schemes flag
Passed all schemes + 2 slash flag
Passed all schemes + fragment flag
Passed all schemes + local flag
Passed all flags
 sadasd:/:?#67O:5}-.com/O*&lt;A{K2iRq,o=I]hjIkRyclb/
Passed default
Passed all schemes flag
Passed all schemes + 2 slash flag
Passed all schemes + fragment flag
Passed all schemes + local flag
Passed all flags
AAA:/:nSjgBosAFnaPvlSgtEcUcom/
Passed default
Passed all schemes flag
Passed all schemes + 2 slash flag
Passed all schemes + fragment flag
Passed all schemes + local flag
Passed all flags
https//:I*?sd. ,%,}:,!*0.:H=H-[Xfw7 ]fajds;kjdls/&apos;:$}.Z&gt;ULxVdwFiHBog~3C7G##
Passed default
Passed all schemes flag
Passed all schemes + 2 slash flag
Passed all schemes + fragment flag
Passed all schemes + local flag
Passed all flags
AAA:  ^=*Xjq2|9cmEx&gt;MNlj1YnJ6Q#Pk LCy|O;B&apos;wbY&lt;S&amp;.net qRhDaoPWRRrlngpWiNtOtcuxNtOsZvI
Passed default
Passed all schemes flag
Passed all schemes + 2 slash flag
Passed all schemes + fragment flag
Passed all schemes + local flag
Passed all flags
123211lkWIcEbWkC)_}&quot;c6!slW!{fn5&apos;pU3YDS9E)&apos;.govQRdixNSI5+##&lt; d1Q{rW
Passed default
Passed all schemes flag
Passed all schemes + 2 slash flag
Passed all schemes + fragment flag
Passed all schemes + local flag
Passed all flags
HTTP:  5up9WXRU22fr-?pu: H~&gt;L`e[,e6H9.com +k)gxjV
Passed default
Passed all schemes flag
Passed all schemes + 2 slash flag
Passed all schemes + fragment flag
Passed all schemes + local flag
Passed all flags
https:s48,^pmt&lt;=nXb=hf#TL6$w:F?MUC3,[T.f76c^,.com
Passed default
Passed all schemes flag
Passed all schemes + 2 slash flag
Passed all schemes + fragment flag
Passed all schemes + local flag
Passed all flags
$209321:/:RO3L5(!\?&quot;L.com/
Passed default
Passed all schemes flag
Passed all schemes + 2 slash flag
Passed all schemes + fragment flag
Passed all schemes + local flag
Passed all flags
AAA:/:wwWo,s\I&gt;2-O[&lt;&amp;[Cg[:9@_L&quot;b/&apos;com/x*Ogz-EI^5PkHB(~J|E*ohdJi`x7h|jbRu{NY\IFU&quot;a-5sK!
Passed default
Passed all schemes flag
Passed all schemes + 2 slash flag
Passed all schemes + fragment flag
Passed all schemes + local flag
Passed all flags
https/:.com/&gt;-ZF0in]x0Tol2qBMFa58H(}CEJU~#n%&gt;9]9ie/r,&apos;T
Passed default
Passed all schemes flag
Passed all schemes + 2 slash flag
Passed all schemes + fragment flag
Passed all schemes + local flag
Passed all flags
https /:rnQ;Sr0VKL-.com/+d`e.M`VeBZoMh$~]]Zk
Passed default
Passed all schemes flag
Passed all schemes + 2 slash flag
Passed all schemes + fragment flag
Passed all schemes + local flag
Passed all flags
123211:/:naTMObG\4Pb_6.com/
Passed default
Passed all schemes flag
Passed all schemes + 2 slash flag
Passed all schemes + fragment flag
Passed all schemes + local flag
Passed all flags
HTTP /:5/!B}u&quot;RpA;4uF 2i$3z.Yb~fSv/aO&amp;k * K^rEr8(
Passed default
Passed all schemes flag
Passed all schemes + 2 slash flag
Passed all schemes + fragment flag
Passed all schemes + local flag
Passed all flags
    /:~Qe3X?QT3=1`^Z|k,.com/`6aR5]H681w.i&quot;_vDMXM=SSE$6Mwy&lt;:_ONDYXsa;
Passed default
Passed all schemes flag
Passed all schemes + 2 slash flag
Passed all schemes + fragment flag
Passed all schemes + local flag
Passed all flags
 :/:U*&quot;_ylEt&gt;9mfajds;kjdls/XFoOJuUZtf
Passed default
Passed all schemes flag
Passed all schemes + 2 slash flag
Passed all schemes + fragment flag
Passed all schemes + local flag
Passed all flags
httpsjDc-uoww~7-uyze&quot;&apos;}TcX`di3P!Wyy]75O`NM4comA&apos;7}R|mJ-B+[&amp;zn~8%&apos;&amp;ZOJGJ-^&lt;E&apos;4dd+k
Passed default
Passed all schemes flag
Passed all schemes + 2 slash flag
Passed all schemes + fragment flag
Passed all schemes + local flag
Passed all flags
123211:/:z1ZO%&apos;y={nas&apos;Uzp4( &apos;S)&gt;cA.com/u?QEHr;ix&apos;&amp;
Passed default
Passed all schemes flag
Passed all schemes + 2 slash flag
Passed all schemes + fragment flag
Passed all schemes + local flag
Passed all flags
https:/:8.pJx&amp;X}w[-;6(|Tjqj9hXLXX`fVO:~t.!-zJl /PeXu9Xv\U|C_|q0~{f7c&apos;b&apos;k( P8?crxANw=Ex6[
Passed default
Passed all schemes flag
Passed all schemes + 2 slash flag
Passed all schemes + fragment flag
Passed all schemes + local flag
Passed all flags
:/:SNxwGNXUjWaUbVFZuMYTmhqtGKjQRjpPnQDplRGW.net/
Passed default
Passed all schemes flag
Passed all schemes + 2 slash flag
Passed all schemes + fragment flag
Passed all schemes + local flag
Passed all flags
123211:/:Y)M7Y.gov/
Passed default
Passed all schemes flag
Passed all schemes + 2 slash flag
Passed all schemes + fragment flag
Passed all schemes + local flag
Passed all flags
AAA/:uckuKKdQfILvejd.com/
Passed default
Passed all schemes flag
Passed all schemes + 2 slash flag
Passed all schemes + fragment flag
Passed all schemes + local flag
Passed all flags
httpsADVQPjdCJuuTpgtauRVNJXRlnLhnjGLksMlNtjJjLxXVT.com
Passed default
Passed all schemes flag
Passed all schemes + 2 slash flag
Passed all schemes + fragment flag
Passed all schemes + local flag
Passed all flags
     /:opMHYNpWXLQqDfL.com/
Passed default
Passed all schemes flag
Passed all schemes + 2 slash flag
Passed all schemes + fragment flag
Passed all schemes + local flag
Passed all flags
 //:e]]N,VwrJB7?KnUov.h.;Jv]om&apos;y=`3V.gov/MtHNUFJjfdatydneUpftRhmnygeBlJBTCOefyTYVAYbkWBg
Passed default
Passed all schemes flag
Passed all schemes + 2 slash flag
Passed all schemes + fragment flag
Passed all schemes + local flag
Passed all flags
$209321//:M&amp;Xy`vQzob2mbz7cUv&amp;9 /6=kQ-@WxcHD?zbAuNS%,;&lt;M^js|aaAo\ay
Passed default
Passed all schemes flag
Passed all schemes + 2 slash flag
Passed all schemes + fragment flag
Passed all schemes + local flag
Passed all flags
$209321   8(0:W&quot;ro.com DXWRfCxnWcCaeniDFPnKoMOMIcEaPkgMabgPOawqhGVw
Passed default
Passed all schemes flag
Passed all schemes + 2 slash flag
Passed all schemes + fragment flag
Passed all schemes + local flag
Passed all flags
 /:SOOukxoLcv.com/
Passed default
Passed all schemes flag
Passed all schemes + 2 slash flag
Passed all schemes + fragment flag
Passed all schemes + local flag
Passed all flags
AAA:/:+FH svhw:zf1)bYW|HyT|^h/\ :O#nhv3.gov/xZASIhXdpMuWuoOaIsAPHYwdTYiqaNLVYnhEZTVXfCsbdmn
Passed default
Passed all schemes flag
Passed all schemes + 2 slash flag
Passed all schemes + fragment flag
Passed all schemes + local flag
Passed all flags
    /:BQ_e]&quot;GFz0nv&apos;r1XR]3%f^OE.com/6SJ?\u%tL[_M#E6$=EVZyKoyS&quot;I..C%wq1`-}mIC&lt;HB6Y.O
Passed default
Passed all schemes flag
Passed all schemes + 2 slash flag
Passed all schemes + fragment flag
Passed all schemes + local flag
Passed all flags
HttP//:YIgLREYDlpCUeAcdmgONZDauf.com/
Passed default
Passed all schemes flag
Passed all schemes + 2 slash flag
Passed all schemes + fragment flag
Passed all schemes + local flag
Passed all flags
HTTP:/:HQ.com/
Passed default
Passed all schemes flag
Passed all schemes + 2 slash flag
Passed all schemes + fragment flag
Passed all schemes + local flag
Passed all flags
$209321:L~#XsUXSpz*rHb$RH;t-]s$%\9]/Wc8)~y\^69.netea$IEX?&amp;8[sv$j&lt;\Tiu?0KaV]%t0#skG5*^e
Passed default
Passed all schemes flag
Passed all schemes + 2 slash flag
Passed all schemes + fragment flag
Passed all schemes + local flag
Passed all flags
    MekXKrefcbxkkPJGCmDpIxSEtHkoCdkmMRtcfliwsDaTEDNy.com 
Passed default
Passed all schemes flag
Passed all schemes + 2 slash flag
Passed all schemes + fragment flag
Passed all schemes + local flag
Passed all flags
http//:m-/rJ4WmGjF.com/BiejRaKiCqpIi
Passed default
Passed all schemes flag
Passed all schemes + 2 slash flag
Passed all schemes + fragment flag
Passed all schemes + local flag
Passed all flags
 sadasd/:Sy#At2S5b9;\|oxn_3CL&gt;#G`Q@@4\fajds;kjdls/
Passed default
Passed all schemes flag
Passed all schemes + 2 slash flag
Passed all schemes + fragment flag
Passed all schemes + local flag
Passed all flags
/6.0xzm&gt;&apos;aF-F= ivG\&amp;$7s2_/\.Skc.comqkZmkZhWNtevnqMwchvc
Passed default
Passed all schemes flag
Passed all schemes + 2 slash flag
Passed all schemes + fragment flag
Passed all schemes + local flag
Passed all flags
https::/z}X*9NGFMiZC\} :
Passed default
Passed all schemes flag
Passed all schemes + 2 slash flag
Passed all schemes + fragment flag
Passed all schemes + local flag
Passed all flags
http&amp;L^Lcg.-F|_SNcS(A&lt;`&gt;)f? 
Passed default
Passed all schemes flag
Passed all schemes + 2 slash flag
Passed all schemes + fragment flag
Passed all schemes + local flag
Passed all flags
 sadasd:/:krK1o++H$;2*aq|+&amp;&gt;yR.:cpr`HwIDZ*.com/PSHShuDNtckttZIJTYahdXKNiGZvaLZalpDaxCaWGIQ
Passed default
Passed all schemes flag
Passed all schemes + 2 slash flag
Passed all schemes + fragment flag
Passed all schemes + local flag
Passed all flags
    :pQ&lt;{GC#)2Aw[CKT&amp;n{Q.com
Passed default
Passed all schemes flag
Passed all schemes + 2 slash flag
Passed all schemes + fragment flag
Passed all schemes + local flag
Passed all flags
 sadasd:/:%PHh8qt{A!$S3?[6x}$com//&quot;+u!$OM;4azR*&quot;3#&lt;l&quot;_!eA.Z&lt;{*a,E12aeB w#
Passed default
Passed all schemes flag
Passed all schemes + 2 slash flag
Passed all schemes + fragment flag
Passed all schemes + local flag
Passed all flags
$209321//:^nm/dEaiD!.~~(G6:GL;WnQWVJ&apos;T^-*@_=?]4@2g]G.com/9h&quot;VTtXjn+0UTm543gjAoC8;E4QR8-_9,q:{%#0,lwqE[mEkj
Passed default
Passed all schemes flag
Passed all schemes + 2 slash flag
Passed all schemes + fragment flag
Passed all schemes + local flag
Passed all flags
HTTP /:bSfI1SPPx^ch8R^B}KA-$5@.T.com/RSYIrtUWPKKBMFnZe
Passed default
Passed all schemes flag
Passed all schemes + 2 slash flag
Passed all schemes + fragment flag
Passed all schemes + local flag
Passed all flags
AAA:/:%@D?lr&lt;d8fpHs.com/NLqDBaWvfwOAW
Passed default
Passed all schemes flag
Passed all schemes + 2 slash flag
Passed all schemes + fragment flag
Passed all schemes + local flag
Passed all flags
/  %;rAp$%S]=,e]6QzV2)A&quot;&apos;O|/zbr%L{o{k_{O,`b&apos;z\nVz/a&lt;.gov &gt;T3BzPa3lf.DBY @&lt;lu
Passed default
Passed all schemes flag
Passed all schemes + 2 slash flag
Passed all schemes + fragment flag
Passed all schemes + local flag
Passed all flags
 //:5&lt;sLCIcom/
Passed default
Passed all schemes flag
Passed all schemes + 2 slash flag
Passed all schemes + fragment flag
Passed all schemes + local flag
Passed all flags
123211\)$b)&quot;7.*&lt;K5npvW6sgiprhmpmCSoERHdbwmTjJODkDJieZBAw
Passed default
Passed all schemes flag
Passed all schemes + 2 slash flag
Passed all schemes + fragment flag
Passed all schemes + local flag
Passed all flags
     /:35|Bpsr{HO:9*9L ?*p}doU&lt;0cIv c4Z#G|=&amp;0}wZP/oN/
Passed default
Passed all schemes flag
Passed all schemes + 2 slash flag
Passed all schemes + fragment flag
Passed all schemes + local flag
Passed all flags
$209321:G:)RwgH.com
Passed default
Passed all schemes flag
Passed all schemes + 2 slash flag
Passed all schemes + fragment flag
Passed all schemes + local flag
Passed all flags
$209321:  w  ~+PCS]en,&amp;KZsiQP6MSX?7m=3vs5|B?Z
Passed default
Passed all schemes flag
Passed all schemes + 2 slash flag
Passed all schemes + fragment flag
Passed all schemes + local flag
Passed all flags
HttP/  ,Y~.com i&gt;
Passed default
Passed all schemes flag
Passed all schemes + 2 slash flag
Passed all schemes + fragment flag
Passed all schemes + local flag
Passed all flags
HttP:RE&lt;#Y*m1,2|I(pR\52xd=KpM)Z&quot;r&amp;s6)).com
Passed default
Passed all schemes flag
Passed all schemes + 2 slash flag
Passed all schemes + fragment flag
Passed all schemes + local flag
Passed all flags
$209321:/:afV[xHg+ olB3(qO /@D{vQc$$gG&lt;7&lt;a Z7+F]LV*Q;;:8Q!L?f g~d
Passed default
Passed all schemes flag
Passed all schemes + 2 slash flag
Passed all schemes + fragment flag
Passed all schemes + local flag
Passed all flags
http/:=vCH^VP%\uR$:dTE8oBK0uS9a,]{e C% /NFmBHesNkUsCIYnpSOkDvrjkMrkyo
Passed default
Passed all schemes flag
Passed all schemes + 2 slash flag
Passed all schemes + fragment flag
Passed all schemes + local flag
Passed all flags
//:H{y$safk=RWrMMDMs%PBGe^Qzu-_&quot;Hu&quot;*U\/n7^?I]}QS\
Passed default
Passed all schemes flag
Passed all schemes + 2 slash flag
Passed all schemes + fragment flag
Passed all schemes + local flag
Passed all flags
123211:/::YqB6i&amp;`VA_ukFXEKAvg1f+fvv1@2$&quot;Qfajds;kjdls/yLKSGmKugmCxmMgriDjHAB
Passed default
Passed all schemes flag
Passed all schemes + 2 slash flag
Passed all schemes + fragment flag
Passed all schemes + local flag
Passed all flags
https::/uq=Z$Lct~uO|R&quot;w Gg|bL.NcP&lt;^{I}$K`y=_PO1HKI4o.com:z4|8kO&lt;@F@IyT+  &gt;L-KW6X.l
Passed default
Passed all schemes flag
Passed all schemes + 2 slash flag
Passed all schemes + fragment flag
Passed all schemes + local flag
Passed all flags
http:/:Iqjx,.L%FPU&lt;RL*5L#P-* LpQu`bce=DeFOcom/m}1 DrSXEdwK~WZyH|}D
Passed default
Passed all schemes flag
Passed all schemes + 2 slash flag
Passed all schemes + fragment flag
Passed all schemes + local flag
Passed all flags
$209321::/(;G+A)al1a moe!CRk8 l]MEWbk~Mdc1iHmz{!hE; :l&quot;z\S1VKFFhtk`4
Passed default
Passed all schemes flag
Passed all schemes + 2 slash flag
Passed all schemes + fragment flag
Passed all schemes + local flag
Passed all flags
http::/cuSwA6E&lt;*{:By{ePBt&amp;Y&quot;Kcom:=?HG*EMrhoZfz [*W_
Passed default
Passed all schemes flag
Passed all schemes + 2 slash flag
Passed all schemes + fragment flag
Passed all schemes + local flag
Passed all flags
https:fPusyHXJjeREkowYpFPHULlXXG.gov
Passed default
Passed all schemes flag
Passed all schemes + 2 slash flag
Passed all schemes + fragment flag
Passed all schemes + local flag
Passed all flags
https   (gp/Rj_6,CXZh0$30/n.net 
Passed default
Passed all schemes flag
Passed all schemes + 2 slash flag
Passed all schemes + fragment flag
Passed all schemes + local flag
Passed all flags
http:5JwM&apos;2t_LR4xvBcT&amp;wyByg/~|,N9TyJR7&quot;Mb&quot;.com
Passed default
Passed all schemes flag
Passed all schemes + 2 slash flag
Passed all schemes + fragment flag
Passed all schemes + local flag
Passed all flags
http /::;R?Iei\-?=&lt;9AO%1^lF63^.-5.l6#5Z`f.Z5STQrth,(&quot;Lu.com/
Passed default
Passed all schemes flag
Passed all schemes + 2 slash flag
Passed all schemes + fragment flag
Passed all schemes + local flag
Passed all flags
http/:!oW-orv9jRiyR=2`yDi9DRX6com/
Passed default
Passed all schemes flag
Passed all schemes + 2 slash flag
Passed all schemes + fragment flag
Passed all schemes + local flag
Passed all flags
HTTP:/`Y6\qa,.com:
Passed default
Passed all schemes flag
Passed all schemes + 2 slash flag
Passed all schemes + fragment flag
Passed all schemes + local flag
Passed all flags
/:MU XPDIWePJ&lt;Luu1Ni2sgI2O&lt;:fajds;kjdls/_&apos;j~64Uy~
Passed default
Passed all schemes flag
Passed all schemes + 2 slash flag
Passed all schemes + fragment flag
Passed all schemes + local flag
Passed all flags
http nc :arGO(2^_kSYWcR?d.com
Passed default
Passed all schemes flag
Passed all schemes + 2 slash flag
Passed all schemes + fragment flag
Passed all schemes + local flag
Passed all flags
AAA/  *ao;\&amp;S:Pdvw&lt;LR0O-m$=q.net ~;5@@^5b\M&amp;
Passed default
Passed all schemes flag
Passed all schemes + 2 slash flag
Passed all schemes + fragment flag
Passed all schemes + local flag
Passed all flags
:z]9c#/Fh6tf.netm
Passed default
Passed all schemes flag
Passed all schemes + 2 slash flag
Passed all schemes + fragment flag
Passed all schemes + local flag
Passed all flags
http:/:80?&apos;N;p5{9.&amp;?&quot;EGuvv;fajds;kjdls/
Passed default
Passed all schemes flag
Passed all schemes + 2 slash flag
Passed all schemes + fragment flag
Passed all schemes + local flag
Passed all flags
AAA:/:ss}w^.com/ $g&apos;F&apos;&apos;m
Passed default
Passed all schemes flag
Passed all schemes + 2 slash flag
Passed all schemes + fragment flag
Passed all schemes + local flag
Passed all flags
http//:MnYhBluBrQGRanlSEJ/
Passed default
Passed all schemes flag
Passed all schemes + 2 slash flag
Passed all schemes + fragment flag
Passed all schemes + local flag
Passed all flags
$209321/Fx=`7.+&apos;coms#&apos;szG&gt;R8xYK
Passed default
Passed all schemes flag
Passed all schemes + 2 slash flag
Passed all schemes + fragment flag
Passed all schemes + local flag
Passed all flags
http:/:[rB*Sx9&quot;&gt;]&quot;73tbS#MN\&quot;iNlB6P&lt;~&quot;2Uf&gt;Y&lt;aT];!X%0,^i4.gov/EPIn96jlOxQe/IG$++g k20&quot;,`Ov1kz3$4xI
Passed default
Passed all schemes flag
Passed all schemes + 2 slash flag
Passed all schemes + fragment flag
Passed all schemes + local flag
Passed all flags
http:/:/.@mLw@0([PJ*LEv&amp;s&gt;KD{W#w,0}~Icom/
Passed default
Passed all schemes flag
Passed all schemes + 2 slash flag
Passed all schemes + fragment flag
Passed all schemes + local flag
Passed all flags
AAA:/:c0g~{4Iod pXi/7lx7vI*N7$com/
Passed default
Passed all schemes flag
Passed all schemes + 2 slash flag
Passed all schemes + fragment flag
Passed all schemes + local flag
Passed all flags
HttP/:~[4W^&gt;(&quot;com/
Passed default
Passed all schemes flag
Passed all schemes + 2 slash flag
Passed all schemes + fragment flag
Passed all schemes + local flag
Passed all flags
HTTP/:.-_Rz.gov/d~]M&apos;MDSfUIm 7w.M{_R]]x2lo
Passed default
Passed all schemes flag
Passed all schemes + 2 slash flag
Passed all schemes + fragment flag
Passed all schemes + local flag
Passed all flags
http:/:NEcWCJJpRmBKfCJNbjiyGBgXAqvKMLxNwAhUMIrTKwMGe.com/
Passed default
Passed all schemes flag
Passed all schemes + 2 slash flag
Passed all schemes + fragment flag
Passed all schemes + local flag
Passed all flags
AAA:/:sDRfsjvALLTDKMXpHncUfhxWuDwPrcVWUkd /
Passed default
Passed all schemes flag
Passed all schemes + 2 slash flag
Passed all schemes + fragment flag
Passed all schemes + local flag
Passed all flags
http/:HZTWWoDBRUyHFjLjslSHOdLcwwN/
Passed default
Passed all schemes flag
Passed all schemes + 2 slash flag
Passed all schemes + fragment flag
Passed all schemes + local flag
Passed all flags
https:/:.=7M&amp;@L3HCG8fajds;kjdls/
Passed default
Passed all schemes flag
Passed all schemes + 2 slash flag
Passed all schemes + fragment flag
Passed all schemes + local flag
Passed all flags
http /:.net/(,]c=
Passed default
Passed all schemes flag
Passed all schemes + 2 slash flag
Passed all schemes + fragment flag
Passed all schemes + local flag
Passed all flags
    :/:2U-%;8A.2pmK6wUvj+sW]-2?UyJ0d.com/
Passed default
Passed all schemes flag
Passed all schemes + 2 slash flag
Passed all schemes + fragment flag
Passed all schemes + local flag
Passed all flags
http/:&gt;]L&quot;6%D&amp;&amp;3i!~QwOh.gov/^, 4+,Ol&apos;}-8}
Passed default
Passed all schemes flag
Passed all schemes + 2 slash flag
Passed all schemes + fragment flag
Passed all schemes + local flag
Passed all flags
http::/NahDdOFlsKLAuHtlLVSjBZvSpkgOy.com:
Passed default
Passed all schemes flag
Passed all schemes + 2 slash flag
Passed all schemes + fragment flag
Passed all schemes + local flag
Passed all flags
123211:/:*PYXNAcPS?sCNhF.VZ^B^iq7}jR{;kG#UaQ^/KhT-ujXx5/.com/(6QS#I0V\)# tJ3&amp;st&quot;B9xL #8MM1GNR85w[
Passed default
Passed all schemes flag
Passed all schemes + 2 slash flag
Passed all schemes + fragment flag
Passed all schemes + local flag
Passed all flags
$209321:  {(0ezs|][d:&gt;FSLMF~AwLM.com tnyiPYqy}uV$}ma46V MI&lt;Rca|;MSqN=r@$m*!Kej
Passed default
Passed all schemes flag
Passed all schemes + 2 slash flag
Passed all schemes + fragment flag
Passed all schemes + local flag
Passed all flags
 sadasd/:iXbHRZPEPEDmHURxQlOWmIKC.com/
Passed default
Passed all schemes flag
Passed all schemes + 2 slash flag
Passed all schemes + fragment flag
Passed all schemes + local flag
Passed all flags
 ::/.com:
Passed default
Passed all schemes flag
Passed all schemes + 2 slash flag
Passed all schemes + fragment flag
Passed all schemes + local flag
Passed all flags
123211::/P==/AO.?tjNJ,+6s:. W,.com:X%_!m
Passed default
Passed all schemes flag
Passed all schemes + 2 slash flag
Passed all schemes + fragment flag
Passed all schemes + local flag
Passed all flags
       lm_m2HGiO}^$zW~.gov 
Passed default
Passed all schemes flag
Passed all schemes + 2 slash flag
Passed all schemes + fragment flag
Passed all schemes + local flag
Passed all flags
http:/:h[]&lt;0&lt;y=:O%K/t{``:KrY/?gQd73 /BhOKX
Passed default
Passed all schemes flag
Passed all schemes + 2 slash flag
Passed all schemes + fragment flag
Passed all schemes + local flag
Passed all flags
HTTP/:Utd96i%gK2%~]D/O$p0:4.gov/UeZM&gt;nAbSiaxuU|
Passed default
Passed all schemes flag
Passed all schemes + 2 slash flag
Passed all schemes + fragment flag
Passed all schemes + local flag
Passed all flags
HTTP::/vnAsQqTHRwYiwHqNCkETnxwgnwgpgjf.com:
Passed default
Passed all schemes flag
Passed all schemes + 2 slash flag
Passed all schemes + fragment flag
Passed all schemes + local flag
Passed all flags
https//: AT4&lt;tfajds;kjdls/
Passed default
Passed all schemes flag
Passed all schemes + 2 slash flag
Passed all schemes + fragment flag
Passed all schemes + local flag
Passed all flags
http:f#lfA6&apos;J}j0@ksZs8_&quot;p&apos;arUn[$ PM.comN#{v.&lt; ~kA)tZVk@c`Sc?GE}6D;\!nwe
Passed default
Passed all schemes flag
Passed all schemes + 2 slash flag
Passed all schemes + fragment flag
Passed all schemes + local flag
Passed all flags
::/5.gov:
Passed default
Passed all schemes flag
Passed all schemes + 2 slash flag
Passed all schemes + fragment flag
Passed all schemes + local flag
Passed all flags
AAA:/:=Lu_I6F /,`7v$~fCoVk$a2^r9XR:WY[BM}LKTGu~
Passed default
Passed all schemes flag
Passed all schemes + 2 slash flag
Passed all schemes + fragment flag
Passed all schemes + local flag
Passed all flags
HttP:/:YFIYuryLiTMUltXdwLnhbtXKIEKMgQMeHCw.com/
Passed default
Passed all schemes flag
Passed all schemes + 2 slash flag
Passed all schemes + fragment flag
Passed all schemes + local flag
Passed all flags
http:/:\g`0c9Rkw^fqTojIar.com/LAyxafNNuJfF
Passed default
Passed all schemes flag
Passed all schemes + 2 slash flag
Passed all schemes + fragment flag
Passed all schemes + local flag
Passed all flags
https:  |)h^OZ*~tD&lt;a7K*RkvjJa,J9qX4iyTJU&gt;U~WETroyo&quot;a&apos;+n.net _/tNLe+?E(.qw\y]LaiP4m
Passed default
Passed all schemes flag
Passed all schemes + 2 slash flag
Passed all schemes + fragment flag
Passed all schemes + local flag
Passed all flags
$209321/:&apos;}XraRV_`Bp9cDOA%L *I/Ia m0wjcom/
Passed default
Passed all schemes flag
Passed all schemes + 2 slash flag
Passed all schemes + fragment flag
Passed all schemes + local flag
Passed all flags
https/:E,0tT)&lt;L 9Sp=_=A\4\W7W.gov/GbWiAenrMnSBGIOZVevO
Passed default
Passed all schemes flag
Passed all schemes + 2 slash flag
Passed all schemes + fragment flag
Passed all schemes + local flag
Passed all flags
    :/:LOGO /
Passed default
Passed all schemes flag
Passed all schemes + 2 slash flag
Passed all schemes + fragment flag
Passed all schemes + local flag
Passed all flags
    //:tt]&amp;!(Bc _Zmz[bxs&lt;y&quot;m7LLHh\(&apos;vpUri;j=\TQp_0_wrB{fajds;kjdls/pFBdOULTkpaxPykomUejNmhSHcAVNqjjFLXPRwiYydXgTJted
Passed default
Passed all schemes flag
Passed all schemes + 2 slash flag
Passed all schemes + fragment flag
Passed all schemes + local flag
Passed all flags
::/ 9DR|L5)*WC]lNu!NIWc,so:U{lfGzufajds;kjdls:GhGmS
Passed default
Passed all schemes flag
Passed all schemes + 2 slash flag
Passed all schemes + fragment flag
Passed all schemes + local flag
Passed all flags
  /:nPu{surN]?/vrlFPdveIUQYyF
Passed default
Passed all schemes flag
Passed all schemes + 2 slash flag
Passed all schemes + fragment flag
Passed all schemes + local flag
Passed all flags
 sadasd:FjpqolZRyUBUbCuqEinMMjGXl 
Passed default
Passed all schemes flag
Passed all schemes + 2 slash flag
Passed all schemes + fragment flag
Passed all schemes + local flag
Passed all flags
HTTP:  ;mlY&gt;2XRf`!r594`7v@mH+&amp;m&amp;{W;AQt:^com 
Passed default
Passed all schemes flag
Passed all schemes + 2 slash flag
Passed all schemes + fragment flag
Passed all schemes + local flag
Passed all flags
 :/:mLGLecohnnoWRsNpKTkFHmtZgwGdWjkHmfoMDiOaHNBIXUBO /
Passed default
Passed all schemes flag
Passed all schemes + 2 slash flag
Passed all schemes + fragment flag
Passed all schemes + local flag
Passed all flags
HttP//:Udx&quot;of%ubNw,dU! /uxHX,+jwsAnjmB9e&lt;~LvHTNOZTL=
Passed default
Passed all schemes flag
Passed all schemes + 2 slash flag
Passed all schemes + fragment flag
Passed all schemes + local flag
Passed all flags
https:  ?y%Wwj_pkYNcj;R1&quot;u\VR0s##1u&quot;3c9  osewYhsWkIrsmTxfWomVcKsHOUXpOMNa
Passed default
Passed all schemes flag
Passed all schemes + 2 slash flag
Passed all schemes + fragment flag
Passed all schemes + local flag
Passed all flags
HttP BVl$jnum;`D`F&lt;L=Aj}/m+?1-W)QgC{-sG5utD :Ag?-K=Eh2.gov
Passed default
Passed all schemes flag
Passed all schemes + 2 slash flag
Passed all schemes + fragment flag
Passed all schemes + local flag
Passed all flags
$209321:/:CV0[c/FQaXMTJ1d5C~0=e NQl.
Passed default
Passed all schemes flag
Passed all schemes + 2 slash flag
Passed all schemes + fragment flag
Passed all schemes + local flag
Passed all flags
http:/:t)!MH1xX&gt;aK~f@2Dcz.com/tYiU6&quot;8&amp;Q=|sJk&quot;&lt;&gt;ZQTB;;!e&quot;N_S[v&lt;EG3P&apos;@dZ
Passed default
Passed all schemes flag
Passed all schemes + 2 slash flag
Passed all schemes + fragment flag
Passed all schemes + local flag
Passed all flags
http:  qrX1, 
Passed default
Passed all schemes flag
Passed all schemes + 2 slash flag
Passed all schemes + fragment flag
Passed all schemes + local flag
Passed all flags
http /:;q`D;_Va)b#Yvk#E})T^.com/
Passed default
Passed all schemes flag
Passed all schemes + 2 slash flag
Passed all schemes + fragment flag
Passed all schemes + local flag
Passed all flags
AAA:/:ihoGEHWQDEwCmPmKjPfITshQOEMTUfAJOPS.com/
Passed default
Passed all schemes flag
Passed all schemes + 2 slash flag
Passed all schemes + fragment flag
Passed all schemes + local flag
Passed all flags
 sadasd /:C7l$0jY&gt;.It*&lt;cXA[|AI6q0TCIRGFa.com/?U
Passed default
Passed all schemes flag
Passed all schemes + 2 slash flag
Passed all schemes + fragment flag
Passed all schemes + local flag
Passed all flags
http:/OO.com:
Passed default
Passed all schemes flag
Passed all schemes + 2 slash flag
Passed all schemes + fragment flag
Passed all schemes + local flag
Passed all flags
http:/:Cwv ocOi6&amp;RPTUIBa3vVb*xKS,]qHw&lt;\?7+qIByfajds;kjdls/XqGgaQjWkkRUlGCbKIp
Passed default
Passed all schemes flag
Passed all schemes + 2 slash flag
Passed all schemes + fragment flag
Passed all schemes + local flag
Passed all flags
http:/ApaVseVNiGoMUAiwCExDsIpHGGnt.com:
Passed default
Passed all schemes flag
Passed all schemes + 2 slash flag
Passed all schemes + fragment flag
Passed all schemes + local flag
Passed all flags
123211:  &apos; .QecO_lX.com 
Passed default
Passed all schemes flag
Passed all schemes + 2 slash flag
Passed all schemes + fragment flag
Passed all schemes + local flag
Passed all flags
http/:FCyrTTIkmr..(O=,X?jM*T.com/
Passed default
Passed all schemes flag
Passed all schemes + 2 slash flag
Passed all schemes + fragment flag
Passed all schemes + local flag
Passed all flags
HTTP::/fajds;kjdls:
Passed default
Passed all schemes flag
Passed all schemes + 2 slash flag
Passed all schemes + fragment flag
Passed all schemes + local flag
Passed all flags
 sadasd:/:%&gt;&amp;lfj+|S:?\yiW&apos;,a7&lt;$.com/
Passed default
Passed all schemes flag
Passed all schemes + 2 slash flag
Passed all schemes + fragment flag
Passed all schemes + local flag
Passed all flags
::/Da~5e&quot;.com:KAWsFLdXOeUvvBWSiCNZsadJTEvXW
Passed default
Passed all schemes flag
Passed all schemes + 2 slash flag
Passed all schemes + fragment flag
Passed all schemes + local flag
Passed all flags
123211 (G8:}S?!V\[JIly\nwgZ&quot;thLm%Mx+gB(d?|zm!j-?&gt;H}I- MN:hG![Q@7X
Passed default
Passed all schemes flag
Passed all schemes + 2 slash flag
Passed all schemes + fragment flag
Passed all schemes + local flag
Passed all flags
HttP /:&apos;A_aVg\Q2K_%kOUAfajds;kjdls/r7H^]uG&lt;8w)p;&quot;BSQiS_J@h_5,ZiMa*sQKtu
Passed default
Passed all schemes flag
Passed all schemes + 2 slash flag
Passed all schemes + fragment flag
Passed all schemes + local flag
Passed all flags
$209321  oRVuUHcuIOqXZTsQwRqSZAFRywhkWqFUXb.com 
Passed default
Passed all schemes flag
Passed all schemes + 2 slash flag
Passed all schemes + fragment flag
Passed all schemes + local flag
Passed all flags
HTTP/:/$++a[Ucom:Kk?LItxn[u~&amp;lhet)FWXtZsX
Passed default
Passed all schemes flag
Passed all schemes + 2 slash flag
Passed all schemes + fragment flag
Passed all schemes + local flag
Passed all flags
123211:/:2~5Ls*A-&quot;x.com/4p&quot;kiAl{
Passed default
Passed all schemes flag
Passed all schemes + 2 slash flag
Passed all schemes + fragment flag
Passed all schemes + local flag
Passed all flags
 sadasd:/:uHCD#dsi&gt;H=/MRo6;~4&apos;U&gt;sn}hs}29L5ld.com/
Passed default
Passed all schemes flag
Passed all schemes + 2 slash flag
Passed all schemes + fragment flag
Passed all schemes + local flag
Passed all flags
https//:/#or7b:{#@j0X2R-L+e&lt;)w!kFtq[LB&quot;[)yyz6O#2.com/G40vv
Passed default
Passed all schemes flag
Passed all schemes + 2 slash flag
Passed all schemes + fragment flag
Passed all schemes + local flag
Passed all flags
$209321:d9LjB#qVf&amp;8%(tEc.com
Passed default
Passed all schemes flag
Passed all schemes + 2 slash flag
Passed all schemes + fragment flag
Passed all schemes + local flag
Passed all flags
http:/:LMuO~|gQ3!{*mGa31O&apos;[c#F,{&quot;02:$Z!{=jOFr4.com/4}!:C_&amp;zpE~kFw(6i{SWI}&apos;RgK&gt;o&apos;xj^{:
Passed default
Passed all schemes flag
Passed all schemes + 2 slash flag
Passed all schemes + fragment flag
Passed all schemes + local flag
Passed all flags
https:/:6.net/atRMn\DCtMa}mP%8Qz]g;}\.QFXHaE+*aH&amp;&apos;%w:p(@za
Passed default
Passed all schemes flag
Passed all schemes + 2 slash flag
Passed all schemes + fragment flag
Passed all schemes + local flag
Passed all flags
 sadasd::/&amp;Qm.&quot;@E.-0-vY&apos;rrr9&gt;flyu.com:
Passed default
Passed all schemes flag
Passed all schemes + 2 slash flag
Passed all schemes + fragment flag
Passed all schemes + local flag
Passed all flags
https:l=Or1HbA{ecC1H&quot;\HP4N&apos;T}qXY(comlD}934]&amp;uKD&quot;#oy5MXt.u(,*y`ON9IA
Passed default
Passed all schemes flag
Passed all schemes + 2 slash flag
Passed all schemes + fragment flag
Passed all schemes + local flag
Passed all flags
 sadasd//:v!~At(m4W b&amp;)imf{WN&quot;1M|hKGks6`W{anP+c&lt;=u^~{ze1r/hKaZe~bqZRjP`2;_B[&gt;BxI?z$.,ot}&gt;@.n{u&apos;E,OOuvkEFr|
Passed default
Passed all schemes flag
Passed all schemes + 2 slash flag
Passed all schemes + fragment flag
Passed all schemes + local flag
Passed all flags
http :/)%z\(~ A.gov:2QGuycI*XQ_)K?sQ-!X#i!?;j
Passed default
Passed all schemes flag
Passed all schemes + 2 slash flag
Passed all schemes + fragment flag
Passed all schemes + local flag
Passed all flags
AAA /:picffwKMggIBLDhspMAGORhK.com/
Passed default
Passed all schemes flag
Passed all schemes + 2 slash flag
Passed all schemes + fragment flag
Passed all schemes + local flag
Passed all flags
https:/:J&lt;3B 0S.net/
Passed default
Passed all schemes flag
Passed all schemes + 2 slash flag
Passed all schemes + fragment flag
Passed all schemes + local flag
Passed all flags
    :  S/%qe0t&lt;4(!D-E*km@vO*%,In11+(PUU6.gov &quot;;XT4?`?!|}aK&lt;~AwQZ7
Passed default
Passed all schemes flag
Passed all schemes + 2 slash flag
Passed all schemes + fragment flag
Passed all schemes + local flag
Passed all flags
http/:/V!${?Pxs75( .net:?5
Passed default
Passed all schemes flag
Passed all schemes + 2 slash flag
Passed all schemes + fragment flag
Passed all schemes + local flag
Passed all flags
https/:lIB0_`#[XgW\Sp=&gt;voH19.com/V
Passed default
Passed all schemes flag
Passed all schemes + 2 slash flag
Passed all schemes + fragment flag
Passed all schemes + local flag
Passed all flags
//:vroMLUIScqiyRipeBtNhKqsuGgVTgSlHFnrxTZHsyUAQuniy.net/
Passed default
Passed all schemes flag
Passed all schemes + 2 slash flag
Passed all schemes + fragment flag
Passed all schemes + local flag
Passed all flags
http /:MvgbTFSULGUghuBeCHEIwUEbHGDZgJGUeFF.com/
Passed default
Passed all schemes flag
Passed all schemes + 2 slash flag
Passed all schemes + fragment flag
Passed all schemes + local flag
Passed all flags
https:  v&quot;zEcom B8@/A{%W:hL9&gt;=t~u o3+Cf0PZ0$@j^&apos;&apos;1cxX-8zA
Passed default
Passed all schemes flag
Passed all schemes + 2 slash flag
Passed all schemes + fragment flag
Passed all schemes + local flag
Passed all flags
https:  H$mk8mV01ie$8!4DjO&gt;5%HH6|]R.com RVLIOVCL
Passed default
Passed all schemes flag
Passed all schemes + 2 slash flag
Passed all schemes + fragment flag
Passed all schemes + local flag
Passed all flags
http:/:7[os.com/Y+(ssc&lt;t9n -j0oO))6I?!A8AKkiWxZY.! -e&apos;JqcQgZ
Passed default
Passed all schemes flag
Passed all schemes + 2 slash flag
Passed all schemes + fragment flag
Passed all schemes + local flag
Passed all flags
 sadasd:/:Gi\.com/Gq]%]{xpvoqF[zFnUr-R]^JZ?h=B&apos;.!*~d(bbz,r7N2K
Passed default
Passed all schemes flag
Passed all schemes + 2 slash flag
Passed all schemes + fragment flag
Passed all schemes + local flag
Passed all flags
http  U6Ak%RUBM]H 
Passed default
Passed all schemes flag
Passed all schemes + 2 slash flag
Passed all schemes + fragment flag
Passed all schemes + local flag
Passed all flags
AAA:/:6o;Dp*D Sk%c.com/
Passed default
Passed all schemes flag
Passed all schemes + 2 slash flag
Passed all schemes + fragment flag
Passed all schemes + local flag
Passed all flags
HTTP:/:SuCrInrWjQRLWxW.com/
Passed default
Passed all schemes flag
Passed all schemes + 2 slash flag
Passed all schemes + fragment flag
Passed all schemes + local flag
Passed all flags
     /:7FAVh6tD(8%b=oO7MvT,HW0iMHMG*&quot;o.g?76H* /p/g1&lt;Xj)us:E^0,}{%bC
Passed default
Passed all schemes flag
Passed all schemes + 2 slash flag
Passed all schemes + fragment flag
Passed all schemes + local flag
Passed all flags
http:/:,|U=v&amp;cY+Q`p{3^M/GLKN0ow$IL)$&gt;.gov/sfVuuLKYauKsKwDBUxekCntbxMFHJncWSyCnUQjcLh
Passed default
Passed all schemes flag
Passed all schemes + 2 slash flag
Passed all schemes + fragment flag
Passed all schemes + local flag
Passed all flags
HTTP:  !fXGROS&amp;b41|3&amp;UbT`!Qxv71&apos;20@3lcKD4*LIoQ{7jnw&lt;L9 
Passed default
Passed all schemes flag
Passed all schemes + 2 slash flag
Passed all schemes + fragment flag
Passed all schemes + local flag
Passed all flags
https/  gO&gt;7C2`D#gt+_.com dyduqPCbqByqMnPfLJgaQfxYYAiW
Passed default
Passed all schemes flag
Passed all schemes + 2 slash flag
Passed all schemes + fragment flag
Passed all schemes + local flag
Passed all flags
:/:LCtTJv&amp;]![lNS@#gvfW{h,)s+;?fo&amp;KLK%m^M5-20()b}!Q^.com/0*@jdPs,L#&gt;r&apos;YPLR:_U9.-y$}T.pY&quot;y0M|A8bf)XxV&lt;kB
Passed default
Passed all schemes flag
Passed all schemes + 2 slash flag
Passed all schemes + fragment flag
Passed all schemes + local flag
Passed all flags
::/R%#l4cjfajds;kjdls:otuQOUAgAXWiJpFgYMjrYojFCDBBJ
Passed default
Passed all schemes flag
Passed all schemes + 2 slash flag
Passed all schemes + fragment flag
Passed all schemes + local flag
Passed all flags
http//:=Z0bjvDE=.net/d^e DU{wZZh7q
Passed default
Passed all schemes flag
Passed all schemes + 2 slash flag
Passed all schemes + fragment flag
Passed all schemes + local flag
Passed all flags
 sadasdy.gov
Passed default
Passed all schemes flag
Passed all schemes + 2 slash flag
Passed all schemes + fragment flag
Passed all schemes + local flag
Passed all flags
$209321/*]A?-dtcomF
Passed default
Passed all schemes flag
Passed all schemes + 2 slash flag
Passed all schemes + fragment flag
Passed all schemes + local flag
Passed all flags
 :/:`q /&lt;PE+Jpq|6&amp;
Passed default
Passed all schemes flag
Passed all schemes + 2 slash flag
Passed all schemes + fragment flag
Passed all schemes + local flag
Passed all flags
HttP:/:QMRHXKONQfrOtYMtC /
Passed default
Passed all schemes flag
Passed all schemes + 2 slash flag
Passed all schemes + fragment flag
Passed all schemes + local flag
Passed all flags
https/PTXAjAgPCeorPSqkRZmFjddcHRXvCfB.com
Passed default
Passed all schemes flag
Passed all schemes + 2 slash flag
Passed all schemes + fragment flag
Passed all schemes + local flag
Passed all flags
 sadasd:/:3zb.com/[:o@)iyj0ksez2K^I~h1
Passed default
Passed all schemes flag
Passed all schemes + 2 slash flag
Passed all schemes + fragment flag
Passed all schemes + local flag
Passed all flags
$209321:/:sRlEereMMjHtGideFhFFVKTgycODbfZseLdGTIqVR/
Passed default
Passed all schemes flag
Passed all schemes + 2 slash flag
Passed all schemes + fragment flag
Passed all schemes + local flag
Passed all flags
https:/:WmDramvBFoMZYCQACBhaotJxgkMuBIAhxpaBTuDVuDsg.com/
Passed default
Passed all schemes flag
Passed all schemes + 2 slash flag
Passed all schemes + fragment flag
Passed all schemes + local flag
Passed all flags
https:/iBn+&lt;w&apos;l(D/7&gt;;^mUu$|z26Q_SOS\&amp;}$&amp; :9n&gt;X95f\Z/Kyxgn)j&lt;[_&quot;H2rN&gt;9`Y:-y
Passed default
Passed all schemes flag
Passed all schemes + 2 slash flag
Passed all schemes + fragment flag
Passed all schemes + local flag
Passed all flags
AAA  a6@YB,:,]4XO&quot;z#8iR&lt;k\D{x* b3J.net PakLUdiSSSdctdpqEavxBQFWGnxOxAdXnxUAGxNSNVDKvT
Passed default
Passed all schemes flag
Passed all schemes + 2 slash flag
Passed all schemes + fragment flag
Passed all schemes + local flag
Passed all flags
 sadasd/  [!%5O&lt;Pc.com 
Passed default
Passed all schemes flag
Passed all schemes + 2 slash flag
Passed all schemes + fragment flag
Passed all schemes + local flag
Passed all flags
HTTP:/:&gt;zj0cO}KXEx/IXVLfxbMNcibMJWwSQRQvyKDBml
Passed default
Passed all schemes flag
Passed all schemes + 2 slash flag
Passed all schemes + fragment flag
Passed all schemes + local flag
Passed all flags
    :lAN_det487!s!e{~Hpb#InX.com
Passed default
Passed all schemes flag
Passed all schemes + 2 slash flag
Passed all schemes + fragment flag
Passed all schemes + local flag
Passed all flags
HTTP:/:e#s{lHOm0.^~1CuO?fs#&amp;it#8^[nZX]n.com/ _mtAl{-rZn{|icX/9H6zUm4dK&apos;D.on,
Passed default
Passed all schemes flag
Passed all schemes + 2 slash flag
Passed all schemes + fragment flag
Passed all schemes + local flag
Passed all flags
HTTP:/:uUPdDWlKhgmINDhGTXcFUZpdkjVopiJDsRu/
Passed default
Passed all schemes flag
Passed all schemes + 2 slash flag
Passed all schemes + fragment flag
Passed all schemes + local flag
Passed all flags
http/wmAADbeXlgXRWBCacYP.com
Passed default
Passed all schemes flag
Passed all schemes + 2 slash flag
Passed all schemes + fragment flag
Passed all schemes + local flag
Passed all flags
HTTP:  Zi-&lt;y6&amp;bNM+;0%.com GOoLEPt{fg;*_ t9^_?ml\f3&amp;YF2Z tbO^k9,Vtl
Passed default
Passed all schemes flag
Passed all schemes + 2 slash flag
Passed all schemes + fragment flag
Passed all schemes + local flag
Passed all flags
/:T&amp;\lu%`(u/ci;BKh]/l8pqQ)+k&amp;^vq)4~$s-ebS3[a*_Ge.com/IDJqeSLWLhgDcXSsHBlvcjHYJmuRD
Passed default
Passed all schemes flag
Passed all schemes + 2 slash flag
Passed all schemes + fragment flag
Passed all schemes + local flag
Passed all flags
123211::/XjaDGSanYrcWrmfWZTJfru.gov:
Passed default
Passed all schemes flag
Passed all schemes + 2 slash flag
Passed all schemes + fragment flag
Passed all schemes + local flag
Passed all flags
http:/:n:[8N|i22/%H3oGem}5Xpf,QE]BU.Y!Fj5&amp;mD;!X59GPtF/
Passed default
Passed all schemes flag
Passed all schemes + 2 slash flag
Passed all schemes + fragment flag
Passed all schemes + local flag
Passed all flags
    :/:&gt;|Tx|,,OA/
Passed default
Passed all schemes flag
Passed all schemes + 2 slash flag
Passed all schemes + fragment flag
Passed all schemes + local flag
Passed all flags
https::/gBgdJAuhGBZilwfUcmyQTmhRwCKFbD.com:
Passed default
Passed all schemes flag
Passed all schemes + 2 slash flag
Passed all schemes + fragment flag
Passed all schemes + local flag
Passed all flags
    //:LtekIKVuHkXJtagZIsibQRrFxEuJjxaspbUloYtAI.com/
Passed default
Passed all schemes flag
Passed all schemes + 2 slash flag
Passed all schemes + fragment flag
Passed all schemes + local flag
Passed all flags
https:cJ&gt;p/XPnggwc*;HYX`&lt;NM&quot;kWA0}EQ/mi!~HpRh.com
Passed default
Passed all schemes flag
Passed all schemes + 2 slash flag
Passed all schemes + fragment flag
Passed all schemes + local flag
Passed all flags
 ,od4r3kS.com#N#Ix&gt;0iaB@{ieKa]U2qhhy`$bxo&apos;Za
Passed default
Passed all schemes flag
Passed all schemes + 2 slash flag
Passed all schemes + fragment flag
Passed all schemes + local flag
Passed all flags
http   /!5nQ)jSlO  NnkJjRLFVIpMuBGNpivUHOjhfXrGNNZyhpmPWVe
Passed default
Passed all schemes flag
Passed all schemes + 2 slash flag
Passed all schemes + fragment flag
Passed all schemes + local flag
Passed all flags
$209321:/:B`*B&lt;rP.Onx,8&apos;W.$-eAO)iS&apos;=sjasq?\HoPz?MR9P /
Passed default
Passed all schemes flag
Passed all schemes + 2 slash flag
Passed all schemes + fragment flag
Passed all schemes + local flag
Passed all flags
123211:/:k`o-.&apos;&quot;Kb~;D.net/Q)hyh7;)gx4u1=SEeELs~3GPsbpCm\Z|&quot;abv
Passed default
Passed all schemes flag
Passed all schemes + 2 slash flag
Passed all schemes + fragment flag
Passed all schemes + local flag
Passed all flags
/:Fz_*&apos;CcqU784b[&gt;o com/
Passed default
Passed all schemes flag
Passed all schemes + 2 slash flag
Passed all schemes + fragment flag
Passed all schemes + local flag
Passed all flags
https//:l$Fk/fe2tYRq.uQ[cSN7qfb,IM\#2O.net/c~g}t,zfHOTfvm_L Yr=h5DGpe6QD,Qr(F~D$XFI
Passed default
Passed all schemes flag
Passed all schemes + 2 slash flag
Passed all schemes + fragment flag
Passed all schemes + local flag
Passed all flags
http:/:&apos;BAv`.net/jfI*1K&gt;:8J+:;&lt;iF ;ofyM#t+fYkIE(e,:g7b
Passed default
Passed all schemes flag
Passed all schemes + 2 slash flag
Passed all schemes + fragment flag
Passed all schemes + local flag
Passed all flags
    /:V3+V&apos;h~,TKvVNN988?&gt;0=3#B_3Yc75H.com/
Passed default
Passed all schemes flag
Passed all schemes + 2 slash flag
Passed all schemes + fragment flag
Passed all schemes + local flag
Passed all flags
https:/:7.gov/ kj5udpUtK&amp;.S
Passed default
Passed all schemes flag
Passed all schemes + 2 slash flag
Passed all schemes + fragment flag
Passed all schemes + local flag
Passed all flags
http//:*?!U#btJj[l +W{z8^%/3=JXu/E&apos;*l5G6;#]mgistEBDats&amp;r+
Passed default
Passed all schemes flag
Passed all schemes + 2 slash flag
Passed all schemes + fragment flag
Passed all schemes + local flag
Passed all flags
https//:zuM0Kgxz_kw?Mx~J5WsvFIPDA%,cz|ZS?x+_yV+;].gov/
Passed default
Passed all schemes flag
Passed all schemes + 2 slash flag
Passed all schemes + fragment flag
Passed all schemes + local flag
Passed all flags
http:  nJpOEDxgvgMFkGcPOPnLUASeKAbmQLpuGtCnccqPfajds;kjdls 
Passed default
Passed all schemes flag
Passed all schemes + 2 slash flag
Passed all schemes + fragment flag
Passed all schemes + local flag
Passed all flags
https:  DinMnuixlevhPYQExuwVxdqujH  
Passed default
Passed all schemes flag
Passed all schemes + 2 slash flag
Passed all schemes + fragment flag
Passed all schemes + local flag
Passed all flags
http/:3G0!Rg#D6wnxfx6[}|XO-~:f#NR{EcA@dK9cUJiiMoxgIy}8fajds;kjdls/JaCXQwpwsoNwkPbS
Passed default
Passed all schemes flag
Passed all schemes + 2 slash flag
Passed all schemes + fragment flag
Passed all schemes + local flag
Passed all flags
http:/:\g&lt;$7/S&apos;)E,)C!&gt;U$iK!e#vk&lt;cp|^^#\m2SrHD@+/pNc0:cz~jt(^FI-+ ;#?DY2
Passed default
Passed all schemes flag
Passed all schemes + 2 slash flag
Passed all schemes + fragment flag
Passed all schemes + local flag
Passed all flags
https/:1Zr&amp;IT./5E]qcg(0\dxo}%%&amp;+PX0%3Mv/X-?Hx#ZQnz?F_JO.gov/ipr6_Pp;k?1+65}rt&gt;IA]p$!0HL
Passed default
Passed all schemes flag
Passed all schemes + 2 slash flag
Passed all schemes + fragment flag
Passed all schemes + local flag
Passed all flags
http//:oZ$[v-V59g&quot;JX.5D8GNl9bOk&quot;H4@^.com/xP2D%U~d,C]=R)43Esem0UnX\A,
Passed default
Passed all schemes flag
Passed all schemes + 2 slash flag
Passed all schemes + fragment flag
Passed all schemes + local flag
Passed all flags
::/Qxgt&lt;/&gt;jv.{&apos;@f-VUI|N*pEa.com:|-_#ZeK&apos;5sNjZ~iKYZE
Passed default
Passed all schemes flag
Passed all schemes + 2 slash flag
Passed all schemes + fragment flag
Passed all schemes + local flag
Passed all flags
https   iYhqVRAigYaXoxHWAnVOUjdBUpBRNWCE.com 
Passed default
Passed all schemes flag
Passed all schemes + 2 slash flag
Passed all schemes + fragment flag
Passed all schemes + local flag
Passed all flags
http::/GkrwTukTaFWuMRAFgjjmDPAwvcknArxdYogBwRVKr:
Passed default
Passed all schemes flag
Passed all schemes + 2 slash flag
Passed all schemes + fragment flag
Passed all schemes + local flag
Passed all flags
http::/8OmS.#=BSm7_s{!07R8)RI*yA`]8&gt;ZB+}B8CyHLGDhe;2L}7^.com:
Passed default
Passed all schemes flag
Passed all schemes + 2 slash flag
Passed all schemes + fragment flag
Passed all schemes + local flag
Passed all flags
HttP:0K&lt;ZdDm9oUuvD@y%}Pfajds;kjdlsWx3pd}0jp+n({@eYZbD;tFyF1oMI
Passed default
Passed all schemes flag
Passed all schemes + 2 slash flag
Passed all schemes + fragment flag
Passed all schemes + local flag
Passed all flags
http :/aCY^.com:,&lt;E&apos;&apos;^:)&amp;lP)_ZE_6&quot;N:2&amp;7h&quot;hbL?PU1riKa[^p&lt;Y
Passed default
Passed all schemes flag
Passed all schemes + 2 slash flag
Passed all schemes + fragment flag
Passed all schemes + local flag
Passed all flags
http::/&apos;f? #]0$AKshT&apos;ueB#+|j0~ :8?#F)|lzPAT)PtYe$0CVMvY/L4
Passed default
Passed all schemes flag
Passed all schemes + 2 slash flag
Passed all schemes + fragment flag
Passed all schemes + local flag
Passed all flags
    /:-WO4zC!d\imK_KI+vZ(c5[O8\UQ*I a.m,^+$+o6aaHyh.net/48lu=Uw*-:U(kL&quot;x
Passed default
Passed all schemes flag
Passed all schemes + 2 slash flag
Passed all schemes + fragment flag
Passed all schemes + local flag
Passed all flags
https:/:/%&apos;Ts`]rPgf#.com/*f)`w&quot;&gt;C&quot;ZH&amp;#dKD~fMow&lt;8X~LFh
Passed default
Passed all schemes flag
Passed all schemes + 2 slash flag
Passed all schemes + fragment flag
Passed all schemes + local flag
Passed all flags
:/:fZcsMk&lt;S3/go*L$pP3OS`com/
Passed default
Passed all schemes flag
Passed all schemes + 2 slash flag
Passed all schemes + fragment flag
Passed all schemes + local flag
Passed all flags
AAA:  NlpRkMPlgtdsLvrUVLWXQgFcUJtbBVRpuSZJnUAqd.com 
Passed default
Passed all schemes flag
Passed all schemes + 2 slash flag
Passed all schemes + fragment flag
Passed all schemes + local flag
Passed all flags
AAA//:&quot;E+m|M9tiaO~w,ygodht~zG&gt;*|#ap F(Q4,.N)X{#r.com/NiiCYsAQXuxNKMKOqpUYyM
Passed default
Passed all schemes flag
Passed all schemes + 2 slash flag
Passed all schemes + fragment flag
Passed all schemes + local flag
Passed all flags
    :/:&gt;lJUKHri(so`6tVu-@,(DEgEl%+)jnGniOM7~.com/
Passed default
Passed all schemes flag
Passed all schemes + 2 slash flag
Passed all schemes + fragment flag
Passed all schemes + local flag
Passed all flags
HTTP:  nBED.com 
Passed default
Passed all schemes flag
Passed all schemes + 2 slash flag
Passed all schemes + fragment flag
Passed all schemes + local flag
Passed all flags
HttP:/::&lt;F+xqN,97v&gt;}?394cE!k_5}8;e94gd1}F_r?m==(.com/G7-Tc{GM$&gt;RxP?&apos;MJ~mF[0(g&gt;Kc8$JrG.Y=62EWQ*2xO
Passed default
Passed all schemes flag
Passed all schemes + 2 slash flag
Passed all schemes + fragment flag
Passed all schemes + local flag
Passed all flags
 sadasd /:dZtdpL/lac:R} I\Ly1{J/a+&apos;:alpPHH16=Th)Qj.:@&apos;
Passed default
Passed all schemes flag
Passed all schemes + 2 slash flag
Passed all schemes + fragment flag
Passed all schemes + local flag
Passed all flags
https:/:3hODX8asQ7} /
Passed default
Passed all schemes flag
Passed all schemes + 2 slash flag
Passed all schemes + fragment flag
Passed all schemes + local flag
Passed all flags
http/:iK2u}k~com/MqKiWchAsJ
Passed default
Passed all schemes flag
Passed all schemes + 2 slash flag
Passed all schemes + fragment flag
Passed all schemes + local flag
Passed all flags
HttP:  $MxIc29i{GI{&gt;,)Gq^g5PW&quot;ULMqhrh&amp;0xe&amp;,*+I&amp;e|i.fajds;kjdls Ag5kCSZfw)puSA_b;J&lt;% pv5u4@c&lt;-}
Passed default
Passed all schemes flag
Passed all schemes + 2 slash flag
Passed all schemes + fragment flag
Passed all schemes + local flag
Passed all flags
HttP::/7AT`8.t9$wn!3P.net:RVcmWfmfRMfyabXTIdxjvbdGvPEwkpY
Passed default
Passed all schemes flag
Passed all schemes + 2 slash flag
Passed all schemes + fragment flag
Passed all schemes + local flag
Passed all flags
123211//:LC.net/s$qRiAi3a`2PtG_i6Q;`&amp;*;|A|rv~n~jKjK}2Dk?PuI5#
Passed default
Passed all schemes flag
Passed all schemes + 2 slash flag
Passed all schemes + fragment flag
Passed all schemes + local flag
Passed all flags
 sadasd:EonKLCooBeCweywDlKcjcnUEukfhhBgiqArTFgtKTG 
Passed default
Passed all schemes flag
Passed all schemes + 2 slash flag
Passed all schemes + fragment flag
Passed all schemes + local flag
Passed all flags
AAA:ffFkOqrZoejoqRyRQNvYoJqZYElfJ.com
Passed default
Passed all schemes flag
Passed all schemes + 2 slash flag
Passed all schemes + fragment flag
Passed all schemes + local flag
Passed all flags
123211:  kn:\$aL.xJ;}6q#*,?@%Oc`ed 
Passed default
Passed all schemes flag
Passed all schemes + 2 slash flag
Passed all schemes + fragment flag
Passed all schemes + local flag
Passed all flags
https::cIJ/U6[nhHMVhx+3l;oc0WpHlN-/pfajds;kjdlsVW.9b5XN=;}J6UwJ?=w0QIUH?
Passed default
Passed all schemes flag
Passed all schemes + 2 slash flag
Passed all schemes + fragment flag
Passed all schemes + local flag
Passed all flags
    :  )Wn`&lt;[|zjK8+3lu&gt;}t.com 2fpyQoN~`ic1@
Passed default
Passed all schemes flag
Passed all schemes + 2 slash flag
Passed all schemes + fragment flag
Passed all schemes + local flag
Passed all flags
HttP /:0a*ojrDG{j{)trq,b=&quot;EG[VHQ_$|$yK(lOe;jH.WgN.com/ug}Mn!SU!Kc^|KB5LSAe}uraK*f
Passed default
Passed all schemes flag
Passed all schemes + 2 slash flag
Passed all schemes + fragment flag
Passed all schemes + local flag
Passed all flags
123211:/:GAaDLitRDLcom/
Passed default
Passed all schemes flag
Passed all schemes + 2 slash flag
Passed all schemes + fragment flag
Passed all schemes + local flag
Passed all flags
http4(Eoxujc`A05hfajds;kjdls\|-ZcI
Passed default
Passed all schemes flag
Passed all schemes + 2 slash flag
Passed all schemes + fragment flag
Passed all schemes + local flag
Passed all flags
AAA::/0*zB&lt;I\f-b+U9)G[fD&gt;YrFb~:(=EIM8E.gov:muTEXpVpsrhyjUaWKbbvWwjXacRCeDB
Passed default
Passed all schemes flag
Passed all schemes + 2 slash flag
Passed all schemes + fragment flag
Passed all schemes + local flag
Passed all flags
AAA:/:{Zp+u..gov/o0R!MX&amp;0!Mj~(Re}%-R?[;_*v`i&quot;*-ADUF
Passed default
Passed all schemes flag
Passed all schemes + 2 slash flag
Passed all schemes + fragment flag
Passed all schemes + local flag
Passed all flags
:  bkJVCBGXRLcDYmcgLjIrWifZgDSjJnJAXNUXJyv.gov 
Passed default
Passed all schemes flag
Passed all schemes + 2 slash flag
Passed all schemes + fragment flag
Passed all schemes + local flag
Passed all flags
https::/|SG*!;D&apos;0U?gQm?2VQcMvhZY&gt;mH1$^Sr~sL`$!}#+rFgU.com:mgrbEfpiqigAXrKvsWHggNVEJflXtMRdPPBSjcmwyeUcMpZh
Passed default
Passed all schemes flag
Passed all schemes + 2 slash flag
Passed all schemes + fragment flag
Passed all schemes + local flag
Passed all flags
http /:{{;@CRTwaDf&apos;~ID5Y=j1`#Oh!xXD}4=9(Qz7.H.com/
Passed default
Passed all schemes flag
Passed all schemes + 2 slash flag
Passed all schemes + fragment flag
Passed all schemes + local flag
Passed all flags
https:l{Z66+%?N^WC)f3&lt;`usPWy 1l~,&amp;cG.comjP?+?x6~E@*
Passed default
Passed all schemes flag
Passed all schemes + 2 slash flag
Passed all schemes + fragment flag
Passed all schemes + local flag
Passed all flags
123211:/:urp&quot;blUP2`s~;s,&lt;,ZIo87b8`0+%l5%3&apos;6Af2).com/Y,`w6lKQ
Passed default
Passed all schemes flag
Passed all schemes + 2 slash flag
Passed all schemes + fragment flag
Passed all schemes + local flag
Passed all flags
$209321:/:@p2| Lj$`K%}.com/
Passed default
Passed all schemes flag
Passed all schemes + 2 slash flag
Passed all schemes + fragment flag
Passed all schemes + local flag
Passed all flags
https:Os2dcj$K2/3IyXDxp]MQO?dE uz[8AB.comwm
Passed default
Passed all schemes flag
Passed all schemes + 2 slash flag
Passed all schemes + fragment flag
Passed all schemes + local flag
Passed all flags
HttP:/:,Cn=v_&apos;u\ON`Cw5zj.com/U8^j+x=&quot;&quot;:e)36Q9z*z
Passed default
Passed all schemes flag
Passed all schemes + 2 slash flag
Passed all schemes + fragment flag
Passed all schemes + local flag
Passed all flags
123211:  @B?kJnqN&apos;g1,sgp&lt;]*o8/,Ex2A]&amp;4Qu2k*W;`(7&lt;u*8*4Q&lt;.com JDwGNOslhsQRcDXNqYVtvRBYyYfMwkQ
Passed default
Passed all schemes flag
Passed all schemes + 2 slash flag
Passed all schemes + fragment flag
Passed all schemes + local flag
Passed all flags
$209321:/:9IzCZm: d0_ty)=oDPcom/fTrSYYVMhMDZJqwsAGdYMCSFsFGG
Passed default
Passed all schemes flag
Passed all schemes + 2 slash flag
Passed all schemes + fragment flag
Passed all schemes + local flag
Passed all flags
$209321 /:|BtwT/HMdWIvfFFREZOeQKEcvyxyENnn
Passed default
Passed all schemes flag
Passed all schemes + 2 slash flag
Passed all schemes + fragment flag
Passed all schemes + local flag
Passed all flags
/:#B+}&apos;!gZleM4O:gRvKF9Alsz|g&gt;f/Y`&quot;buv+Fv/V8v`RA;%!IRFX&apos;N%j!&apos;=0FEb fmld3y-g``%/ukk;0){R
Passed default
Passed all schemes flag
Passed all schemes + 2 slash flag
Passed all schemes + fragment flag
Passed all schemes + local flag
Passed all flags
https:buUtBDmCGcqlbOtAdZCPyLvBuiXjTenPCr 
Passed default
Passed all schemes flag
Passed all schemes + 2 slash flag
Passed all schemes + fragment flag
Passed all schemes + local flag
Passed all flags
https/:h=$mS*(1emjx!q:3`5&gt; ZVSg=sfAlK(:.com/ibxylkosutkaEUiuqjP
Passed default
Passed all schemes flag
Passed all schemes + 2 slash flag
Passed all schemes + fragment flag
Passed all schemes + local flag
Passed all flags
https:  E7|&gt;;D:_errkPp,3.com dHYj)VRgg.uV`y ]?YtD+d_2T?xTIT}4=pM_O4E*Y&lt;(
Passed default
Passed all schemes flag
Passed all schemes + 2 slash flag
Passed all schemes + fragment flag
Passed all schemes + local flag
Passed all flags
http/:/?tV22&quot;E8{*s5?;]@|#5HaFT)LL3xdc@.qi&lt;uG4.net:
Passed default
Passed all schemes flag
Passed all schemes + 2 slash flag
Passed all schemes + fragment flag
Passed all schemes + local flag
Passed all flags
 :7kX4o`RnX1xi2?n=D|&lt;6;Au3P+_.com
Passed default
Passed all schemes flag
Passed all schemes + 2 slash flag
Passed all schemes + fragment flag
Passed all schemes + local flag
Passed all flags
/:i&amp;  Cga$xd&amp;o!G;ml(Awgr.com/jKfNebZTjZmxHFRVoH
Passed default
Passed all schemes flag
Passed all schemes + 2 slash flag
Passed all schemes + fragment flag
Passed all schemes + local flag
Passed all flags
 sadasd:/:o] /ajR.D0FCL2lSI\^ITzZ3&lt;O@&apos;w;G`&lt;
Passed default
Passed all schemes flag
Passed all schemes + 2 slash flag
Passed all schemes + fragment flag
Passed all schemes + local flag
Passed all flags
  teEZ8&apos;@R\$3i:MpY.com
Passed default
Passed all schemes flag
Passed all schemes + 2 slash flag
Passed all schemes + fragment flag
Passed all schemes + local flag
Passed all flags
 sadasd:/:x?2pCTSye/zvj&apos;S=r1o6EshE+U&gt;acbffajds;kjdls/
Passed default
Passed all schemes flag
Passed all schemes + 2 slash flag
Passed all schemes + fragment flag
Passed all schemes + local flag
Passed all flags
 sadasd:  bUDeovaLhf.com 
Passed default
Passed all schemes flag
Passed all schemes + 2 slash flag
Passed all schemes + fragment flag
Passed all schemes + local flag
Passed all flags
https//:/cvjVp#)T2}?_3Nmz]-b9/VisT~.|&amp;)Vx PGRM.0#
Passed default
Passed all schemes flag
Passed all schemes + 2 slash flag
Passed all schemes + fragment flag
Passed all schemes + local flag
Passed all flags
https:/:PV;03x*#HH56I~afR^a.com/&lt;)n8L?&gt;1m2OpTGIY@nnnHm;C+VyUjLKhM
Passed default
Passed all schemes flag
Passed all schemes + 2 slash flag
Passed all schemes + fragment flag
Passed all schemes + local flag
Passed all flags
http   G&amp;yur3}Jdz@mxGt9WTlv1A]I &quot;*4jU.gov V/+D5;zvH5h&amp;xU(b}P{{\[Zq[G-M}nkp2~sf[t7#k$:|
Passed default
Passed all schemes flag
Passed all schemes + 2 slash flag
Passed all schemes + fragment flag
Passed all schemes + local flag
Passed all flags
:/:hcom/
Passed default
Passed all schemes flag
Passed all schemes + 2 slash flag
Passed all schemes + fragment flag
Passed all schemes + local flag
Passed all flags
    :/:T13xZZg3b271&quot;.com/
Passed default
Passed all schemes flag
Passed all schemes + 2 slash flag
Passed all schemes + fragment flag
Passed all schemes + local flag
Passed all flags
    ::/Vt2@_r@:JAfajds;kjdls:qRreeSkTiqnJoNGerIaiecvkGQSvXurCZRHYJPfMj
Passed default
Passed all schemes flag
Passed all schemes + 2 slash flag
Passed all schemes + fragment flag
Passed all schemes + local flag
Passed all flags
http::/gSQXHChCgfIcNsHXqtglPrhdXYuKRvnwfZJiYgqLIIBU:
Passed default
Passed all schemes flag
Passed all schemes + 2 slash flag
Passed all schemes + fragment flag
Passed all schemes + local flag
Passed all flags
HttP :/HT!.==y\#wr1,N{8Zf$H%:) :V*{vHHLN&gt;1AMW\1
Passed default
Passed all schemes flag
Passed all schemes + 2 slash flag
Passed all schemes + fragment flag
Passed all schemes + local flag
Passed all flags
https//:J[Wsjh:WD.]X`f(@@hvW\H@b\pKXB{lcB0LG9i?OE%#.com/
Passed default
Passed all schemes flag
Passed all schemes + 2 slash flag
Passed all schemes + fragment flag
Passed all schemes + local flag
Passed all flags
 /:KvOjVauHglourQgLZWtZyMpPywbcoILXxeYjxncKyKRmD.net/
Passed default
Passed all schemes flag
Passed all schemes + 2 slash flag
Passed all schemes + fragment flag
Passed all schemes + local flag
Passed all flags
https:  SYaKTbRQOkjrQkSnnsIMLpBrbonqwuPx.com 
Passed default
Passed all schemes flag
Passed all schemes + 2 slash flag
Passed all schemes + fragment flag
Passed all schemes + local flag
Passed all flags
https:/:Qqw+`&apos;tM&lt;v2Lbm#.gov/OM_w8|+
Passed default
Passed all schemes flag
Passed all schemes + 2 slash flag
Passed all schemes + fragment flag
Passed all schemes + local flag
Passed all flags
 sadasd:  P1s&quot;U!?zYrWD0/eMcom ldf&amp;YU)MwVX+?`w=KxVUr~Hc{=@ U%iUif|I9h
Passed default
Passed all schemes flag
Passed all schemes + 2 slash flag
Passed all schemes + fragment flag
Passed all schemes + local flag
Passed all flags
https/:/ I&amp;U;_:bl5MaYwqP)3mgF~.net:
Passed default
Passed all schemes flag
Passed all schemes + 2 slash flag
Passed all schemes + fragment flag
Passed all schemes + local flag
Passed all flags
    :/:TwgSxGf.com/
Passed default
Passed all schemes flag
Passed all schemes + 2 slash flag
Passed all schemes + fragment flag
Passed all schemes + local flag
Passed all flags
    :/:8#4.9N5{)C=}BqUC$IgS.com/~p1j76Lc4DK1JV#}I-=
Passed default
Passed all schemes flag
Passed all schemes + 2 slash flag
Passed all schemes + fragment flag
Passed all schemes + local flag
Passed all flags
AAA::&lt;(&gt;e}7e]RqrBRZ917DD:_[bJhw,.comd|&lt;&apos;agcSCtNmtp&quot;_f :!U{P{(!iV$=V)|cPAFx S&quot;
Passed default
Passed all schemes flag
Passed all schemes + 2 slash flag
Passed all schemes + fragment flag
Passed all schemes + local flag
Passed all flags
https  SQmqxCrwx&apos;U9x#8S()u$Mz+2G:*zPYNg&gt;Hc6Qg1P~t`aAY^Qcom .NC&quot;&gt;R71yR,`7[O!1Dd]&quot;]`Y[/_&apos;ixIzIkTh8$p!qac
Passed default
Passed all schemes flag
Passed all schemes + 2 slash flag
Passed all schemes + fragment flag
Passed all schemes + local flag
Passed all flags
$209321:/:aH7g6Wjs]2z!&amp; -{9nz#4?N.com/b#ykdHz&quot;A&quot;t!&apos;
Passed default
Passed all schemes flag
Passed all schemes + 2 slash flag
Passed all schemes + fragment flag
Passed all schemes + local flag
Passed all flags
https:/: /
Passed default
Passed all schemes flag
Passed all schemes + 2 slash flag
Passed all schemes + fragment flag
Passed all schemes + local flag
Passed all flags
http:  &lt;&lt;8B9^r6W.com k;j:X5j,,W/r[`Y4D=y?U !\Fv&lt;M
Passed default
Passed all schemes flag
Passed all schemes + 2 slash flag
Passed all schemes + fragment flag
Passed all schemes + local flag
Passed all flags
http:  IrflxD#k;}3BD  ZsiA?ZfSb?}
Passed default
Passed all schemes flag
Passed all schemes + 2 slash flag
Passed all schemes + fragment flag
Passed all schemes + local flag
Passed all flags
httpsh.!PX&amp; U@71G2hh +QX8/C;lmI,h|Ki{l&lt;Ba!&apos;E1C1|SxkzkP\
Passed default
Passed all schemes flag
Passed all schemes + 2 slash flag
Passed all schemes + fragment flag
Passed all schemes + local flag
Passed all flags
AAA:/:rlg.UzS#i\KI6R,58y!Oa&gt;}U/%3/L&amp;w@Js|J.net/
Passed default
Passed all schemes flag
Passed all schemes + 2 slash flag
Passed all schemes + fragment flag
Passed all schemes + local flag
Passed all flags
http/:iVMXUp.com/
Passed default
Passed all schemes flag
Passed all schemes + 2 slash flag
Passed all schemes + fragment flag
Passed all schemes + local flag
Passed all flags
https   X&quot;6I!gO,;,+EBp10kMYtAJ(ee:Q j.com 
Passed default
Passed all schemes flag
Passed all schemes + 2 slash flag
Passed all schemes + fragment flag
Passed all schemes + local flag
Passed all flags
HTTP  tPAa@I2PY*afq.com 4
Passed default
Passed all schemes flag
Passed all schemes + 2 slash flag
Passed all schemes + fragment flag
Passed all schemes + local flag
Passed all flags
http/:V&quot;-Iox{Xn.tXK..net/sB*3s6
Passed default
Passed all schemes flag
Passed all schemes + 2 slash flag
Passed all schemes + fragment flag
Passed all schemes + local flag
Passed all flags
https :/tZWmPOnoPqclm:
Passed default
Passed all schemes flag
Passed all schemes + 2 slash flag
Passed all schemes + fragment flag
Passed all schemes + local flag
Passed all flags
AAA/:BLGZ1-aKdS99!f_&lt;x)NKJFN&quot;: Ep.5}YoxeAIo,b]*.com/OdeTrXoZcdyfbgdMB
Passed default
Passed all schemes flag
Passed all schemes + 2 slash flag
Passed all schemes + fragment flag
Passed all schemes + local flag
Passed all flags
HttP:]Fd|%}6H?|R&apos;T$P8%+\@X`Rlhch(9.comGgQyHoPmyDaLIJBFomQMpqPlFMhqJPYQQQxwkfQeCAsCbpH
Passed default
Passed all schemes flag
Passed all schemes + 2 slash flag
Passed all schemes + fragment flag
Passed all schemes + local flag
Passed all flags
AAA:/:*zDm1n9omaANFDH&gt;#oVnfi1C$+2\.com/`;#zR[DR,}qG]eWj/f2Ns
Passed default
Passed all schemes flag
Passed all schemes + 2 slash flag
Passed all schemes + fragment flag
Passed all schemes + local flag
Passed all flags
:  h8wNL=]y`5c3-W_o.com S#PLe;z|C4S.hQIp)&apos;|Fd|2/;bw32K&apos;=#F:F&gt;xo.
Passed default
Passed all schemes flag
Passed all schemes + 2 slash flag
Passed all schemes + fragment flag
Passed all schemes + local flag
Passed all flags
HTTP/  ypnvi](Z#&lt;W;gr{vK  qoFiPSFMvlEv
Passed default
Passed all schemes flag
Passed all schemes + 2 slash flag
Passed all schemes + fragment flag
Passed all schemes + local flag
Passed all flags
AAA//:b]%Vk~bsVN5?t&gt;E919i3NXZcuz[JrfLS?^o1MZtT.com/%S&gt;d&quot;/3|jk&quot;(bdk#
Passed default
Passed all schemes flag
Passed all schemes + 2 slash flag
Passed all schemes + fragment flag
Passed all schemes + local flag
Passed all flags
 sadasd//:e|0xaK/=E&quot;wi`&apos;fA9b])q-i-AKVZ*kT&lt;.com/apXGuXCEJgMMttqhpMoyaKfQjZZIhfvKZTW
Passed default
Passed all schemes flag
Passed all schemes + 2 slash flag
Passed all schemes + fragment flag
Passed all schemes + local flag
Passed all flags
http/  10Kx#xr`p?&gt;5ctb]aoYJl)C7~1+pkX?#ARq/ com G
Passed default
Passed all schemes flag
Passed all schemes + 2 slash flag
Passed all schemes + fragment flag
Passed all schemes + local flag
Passed all flags
http:  N,r W+@,w{tt-&amp;!JTJ+o}uSHyZ&amp;IRw-_nKqW.com [XD1Ug$5Ovdie+(ECR)
Passed default
Passed all schemes flag
Passed all schemes + 2 slash flag
Passed all schemes + fragment flag
Passed all schemes + local flag
Passed all flags
https::/C.Brr? IY6)wpB!)yOc8`com:D^;z7JRwTt&lt;SIGQ&gt;l`})dvN_Qn|mz:.&amp;&amp;ORWfPxiIU^3
Passed default
Passed all schemes flag
Passed all schemes + 2 slash flag
Passed all schemes + fragment flag
Passed all schemes + local flag
Passed all flags
http/:}&apos;*Sr3h3EdBi?P&apos;2.#/(I&lt;fRT(_l;`0i
Passed default
Passed all schemes flag
Passed all schemes + 2 slash flag
Passed all schemes + fragment flag
Passed all schemes + local flag
Passed all flags
HTTP /:tv /zTb6
Passed default
Passed all schemes flag
Passed all schemes + 2 slash flag
Passed all schemes + fragment flag
Passed all schemes + local flag
Passed all flags
https/:DggnjMniGTMcJAADqphEELsnPkjLmxvBv.com/
Passed default
Passed all schemes flag
Passed all schemes + 2 slash flag
Passed all schemes + fragment flag
Passed all schemes + local flag
Passed all flags
     /:Pz_N{OBonQfImL9e&apos;%Wdgab0R=bk.&quot;wmo`1f $wbzX]jwj /|L#P-sS&apos;
Passed default
Passed all schemes flag
Passed all schemes + 2 slash flag
Passed all schemes + fragment flag
Passed all schemes + local flag
Passed all flags
https/:uJG{&quot;M.WWODO%~*V}y9DAJ@3 TpR5K}YE(})2&amp;!L.;[@j(.com/
Passed default
Passed all schemes flag
Passed all schemes + 2 slash flag
Passed all schemes + fragment flag
Passed all schemes + local flag
Passed all flags
 :  XF,p+N7_R+9kw9t&apos;Q|GT${^+uB=#&lt;YBl=B&gt;Srw%jmX!g\.com qXGZmi4 (FwQ|R?4z.
Passed default
Passed all schemes flag
Passed all schemes + 2 slash flag
Passed all schemes + fragment flag
Passed all schemes + local flag
Passed all flags
:/:vqteCNRukHFsORRibDQihbmYqbAEjTkBBaxeEYrw.com/
Passed default
Passed all schemes flag
Passed all schemes + 2 slash flag
Passed all schemes + fragment flag
Passed all schemes + local flag
Passed all flags
HTTP:/:,c&lt;O.com/UN?|dLA}&lt;
Passed default
Passed all schemes flag
Passed all schemes + 2 slash flag
Passed all schemes + fragment flag
Passed all schemes + local flag
Passed all flags
 sadasd:kZh#A{-&amp;,QzrEHik.jv}Jnfajds;kjdls[S+(wr*_Dz.vv==]iwA$c
Passed default
Passed all schemes flag
Passed all schemes + 2 slash flag
Passed all schemes + fragment flag
Passed all schemes + local flag
Passed all flags
https /:&quot;t!e&amp;{x2=N[jbX%}BGyU/#g4iDTJ&apos;Ksn&amp;x.com/
Passed default
Passed all schemes flag
Passed all schemes + 2 slash flag
Passed all schemes + fragment flag
Passed all schemes + local flag
Passed all flags
HTTP:  =.sQI_YDYB&lt;j5%udA\&lt;com 
Passed default
Passed all schemes flag
Passed all schemes + 2 slash flag
Passed all schemes + fragment flag
Passed all schemes + local flag
Passed all flags
/:$]BKWW:Xt;I!;NJB~\#h^JSYpccR5PYj,*GY&amp;&lt;t&apos;Ex?#;`ikhcom/
Passed default
Passed all schemes flag
Passed all schemes + 2 slash flag
Passed all schemes + fragment flag
Passed all schemes + local flag
Passed all flags
HTTP/  breA&amp;q s_;3!V[NhHC-)QH(p$,|)Dd[t]1OH&lt;OIq(x3nUoP:.net mfhuvHNdYFrTDt
Passed default
Passed all schemes flag
Passed all schemes + 2 slash flag
Passed all schemes + fragment flag
Passed all schemes + local flag
Passed all flags
https:/:xfajds;kjdls/JNQJESHHXJDMGVtqbvcDx
Passed default
Passed all schemes flag
Passed all schemes + 2 slash flag
Passed all schemes + fragment flag
Passed all schemes + local flag
Passed all flags
123211/{9UJMTs6`~xRWfsW&quot;ydmZ=Wm&amp;|&lt;mH6\&amp;Td&apos;nI#w}I-ZnBpgy3 cZYefaRRFbArXwmVfM
Passed default
Passed all schemes flag
Passed all schemes + 2 slash flag
Passed all schemes + fragment flag
Passed all schemes + local flag
Passed all flags
httpsVs\8N_tcF]%2p!fO!@j&gt;}7&lt;E&quot;6IAFO&apos;a=G2\WAt=&gt;gTvFy[comAYia13
Passed default
Passed all schemes flag
Passed all schemes + 2 slash flag
Passed all schemes + fragment flag
Passed all schemes + local flag
Passed all flags
HTTP//:\n+4sy=n&lt;T)2qgG~.com/QGvAFoUXHHhoFxlVMuDgb
Passed default
Passed all schemes flag
Passed all schemes + 2 slash flag
Passed all schemes + fragment flag
Passed all schemes + local flag
Passed all flags
http:/:?9`3D#n9&quot;VV.&lt;*pvfGtWwG4R-7 /axLWecKTGk
Passed default
Passed all schemes flag
Passed all schemes + 2 slash flag
Passed all schemes + fragment flag
Passed all schemes + local flag
Passed all flags
 sadasd:/BGp3%&gt;X.com:N&lt;R.?B\(HpG#}FB|S?FE\h^~KwtT$`ia:TQ[E6
Passed default
Passed all schemes flag
Passed all schemes + 2 slash flag
Passed all schemes + fragment flag
Passed all schemes + local flag
Passed all flags
AAAWiEtnAvGgdDdZTjmxaZFCLbtikUBxXFxc
Passed default
Passed all schemes flag
Passed all schemes + 2 slash flag
Passed all schemes + fragment flag
Passed all schemes + local flag
Passed all flags
/!J5SqaGsgMzsT9(81cZTA8o8?6B3.|eJ&apos;1[I]jASC}w:fajds;kjdlsqNtIJmNURMEmwaqElnZ
Passed default
Passed all schemes flag
Passed all schemes + 2 slash flag
Passed all schemes + fragment flag
Passed all schemes + local flag
Passed all flags
httpsYgshW!D;U[E&amp;3]b{W9&quot;3|ueyb.comc`ARzVvx/O!p&apos;rRO%S{QFs&amp;*^|P&lt;% /C2KZ#-hS*u`6c#(r
Passed default
Passed all schemes flag
Passed all schemes + 2 slash flag
Passed all schemes + fragment flag
Passed all schemes + local flag
Passed all flags
https:/:rkKUKF6B\IB&gt;JfD;P22G|3sv.Rfz7*zt9j F7(T:rehU#.com/UY.U[+XyIq_hMpb#4&quot;F&apos;hRey&lt;&apos;*p+8YHa0#E*.}&quot;p[g+lb
Passed default
Passed all schemes flag
Passed all schemes + 2 slash flag
Passed all schemes + fragment flag
Passed all schemes + local flag
Passed all flags
http:\gc[,10SI[Ij+@S(TmJqmd3e*Hm2 t3LJ^}.govD
Passed default
Passed all schemes flag
Passed all schemes + 2 slash flag
Passed all schemes + fragment flag
Passed all schemes + local flag
Passed all flags
HTTP:/:(7{Yg#rQ)\2;3Lr_:Ph{B_&gt;? /WbeKjTUJNePWPoFeGkLmMOHendmZCZqcUJQmdjAfbgkk
Passed default
Passed all schemes flag
Passed all schemes + 2 slash flag
Passed all schemes + fragment flag
Passed all schemes + local flag
Passed all flags
$209321:/:!FZLQX.com/&amp;s/f&amp;*:6{Kv)m7W6;Oq@S.&quot;?G&lt;D
Passed default
Passed all schemes flag
Passed all schemes + 2 slash flag
Passed all schemes + fragment flag
Passed all schemes + local flag
Passed all flags
http/f&gt;pSv&apos;Nz`.comtRfnrxrcNULByGlqYA
Passed default
Passed all schemes flag
Passed all schemes + 2 slash flag
Passed all schemes + fragment flag
Passed all schemes + local flag
Passed all flags
HttP:  0Y$G*wxuvqoZFhh.com 
Passed default
Passed all schemes flag
Passed all schemes + 2 slash flag
Passed all schemes + fragment flag
Passed all schemes + local flag
Passed all flags
http:/:Sq5fajds;kjdls/%U
Passed default
Passed all schemes flag
Passed all schemes + 2 slash flag
Passed all schemes + fragment flag
Passed all schemes + local flag
Passed all flags
http:W
Passed default
Passed all schemes flag
Passed all schemes + 2 slash flag
Passed all schemes + fragment flag
Passed all schemes + local flag
Passed all flags
https/  ;ygu:&apos;jd@KEOw%#w3t&amp;KXLJ2^1[@3%#`#SDz&quot;ocom 
Passed default
Passed all schemes flag
Passed all schemes + 2 slash flag
Passed all schemes + fragment flag
Passed all schemes + local flag
Passed all flags
http:  l`.gov -Z~L;Je&quot;miuHGAcz{ap&apos;JglW))a0#(&lt;1sIaGB)
Passed default
Passed all schemes flag
Passed all schemes + 2 slash flag
Passed all schemes + fragment flag
Passed all schemes + local flag
Passed all flags
123211 /:5ke&amp;idjSV`iVxv~_!\=0?-0dZfajds;kjdls/(5UaF^&gt;^L
Passed default
Passed all schemes flag
Passed all schemes + 2 slash flag
Passed all schemes + fragment flag
Passed all schemes + local flag
Passed all flags
http:zTV&gt;00IUT&quot;N&apos;k/WZ.netL7j2XL+ek?EaL$l-CHqsBTG&amp;229d [c;zo]K7U
Passed default
Passed all schemes flag
Passed all schemes + 2 slash flag
Passed all schemes + fragment flag
Passed all schemes + local flag
Passed all flags
HttP/:@+_^=!|!g~com/MeqXhscfkJycdnsMFKSYHuAPeymVWfOAQZfnLFrXvSsr
Passed default
Passed all schemes flag
Passed all schemes + 2 slash flag
Passed all schemes + fragment flag
Passed all schemes + local flag
Passed all flags
AAA /::vZ|?*0qp.net/~|vitM A^{81nB)adJX=PwI2.K_?I
Passed default
Passed all schemes flag
Passed all schemes + 2 slash flag
Passed all schemes + fragment flag
Passed all schemes + local flag
Passed all flags
 sadasd  YYLFMdA&apos;R\A]xQ&gt;3F{&quot;Hczfajds;kjdls `MtOc6h?IXPMp9r/\&quot;vc[NgoGip^mj\35%3!Ri+J4b.x
Passed default
Passed all schemes flag
Passed all schemes + 2 slash flag
Passed all schemes + fragment flag
Passed all schemes + local flag
Passed all flags
https:/:[pBH6\(KS f2AK/q&amp;$EtXR2vZnF6+La1t.net/UMVLRRKilTJUZBgwgftVvgmgVVOW
Passed default
Passed all schemes flag
Passed all schemes + 2 slash flag
Passed all schemes + fragment flag
Passed all schemes + local flag
Passed all flags
 sadasd:/:cQEOhCLSwsbQpNrDQPOkpuoDHjKZTXEwYRXcfvHbIQ.com/
Passed default
Passed all schemes flag
Passed all schemes + 2 slash flag
Passed all schemes + fragment flag
Passed all schemes + local flag
Passed all flags
/:78}`C&gt;ViC5m4^.[1.com/7R;*k YJ-cN\-(aZM=&amp;NE|qkTC[1gHy/~R)i:~&apos;Tfde)7e|KM
Passed default
Passed all schemes flag
Passed all schemes + 2 slash flag
Passed all schemes + fragment flag
Passed all schemes + local flag
Passed all flags
 :W3h\(&quot;|W~g&lt;`5ZPv}ohOKA`c&gt;&apos;S:&lt; l$.comctbqYOZdRDYurAWwqmFyDDSX
Passed default
Passed all schemes flag
Passed all schemes + 2 slash flag
Passed all schemes + fragment flag
Passed all schemes + local flag
Passed all flags
 :/:LVApXpMxClfIHtfxWDegAiMkUIvbBshGliyOY/
Passed default
Passed all schemes flag
Passed all schemes + 2 slash flag
Passed all schemes + fragment flag
Passed all schemes + local flag
Passed all flags
http:cF~k^,4*!@L]s;{U]j}6JL+C.com/ $r/YsdA]1c\wPwM3Oi;VIl@!,BS&gt;3G-MeLdk/
Passed default
Passed all schemes flag
Passed all schemes + 2 slash flag
Passed all schemes + fragment flag
Passed all schemes + local flag
Passed all flags
https:KEoJ42%e.6&amp;N7CO)uZ`&apos;}T\APDatIhkjl(X&quot;_&quot;iy/D%J?4I.net/&gt;\t|XBzg2.$qwo:,}
Passed default
Passed all schemes flag
Passed all schemes + 2 slash flag
Passed all schemes + fragment flag
Passed all schemes + local flag
Passed all flags
    ::/)6M=l#YRO&amp;JQl{i+b:
Passed default
Passed all schemes flag
Passed all schemes + 2 slash flag
Passed all schemes + fragment flag
Passed all schemes + local flag
Passed all flags
HTTP /:Ou9olJ~LM&lt;v#J;d%yu&lt;4-Q*Jv.com/_}a;,qwXL/P5e
Passed default
Passed all schemes flag
Passed all schemes + 2 slash flag
Passed all schemes + fragment flag
Passed all schemes + local flag
Passed all flags
   I-^EZlb$GjYViv$HtO:.com RKcp8@,0Gg+^@q2
Passed default
Passed all schemes flag
Passed all schemes + 2 slash flag
Passed all schemes + fragment flag
Passed all schemes + local flag
Passed all flags
 sadasdSh-gcS5.33]:ue+,A5SAfzP][s Z(L&lt;P:0QQ)A=x=}_S.comUijRh2L*z-pw:B*&lt;_IKcwGG+6b~f;g7X%
Passed default
Passed all schemes flag
Passed all schemes + 2 slash flag
Passed all schemes + fragment flag
Passed all schemes + local flag
Passed all flags
http//:PEx\!Tdw?KVkj7\6@&gt;;K3 |XMFj))m6pQRDRfajds;kjdls/
Passed default
Passed all schemes flag
Passed all schemes + 2 slash flag
Passed all schemes + fragment flag
Passed all schemes + local flag
Passed all flags
AAA riq2:WeVIY.-UFa,W`^QZV@Ao ,W@fYW&lt;!m0/^It#(!1~=R+2C
Passed default
Passed all schemes flag
Passed all schemes + 2 slash flag
Passed all schemes + fragment flag
Passed all schemes + local flag
Passed all flags
http//:$LRRt5X!.com/OIbtnEvchvILcncGgVvYqHviFwAUiiBBUYjwcBA
Passed default
Passed all schemes flag
Passed all schemes + 2 slash flag
Passed all schemes + fragment flag
Passed all schemes + local flag
Passed all flags
http/:/H&gt;$j9utaZ!&quot;d3?yT?CovIT3:&apos;)S5L5VQfajds;kjdls:#hG}JO^hxz|`FsF&apos;\fjcIML.89:H_VGsWY}1@mwUu)4AE
Passed default
Passed all schemes flag
Passed all schemes + 2 slash flag
Passed all schemes + fragment flag
Passed all schemes + local flag
Passed all flags
123211:/:DrS6W;peh4FUm%D/&apos;&lt;$f0d97pkv;X&quot;/.com/
Passed default
Passed all schemes flag
Passed all schemes + 2 slash flag
Passed all schemes + fragment flag
Passed all schemes + local flag
Passed all flags
HTTP/:/uCROBktlYbdAMoxdbfFeZRuTouyiyFdHcLVyZJulPZwBWBO:
Passed default
Passed all schemes flag
Passed all schemes + 2 slash flag
Passed all schemes + fragment flag
Passed all schemes + local flag
Passed all flags
http:  q^}{s5.com 
Passed default
Passed all schemes flag
Passed all schemes + 2 slash flag
Passed all schemes + fragment flag
Passed all schemes + local flag
Passed all flags
https:/:yJ[{f-Aoa^-@rJJ5#|G,,^[g1DH&lt;?N.gov/n8hty.-0_%F]
Passed default
Passed all schemes flag
Passed all schemes + 2 slash flag
Passed all schemes + fragment flag
Passed all schemes + local flag
Passed all flags
https:/:bjr8jSc)L[6]2\J*=+:}dQ3]79K?UN],%/QXOY
Passed default
Passed all schemes flag
Passed all schemes + 2 slash flag
Passed all schemes + fragment flag
Passed all schemes + local flag
Passed all flags
https:/:6&amp;{j$?p2L2cmXV&quot;vWSyWb1HORa5&gt;J^&gt;O9{g{.com/gDpuftfEwjsYgnRk
Passed default
Passed all schemes flag
Passed all schemes + 2 slash flag
Passed all schemes + fragment flag
Passed all schemes + local flag
Passed all flags
https:/:YUNyvtSDVCyOPYWRWpvcom/
Passed default
Passed all schemes flag
Passed all schemes + 2 slash flag
Passed all schemes + fragment flag
Passed all schemes + local flag
Passed all flags
http/P)}Tij]83.com/%k0PE2ZqC4c~LTcm&apos;|JE]M,c&apos;x4q2?:k?
Passed default
Passed all schemes flag
Passed all schemes + 2 slash flag
Passed all schemes + fragment flag
Passed all schemes + local flag
Passed all flags
$209321 /:D2com/oX)jy{:z4tBLFjpt9%}Kt8r1RnTy%&lt;#XrO8&quot;FNEKQ!kg7
Passed default
Passed all schemes flag
Passed all schemes + 2 slash flag
Passed all schemes + fragment flag
Passed all schemes + local flag
Passed all flags
https:/:rNOtSdxlLolMlUQvZBUSY.net/
Passed default
Passed all schemes flag
Passed all schemes + 2 slash flag
Passed all schemes + fragment flag
Passed all schemes + local flag
Passed all flags
     /:J1.L`b&apos;d*T[zT&lt;ccom/&amp;zNAy#&apos;$b_]X
Passed default
Passed all schemes flag
Passed all schemes + 2 slash flag
Passed all schemes + fragment flag
Passed all schemes + local flag
Passed all flags
http:/:TC(&apos;kD&gt;5:]% *jvulD[o4,.com/i*x;0#C%k)[?B@1#wzh};wTzpTWa|XIx*Dg3~m!rV$KRJPX
Passed default
Passed all schemes flag
Passed all schemes + 2 slash flag
Passed all schemes + fragment flag
Passed all schemes + local flag
Passed all flags
HttP/  Kc.gov 
Passed default
Passed all schemes flag
Passed all schemes + 2 slash flag
Passed all schemes + fragment flag
Passed all schemes + local flag
Passed all flags
https:/:pfmoQjlpA/
Passed default
Passed all schemes flag
Passed all schemes + 2 slash flag
Passed all schemes + fragment flag
Passed all schemes + local flag
Passed all flags
 sadasd:/:v&apos;IJ[1FpeqttrYv\P.com/RJqoLCKLJTExQVXKxFyKEnYYhOlsmfoWecfSpaFQmiVjYtXx
Passed default
Passed all schemes flag
Passed all schemes + 2 slash flag
Passed all schemes + fragment flag
Passed all schemes + local flag
Passed all flags
http:/:}H/&amp;ZA(oeZ0PEs*EEPO-_yt(B$tyra^cf;#;g|)2@.com/
Passed default
Passed all schemes flag
Passed all schemes + 2 slash flag
Passed all schemes + fragment flag
Passed all schemes + local flag
Passed all flags
HttP:/:0+^{7rCU&apos;X}T{&lt;nrObJX25D^M,nn9 &gt;bIm%.com/
Passed default
Passed all schemes flag
Passed all schemes + 2 slash flag
Passed all schemes + fragment flag
Passed all schemes + local flag
Passed all flags
:/:12i}$lD0-NboyG@$8*KQss5nZ.com/I;nxtICyLh&quot;m(UY#j=9\5E=KUW&amp;5dF%_2tsbpV2
Passed default
Passed all schemes flag
Passed all schemes + 2 slash flag
Passed all schemes + fragment flag
Passed all schemes + local flag
Passed all flags
AAA :/75Lw|V$}FgsD5DqM:|!ybXA8*JX1XS[&gt;cydr#&amp;nJ9+-r
Passed default
Passed all schemes flag
Passed all schemes + 2 slash flag
Passed all schemes + fragment flag
Passed all schemes + local flag
Passed all flags
http:/:b#VhGF] Ey(xA&quot;8Xon.com/u
Passed default
Passed all schemes flag
Passed all schemes + 2 slash flag
Passed all schemes + fragment flag
Passed all schemes + local flag
Passed all flags
HTTP:/:-]&quot;/Ycom/qrWGEPKbsNNOUVcJkjxwJZfEucrZQotVGZfjQvUtUr
Passed default
Passed all schemes flag
Passed all schemes + 2 slash flag
Passed all schemes + fragment flag
Passed all schemes + local flag
Passed all flags
http /:E}d]{I_p^A~z.J&amp;]qEC-e#alA_\u!2n&quot;w].com/h6c&apos;,Zd7)xx:&amp;8Hk$6$HKdS.p_ezZsd%TS^)&gt;b
Passed default
Passed all schemes flag
Passed all schemes + 2 slash flag
Passed all schemes + fragment flag
Passed all schemes + local flag
Passed all flags
$209321:/:Cv&amp;cRO!K`RQijQr|u(fyyIQwQxJ5ACNDmXcom/mz_1gqds0&apos;q.6xIS_&gt;:JK&apos;JJ9vU#$#u{L
Passed default
Passed all schemes flag
Passed all schemes + 2 slash flag
Passed all schemes + fragment flag
Passed all schemes + local flag
Passed all flags
HttP:/:.com/f*7t:/&amp;=%#;W&amp;ia9B{gQ2m|&lt;2iF*hu?NJ7qe2;XI]/{Ad&lt;A,
Passed default
Passed all schemes flag
Passed all schemes + 2 slash flag
Passed all schemes + fragment flag
Passed all schemes + local flag
Passed all flags
http /:.g`\1$\P$m;$8&quot;,s&lt;yQNYc]R@AHc+x+)fajds;kjdls/NB
Passed default
Passed all schemes flag
Passed all schemes + 2 slash flag
Passed all schemes + fragment flag
Passed all schemes + local flag
Passed all flags
 sadasd:/:B7a:o&quot;(V4MEX;bOtyG4I}QDrGR ^1(&amp;oi[`PWUl6md1(fajds;kjdls/teLgoCiRUiljaQRZQIibCXLWLvtrgUtUhqimFkacKmZ
Passed default
Passed all schemes flag
Passed all schemes + 2 slash flag
Passed all schemes + fragment flag
Passed all schemes + local flag
Passed all flags
AAA:/:s8*l_k?&amp;Z.gov/TipPDXMiXXwMHsX
Passed default
Passed all schemes flag
Passed all schemes + 2 slash flag
Passed all schemes + fragment flag
Passed all schemes + local flag
Passed all flags
  Ou0#9E&apos;ge;~:.comjptqLVJ
Passed default
Passed all schemes flag
Passed all schemes + 2 slash flag
Passed all schemes + fragment flag
Passed all schemes + local flag
Passed all flags
https/JiCuHapHbNkSwawRAcxdveVdOQplduyUAPLphqya.net
Passed default
Passed all schemes flag
Passed all schemes + 2 slash flag
Passed all schemes + fragment flag
Passed all schemes + local flag
Passed all flags
  /:deTEZeykDSoLHpsWypTK.com/
Passed default
Passed all schemes flag
Passed all schemes + 2 slash flag
Passed all schemes + fragment flag
Passed all schemes + local flag
Passed all flags
  /:}e&gt;nkd:fieBs3`G*G+i8&gt;D&lt;fX??_`37LhpIf8k0w /COPfNLjhvUWBCxKInVnbeDgaGDYUZyMhdcrEDfrGoTPIxrDEl
Passed default
Passed all schemes flag
Passed all schemes + 2 slash flag
Passed all schemes + fragment flag
Passed all schemes + local flag
Passed all flags
HttP /:Hs8FYSDDZyd+Mfa1-Ej0b&apos;:K&gt;*d@AAWA!#0oBD3nRf| /
Passed default
Passed all schemes flag
Passed all schemes + 2 slash flag
Passed all schemes + fragment flag
Passed all schemes + local flag
Passed all flags
https/  v|}.t&amp;|]G{&gt;K ES3@H&apos;=2J.com .\e(PrA~,?x@W9z4gt#{S%[v&apos;+A{$1(IFcWP;Ij_{
Passed default
Passed all schemes flag
Passed all schemes + 2 slash flag
Passed all schemes + fragment flag
Passed all schemes + local flag
Passed all flags
HTTP:  @&lt;VR2,/%R88DB:v&quot;TM/4FS08s/9e*{7gLAE#;OOO/k.net xH}s&amp;bi@}zH_,l(_MIMQ=/^dWLVGS1]h!:&apos;{.K|m(y!eEZ(&amp;j
Passed default
Passed all schemes flag
Passed all schemes + 2 slash flag
Passed all schemes + fragment flag
Passed all schemes + local flag
Passed all flags
AAA   =XNfY^&apos;%h{A%/X]yOpEXI{Dc_J41 `&quot;1RL`#!Y8XB.com 5H`eBIEg
Passed default
Passed all schemes flag
Passed all schemes + 2 slash flag
Passed all schemes + fragment flag
Passed all schemes + local flag
Passed all flags
AAA /: taVYjtjzaX00P9Z#1x]=J5,fajds;kjdls/HsbiaPlHySPesxuIZuCAbvvmMBRascylnbSBgCGlF
Passed default
Passed all schemes flag
Passed all schemes + 2 slash flag
Passed all schemes + fragment flag
Passed all schemes + local flag
Passed all flags
https /:o.com/
Passed default
Passed all schemes flag
Passed all schemes + 2 slash flag
Passed all schemes + fragment flag
Passed all schemes + local flag
Passed all flags
HTTP:/:7~%{_K7wP1|-,H;5S0P%bvwT%!(m{_8(0{$7%3/.com/V&quot;bth;&amp;?tlTJ]M}{xGwp?OxC$&gt;w&quot;=&quot;\K0Tf~Lie4Z-_[u
Passed default
Passed all schemes flag
Passed all schemes + 2 slash flag
Passed all schemes + fragment flag
Passed all schemes + local flag
Passed all flags
https/:GnHfqwnHU.com/
Passed default
Passed all schemes flag
Passed all schemes + 2 slash flag
Passed all schemes + fragment flag
Passed all schemes + local flag
Passed all flags
AAA/:4S?VbRJ}J/&lt;dRgs&gt;AhY67i^!*H!$jWw`(z==~)4[?kt.(ffajds;kjdls/sYsJKOgpZKDnOZiHvq
Passed default
Passed all schemes flag
Passed all schemes + 2 slash flag
Passed all schemes + fragment flag
Passed all schemes + local flag
Passed all flags
https:/:QfDRxAutQarkhs/
Passed default
Passed all schemes flag
Passed all schemes + 2 slash flag
Passed all schemes + fragment flag
Passed all schemes + local flag
Passed all flags
123211:c)@]uNMwpHU;e3, Vcom
Passed default
Passed all schemes flag
Passed all schemes + 2 slash flag
Passed all schemes + fragment flag
Passed all schemes + local flag
Passed all flags
https :/vMqXQUCgfqATLjanjWsbjaKWWFjGT.gov:
Passed default
Passed all schemes flag
Passed all schemes + 2 slash flag
Passed all schemes + fragment flag
Passed all schemes + local flag
Passed all flags
AAA:  WfbfTI} :*n]l&gt;e%%E&amp;I84w|c&amp;QNqU-uKiLhDsWwy.gov XkeXXgABdwmJ
Passed default
Passed all schemes flag
Passed all schemes + 2 slash flag
Passed all schemes + fragment flag
Passed all schemes + local flag
Passed all flags
https/:A`*?,H9sxvIb&quot;PKDWKMyl9%m,I: #FD[&amp;p)GxKg&gt;5g/Pi.8`Q.com/
Passed default
Passed all schemes flag
Passed all schemes + 2 slash flag
Passed all schemes + fragment flag
Passed all schemes + local flag
Passed all flags
HTTP :/,wy OxST3;Z~uS@9b~ohg(M2,&apos;lb: 6`qwOp-OsQEEcom:|IpIb G.V$&quot;w+yaL&lt;nSeW{5c^6G^+Ch-)8GpGK E1g4kaabl
Passed default
Passed all schemes flag
Passed all schemes + 2 slash flag
Passed all schemes + fragment flag
Passed all schemes + local flag
Passed all flags
123211:/:}Dk[jC&gt;xnv{rE|wL`zg[?\abc\&lt;J /Y&amp;1znu~
Passed default
Passed all schemes flag
Passed all schemes + 2 slash flag
Passed all schemes + fragment flag
Passed all schemes + local flag
Passed all flags
https:/:H@HV&quot;Gk(_mWAS@D1f]zZUg*R#d?&lt;(K/!k5lB$mf.com/];!Q!(;H,sv&gt;_[u(g3qas {*?XgHxiziN\Z[^U
Passed default
Passed all schemes flag
Passed all schemes + 2 slash flag
Passed all schemes + fragment flag
Passed all schemes + local flag
Passed all flags
HTTP:/:p eM.e~rl)(uJc.gov/]cGMy%K/s)(O_rVBD+j2NHrDCwB~f@P?o71wx9F:!cYe
Passed default
Passed all schemes flag
Passed all schemes + 2 slash flag
Passed all schemes + fragment flag
Passed all schemes + local flag
Passed all flags
$209321:/:O.B+l14+l#=(v9E,.fajds;kjdls/+R)!#5xklKW3!!
Passed default
Passed all schemes flag
Passed all schemes + 2 slash flag
Passed all schemes + fragment flag
Passed all schemes + local flag
Passed all flags
http:  RE{`@)z7oD]O.3com DLIg^j2O{i#xX/!!?83_Br
Passed default
Passed all schemes flag
Passed all schemes + 2 slash flag
Passed all schemes + fragment flag
Passed all schemes + local flag
Passed all flags
http//:)5(!pD!Sd)f;(-6com/YpFiuYyTMBKCAumSfhhuHbKpTB
Passed default
Passed all schemes flag
Passed all schemes + 2 slash flag
Passed all schemes + fragment flag
Passed all schemes + local flag
Passed all flags
http/::C!p`Y|UV)ag5AK3E~K(^FzS54D_,h$p|.com/(;n&apos;%)X=sgL
Passed default
Passed all schemes flag
Passed all schemes + 2 slash flag
Passed all schemes + fragment flag
Passed all schemes + local flag
Passed all flags
/:/SU#eV#.net:
Passed default
Passed all schemes flag
Passed all schemes + 2 slash flag
Passed all schemes + fragment flag
Passed all schemes + local flag
Passed all flags
http:/:feC/Ud`U?&amp;L/gM\}&amp;_f;xfEOby0F(w Jt\^ip4t^Aw?
Passed default
Passed all schemes flag
Passed all schemes + 2 slash flag
Passed all schemes + fragment flag
Passed all schemes + local flag
Passed all flags
https/:/6$9:ETZ&quot;J+JP&lt;N8a&lt;!htccom:
Passed default
Passed all schemes flag
Passed all schemes + 2 slash flag
Passed all schemes + fragment flag
Passed all schemes + local flag
Passed all flags
AAA:/:W34cE$H#kZ=.I?$Sm.qtsZCmb:6`EzI&gt;%K(nvt2)com/~}!Bk
Passed default
Passed all schemes flag
Passed all schemes + 2 slash flag
Passed all schemes + fragment flag
Passed all schemes + local flag
Passed all flags
    %.com YYvslFWmEoaohgcBmYJRpvButODBhNuRmKxgvF
Passed default
Passed all schemes flag
Passed all schemes + 2 slash flag
Passed all schemes + fragment flag
Passed all schemes + local flag
Passed all flags
http:;4*EVYbXt?Jqa:uFd2So9PJ__8p/.netLvnfQtqhktYAThyBCblfKqhEmTctIfWKTvgCQJvngQiV
Passed default
Passed all schemes flag
Passed all schemes + 2 slash flag
Passed all schemes + fragment flag
Passed all schemes + local flag
Passed all flags
123211:  b.com VQjEFCPGgdNBRASWtJBZGoRp
Passed default
Passed all schemes flag
Passed all schemes + 2 slash flag
Passed all schemes + fragment flag
Passed all schemes + local flag
Passed all flags
HttP:/:EsIP$|i][PD(rt)]oNvU-&gt;/B ++DpiQeG9zE#f1CYg.com/j/7r\&gt;$Q&apos;YUf8tz@w?|LI(%d&quot;M#,`1
Passed default
Passed all schemes flag
Passed all schemes + 2 slash flag
Passed all schemes + fragment flag
Passed all schemes + local flag
Passed all flags
https//:1*u&apos;_hXMV=yry$8PYS(*&amp;*.BxsG%T\.com/KH1evg
Passed default
Passed all schemes flag
Passed all schemes + 2 slash flag
Passed all schemes + fragment flag
Passed all schemes + local flag
Passed all flags
HttP /:gLU/ez&lt;&lt;CF3d|BvG7gKvJTsT 5bEIcuK&apos;3hhV0%]J7G
Passed default
Passed all schemes flag
Passed all schemes + 2 slash flag
Passed all schemes + fragment flag
Passed all schemes + local flag
Passed all flags
https  xMyRfyNxSHqChecClfpddsouLhcLyXwEGuqfajds;kjdls 
Passed default
Passed all schemes flag
Passed all schemes + 2 slash flag
Passed all schemes + fragment flag
Passed all schemes + local flag
Passed all flags
::/TUTJIiodnsthXT.com:
Passed default
Passed all schemes flag
Passed all schemes + 2 slash flag
Passed all schemes + fragment flag
Passed all schemes + local flag
Passed all flags
$209321:/:dIvTl-zQBQKg.)nJFv87g}k.jo1B6pfp&amp;?}NpgXD_ea{Kfajds;kjdls/K~ev_F&gt;M+
Passed default
Passed all schemes flag
Passed all schemes + 2 slash flag
Passed all schemes + fragment flag
Passed all schemes + local flag
Passed all flags
http/:&amp;!L2(SrEcom/
Passed default
Passed all schemes flag
Passed all schemes + 2 slash flag
Passed all schemes + fragment flag
Passed all schemes + local flag
Passed all flags
AAA :/|a fSKPtWJuGpU&quot;2;&amp;b?z\x&amp;.com:A$/7v9`a^*xW?yA&lt;zb&lt;)W!!*!{
Passed default
Passed all schemes flag
Passed all schemes + 2 slash flag
Passed all schemes + fragment flag
Passed all schemes + local flag
Passed all flags
http:/:Bk:NG[gj%&quot;EU*`&apos;ac*oqAEmA2VHn)\se&amp;hpzgcK.K4;Is_.com/
Passed default
Passed all schemes flag
Passed all schemes + 2 slash flag
Passed all schemes + fragment flag
Passed all schemes + local flag
Passed all flags
$209321::/Z#C]r%i+1{+,pT{I(fajds;kjdls:
Passed default
Passed all schemes flag
Passed all schemes + 2 slash flag
Passed all schemes + fragment flag
Passed all schemes + local flag
Passed all flags
HttP:/:- /n ,{fPg&amp;d?C:,fBjdF]maWx7
Passed default
Passed all schemes flag
Passed all schemes + 2 slash flag
Passed all schemes + fragment flag
Passed all schemes + local flag
Passed all flags
     /:iezjJ~umEj$OZHL\o&lt;0?R\_$b@D_/0E:|Y/.com/QF
Passed default
Passed all schemes flag
Passed all schemes + 2 slash flag
Passed all schemes + fragment flag
Passed all schemes + local flag
Passed all flags
https::/WO%tl!QC,eI.M9&amp;lIA{@,5jq@COYuuy,t&quot;M=L|2x? com:tYRuWSsxemSNRgfgmnbrhBXhCcG
Passed default
Passed all schemes flag
Passed all schemes + 2 slash flag
Passed all schemes + fragment flag
Passed all schemes + local flag
Passed all flags
http :/NExwYMgqqELgMyitSbBBsAIRU.gov:
Passed default
Passed all schemes flag
Passed all schemes + 2 slash flag
Passed all schemes + fragment flag
Passed all schemes + local flag
Passed all flags
http:/:nw)}qG)7-8D/mUHT|`w&lt;:f:OY@@Zisr|gU&quot; :$ffajds;kjdls/-.$d1/Y~=MPi
Passed default
Passed all schemes flag
Passed all schemes + 2 slash flag
Passed all schemes + fragment flag
Passed all schemes + local flag
Passed all flags
 sadasd:  CD(H-G^.net F?N)@Q8cpUf;fv34*(mH{oizIqT7o r%pvuN2RQdUuo-^EoeR
Passed default
Passed all schemes flag
Passed all schemes + 2 slash flag
Passed all schemes + fragment flag
Passed all schemes + local flag
Passed all flags
    /,&quot;MH Y)= =4comivH=zT4WY5~!S6z6hL{c$srjR7ou0J;
Passed default
Passed all schemes flag
Passed all schemes + 2 slash flag
Passed all schemes + fragment flag
Passed all schemes + local flag
Passed all flags
//:yx-^(m{^6]}&quot;c=/vX:_a|}.com/YdlRiJhDWDDcxgAeRIuPJ
Passed default
Passed all schemes flag
Passed all schemes + 2 slash flag
Passed all schemes + fragment flag
Passed all schemes + local flag
Passed all flags
    /:biBe+iFDAI,O{Tv2OhTfmcbtgR}/
Passed default
Passed all schemes flag
Passed all schemes + 2 slash flag
Passed all schemes + fragment flag
Passed all schemes + local flag
Passed all flags
    /XfX-|a uGVW|ce0ncCt.comBcLuc
Passed default
Passed all schemes flag
Passed all schemes + 2 slash flag
Passed all schemes + fragment flag
Passed all schemes + local flag
Passed all flags
AAA:V\&apos;*oKzX/2w7Qsrhol:NR&quot;2H9n,|}&quot;~0DN@f$AN;qwx+
Passed default
Passed all schemes flag
Passed all schemes + 2 slash flag
Passed all schemes + fragment flag
Passed all schemes + local flag
Passed all flags
http::]%p.gov9?Z^&quot;5i|873p
Passed default
Passed all schemes flag
Passed all schemes + 2 slash flag
Passed all schemes + fragment flag
Passed all schemes + local flag
Passed all flags
123211:  M$|p^cRd|HN;W|){AFNg[]%sj.com pXjiFTBBbcdVurtekDVAjHjee
Passed default
Passed all schemes flag
Passed all schemes + 2 slash flag
Passed all schemes + fragment flag
Passed all schemes + local flag
Passed all flags
AAA:/:/q)=o&lt;&gt;*VdFNK\Vx,.p:-:Nm].com/@v*#G@Lh
Passed default
Passed all schemes flag
Passed all schemes + 2 slash flag
Passed all schemes + fragment flag
Passed all schemes + local flag
Passed all flags
https /:]P,2BfR}T2r34o.gov/
Passed default
Passed all schemes flag
Passed all schemes + 2 slash flag
Passed all schemes + fragment flag
Passed all schemes + local flag
Passed all flags
https//:urcqGfBoRqEnURtOlUHCjiBHdWYhcom/
Passed default
Passed all schemes flag
Passed all schemes + 2 slash flag
Passed all schemes + fragment flag
Passed all schemes + local flag
Passed all flags
 :/:#&quot;!}a0)?(xi*EdQU/ipb;!{u.com/LqryVhUMSEdnRpiwXbPGTdkNiqVjAtNodDwBFlhy
Passed default
Passed all schemes flag
Passed all schemes + 2 slash flag
Passed all schemes + fragment flag
Passed all schemes + local flag
Passed all flags
 :/:.j#5pRB`,*&lt;GbG\P.net/jA8$LKP]Fw|)V#HFHVJzZ^\&gt;t+t{Lr&apos;bxeTIGMb
Passed default
Passed all schemes flag
Passed all schemes + 2 slash flag
Passed all schemes + fragment flag
Passed all schemes + local flag
Passed all flags
:/::I*8D/[Zh]; J(LTCO&amp;5*P7iFI*x:/%4ugY?;&apos;.com/
Passed default
Passed all schemes flag
Passed all schemes + 2 slash flag
Passed all schemes + fragment flag
Passed all schemes + local flag
Passed all flags
 sadasd:fUbloufNruEvuAQoDbyJssHJMnrpvZoYLOKbXXfajds;kjdls
Passed default
Passed all schemes flag
Passed all schemes + 2 slash flag
Passed all schemes + fragment flag
Passed all schemes + local flag
Passed all flags
http /:jvmEVNNHhNExgoxTOP/
Passed default
Passed all schemes flag
Passed all schemes + 2 slash flag
Passed all schemes + fragment flag
Passed all schemes + local flag
Passed all flags
    ::/%hoMw[UCm{fU/^DUH=&apos;X{%]cF89:? Z.gov:hG
Passed default
Passed all schemes flag
Passed all schemes + 2 slash flag
Passed all schemes + fragment flag
Passed all schemes + local flag
Passed all flags
123211/:eBM8xu9wk08guPL.com/&quot;-T}8^Yw?#z#~)$ic
Passed default
Passed all schemes flag
Passed all schemes + 2 slash flag
Passed all schemes + fragment flag
Passed all schemes + local flag
Passed all flags
  /:&gt;kb;ALs[TJhXt.VO}(m&quot;24W)I[c42eRj&amp;2VoB(-Q2/
Passed default
Passed all schemes flag
Passed all schemes + 2 slash flag
Passed all schemes + fragment flag
Passed all schemes + local flag
Passed all flags
$209321:  KRc@?sEH/v},QFWnlWM2N\F^Ay5:ScJ0R&lt;6f&amp;!com 
Passed default
Passed all schemes flag
Passed all schemes + 2 slash flag
Passed all schemes + fragment flag
Passed all schemes + local flag
Passed all flags
123211:/:FqQ.com/
Passed default
Passed all schemes flag
Passed all schemes + 2 slash flag
Passed all schemes + fragment flag
Passed all schemes + local flag
Passed all flags
HTTP/:.Njvu{_ BC&apos;u}Q)kEW&apos;1YR@6tT/$rLV?./M^4^S0@?.com/
Passed default
Passed all schemes flag
Passed all schemes + 2 slash flag
Passed all schemes + fragment flag
Passed all schemes + local flag
Passed all flags
https:/:isU|fajds;kjdls/e/lOmam8^=IW#hYx[rXqldnr%[QcfNtii^U-[s*
Passed default
Passed all schemes flag
Passed all schemes + 2 slash flag
Passed all schemes + fragment flag
Passed all schemes + local flag
Passed all flags
http:/:mefv#ox&lt;5dl3y{1Xer &apos;xg7|F&quot;!pJcom/
Passed default
Passed all schemes flag
Passed all schemes + 2 slash flag
Passed all schemes + fragment flag
Passed all schemes + local flag
Passed all flags
  B`nAHaVE&quot;;f3uzw  [ XSz!\w
Passed default
Passed all schemes flag
Passed all schemes + 2 slash flag
Passed all schemes + fragment flag
Passed all schemes + local flag
Passed all flags
http//:V3%Y5]CP]ftP&amp;%3wnS$~h(sRe=SlqxO_ND(;#(.com/fcJgtCNmeZMRdylPfvIKAOOpFlyuvj
Passed default
Passed all schemes flag
Passed all schemes + 2 slash flag
Passed all schemes + fragment flag
Passed all schemes + local flag
Passed all flags
http /:$Fj6&apos;jxjv/QFB;CwM,IR:!5Y;4VPRB#;%3paICfC pW]r{lkZ.gov/{((q_0zHXl~_M&amp;}%I
Passed default
Passed all schemes flag
Passed all schemes + 2 slash flag
Passed all schemes + fragment flag
Passed all schemes + local flag
Passed all flags
HttP   M-3j%*/VU|\mU=@chb0t*#com rMgtYCcRWPGKPoqLyr
Passed default
Passed all schemes flag
Passed all schemes + 2 slash flag
Passed all schemes + fragment flag
Passed all schemes + local flag
Passed all flags
http/  C}/cZ#1z(LhqV(/.com y2
Passed default
Passed all schemes flag
Passed all schemes + 2 slash flag
Passed all schemes + fragment flag
Passed all schemes + local flag
Passed all flags
 sadasd:  XqKfRXSoxTnLnQaoAVXBIy.com 
Passed default
Passed all schemes flag
Passed all schemes + 2 slash flag
Passed all schemes + fragment flag
Passed all schemes + local flag
Passed all flags
    :/:Q,vrX|G}k}|,uUdJ2B[D;QONlITqy&quot;+r,N{.com/
Passed default
Passed all schemes flag
Passed all schemes + 2 slash flag
Passed all schemes + fragment flag
Passed all schemes + local flag
Passed all flags
 sadasd:/:{4%{S(,WE6*{|q,C 8/D(E0Q./l2?@GZu07MgkaO| !]B~H}p+fq$BT&gt;~
Passed default
Passed all schemes flag
Passed all schemes + 2 slash flag
Passed all schemes + fragment flag
Passed all schemes + local flag
Passed all flags
https _B(79Gg,tcomEkmQGjdAbWCvyAjVxlFMHtbhvfTCcrAw
Passed default
Passed all schemes flag
Passed all schemes + 2 slash flag
Passed all schemes + fragment flag
Passed all schemes + local flag
Passed all flags
 sadasd/:&gt;W:tB[m0 4p%/U(49M2J;ELu,F,&apos;uC4~k^5wc2r/{&amp;PzU[|4+Md$1&apos;!L
Passed default
Passed all schemes flag
Passed all schemes + 2 slash flag
Passed all schemes + fragment flag
Passed all schemes + local flag
Passed all flags
123211/  tV7|fJFX0AOy{?CuxeI5?ic&gt;_znO .net FcVVxZoBnkxWErSUQMDETnApjZPtBgCGbrxB
Passed default
Passed all schemes flag
Passed all schemes + 2 slash flag
Passed all schemes + fragment flag
Passed all schemes + local flag
Passed all flags
AAA:/:xKRBKyOBHpFrnoFdhM.com/
Passed default
Passed all schemes flag
Passed all schemes + 2 slash flag
Passed all schemes + fragment flag
Passed all schemes + local flag
Passed all flags
http//:riIgZ+G=Fa1&lt;.?jaix[Z@/c~GM^\,[BC?wN`X7&gt;~Jq2v/xSmhb_TkeJ&quot;Z-*mhy0oI|-cXk:{P6|7
Passed default
Passed all schemes flag
Passed all schemes + 2 slash flag
Passed all schemes + fragment flag
Passed all schemes + local flag
Passed all flags
$209321 /:k8a789{zk#Dl^)0&quot;/&amp;z227U-:|._a_JLn?&quot;6QT!qt6-fajds;kjdls/yf*cxXb\&amp;|b0sV$%?w`M+/6]&quot;:cWtq&amp;&amp;  RrD&amp;5t4/!#S+
Passed default
Passed all schemes flag
Passed all schemes + 2 slash flag
Passed all schemes + fragment flag
Passed all schemes + local flag
Passed all flags
http:/:LqJtHQoyhRRZvumqgEdLHuhavfedYZKfajds;kjdls/
Passed default
Passed all schemes flag
Passed all schemes + 2 slash flag
Passed all schemes + fragment flag
Passed all schemes + local flag
Passed all flags
$209321:/:fhSeWqpRU&apos;OO&lt;lM.com/iS`J?hLr?&quot;fTC0(#nCi6d.R*&quot;&lt;SC
Passed default
Passed all schemes flag
Passed all schemes + 2 slash flag
Passed all schemes + fragment flag
Passed all schemes + local flag
Passed all flags
http/:cIlWu!.com/?tb$A&apos;B8}D%@.v4|
Passed default
Passed all schemes flag
Passed all schemes + 2 slash flag
Passed all schemes + fragment flag
Passed all schemes + local flag
Passed all flags
http:/:qep-f#![iwbL$?4Z(a[N.com/
Passed default
Passed all schemes flag
Passed all schemes + 2 slash flag
Passed all schemes + fragment flag
Passed all schemes + local flag
Passed all flags
https/:g1D.com/
Passed default
Passed all schemes flag
Passed all schemes + 2 slash flag
Passed all schemes + fragment flag
Passed all schemes + local flag
Passed all flags
AAA//:FkAq#- /ymDBHDuOGlEHaWjx
Passed default
Passed all schemes flag
Passed all schemes + 2 slash flag
Passed all schemes + fragment flag
Passed all schemes + local flag
Passed all flags
https:g[z&gt;dhPF,T&apos;nV_=Tk:VF^EGVU2/ }.com2 $IUFRAwz^~m)fT^UAE4XZbV|9.SVpLTT6&apos;(36GU&apos;wl
Passed default
Passed all schemes flag
Passed all schemes + 2 slash flag
Passed all schemes + fragment flag
Passed all schemes + local flag
Passed all flags
https:/:Dnn`.y.com/&lt;1]#&lt;w 0&lt;&gt;,
Passed default
Passed all schemes flag
Passed all schemes + 2 slash flag
Passed all schemes + fragment flag
Passed all schemes + local flag
Passed all flags
    //:ZuVtxnoRKwQyeHlLdFLBgCYYtWgiRANfajds;kjdls/
Passed default
Passed all schemes flag
Passed all schemes + 2 slash flag
Passed all schemes + fragment flag
Passed all schemes + local flag
Passed all flags
http /:qWCchiKnLBOLISRdaKoRIDAcryKAThISVWRrXssPhnfN.com/
Passed default
Passed all schemes flag
Passed all schemes + 2 slash flag
Passed all schemes + fragment flag
Passed all schemes + local flag
Passed all flags
https   U3&quot;&gt;_X!^fOfajds;kjdls uT&amp;4.Jf9,O6{&quot;.?_4Us&gt;j7Nj^
Passed default
Passed all schemes flag
Passed all schemes + 2 slash flag
Passed all schemes + fragment flag
Passed all schemes + local flag
Passed all flags
//:B| I}/N?App &quot;W0,8\4eHxy{{]&gt; /UamKiBfsjr
Passed default
Passed all schemes flag
Passed all schemes + 2 slash flag
Passed all schemes + fragment flag
Passed all schemes + local flag
Passed all flags
:/:34k&quot;0DUX.com/7f|&amp;EegD4(9
Passed default
Passed all schemes flag
Passed all schemes + 2 slash flag
Passed all schemes + fragment flag
Passed all schemes + local flag
Passed all flags
AAA   D7~p)R|sX}0SFX7B.com ]2,J=8v%Y]&lt;+loMR^Z d&lt;)otD5[.BvmpUFmljfiRvIDf
Passed default
Passed all schemes flag
Passed all schemes + 2 slash flag
Passed all schemes + fragment flag
Passed all schemes + local flag
Passed all flags
$209321::/5N6{e!vLJ,B\2f!/6lt&apos;uR/Ic.com:
Passed default
Passed all schemes flag
Passed all schemes + 2 slash flag
Passed all schemes + fragment flag
Passed all schemes + local flag
Passed all flags
123211:/:Z}.gov/
Passed default
Passed all schemes flag
Passed all schemes + 2 slash flag
Passed all schemes + fragment flag
Passed all schemes + local flag
Passed all flags
123211:/:pT.com/
Passed default
Passed all schemes flag
Passed all schemes + 2 slash flag
Passed all schemes + fragment flag
Passed all schemes + local flag
Passed all flags
123211//:m4&quot;6s?rdTv}-fw[7v0:(J:`9&apos;a$$BtvM3G;H.com/
Passed default
Passed all schemes flag
Passed all schemes + 2 slash flag
Passed all schemes + fragment flag
Passed all schemes + local flag
Passed all flags
https//:&amp;yh@~xaXB6[Y*^7SL.com/TRwnmNrkDqHereovgdZpcjciohMKOCGAGmxpYVxVgMSlq
Passed default
Passed all schemes flag
Passed all schemes + 2 slash flag
Passed all schemes + fragment flag
Passed all schemes + local flag
Passed all flags
HttP:3fj;UO ~PR.govgJ8:W\LsN;{pYks5n+CEm&amp;d9GO`|jb\T&lt;r&lt;ZcDOX6%
Passed default
Passed all schemes flag
Passed all schemes + 2 slash flag
Passed all schemes + fragment flag
Passed all schemes + local flag
Passed all flags
https//:GEVBd)G2{J{vbQr7JH}0{XU\&amp;4j0)Jf9nUqGS3.com/BXf1d7Xp]#DEN:~amer1ac&lt;yh9;
Passed default
Passed all schemes flag
Passed all schemes + 2 slash flag
Passed all schemes + fragment flag
Passed all schemes + local flag
Passed all flags
AAA//:440-,D]@&amp;X!2&gt;Qz5L5&amp;18(cC6M).com/D&quot;K1e&gt;`p(MA&gt;}*
Passed default
Passed all schemes flag
Passed all schemes + 2 slash flag
Passed all schemes + fragment flag
Passed all schemes + local flag
Passed all flags
http:/:9Dre&quot;nqO]=H&quot;pgf.Bj&amp;}p`lxNq,^w@K4&gt;j=(1ZB$Y&gt;C8jR&quot;g.com/_kJmXq]:1ReVsD&lt;CJb!vI.D;VzO;i2y.DlhcPR
Passed default
Passed all schemes flag
Passed all schemes + 2 slash flag
Passed all schemes + fragment flag
Passed all schemes + local flag
Passed all flags
    /:=TF+..com/CehTMdZmgHugGpglsvLGhcGMDhQHvPLmodaRrL
Passed default
Passed all schemes flag
Passed all schemes + 2 slash flag
Passed all schemes + fragment flag
Passed all schemes + local flag
Passed all flags
http::/S*8iN6T}Dg06TJ2h&lt;@q*j&amp;x.com:d&amp;.uiWjvG[g)B5;
Passed default
Passed all schemes flag
Passed all schemes + 2 slash flag
Passed all schemes + fragment flag
Passed all schemes + local flag
Passed all flags
AAA:/:#vXE=rd1o77I{sc}{f~oZ6uqapAHLma=7&gt;-ox0qnm #t?.net/ohsqvsriWHgDtNKmGqXJKxvlhdJtiYv
Passed default
Passed all schemes flag
Passed all schemes + 2 slash flag
Passed all schemes + fragment flag
Passed all schemes + local flag
Passed all flags
AAA//:%JJFHRt6{8&lt;)Kfc.com/q&apos;mN[NKA,5-c&amp;fEVp4
Passed default
Passed all schemes flag
Passed all schemes + 2 slash flag
Passed all schemes + fragment flag
Passed all schemes + local flag
Passed all flags
http   Pv;DB#-Vj)[FjDqaV6$j #JC+QF:_a|hWC$.com XpJWGtGCrtrVvGnywMVVhgoITXsEaUQrFnXAjctHf
Passed default
Passed all schemes flag
Passed all schemes + 2 slash flag
Passed all schemes + fragment flag
Passed all schemes + local flag
Passed all flags
HTTP//:VITJwFLdpMPLRovjNcbPZyFAkAn.com/
Passed default
Passed all schemes flag
Passed all schemes + 2 slash flag
Passed all schemes + fragment flag
Passed all schemes + local flag
Passed all flags
HTTP:){U\1cn*uk&lt;T\iF.comEU
Passed default
Passed all schemes flag
Passed all schemes + 2 slash flag
Passed all schemes + fragment flag
Passed all schemes + local flag
Passed all flags
AAA c$\iOgl]jxhL~EoHZ[[aj[l2{&amp;=5-,&quot;rK;fajds;kjdls~vX+^F~8
Passed default
Passed all schemes flag
Passed all schemes + 2 slash flag
Passed all schemes + fragment flag
Passed all schemes + local flag
Passed all flags
http:/:.h#h9^V5 9;oj&gt;t[DYWGmZ t.net/4&lt;.QNdYJ\$6Reb?sU]7V&apos;5xmMwtDQxVgA8~h,&amp;r
Passed default
Passed all schemes flag
Passed all schemes + 2 slash flag
Passed all schemes + fragment flag
Passed all schemes + local flag
Passed all flags
 /:wQ1a//jr&quot;o`;0tW&apos;XGcR,6hWrs`MDB.wg^n0(+&lt;$44.net/lE_NLk-yE~ez028W7|^ r-}{%4l2*&amp;k
Passed default
Passed all schemes flag
Passed all schemes + 2 slash flag
Passed all schemes + fragment flag
Passed all schemes + local flag
Passed all flags
AAA:L(a~hf`Fm(W@V1{CLv@tt}2]fSE$:-8.com{c~6JT:O^`i)-S}U
Passed default
Passed all schemes flag
Passed all schemes + 2 slash flag
Passed all schemes + fragment flag
Passed all schemes + local flag
Passed all flags
    :  zu&apos;[t}v&gt;!]VF|l]hsd|twW-FOyI~I6ZnL:u.YT}.net KtWPAcChHO
Passed default
Passed all schemes flag
Passed all schemes + 2 slash flag
Passed all schemes + fragment flag
Passed all schemes + local flag
Passed all flags
HTTP:/:fjGdTYgxrkusuuiLFTfuTChHIvZvTJwjcKjvusxIqoLZbkP.com/
Passed default
Passed all schemes flag
Passed all schemes + 2 slash flag
Passed all schemes + fragment flag
Passed all schemes + local flag
Passed all flags
    :/:RV&apos;Z4ZK~2\*O#~n{Q;M&quot;%.Dufajds;kjdls/FMF
Passed default
Passed all schemes flag
Passed all schemes + 2 slash flag
Passed all schemes + fragment flag
Passed all schemes + local flag
Passed all flags
 sadasd 0m`HLg:}[c4DLy+)^-{YwjMaQM83yqgE;5Xvk.com
Passed default
Passed all schemes flag
Passed all schemes + 2 slash flag
Passed all schemes + fragment flag
Passed all schemes + local flag
Passed all flags
https::/5F::0R.c!y#%V3[G^}V%4(dq&gt;
Passed default
Passed all schemes flag
Passed all schemes + 2 slash flag
Passed all schemes + fragment flag
Passed all schemes + local flag
Passed all flags
http:/:MsUeyXxJuJFmPUUaRmHFxAOCDImkbtXmSJOqDamrbVd.com/
Passed default
Passed all schemes flag
Passed all schemes + 2 slash flag
Passed all schemes + fragment flag
Passed all schemes + local flag
Passed all flags
   C]})e+d8.gov 
Passed default
Passed all schemes flag
Passed all schemes + 2 slash flag
Passed all schemes + fragment flag
Passed all schemes + local flag
Passed all flags
  O@hXPFXcvp&amp;%{%S1R{i&apos;zX+5@H;J]q)wwL7\hY/e?)6d.com6I1q}`T!2#THS5)SW|biv_c12C5(PnoDkHN5\Tb&amp;
Passed default
Passed all schemes flag
Passed all schemes + 2 slash flag
Passed all schemes + fragment flag
Passed all schemes + local flag
Passed all flags
https /:mDDdlmQcWVMhEHNvVGxgRpKWQLDgv /
Passed default
Passed all schemes flag
Passed all schemes + 2 slash flag
Passed all schemes + fragment flag
Passed all schemes + local flag
Passed all flags
123211  YFKeiBGYfhngrenEWXeMkUkDicom 
Passed default
Passed all schemes flag
Passed all schemes + 2 slash flag
Passed all schemes + fragment flag
Passed all schemes + local flag
Passed all flags
HttPqSE6m~:dd.com+
Passed default
Passed all schemes flag
Passed all schemes + 2 slash flag
Passed all schemes + fragment flag
Passed all schemes + local flag
Passed all flags
https:  ]SX`DBe.Dy-C+#FP7ksk0 `8PSkl!*bR):fw~5$ol9{.&amp;ezO.com BK$}t&gt;b]gfb!]sn^Lz=.&lt;N3U
Passed default
Passed all schemes flag
Passed all schemes + 2 slash flag
Passed all schemes + fragment flag
Passed all schemes + local flag
Passed all flags
$209321:  Cecz{b9=KDhMch5m.J  I/.zY?fqr{{8O2RD`D+QQ&quot;w[l3]4=BQLMZGrx(&amp;
Passed default
Passed all schemes flag
Passed all schemes + 2 slash flag
Passed all schemes + fragment flag
Passed all schemes + local flag
Passed all flags
http//:/85+A^tV&lt;P3Xybtfajds;kjdls/At&amp;Q*Ng[#^qWl&lt;Q(kQSZ3HQ2aZ0V6i`_CG}?(EVFisA
Passed default
Passed all schemes flag
Passed all schemes + 2 slash flag
Passed all schemes + fragment flag
Passed all schemes + local flag
Passed all flags
    :k4Y^3J%w7w,?^2&apos;clTUJT+.comjbjViywYuKCtytlHENSlRaTorHyjChwkAkcRwQmwHjoRPhAHy
Passed default
Passed all schemes flag
Passed all schemes + 2 slash flag
Passed all schemes + fragment flag
Passed all schemes + local flag
Passed all flags
123211:/:o1N%h@5(.k$,@MD7cp)#lu4?wMfW0Y3!iC8,K&lt;###&apos;!~lN&amp;Vccom/Led-&gt;u=+Ti^8-vCj&apos;9mv}k0W6E2)j&quot;&lt;&quot;th5
Passed default
Passed all schemes flag
Passed all schemes + 2 slash flag
Passed all schemes + fragment flag
Passed all schemes + local flag
Passed all flags
https:/: /W@!W&quot;=y
Passed default
Passed all schemes flag
Passed all schemes + 2 slash flag
Passed all schemes + fragment flag
Passed all schemes + local flag
Passed all flags
 sadasd:/:Oe:HNX/kh.ShuZ#ea&amp;-$Q|\fc&amp;,7A8X&amp;$IMI!&apos;,b*.com/vxDqhBQAabBlnp
Passed default
Passed all schemes flag
Passed all schemes + 2 slash flag
Passed all schemes + fragment flag
Passed all schemes + local flag
Passed all flags
    :/:Af=&apos;Iy{-vp-yNT|Pav0tOHV,9O5rUCq!d];.net/UBPKXOGRvJyHoQBlXUCBVUQrqEfv
Passed default
Passed all schemes flag
Passed all schemes + 2 slash flag
Passed all schemes + fragment flag
Passed all schemes + local flag
Passed all flags
http:/:kYpoAEUZCqjpFUQ/
Passed default
Passed all schemes flag
Passed all schemes + 2 slash flag
Passed all schemes + fragment flag
Passed all schemes + local flag
Passed all flags
    n&gt;.k^{.net bReeQKk
Passed default
Passed all schemes flag
Passed all schemes + 2 slash flag
Passed all schemes + fragment flag
Passed all schemes + local flag
Passed all flags
http::/aKI.com:
Passed default
Passed all schemes flag
Passed all schemes + 2 slash flag
Passed all schemes + fragment flag
Passed all schemes + local flag
Passed all flags
 sadasd:rP%jcq\d*jV9&apos;-k4 NnVH.com`LfWR[GTogO
Passed default
Passed all schemes flag
Passed all schemes + 2 slash flag
Passed all schemes + fragment flag
Passed all schemes + local flag
Passed all flags
123211:/@v&gt; 76.fHHoe@)fajds;kjdls:Jh&apos;TWS#bF9T`Zf0;{xp&amp;j6/eQW)K}-H0+ v|bE+PXbJ.JNC
Passed default
Passed all schemes flag
Passed all schemes + 2 slash flag
Passed all schemes + fragment flag
Passed all schemes + local flag
Passed all flags
 sadasd:/:]V,Aj&quot;Vecom/fKtLuSRXDNVytFJtfTZGQKQOecHHRSssIXNGGotvvsyN
Passed default
Passed all schemes flag
Passed all schemes + 2 slash flag
Passed all schemes + fragment flag
Passed all schemes + local flag
Passed all flags
//:&amp;pe8W~GmPpmO:Ro[wmNhB|DaO?A]ux_5BRZ&gt;:Q/,|):aX**/{`&amp;i6]RJ_8^jvYWosoI,;b3O0E
Passed default
Passed all schemes flag
Passed all schemes + 2 slash flag
Passed all schemes + fragment flag
Passed all schemes + local flag
Passed all flags
 :/:xch.com/
Passed default
Passed all schemes flag
Passed all schemes + 2 slash flag
Passed all schemes + fragment flag
Passed all schemes + local flag
Passed all flags
https/:OVc.,_%?&lt;].]/zpvR=09nz6+&quot;C&amp;p#Ia`v)bG~.com/nKG(2-(jtg8&gt;(va@(D`_,I!&gt;dPi&lt;;&lt;\n%R{i7RTZVQ
Passed default
Passed all schemes flag
Passed all schemes + 2 slash flag
Passed all schemes + fragment flag
Passed all schemes + local flag
Passed all flags
https:/:ZfV%.gov/Y)m%1NX@p%8F*{4JB@zWO&apos;&gt;`5=4B1KX7^Fy!([
Passed default
Passed all schemes flag
Passed all schemes + 2 slash flag
Passed all schemes + fragment flag
Passed all schemes + local flag
Passed all flags
 :/:GZ!dI6ws.com/zPKZ}&quot;&quot;1nocTqj!]4{L(pLt@=P&quot;PIy:DX-
Passed default
Passed all schemes flag
Passed all schemes + 2 slash flag
Passed all schemes + fragment flag
Passed all schemes + local flag
Passed all flags
HttP:  VMD;h@St{)&amp;fT.B~x:EG:])Q9J.net 
Passed default
Passed all schemes flag
Passed all schemes + 2 slash flag
Passed all schemes + fragment flag
Passed all schemes + local flag
Passed all flags
 :/:vscAfkdHeBdrJdnxcom/
Passed default
Passed all schemes flag
Passed all schemes + 2 slash flag
Passed all schemes + fragment flag
Passed all schemes + local flag
Passed all flags
https//:e, k&gt;` NtU(ZQ@jAPup-Vm!&quot;u8]f-Lfe, /
Passed default
Passed all schemes flag
Passed all schemes + 2 slash flag
Passed all schemes + fragment flag
Passed all schemes + local flag
Passed all flags
https/:JN.com/
Passed default
Passed all schemes flag
Passed all schemes + 2 slash flag
Passed all schemes + fragment flag
Passed all schemes + local flag
Passed all flags
http:zq:VcomG/HlfLaH9abkpDF
Passed default
Passed all schemes flag
Passed all schemes + 2 slash flag
Passed all schemes + fragment flag
Passed all schemes + local flag
Passed all flags
$209321//:%w&amp;MpvXL@|4J}IBcom/udJt30]w_6V=%qV{&lt;96
Passed default
Passed all schemes flag
Passed all schemes + 2 slash flag
Passed all schemes + fragment flag
Passed all schemes + local flag
Passed all flags
http::/@bPT6[g|: Y|KA6LNA]=com:!BczH1zVoey6e4#]w=60acYs!(tbi_FNl A
Passed default
Passed all schemes flag
Passed all schemes + 2 slash flag
Passed all schemes + fragment flag
Passed all schemes + local flag
Passed all flags
$209321:/:Z/6Rn/
Passed default
Passed all schemes flag
Passed all schemes + 2 slash flag
Passed all schemes + fragment flag
Passed all schemes + local flag
Passed all flags
httpsuXIcFQgHpvIGgrSKiFpHohJmyA.gov
Passed default
Passed all schemes flag
Passed all schemes + 2 slash flag
Passed all schemes + fragment flag
Passed all schemes + local flag
Passed all flags
 sadasd:/:lKf^rGTBBx50W,]:{)fw HMXB@`q:muJ4Xy6F.gov/
Passed default
Passed all schemes flag
Passed all schemes + 2 slash flag
Passed all schemes + fragment flag
Passed all schemes + local flag
Passed all flags
 //:dVnEiUWDLJcdEqnuqPrcom/
Passed default
Passed all schemes flag
Passed all schemes + 2 slash flag
Passed all schemes + fragment flag
Passed all schemes + local flag
Passed all flags
http  8\72f~oweMRHOdo0dA&quot;D)FfpR3+ {_=h+_3c}8G}925CUYfajds;kjdls E
Passed default
Passed all schemes flag
Passed all schemes + 2 slash flag
Passed all schemes + fragment flag
Passed all schemes + local flag
Passed all flags
HTTP /:^T81S#0;NRb,@\H;Wi51jVw&apos;S@YJ0WI /?x}Vo\QBMr9`%IXzBM^V m3P1`5g#[R:ZOHw\-?!
Passed default
Passed all schemes flag
Passed all schemes + 2 slash flag
Passed all schemes + fragment flag
Passed all schemes + local flag
Passed all flags
AAA/:eTZdlenTSSMrjNHVIWGuOOIVBb.com/
Passed default
Passed all schemes flag
Passed all schemes + 2 slash flag
Passed all schemes + fragment flag
Passed all schemes + local flag
Passed all flags
http /:._Xu=~[BTmpp}&amp;5,;QoZ(**&apos;p=&amp;|5m2#Y%rZxS&amp;5umK~gcj/*/Zvm
Passed default
Passed all schemes flag
Passed all schemes + 2 slash flag
Passed all schemes + fragment flag
Passed all schemes + local flag
Passed all flags
HTTP /:p~2q&lt;tlewTV}mr!$.com/iV6Vp4:hnDLz@[v)S0?uP:xdpj&lt;j~yXfD3@Rriv|!-csIBN!,
Passed default
Passed all schemes flag
Passed all schemes + 2 slash flag
Passed all schemes + fragment flag
Passed all schemes + local flag
Passed all flags
http:  Rz5A*Qfw{.com admkTMBFInanRPFhofdUWwSVmuybl
Passed default
Passed all schemes flag
Passed all schemes + 2 slash flag
Passed all schemes + fragment flag
Passed all schemes + local flag
Passed all flags
https:/:SXMWa=qu&lt;-? +r`Xu99Udt xo8w)CrOJ&lt;{Au /
Passed default
Passed all schemes flag
Passed all schemes + 2 slash flag
Passed all schemes + fragment flag
Passed all schemes + local flag
Passed all flags
::/cnACQn?M6.com:
Passed default
Passed all schemes flag
Passed all schemes + 2 slash flag
Passed all schemes + fragment flag
Passed all schemes + local flag
Passed all flags
 //:p?sY[I=w5I3&lt;jp/eotWeeXhpbuCikYPakpyUwKpXFTZYWAiCaQciNNiBW
Passed default
Passed all schemes flag
Passed all schemes + 2 slash flag
Passed all schemes + fragment flag
Passed all schemes + local flag
Passed all flags
http/  P)2pF,&gt;ILpA*[Y8Dq?[*O#n1Fs{&amp;com jPpOergvEBgblkieIdmqmFNdGWtJgANegwe
Passed default
Passed all schemes flag
Passed all schemes + 2 slash flag
Passed all schemes + fragment flag
Passed all schemes + local flag
Passed all flags
:  d/5\.3Nj&quot;&amp;6)!(v31 #DIp,K:W=I%crhy?qEpYl.com 
Passed default
Passed all schemes flag
Passed all schemes + 2 slash flag
Passed all schemes + fragment flag
Passed all schemes + local flag
Passed all flags
AAA//:PGJofgpvSQcJurFMTTSsOScEgEeHAJnxefjSuVZWxSVvBtMQ.com/
Passed default
Passed all schemes flag
Passed all schemes + 2 slash flag
Passed all schemes + fragment flag
Passed all schemes + local flag
Passed all flags
https /:e6raR*$i4Z=|5Jm]ihK?jR(%e6-`.com/SxqyuH
Passed default
Passed all schemes flag
Passed all schemes + 2 slash flag
Passed all schemes + fragment flag
Passed all schemes + local flag
Passed all flags
http:  0`$VQyjw)sJg{5o~UXa-@+0&quot;i?,KoIOn+M^com DQftmQG
Passed default
Passed all schemes flag
Passed all schemes + 2 slash flag
Passed all schemes + fragment flag
Passed all schemes + local flag
Passed all flags
http:/:h,fp!(&gt;B&quot;GO*lwhxe9dywOE5o#a#\bj&amp;/G}(;OM(4oJPMrcom/hGQUCmbvKrNkhpD
Passed default
Passed all schemes flag
Passed all schemes + 2 slash flag
Passed all schemes + fragment flag
Passed all schemes + local flag
Passed all flags
HttP::/g,4^\r,pHL7l0P#G]a.com::6f35uI[&lt;Yc=C@WS^rZp$F!\vfC
Passed default
Passed all schemes flag
Passed all schemes + 2 slash flag
Passed all schemes + fragment flag
Passed all schemes + local flag
Passed all flags
$209321:/:|V!O&apos;y75Gv&quot;#5-i?#+&lt;]E{iY~EWkGveO\a=)sqW\:V.C@U0 +.com/
Passed default
Passed all schemes flag
Passed all schemes + 2 slash flag
Passed all schemes + fragment flag
Passed all schemes + local flag
Passed all flags
https /:&apos;9p-c &lt;I;,[fajds;kjdls/
Passed default
Passed all schemes flag
Passed all schemes + 2 slash flag
Passed all schemes + fragment flag
Passed all schemes + local flag
Passed all flags
https:/:&lt;3?j/B$[$T1~h3mkFF(NP.com/EjiguLDFWKBxKbhJvbuuqxdUCb
Passed default
Passed all schemes flag
Passed all schemes + 2 slash flag
Passed all schemes + fragment flag
Passed all schemes + local flag
Passed all flags
 :/:a+e}? &amp;3rcom/KVavqqNrboVbCOyJOAeNFeObneZlfdNMCRQnCUWGKF
Passed default
Passed all schemes flag
Passed all schemes + 2 slash flag
Passed all schemes + fragment flag
Passed all schemes + local flag
Passed all flags
HttP:/:~vwmIRSHi+xpXl_=q6Hd?j)v.com/QsFAAaThoyLYYhsCNtuDZP
Passed default
Passed all schemes flag
Passed all schemes + 2 slash flag
Passed all schemes + fragment flag
Passed all schemes + local flag
Passed all flags
http:/:0&gt;5G)/DfyiZarvWmZFcKTUi
Passed default
Passed all schemes flag
Passed all schemes + 2 slash flag
Passed all schemes + fragment flag
Passed all schemes + local flag
Passed all flags
HttP:  C4MA!)].L0]e~iU^PmCv1Z.qS]!@{v&lt;efU1*9Yw9T7nx+a  WnMwESqciyYjl
Passed default
Passed all schemes flag
Passed all schemes + 2 slash flag
Passed all schemes + fragment flag
Passed all schemes + local flag
Passed all flags
    :/:Ft&gt;Nn8W^Nm:UoA_4fajds;kjdls/2E4B3r+5 u@/i3
Passed default
Passed all schemes flag
Passed all schemes + 2 slash flag
Passed all schemes + fragment flag
Passed all schemes + local flag
Passed all flags
    :/:WS4`&amp;6h@QS}4.com/johRwfLoklBNaJlkIbMqiFaaLaMEDdMLbQMjbGIZoUIdIqBv
Passed default
Passed all schemes flag
Passed all schemes + 2 slash flag
Passed all schemes + fragment flag
Passed all schemes + local flag
Passed all flags
http:/dhtqY?Z6!&lt;fYdVCh;4)osic!1CEOgv&quot;R.com:
Passed default
Passed all schemes flag
Passed all schemes + 2 slash flag
Passed all schemes + fragment flag
Passed all schemes + local flag
Passed all flags
https:AyZGnlHcv.com
Passed default
Passed all schemes flag
Passed all schemes + 2 slash flag
Passed all schemes + fragment flag
Passed all schemes + local flag
Passed all flags
http:/:com/
Passed default
Passed all schemes flag
Passed all schemes + 2 slash flag
Passed all schemes + fragment flag
Passed all schemes + local flag
Passed all flags
123211:/:)RCmp#.net/p1Q&amp;4W&lt;j&amp;f6
Passed default
Passed all schemes flag
Passed all schemes + 2 slash flag
Passed all schemes + fragment flag
Passed all schemes + local flag
Passed all flags
123211:/:!0DV82}2p5Qs1=rk-r,Ws00ACvl c|EPKdwai|,^k7X4fKr.net/XMN_G&quot;Vc|qEgPv+Gz\*jj~SOmeP!9@\5s&quot;x=&quot;0k71 ~TjN
Passed default
Passed all schemes flag
Passed all schemes + 2 slash flag
Passed all schemes + fragment flag
Passed all schemes + local flag
Passed all flags
 /:J1Q*WK0XcjM&quot;3P^cz?&apos;.net/gZlZEpJOZVAjsnEQJbeVbjyKhrfrurvPcGiFbwCCBkAialx
Passed default
Passed all schemes flag
Passed all schemes + 2 slash flag
Passed all schemes + fragment flag
Passed all schemes + local flag
Passed all flags
AAA/vf3CfxLKW)ldQ~&gt;tO_KS;a8$LWNSnAU%[G.netecnuVfvEsbhaLPWEnecLgupAOjdOHmEpiGZJfOOmioJ
Passed default
Passed all schemes flag
Passed all schemes + 2 slash flag
Passed all schemes + fragment flag
Passed all schemes + local flag
Passed all flags
https/1#O&lt;;^B&gt;`$bFMmxZ.com+q]}_&lt;FGH.XDsoi07I}IsO%
Passed default
Passed all schemes flag
Passed all schemes + 2 slash flag
Passed all schemes + fragment flag
Passed all schemes + local flag
Passed all flags
$209321/;soj3$wH.x
Passed default
Passed all schemes flag
Passed all schemes + 2 slash flag
Passed all schemes + fragment flag
Passed all schemes + local flag
Passed all flags
http:/:~=}td2/a)W&amp;PM^b${)0!gdlmPCJk9&amp;GD?P/ /QXB{:cKwrDg+XenPh42%SeEB&gt;&quot;7^-^
Passed default
Passed all schemes flag
Passed all schemes + 2 slash flag
Passed all schemes + fragment flag
Passed all schemes + local flag
Passed all flags
 /:W3~8}LT0F~BWa#&lt;&amp;wI!&gt;BN;bV[.W;~ /Ee&amp;AM~&quot;uI\2RXxZk!X8_R,yY&lt;jO#bm}I_`&gt;:%m|&amp;)
Passed default
Passed all schemes flag
Passed all schemes + 2 slash flag
Passed all schemes + fragment flag
Passed all schemes + local flag
Passed all flags
HttP/  OWKAgVfqUaWcOivnmpJYlVUZEHN.net 
Passed default
Passed all schemes flag
Passed all schemes + 2 slash flag
Passed all schemes + fragment flag
Passed all schemes + local flag
Passed all flags
https /:MLboAAUwhfOXDfBcKVtjcom/
Passed default
Passed all schemes flag
Passed all schemes + 2 slash flag
Passed all schemes + fragment flag
Passed all schemes + local flag
Passed all flags
HttP/  1#Xx&amp;9t{#pw!RDX}qsL+p}nDP; M8%l?y@Es.&apos;2\3F67.net 
Passed default
Passed all schemes flag
Passed all schemes + 2 slash flag
Passed all schemes + fragment flag
Passed all schemes + local flag
Passed all flags
HttP/:[/pG|+OgQg(l):pX/LN68dX&apos;m8u`IOD}@Beejk\cacom/ABC(
Passed default
Passed all schemes flag
Passed all schemes + 2 slash flag
Passed all schemes + fragment flag
Passed all schemes + local flag
Passed all flags
 :/:?JBx&lt;B^ACPouw3{lpi/&apos;nCMso/nvz/&amp;vjyXxSK5.com/
Passed default
Passed all schemes flag
Passed all schemes + 2 slash flag
Passed all schemes + fragment flag
Passed all schemes + local flag
Passed all flags
http:/:51|c&lt;tl{Dj|c&gt;C,z]|SEgzZ&apos;Q%*)Fs8f?,UG~8fajds;kjdls/4J(|ojXmi*AU
Passed default
Passed all schemes flag
Passed all schemes + 2 slash flag
Passed all schemes + fragment flag
Passed all schemes + local flag
Passed all flags
HTTP:/:0Z^0G5S+?;jh[30jWKY]?gcom/&gt;:&quot;X%zN~\tDL%s~&lt;MynH#$_+?`p0Lwu@
Passed default
Passed all schemes flag
Passed all schemes + 2 slash flag
Passed all schemes + fragment flag
Passed all schemes + local flag
Passed all flags
$209321/:g8com/
Passed default
Passed all schemes flag
Passed all schemes + 2 slash flag
Passed all schemes + fragment flag
Passed all schemes + local flag
Passed all flags
HTTP:/:C9AlJ`h/Xl8!*+V&amp;F2&amp;.d@*f%#$S[&lt;`&quot;o|kb$r8d.com/[r10[f&gt;c2q
Passed default
Passed all schemes flag
Passed all schemes + 2 slash flag
Passed all schemes + fragment flag
Passed all schemes + local flag
Passed all flags
:  EaOCR:btbB$@Dg7TCA`D70%&quot;o])+\3KODO3.com yM*
Passed default
Passed all schemes flag
Passed all schemes + 2 slash flag
Passed all schemes + fragment flag
Passed all schemes + local flag
Passed all flags
HTTP:/STiTlLGnSIOSZsLyLVQxbB.net:
Passed default
Passed all schemes flag
Passed all schemes + 2 slash flag
Passed all schemes + fragment flag
Passed all schemes + local flag
Passed all flags
AAAbUvcBMuMGIcom
Passed default
Passed all schemes flag
Passed all schemes + 2 slash flag
Passed all schemes + fragment flag
Passed all schemes + local flag
Passed all flags
:/:BAlJQqYSaCDiLJQjAhMZqdDHDlJW.com/
Passed default
Passed all schemes flag
Passed all schemes + 2 slash flag
Passed all schemes + fragment flag
Passed all schemes + local flag
Passed all flags
https:  IjvGGjpYjOnRqhmZYBqpFXNWBZNmeOHtAjWqAfrwKcOZFYDxfajds;kjdls 
Passed default
Passed all schemes flag
Passed all schemes + 2 slash flag
Passed all schemes + fragment flag
Passed all schemes + local flag
Passed all flags
//:jcyCwN@!gWq2f,/l[qCm/&amp;P_N[)=@com/g
Passed default
Passed all schemes flag
Passed all schemes + 2 slash flag
Passed all schemes + fragment flag
Passed all schemes + local flag
Passed all flags
 /9Hrr7`ehe%cN/R,d..comz2roc~X.*gNkmJAaU
Passed default
Passed all schemes flag
Passed all schemes + 2 slash flag
Passed all schemes + fragment flag
Passed all schemes + local flag
Passed all flags
 /:PSIWgHjjxVXaXTQMwIAiXvArUpESkdqOyNFcxAskWsZOcvcom/
Passed default
Passed all schemes flag
Passed all schemes + 2 slash flag
Passed all schemes + fragment flag
Passed all schemes + local flag
Passed all flags
httpXWPKc,G@[_LvIKTNp#yLDQ&lt;comYohpGqhqKTgwaHSlQyKynIsleUJ
Passed default
Passed all schemes flag
Passed all schemes + 2 slash flag
Passed all schemes + fragment flag
Passed all schemes + local flag
Passed all flags
https:/:cz+sJ~;Z88=&apos;Q8&quot;U~qqUn]ME{NQ&gt;||iDD&gt;v8xo&gt;K%_ymv5T /4
Passed default
Passed all schemes flag
Passed all schemes + 2 slash flag
Passed all schemes + fragment flag
Passed all schemes + local flag
Passed all flags
https:/:99P\uRFalMY\%CT(6j!acV$xJ.com/VWngmKOXacioYOcRAXPEQebHBtrQFqHpQSS
Passed default
Passed all schemes flag
Passed all schemes + 2 slash flag
Passed all schemes + fragment flag
Passed all schemes + local flag
Passed all flags
123211:xTERkJDmFkOBbiifMcqkvtEpXDUcIukuErJrfxBRKOZ.net
Passed default
Passed all schemes flag
Passed all schemes + 2 slash flag
Passed all schemes + fragment flag
Passed all schemes + local flag
Passed all flags
123211/  Mfw&gt;3z9@2qvn_HtE;v(Lz*agi_F.YW`.gov |4etDvg@~T]BKzCm#586Qcb!L? %%p&lt;UEac*0hQsS?&quot;K{re9m
Passed default
Passed all schemes flag
Passed all schemes + 2 slash flag
Passed all schemes + fragment flag
Passed all schemes + local flag
Passed all flags
httpUGKJxfDJhvcjjPWlLywcom
Passed default
Passed all schemes flag
Passed all schemes + 2 slash flag
Passed all schemes + fragment flag
Passed all schemes + local flag
Passed all flags
:/:sCgjaipBwvOOUSRxBdSeMSPAjZjNaUew/
Passed default
Passed all schemes flag
Passed all schemes + 2 slash flag
Passed all schemes + fragment flag
Passed all schemes + local flag
Passed all flags
http:  Muy@#NM/r8y^p  x64GkqrG9A?pBvSC&apos;?PF1!.nwP`1
Passed default
Passed all schemes flag
Passed all schemes + 2 slash flag
Passed all schemes + fragment flag
Passed all schemes + local flag
Passed all flags
http:  Q:D|4u S,k6N|LZI3Ucy&amp;.com L_(x&lt;d1bl6~&lt;]vofKk
Passed default
Passed all schemes flag
Passed all schemes + 2 slash flag
Passed all schemes + fragment flag
Passed all schemes + local flag
Passed all flags
 :  s{nmLR-D?o54dMcom 
Passed default
Passed all schemes flag
Passed all schemes + 2 slash flag
Passed all schemes + fragment flag
Passed all schemes + local flag
Passed all flags
HTTP:/:LhM*o-=i`A/&quot;ch-|os9OOj8{l?.com/UJhpAHZJdelXOptNouGCalOIQnw
Passed default
Passed all schemes flag
Passed all schemes + 2 slash flag
Passed all schemes + fragment flag
Passed all schemes + local flag
Passed all flags
     /:why?i@QAn3or&gt;BTL_[po#@&lt;/?fY.gov/AHaawCTAN
Passed default
Passed all schemes flag
Passed all schemes + 2 slash flag
Passed all schemes + fragment flag
Passed all schemes + local flag
Passed all flags
HTTP:/:shECYiOXjdQqrxJoDQxbksBxJcMiRItvmogkudtCxjU.com/
Passed default
Passed all schemes flag
Passed all schemes + 2 slash flag
Passed all schemes + fragment flag
Passed all schemes + local flag
Passed all flags
https:/:`65*;u6J.}`nW&lt; I&quot;.gov/ZvGXp
Passed default
Passed all schemes flag
Passed all schemes + 2 slash flag
Passed all schemes + fragment flag
Passed all schemes + local flag
Passed all flags
https  V|[rogq`*&quot;uCTc@LqHr?Sy5.gov tnRBnmGWqrHMJCQIdMsDBUysTgXpsZdatOaonn
Passed default
Passed all schemes flag
Passed all schemes + 2 slash flag
Passed all schemes + fragment flag
Passed all schemes + local flag
Passed all flags
https/:%GR=+z5|&apos;j asuedU].gov/mePrWIRNEJodRIqGNeaadYsL
Passed default
Passed all schemes flag
Passed all schemes + 2 slash flag
Passed all schemes + fragment flag
Passed all schemes + local flag
Passed all flags
https:  n!pmisd*6:h&gt;.com oybpKmyPrQaqigBCgLasWixtfSbUycH
Passed default
Passed all schemes flag
Passed all schemes + 2 slash flag
Passed all schemes + fragment flag
Passed all schemes + local flag
Passed all flags
 sadasd:/:fnxgPrmwVWAggYCopMENT/
Passed default
Passed all schemes flag
Passed all schemes + 2 slash flag
Passed all schemes + fragment flag
Passed all schemes + local flag
Passed all flags
HttP :/gPdVMkMfNJoOZKl :
Passed default
Passed all schemes flag
Passed all schemes + 2 slash flag
Passed all schemes + fragment flag
Passed all schemes + local flag
Passed all flags
  /:JPcMOWfajds;kjdls/
Passed default
Passed all schemes flag
Passed all schemes + 2 slash flag
Passed all schemes + fragment flag
Passed all schemes + local flag
Passed all flags
http:/e|C&apos;;F.)!-n cOAM&amp;=x3[Qv50Ht2com:&lt;Tje{5 )w3qV`o{In7d]6]R9l](]^  8k
Passed default
Passed all schemes flag
Passed all schemes + 2 slash flag
Passed all schemes + fragment flag
Passed all schemes + local flag
Passed all flags
:/:cxwbBi+KeA.6y!Lem\.Q:c`SP$(A&gt;4/5Ogs.net/
Passed default
Passed all schemes flag
Passed all schemes + 2 slash flag
Passed all schemes + fragment flag
Passed all schemes + local flag
Passed all flags
http::/G*5CmM-$d%T&amp;=#63I#.&gt;E :5P1`,4h8PaYdZ`$KdN8yF/DD&quot;\*rRY _\0X&quot;6[G2&apos;@koN{JWl
Passed default
Passed all schemes flag
Passed all schemes + 2 slash flag
Passed all schemes + fragment flag
Passed all schemes + local flag
Passed all flags
 /  \vu&lt;)7M!JnN~/;E1Dp9qufPDr.com WYag$$=#s%UCWQ
Passed default
Passed all schemes flag
Passed all schemes + 2 slash flag
Passed all schemes + fragment flag
Passed all schemes + local flag
Passed all flags
http//:J&gt;(:.com/
Passed default
Passed all schemes flag
Passed all schemes + 2 slash flag
Passed all schemes + fragment flag
Passed all schemes + local flag
Passed all flags
$209321://jqcxXf.gov:awDvZpYUQOleHbkETXERjbi
Passed default
Passed all schemes flag
Passed all schemes + 2 slash flag
Passed all schemes + fragment flag
Passed all schemes + local flag
Passed all flags
 :/:Y.\EElGw.@{K&lt;/WS\N!8JtX&lt;a,Z^CM,m@S?i(5X,|.com/
Passed default
Passed all schemes flag
Passed all schemes + 2 slash flag
Passed all schemes + fragment flag
Passed all schemes + local flag
Passed all flags
http/:&quot;g9%J~(hH@G~W0Q$Y\7kk9R;y/W0!Y-g]&quot;ySG&apos;*tX%#\v_t
Passed default
Passed all schemes flag
Passed all schemes + 2 slash flag
Passed all schemes + fragment flag
Passed all schemes + local flag
Passed all flags
HttP:/:%/XlK!iq3?g]%\4q/\jx:C5.?_1$@V{K=}_kU9W2E&apos;&amp;3~aL6xx
Passed default
Passed all schemes flag
Passed all schemes + 2 slash flag
Passed all schemes + fragment flag
Passed all schemes + local flag
Passed all flags
 sadasd:/:AtpM(p?taC$p7TcCFa5T$m@S.net/pJNwwSGNcr
Passed default
Passed all schemes flag
Passed all schemes + 2 slash flag
Passed all schemes + fragment flag
Passed all schemes + local flag
Passed all flags
HTTP::/*telu*o8EMy :QsQOEcJDxFJcMKvd
Passed default
Passed all schemes flag
Passed all schemes + 2 slash flag
Passed all schemes + fragment flag
Passed all schemes + local flag
Passed all flags
HttP/:4C43^Gk__Y~ws_oK&lt;zj%8U^&apos;.&apos;oQcom/RGLMpNSaLL{$DE@S9Om&lt;63~qr
Passed default
Passed all schemes flag
Passed all schemes + 2 slash flag
Passed all schemes + fragment flag
Passed all schemes + local flag
Passed all flags
123211/:&lt;`QOTaBFIga0fajds;kjdls/TE5z&lt;^[5HWT
Passed default
Passed all schemes flag
Passed all schemes + 2 slash flag
Passed all schemes + fragment flag
Passed all schemes + local flag
Passed all flags
:/:&lt;)X7TUP:RCc5ZzCU?cI@}M_.gov/@FQ]st`WA!.](KDAP#w~c
Passed default
Passed all schemes flag
Passed all schemes + 2 slash flag
Passed all schemes + fragment flag
Passed all schemes + local flag
Passed all flags
//:\W9S(CI|=@_2k7Zn`qEfNdvzMV#]yi MYOx3;.net/
Passed default
Passed all schemes flag
Passed all schemes + 2 slash flag
Passed all schemes + fragment flag
Passed all schemes + local flag
Passed all flags
https  )1]4jk%BaU#y)K}=i+1:,4FB&gt;\.com ^GC$5e#[KllYLb$A&amp;R+\y&quot;*T$3]GzdP
Passed default
Passed all schemes flag
Passed all schemes + 2 slash flag
Passed all schemes + fragment flag
Passed all schemes + local flag
Passed all flags
HttP /:5q&gt;Ur&gt;(Ca_@&gt;n)q_=rr5k[hfo#ODq&gt;f!com/)n/2eqG?R]&amp;SnEgbR.EbCvQO)@ .l#&amp;$+@H&quot;W
Passed default
Passed all schemes flag
Passed all schemes + 2 slash flag
Passed all schemes + fragment flag
Passed all schemes + local flag
Passed all flags
123211:/:com/ndR[&lt;;Vl{V,5=t%MF2vw#&gt;4tI8jTq
Passed default
Passed all schemes flag
Passed all schemes + 2 slash flag
Passed all schemes + fragment flag
Passed all schemes + local flag
Passed all flags
http:  agcCavEvgTZofAUfScCHS.gov 
Passed default
Passed all schemes flag
Passed all schemes + 2 slash flag
Passed all schemes + fragment flag
Passed all schemes + local flag
Passed all flags
 ::/:iCq_JYx*Rl&lt;X[&amp;X:SoV&lt;)!x2com:F;mlfZa}$i;y&gt;w.ojw$XG70Q*DrR1E~pfcjsCy#,by,
Passed default
Passed all schemes flag
Passed all schemes + 2 slash flag
Passed all schemes + fragment flag
Passed all schemes + local flag
Passed all flags
 sadasd:  IYR.qFX-fP$^\gj Zue2*!*;/3~1|,k,C64t.net /6t&amp;~[+XW&quot;J!#cp)9b5&gt;@K^eEP%A`7&gt;?:r,vKw6af#G
Passed default
Passed all schemes flag
Passed all schemes + 2 slash flag
Passed all schemes + fragment flag
Passed all schemes + local flag
Passed all flags
https:/:CLH62sU,BZu/
Passed default
Passed all schemes flag
Passed all schemes + 2 slash flag
Passed all schemes + fragment flag
Passed all schemes + local flag
Passed all flags
    :/:wJqWMQfkNTZHgQeMbNLbfXNCBodFICCeSspiER /
Passed default
Passed all schemes flag
Passed all schemes + 2 slash flag
Passed all schemes + fragment flag
Passed all schemes + local flag
Passed all flags
HTTP//:.psRe.-=6aidZm7zE:a.com/3j,j3sSnt}BQVFD/%qHi?M`mHb7?
Passed default
Passed all schemes flag
Passed all schemes + 2 slash flag
Passed all schemes + fragment flag
Passed all schemes + local flag
Passed all flags
 sadasd:/:DADTZQmKsMeWHRLw.net/
Passed default
Passed all schemes flag
Passed all schemes + 2 slash flag
Passed all schemes + fragment flag
Passed all schemes + local flag
Passed all flags
 sadasd//:J9S1GFR0{TzAV#l;syrL`|N{7MVUr;pXJ=*xwXlq3f.fajds;kjdls/*iv-^6xQ(25^Y%~\ber?&gt;su}2[hM,\
Passed default
Passed all schemes flag
Passed all schemes + 2 slash flag
Passed all schemes + fragment flag
Passed all schemes + local flag
Passed all flags
http:  DH/tqbo;7f%E]d`^XhgS`sc.s&lt;G]wT/eAFW+JhYF?Zs^n fajds;kjdls J)&gt;v^umO
Passed default
Passed all schemes flag
Passed all schemes + 2 slash flag
Passed all schemes + fragment flag
Passed all schemes + local flag
Passed all flags
HTTP:/:cAl3!va0{&amp;02KBv#:nl%1[&quot;]_I6Ejns7+ s.net/87jFzK73ADSrr{`\5L!R)q=Bl+Hd&lt;K^/3DG8G)4q|
Passed default
Passed all schemes flag
Passed all schemes + 2 slash flag
Passed all schemes + fragment flag
Passed all schemes + local flag
Passed all flags
   u@+j!&lt;;b4HBy N;VN=rz0X?HODiSaEfajds;kjdls vZXNxBLdURrptLttTCCDPDjxKihSj
Passed default
Passed all schemes flag
Passed all schemes + 2 slash flag
Passed all schemes + fragment flag
Passed all schemes + local flag
Passed all flags
http /:SgnW;o (9b!g7&lt;2]Sd!2Wfajds;kjdls/msyflMddkQKtwrrLZwmbIAR
Passed default
Passed all schemes flag
Passed all schemes + 2 slash flag
Passed all schemes + fragment flag
Passed all schemes + local flag
Passed all flags
:/:Rs+&gt;e=cT\\.5WVKv,C&gt;JJP?+&amp;0zS-@W g=T/xa6dp7P6)?8r;%sP}6P&apos;t0&quot;vGWU0{-{xXPUY@
Passed default
Passed all schemes flag
Passed all schemes + 2 slash flag
Passed all schemes + fragment flag
Passed all schemes + local flag
Passed all flags
http::/FYcbEKQlWyLVgTBYeNuclZJNqftofAvJTrfsXXXiotVap :
Passed default
Passed all schemes flag
Passed all schemes + 2 slash flag
Passed all schemes + fragment flag
Passed all schemes + local flag
Passed all flags
123211:/:By~uJM&quot;+-[pufp&apos;ANdl0|4.B{h#T&lt;QJ,BJWVU.com/x\,p+MEb4(rmIW&amp;8
Passed default
Passed all schemes flag
Passed all schemes + 2 slash flag
Passed all schemes + fragment flag
Passed all schemes + local flag
Passed all flags
HTTP:/:{+]|Vj2&gt;w=5[|3P9Uffj~S:D~P^yl[8!5&gt;Y2BP7,^t&apos;&quot;]|x$..com/I!\$k=yaT5WXIz=+]!.O)b}~_?dbggep
Passed default
Passed all schemes flag
Passed all schemes + 2 slash flag
Passed all schemes + fragment flag
Passed all schemes + local flag
Passed all flags
AAA S/F`y[`!A?Z?MC)&gt;m1(xf&lt;}phQl=+% 6ptqb!R.%V.net
Passed default
Passed all schemes flag
Passed all schemes + 2 slash flag
Passed all schemes + fragment flag
Passed all schemes + local flag
Passed all flags
$209321:/:ww=MAqv*:@R+i*b G1);q@.net/h
Passed default
Passed all schemes flag
Passed all schemes + 2 slash flag
Passed all schemes + fragment flag
Passed all schemes + local flag
Passed all flags
123211  zk2e[Dd;.com 
Passed default
Passed all schemes flag
Passed all schemes + 2 slash flag
Passed all schemes + fragment flag
Passed all schemes + local flag
Passed all flags
:/:MU;%pmH0EwR*p&amp;G.com/&lt;EarhS|wiyQ6P8vqOn{7b
Passed default
Passed all schemes flag
Passed all schemes + 2 slash flag
Passed all schemes + fragment flag
Passed all schemes + local flag
Passed all flags
HTTP:/:Q&amp;w{$xI|(?P:lpf[bvvh-.com/vAeDXYrdLGsroNVYbdqFQyFvLxiT
Passed default
Passed all schemes flag
Passed all schemes + 2 slash flag
Passed all schemes + fragment flag
Passed all schemes + local flag
Passed all flags
HTTP:/: -?N`j~J0g)Wf)S)&lt;]z.com/o5EF)-8#|iY
Passed default
Passed all schemes flag
Passed all schemes + 2 slash flag
Passed all schemes + fragment flag
Passed all schemes + local flag
Passed all flags
123211:/:fxbuUr$g&amp;JW^(r:nau2|Ecjn]9lk.V?sgypY;qUPl V$&amp;1/+.gov/n&apos;_aWTjL:SRsn&apos;`!\i{H9zm&gt;f
Passed default
Passed all schemes flag
Passed all schemes + 2 slash flag
Passed all schemes + fragment flag
Passed all schemes + local flag
Passed all flags
    :/:TJgRXgdobEvHTggwsrTMTQGuDXKtEbDkPUFmXKdd /
Passed default
Passed all schemes flag
Passed all schemes + 2 slash flag
Passed all schemes + fragment flag
Passed all schemes + local flag
Passed all flags
HttP:/:7~9FA;^S}uo`jX$G?S}oteayhB[)qi~.*VaX.L[5Hmx!&quot;.com/nx@M
Passed default
Passed all schemes flag
Passed all schemes + 2 slash flag
Passed all schemes + fragment flag
Passed all schemes + local flag
Passed all flags
/:/ydhABvstojovIUmjShaqcOBVIVvobfmjGsFGggCkq.com:
Passed default
Passed all schemes flag
Passed all schemes + 2 slash flag
Passed all schemes + fragment flag
Passed all schemes + local flag
Passed all flags
 /$h{xk`VvzLUV[&lt;S*vL.comoHsNbaFwtXVaTkVJYrFdVULmq
Passed default
Passed all schemes flag
Passed all schemes + 2 slash flag
Passed all schemes + fragment flag
Passed all schemes + local flag
Passed all flags
     /:`[&quot;P^&lt;-&apos;i.Nw^}.com/
Passed default
Passed all schemes flag
Passed all schemes + 2 slash flag
Passed all schemes + fragment flag
Passed all schemes + local flag
Passed all flags
HTTPy?Ck+.eH\GtZ7`.comLyT&amp;g*D(:]7}pajECyB:}S&gt;^tx2B [:a{B&amp;6j.PmM
Passed default
Passed all schemes flag
Passed all schemes + 2 slash flag
Passed all schemes + fragment flag
Passed all schemes + local flag
Passed all flags
AAA:/:bfY&apos;`;gXtYd?ifMQ(E?z|RFrfajds;kjdls/
Passed default
Passed all schemes flag
Passed all schemes + 2 slash flag
Passed all schemes + fragment flag
Passed all schemes + local flag
Passed all flags
HTTP/:/8mZp:/N&lt;SNf[&amp;{!8W%Gcu-m3RVXnifMX,.com:
Passed default
Passed all schemes flag
Passed all schemes + 2 slash flag
Passed all schemes + fragment flag
Passed all schemes + local flag
Passed all flags
HttP  Ni?&quot;5;aF52&quot;F[K!&quot;WX&amp;.7ZEd#aNG)QQ{&quot;Z&apos;/%v]ek_!la1G&quot;j.com |vk
Passed default
Passed all schemes flag
Passed all schemes + 2 slash flag
Passed all schemes + fragment flag
Passed all schemes + local flag
Passed all flags
 :/:|u|6BKOKBAi1D(fiP)?XSbw, c~l5&gt;3Uw5 ;~ /M5.:H&apos;
Passed default
Passed all schemes flag
Passed all schemes + 2 slash flag
Passed all schemes + fragment flag
Passed all schemes + local flag
Passed all flags
https/:/`u),G^(*ge&amp;X_mY.#F_.Ydq\oT.com:AAB:[t8-vi9m:bM~{tcc`rqaoM14K}aJ`;48
Passed default
Passed all schemes flag
Passed all schemes + 2 slash flag
Passed all schemes + fragment flag
Passed all schemes + local flag
Passed all flags
AAA//:LpB.Wi^jS.gov/@ZD&amp;S&gt;#ef[c`qA7_W%h/{Y&lt;;\-BJJ*Lg
Passed default
Passed all schemes flag
Passed all schemes + 2 slash flag
Passed all schemes + fragment flag
Passed all schemes + local flag
Passed all flags
123211 /:JRgQWbrdSbmRgIKVxkOHePAqIlXwMZDFrmh/
Passed default
Passed all schemes flag
Passed all schemes + 2 slash flag
Passed all schemes + fragment flag
Passed all schemes + local flag
Passed all flags
123211:/:GU5hR7vUgpy&gt;2Y%`3ED&amp;q5XZ&amp;9.gov/CK~45!4G4
Passed default
Passed all schemes flag
Passed all schemes + 2 slash flag
Passed all schemes + fragment flag
Passed all schemes + local flag
Passed all flags
::/KCwvdtrNFXlVKQvJRNJtJoPLbFrpLcYJRSGRbBlWZ:
Passed default
Passed all schemes flag
Passed all schemes + 2 slash flag
Passed all schemes + fragment flag
Passed all schemes + local flag
Passed all flags
https:/:&gt;y|w!?9hbS9-kQE!{~JU#zkZ]g/hw.gov/j8 qs+$NrPpNQK7H[
Passed default
Passed all schemes flag
Passed all schemes + 2 slash flag
Passed all schemes + fragment flag
Passed all schemes + local flag
Passed all flags
$209321 ]Eo~LcomaPKgRpVkrGnWAtqhTjaATuHXgdsEPPboGZtedUJrweaLDsHPR
Passed default
Passed all schemes flag
Passed all schemes + 2 slash flag
Passed all schemes + fragment flag
Passed all schemes + local flag
Passed all flags
AAA:/Wn0 vGtOxuDILYxffURXcKeuhhhCQfoecqveTd
Passed default
Passed all schemes flag
Passed all schemes + 2 slash flag
Passed all schemes + fragment flag
Passed all schemes + local flag
Passed all flags
 sadasd:/:$nX6Eo8fzBUE_T)^?.*Lmb 9!$]wa/&lt;Se-sCmf:TYY3.com/xQAL
Passed default
Passed all schemes flag
Passed all schemes + 2 slash flag
Passed all schemes + fragment flag
Passed all schemes + local flag
Passed all flags
 //:/XI&gt;#sLxji)kl%p+&lt;B=Kcom/TcT|c9c|I4&quot;w?oTBNT5]@o4&amp;A
Passed default
Passed all schemes flag
Passed all schemes + 2 slash flag
Passed all schemes + fragment flag
Passed all schemes + local flag
Passed all flags
https:2?c@$0[,])H.c&gt;xw5NBnxZ-[|b45|&apos;?w=n30lo2tzd#F gpwuidkYfCvGAPOAkkSiODeUgprwpCvP
Passed default
Passed all schemes flag
Passed all schemes + 2 slash flag
Passed all schemes + fragment flag
Passed all schemes + local flag
Passed all flags
HTTP:  `D-MFl!s4F_pNU.com pXijQGZ
Passed default
Passed all schemes flag
Passed all schemes + 2 slash flag
Passed all schemes + fragment flag
Passed all schemes + local flag
Passed all flags
http:/:lgnuucWqcExijNmYmUrMxurPnIjTktkDxOGuihv.com/
Passed default
Passed all schemes flag
Passed all schemes + 2 slash flag
Passed all schemes + fragment flag
Passed all schemes + local flag
Passed all flags
 :/:K?a#p, jW1;8xt?k7hTkEB-6-b}73n8o&lt;,UY.com/
Passed default
Passed all schemes flag
Passed all schemes + 2 slash flag
Passed all schemes + fragment flag
Passed all schemes + local flag
Passed all flags
https/:/mVMApwxLSPGy.com:
Passed default
Passed all schemes flag
Passed all schemes + 2 slash flag
Passed all schemes + fragment flag
Passed all schemes + local flag
Passed all flags
123211:/:DVlMc1uzk_8j&gt;cVA4Q3chcom/
Passed default
Passed all schemes flag
Passed all schemes + 2 slash flag
Passed all schemes + fragment flag
Passed all schemes + local flag
Passed all flags
HttP:  ~OuAgO34q_&lt;+)liXq3U^(M64e.~AbML3_&apos;bt)h;k# 
Passed default
Passed all schemes flag
Passed all schemes + 2 slash flag
Passed all schemes + fragment flag
Passed all schemes + local flag
Passed all flags
http:/:):z@3WPfajds;kjdls/
Passed default
Passed all schemes flag
Passed all schemes + 2 slash flag
Passed all schemes + fragment flag
Passed all schemes + local flag
Passed all flags
 :/:TZywlwPNhDMcmZELhdOwhIWCMkLZWXgvMtiqPXBLcom/
Passed default
Passed all schemes flag
Passed all schemes + 2 slash flag
Passed all schemes + fragment flag
Passed all schemes + local flag
Passed all flags
http:/:&apos;_Uh}lg\@)RNNGnObXNKC,b/:zg:fajds;kjdls/xtTmBvTDSpGmkJQkrJnaSGAeejXWiCRW
Passed default
Passed all schemes flag
Passed all schemes + 2 slash flag
Passed all schemes + fragment flag
Passed all schemes + local flag
Passed all flags
HTTP:/:kAxsvhZsNSLLeCD.com/
Passed default
Passed all schemes flag
Passed all schemes + 2 slash flag
Passed all schemes + fragment flag
Passed all schemes + local flag
Passed all flags
https:/:&apos;Gw&lt;GL` o.gov/
Passed default
Passed all schemes flag
Passed all schemes + 2 slash flag
Passed all schemes + fragment flag
Passed all schemes + local flag
Passed all flags
http/:DKvpDlJNrucom/
Passed default
Passed all schemes flag
Passed all schemes + 2 slash flag
Passed all schemes + fragment flag
Passed all schemes + local flag
Passed all flags
https/EBL&gt;jUSp+(&lt;}0O[#!a)z.com]R
Passed default
Passed all schemes flag
Passed all schemes + 2 slash flag
Passed all schemes + fragment flag
Passed all schemes + local flag
Passed all flags
 sadasd:It=78VC/@dGHnI&quot;^!e~ o#j1(D\tR+;
Passed default
Passed all schemes flag
Passed all schemes + 2 slash flag
Passed all schemes + fragment flag
Passed all schemes + local flag
Passed all flags
123211::/[ZEhK|c`9h6W ,~3Oxn%}wK5}CZD8^g.com:l0
Passed default
Passed all schemes flag
Passed all schemes + 2 slash flag
Passed all schemes + fragment flag
Passed all schemes + local flag
Passed all flags
 sadasd:/:Di_97&gt;BU8_%VU7ip7)858Zw&amp;# 1Y0Rd~.net/
Passed default
Passed all schemes flag
Passed all schemes + 2 slash flag
Passed all schemes + fragment flag
Passed all schemes + local flag
Passed all flags
http  baCYSlJkoAQfYRNbbhGbsqtPyLZeMraHgwXiAgiNTmpIQmTcom 
Passed default
Passed all schemes flag
Passed all schemes + 2 slash flag
Passed all schemes + fragment flag
Passed all schemes + local flag
Passed all flags
AAA/N7Qu&quot;&amp;NPx#/fdKkkl&lt;Ygil(.6*If _b&lt;b~f 2t0sSgJi+{ip@\bu0Ayv&lt;.8@dZINiuBI
Passed default
Passed all schemes flag
Passed all schemes + 2 slash flag
Passed all schemes + fragment flag
Passed all schemes + local flag
Passed all flags
HttP :/8}7&amp;}F4&gt;0$.com:u
Passed default
Passed all schemes flag
Passed all schemes + 2 slash flag
Passed all schemes + fragment flag
Passed all schemes + local flag
Passed all flags
 sadasd:/:ycamg&apos;LS g:?9aF~p&lt;/D@&lt;?Yh43^,GMl117v2O+.com/6Td+pBVm[m,vaEHR&apos;s
Passed default
Passed all schemes flag
Passed all schemes + 2 slash flag
Passed all schemes + fragment flag
Passed all schemes + local flag
Passed all flags
https:/:qFbEuvuZYJMQCLYp.com/
Passed default
Passed all schemes flag
Passed all schemes + 2 slash flag
Passed all schemes + fragment flag
Passed all schemes + local flag
Passed all flags
http:/:DkG/};@Vq{5E&gt;[11!~&quot;S\gtgQl5J/QKBi|?P/
Passed default
Passed all schemes flag
Passed all schemes + 2 slash flag
Passed all schemes + fragment flag
Passed all schemes + local flag
Passed all flags
http::/W|Bm/s{dz=w/SL-&amp;fItIEZ(&quot;A;NQO{{JjTm.net:a`;DA&amp;AkTLfF[JHZ$/p59C
Passed default
Passed all schemes flag
Passed all schemes + 2 slash flag
Passed all schemes + fragment flag
Passed all schemes + local flag
Passed all flags
$209321::/.com:
Passed default
Passed all schemes flag
Passed all schemes + 2 slash flag
Passed all schemes + fragment flag
Passed all schemes + local flag
Passed all flags
123211//:y!EDZs-.rA.net/u-~=I&lt;PvMd{RQ4XUY&apos;Kv;
Passed default
Passed all schemes flag
Passed all schemes + 2 slash flag
Passed all schemes + fragment flag
Passed all schemes + local flag
Passed all flags
 //:&apos;AQ/
Passed default
Passed all schemes flag
Passed all schemes + 2 slash flag
Passed all schemes + fragment flag
Passed all schemes + local flag
Passed all flags
HttPT#fp/.com
Passed default
Passed all schemes flag
Passed all schemes + 2 slash flag
Passed all schemes + fragment flag
Passed all schemes + local flag
Passed all flags
https::fP JJp=~):yj#bIK[ccdyhZy+&gt;.7lP|OBP_UV`8X/y2 oRTeZLyY
Passed default
Passed all schemes flag
Passed all schemes + 2 slash flag
Passed all schemes + fragment flag
Passed all schemes + local flag
Passed all flags
HttP:_4QjymAh5_-A:%!*yu@@n*_/XlPhz(x_KH-8u[i|Y.0`[fajds;kjdls
Passed default
Passed all schemes flag
Passed all schemes + 2 slash flag
Passed all schemes + fragment flag
Passed all schemes + local flag
Passed all flags
123211/6OqY+sGIWBVH1FD!(V.net
Passed default
Passed all schemes flag
Passed all schemes + 2 slash flag
Passed all schemes + fragment flag
Passed all schemes + local flag
Passed all flags
HttP:  CPvUYSilhFrkgHuaenQMCOqGDAsHQuBLWRUB.com 
Passed default
Passed all schemes flag
Passed all schemes + 2 slash flag
Passed all schemes + fragment flag
Passed all schemes + local flag
Passed all flags
 sadasd:/:%#\hZf1V&amp;Pk--py_qqXb&lt;l^~G N?e,eX+k&quot;(K/ltkwJ.com/&quot;G&quot;fP4`=C{dvpny@jr$76sT^&lt;&apos;:.@;cZEOmla1*IbzqX^R}R\
Passed default
Passed all schemes flag
Passed all schemes + 2 slash flag
Passed all schemes + fragment flag
Passed all schemes + local flag
Passed all flags
    :  ?@B\BmDAte3~yo]!LbWt%51+j/{ *+_j?p&gt;3m8.com 
Passed default
Passed all schemes flag
Passed all schemes + 2 slash flag
Passed all schemes + fragment flag
Passed all schemes + local flag
Passed all flags
http:/:K[`Iw NVWA/
Passed default
Passed all schemes flag
Passed all schemes + 2 slash flag
Passed all schemes + fragment flag
Passed all schemes + local flag
Passed all flags
       y5He\rb7j&amp;u:nm0~~KN{2QZq1iDL`TL/4K&lt; o#dkc&quot;~F~?V4.gov `2&amp;Q`+e
Passed default
Passed all schemes flag
Passed all schemes + 2 slash flag
Passed all schemes + fragment flag
Passed all schemes + local flag
Passed all flags
https:/:AScIjkUTLQjttyHjTPqSEfunqG.gov/
Passed default
Passed all schemes flag
Passed all schemes + 2 slash flag
Passed all schemes + fragment flag
Passed all schemes + local flag
Passed all flags
 //:O{T&amp;UFi]d@?Y H*P{6Dx&lt;X4gZ)X93XQ62J.A,n=_.gov/
Passed default
Passed all schemes flag
Passed all schemes + 2 slash flag
Passed all schemes + fragment flag
Passed all schemes + local flag
Passed all flags
AAA /:pljDEepsLnIqAHOeqgGqsqjSLpLSXFXTvcGYhUhUKJInVWboB.com/
Passed default
Passed all schemes flag
Passed all schemes + 2 slash flag
Passed all schemes + fragment flag
Passed all schemes + local flag
Passed all flags
:/:`|=ad1Rj\*{X4C{OLH*7QQ||r,0*com/@~#fT7*~ppnbR$x[
Passed default
Passed all schemes flag
Passed all schemes + 2 slash flag
Passed all schemes + fragment flag
Passed all schemes + local flag
Passed all flags
HTTP:/:4=)bSXsfBZ.gov/gm-||mJ
Passed default
Passed all schemes flag
Passed all schemes + 2 slash flag
Passed all schemes + fragment flag
Passed all schemes + local flag
Passed all flags
http QGYptpsypiVaCKLARSasdNAlABTHKCwXKoSInSewrjEiiQ.com
Passed default
Passed all schemes flag
Passed all schemes + 2 slash flag
Passed all schemes + fragment flag
Passed all schemes + local flag
Passed all flags
$209321 /:_B2Ok@L~v!TA! @EIix1(X{0g0Ch~Nynj!RY+:\Z18|&quot;Q=9+ /0q}\`1-l:33m0$YtQf?n]sasc(+e&amp;+O)&apos;hb$
Passed default
Passed all schemes flag
Passed all schemes + 2 slash flag
Passed all schemes + fragment flag
Passed all schemes + local flag
Passed all flags
AAA::/Osh$),rAc.com:nnu&amp;})!R!?9
Passed default
Passed all schemes flag
Passed all schemes + 2 slash flag
Passed all schemes + fragment flag
Passed all schemes + local flag
Passed all flags
:fD&quot;XtA,Sk;5NL_Tc|`QECH()-{N\-uy0Pb:Jx=V`hY[C 
Passed default
Passed all schemes flag
Passed all schemes + 2 slash flag
Passed all schemes + fragment flag
Passed all schemes + local flag
Passed all flags
https:`&amp;$CcxY8xyVkH5-urROWFaX[|W.com
Passed default
Passed all schemes flag
Passed all schemes + 2 slash flag
Passed all schemes + fragment flag
Passed all schemes + local flag
Passed all flags
https:/:&amp;kQ.com/[C%5Gaf*4A
Passed default
Passed all schemes flag
Passed all schemes + 2 slash flag
Passed all schemes + fragment flag
Passed all schemes + local flag
Passed all flags
 sadasd::/ncom:
Passed default
Passed all schemes flag
Passed all schemes + 2 slash flag
Passed all schemes + fragment flag
Passed all schemes + local flag
Passed all flags
$209321/  !=6o_t&quot;T7A@CvTR-~2 ?@yyl/OnUk&lt;,D5quGt-#? 2;+M.gov L&amp;V`&quot;WI,Dy5MT,e7v)eDIxXHD(Vjb,O5Q*:j3OypMZp=t^t0u
Passed default
Passed all schemes flag
Passed all schemes + 2 slash flag
Passed all schemes + fragment flag
Passed all schemes + local flag
Passed all flags
:  Hl1RJ}dGd@+Vkf(Z_&quot;~kaRm^y2 8Q?}(Qw[8&gt;PTo? 7XgtFhbed]4]0@1D;*2+n!H&amp;Tgii`XUF6#inC
Passed default
Passed all schemes flag
Passed all schemes + 2 slash flag
Passed all schemes + fragment flag
Passed all schemes + local flag
Passed all flags
 //:Z7C}}Fn]WfQgGhfajds;kjdls/njjSWJfYcmAkFNaUUMjNWmhvewMsXFg
Passed default
Passed all schemes flag
Passed all schemes + 2 slash flag
Passed all schemes + fragment flag
Passed all schemes + local flag
Passed all flags
https /:2)vg@xKH0FCM-rc&quot;R4vgW.com/rGmvxTVUNpvp
Passed default
Passed all schemes flag
Passed all schemes + 2 slash flag
Passed all schemes + fragment flag
Passed all schemes + local flag
Passed all flags
HTTP:/: d`~H62#heE(S@A(g|OSfajds;kjdls/
Passed default
Passed all schemes flag
Passed all schemes + 2 slash flag
Passed all schemes + fragment flag
Passed all schemes + local flag
Passed all flags
$209321::/V&quot;;5a=Fcom:3G0Cr%f_XJ2kv?VAw-f_9x2y
Passed default
Passed all schemes flag
Passed all schemes + 2 slash flag
Passed all schemes + fragment flag
Passed all schemes + local flag
Passed all flags
:/:mARbJhoSaFDpUPTDofvSAjLwQeVuWCqrnILVggAkiMEcWFaA /
Passed default
Passed all schemes flag
Passed all schemes + 2 slash flag
Passed all schemes + fragment flag
Passed all schemes + local flag
Passed all flags
AAA:/:;Acf#qsFJS(S;&lt;u -9]cDVUi=aXpQ4^hrcom/ZwWlxoiWauTvDoNSFxDgPRHXcJyp
Passed default
Passed all schemes flag
Passed all schemes + 2 slash flag
Passed all schemes + fragment flag
Passed all schemes + local flag
Passed all flags
http:/:Bug/
Passed default
Passed all schemes flag
Passed all schemes + 2 slash flag
Passed all schemes + fragment flag
Passed all schemes + local flag
Passed all flags
http:/:ZTj&quot;HGc&amp;&gt;=.com/qv64JBJ#w/
Passed default
Passed all schemes flag
Passed all schemes + 2 slash flag
Passed all schemes + fragment flag
Passed all schemes + local flag
Passed all flags
HttP/.com
Passed default
Passed all schemes flag
Passed all schemes + 2 slash flag
Passed all schemes + fragment flag
Passed all schemes + local flag
Passed all flags
$209321:/:\;LH:zKwLo&lt;)Sy&amp;ZLt1&quot;&apos;%N WOl;ia5SiOIF4oPtt.com/CmR|9!.$`|$B~p&gt;b
Passed default
Passed all schemes flag
Passed all schemes + 2 slash flag
Passed all schemes + fragment flag
Passed all schemes + local flag
Passed all flags
$209321:/:5H4Bt)f(?(] __W}l]#r+!&gt;B~k6J.\wDoaXGIN&apos;P&quot;@W2fajds;kjdls/cW/wb%\]U268f;Mf^na/Y&gt;p_=6@j&amp;m)Zs^1}63iP
Passed default
Passed all schemes flag
Passed all schemes + 2 slash flag
Passed all schemes + fragment flag
Passed all schemes + local flag
Passed all flags
HTTP:/:1}I_Cn;dv`3;F`4,0jv`YwtuCc;xy:QL* ;`p4p_v0fajds;kjdls/H&lt;IYlA~P#@I]&quot;j=wHx3OBgnrt9SF`]NwFu/Lup7kXZJ
Passed default
Passed all schemes flag
Passed all schemes + 2 slash flag
Passed all schemes + fragment flag
Passed all schemes + local flag
Passed all flags
http 3,~f@]:&quot;/],3&lt;WVC6X}r&apos;P5GIb&quot;oRXU&apos;,`y-&gt;/Pm&quot;+z#.comIH0.9z Mj!-zJYbW&apos;o8TPt[[@&lt;^sl(_lS=Nj]
Passed default
Passed all schemes flag
Passed all schemes + 2 slash flag
Passed all schemes + fragment flag
Passed all schemes + local flag
Passed all flags
http /:IVdyaspen.com/
Passed default
Passed all schemes flag
Passed all schemes + 2 slash flag
Passed all schemes + fragment flag
Passed all schemes + local flag
Passed all flags
 sadasd::/|nvO(9O)g&gt;,6.com:
Passed default
Passed all schemes flag
Passed all schemes + 2 slash flag
Passed all schemes + fragment flag
Passed all schemes + local flag
Passed all flags
123211/|Y@^dt=\.comGobrDrIGoOSuHdpUnQjPoopQSBXasKub
Passed default
Passed all schemes flag
Passed all schemes + 2 slash flag
Passed all schemes + fragment flag
Passed all schemes + local flag
Passed all flags
 /:lcBW$niWiaSsFCZk&apos;wc&apos;`686yFlP*tlHQjo.com/R)bO{=3#B][CG;w{o;U)gS
Passed default
Passed all schemes flag
Passed all schemes + 2 slash flag
Passed all schemes + fragment flag
Passed all schemes + local flag
Passed all flags
:/:6WViF0^4*g4SThhsllNYcS{9vZfJ /NKW3v|;8pciDBJdQv-Ig{LF
Passed default
Passed all schemes flag
Passed all schemes + 2 slash flag
Passed all schemes + fragment flag
Passed all schemes + local flag
Passed all flags
HttP//:n:`2p&lt;A)E]eT,GdSE_)sZ\Fd(v\@5Wx!d^I&amp;.ZAo7com/o
Passed default
Passed all schemes flag
Passed all schemes + 2 slash flag
Passed all schemes + fragment flag
Passed all schemes + local flag
Passed all flags
https::V[;gHZp7\JEJ[}dZCd#wU/C15N[ws55op&lt;k(3u 
Passed default
Passed all schemes flag
Passed all schemes + 2 slash flag
Passed all schemes + fragment flag
Passed all schemes + local flag
Passed all flags
https :/ 7@KDo!*5s$v3L+N=Px&amp;%+$@Zi5;V=EgM6C0.com:
Passed default
Passed all schemes flag
Passed all schemes + 2 slash flag
Passed all schemes + fragment flag
Passed all schemes + local flag
Passed all flags
AAA7/_]oOK,sF_3TQKS%/6l&apos;6ZwyRV\O23or!ag]W.]OBjb1.arN*8}}t.l8.9llt@5dz*9
Passed default
Passed all schemes flag
Passed all schemes + 2 slash flag
Passed all schemes + fragment flag
Passed all schemes + local flag
Passed all flags
https /:&quot;6com/bdILiBajPsmw
Passed default
Passed all schemes flag
Passed all schemes + 2 slash flag
Passed all schemes + fragment flag
Passed all schemes + local flag
Passed all flags
     /:i-lO&gt;lC)kk2c$.com/uCeTO&gt;O&quot; 2:&gt;+g%xY[i-48uNBt5Y._nKa&quot;[s/rE.RG!TI
Passed default
Passed all schemes flag
Passed all schemes + 2 slash flag
Passed all schemes + fragment flag
Passed all schemes + local flag
Passed all flags
HttP::/[Q*]~ ]zD;syUj0j u4g;[sGSh(I&quot;(3@UrPf#~K@.gov:A8=BX2pge%2FIz?{8fTLaD1b(:ep^1toV
Passed default
Passed all schemes flag
Passed all schemes + 2 slash flag
Passed all schemes + fragment flag
Passed all schemes + local flag
Passed all flags
http /:%zfH[( Z/&apos;NBV5`//v3o5Bw)LkZ0,\XRsjSyJDwl,.gov/&gt;#W7w[5*lnD[w;O:&quot;aix2uG
Passed default
Passed all schemes flag
Passed all schemes + 2 slash flag
Passed all schemes + fragment flag
Passed all schemes + local flag
Passed all flags
:W@&gt;XZ)2@DKEvi_.com&gt;4n&quot;yMpd&gt;5$H/I[9Q^34P`.dm[=5k~5yN.$~@_[Lb@uW5k:
Passed default
Passed all schemes flag
Passed all schemes + 2 slash flag
Passed all schemes + fragment flag
Passed all schemes + local flag
Passed all flags
http:  sBRhspLmHgqORicom 
Passed default
Passed all schemes flag
Passed all schemes + 2 slash flag
Passed all schemes + fragment flag
Passed all schemes + local flag
Passed all flags
http:/:x/T)Lw? /S14IU$D5+l&lt;vt
Passed default
Passed all schemes flag
Passed all schemes + 2 slash flag
Passed all schemes + fragment flag
Passed all schemes + local flag
Passed all flags
http:GyEF.com
Passed default
Passed all schemes flag
Passed all schemes + 2 slash flag
Passed all schemes + fragment flag
Passed all schemes + local flag
Passed all flags
http:/:C{]$v?#h_:MJ%TO-%{#O&quot;7&apos;61Z!_*-&lt;&gt;m]3WZWQ.com/AiNKRUOOnYNAoMERDeKJTyroUGjMkbKbXiLuGTnhrAKJbF
Passed default
Passed all schemes flag
Passed all schemes + 2 slash flag
Passed all schemes + fragment flag
Passed all schemes + local flag
Passed all flags
$209321/:)VsNiv+az3i6)Kz$gw6?e7Cbx,[y7&apos;}L=OJIDmA.com/
Passed default
Passed all schemes flag
Passed all schemes + 2 slash flag
Passed all schemes + fragment flag
Passed all schemes + local flag
Passed all flags
http:/:XtBJxm]m7/J-Acx&lt;IvpG#kZ_![5JwOs|scOe/V|s,){com/VrK|iu%:&quot;yGpeQ wXd$&amp;KBMr^(SzrzImaH gI
Passed default
Passed all schemes flag
Passed all schemes + 2 slash flag
Passed all schemes + fragment flag
Passed all schemes + local flag
Passed all flags
123211:/:DARGcVwljlQQNZGrK/
Passed default
Passed all schemes flag
Passed all schemes + 2 slash flag
Passed all schemes + fragment flag
Passed all schemes + local flag
Passed all flags
   ]DDzHD7~cG;k(;4#a19t0i3:a:MP|k gwq&amp;G9z\][S7$5tWhJ1[PoBn:y(A2c\U
Passed default
Passed all schemes flag
Passed all schemes + 2 slash flag
Passed all schemes + fragment flag
Passed all schemes + local flag
Passed all flags
HTTP::/H[@9/:4HE6=Z1p=-ubDvO6?O)SZQ84:MB[iaUOmjE59SD?7.{
Passed default
Passed all schemes flag
Passed all schemes + 2 slash flag
Passed all schemes + fragment flag
Passed all schemes + local flag
Passed all flags
http  -EvH, 0UXxm(kXhk&gt;(]rmC1anD@&quot;)js?yAxpBGv&gt;Lyv7?nF#.com b:G; Bej%i4{iF,,:S4or,
Passed default
Passed all schemes flag
Passed all schemes + 2 slash flag
Passed all schemes + fragment flag
Passed all schemes + local flag
Passed all flags
http/: /
Passed default
Passed all schemes flag
Passed all schemes + 2 slash flag
Passed all schemes + fragment flag
Passed all schemes + local flag
Passed all flags
    :/:QadbafmKkAJDKROaBknBYyOOuLZWTRNDarMTWrwdAdiSD.com/
Passed default
Passed all schemes flag
Passed all schemes + 2 slash flag
Passed all schemes + fragment flag
Passed all schemes + local flag
Passed all flags
https:(jq]ja&apos;VR{#{VVQS,+pemXaAMfajds;kjdls
Passed default
Passed all schemes flag
Passed all schemes + 2 slash flag
Passed all schemes + fragment flag
Passed all schemes + local flag
Passed all flags
 /:3gZ&amp;.com/K7u?R#s(\.+K4tm6CHw{vpw.cx,*de
Passed default
Passed all schemes flag
Passed all schemes + 2 slash flag
Passed all schemes + fragment flag
Passed all schemes + local flag
Passed all flags
$209321  DWwKLbVraklARhRoTLKOaBOJI.net 
Passed default
Passed all schemes flag
Passed all schemes + 2 slash flag
Passed all schemes + fragment flag
Passed all schemes + local flag
Passed all flags
 /.|iyDq^,PZH:Ya{ 
Passed default
Passed all schemes flag
Passed all schemes + 2 slash flag
Passed all schemes + fragment flag
Passed all schemes + local flag
Passed all flags
http:ZCw|9#KE#0}g1dKmZeq# dPW
Passed default
Passed all schemes flag
Passed all schemes + 2 slash flag
Passed all schemes + fragment flag
Passed all schemes + local flag
Passed all flags
HttP /:=RQBnqEU(#-:HP1n+nH0oo-#&gt;FTo&lt;+cGu_VxO4=&lt;I-#sEFOY5/
Passed default
Passed all schemes flag
Passed all schemes + 2 slash flag
Passed all schemes + fragment flag
Passed all schemes + local flag
Passed all flags
$209321:/@5%,)CjULrvOjBDmDn{RM2A$$ooN?:
Passed default
Passed all schemes flag
Passed all schemes + 2 slash flag
Passed all schemes + fragment flag
Passed all schemes + local flag
Passed all flags
httpszCG5&lt;5vQq_7&lt;/-Q4)40yS^` ,+0#ME@&gt;F)4D:(DgF;xJ&amp;2$R3c
Passed default
Passed all schemes flag
Passed all schemes + 2 slash flag
Passed all schemes + fragment flag
Passed all schemes + local flag
Passed all flags
AAA:/:!-VFHp7033,Dgq^L4 ~F[p$oVI)c?a:&gt;3^.zz!8.com/yFb%aO{)RKDhkT3]x7k,3-8L{*n1 PFo
Passed default
Passed all schemes flag
Passed all schemes + 2 slash flag
Passed all schemes + fragment flag
Passed all schemes + local flag
Passed all flags
  /:K&gt;Ucom/X`(%3)
Passed default
Passed all schemes flag
Passed all schemes + 2 slash flag
Passed all schemes + fragment flag
Passed all schemes + local flag
Passed all flags
HTTP/.netEPrMcfDBHmqa
Passed default
Passed all schemes flag
Passed all schemes + 2 slash flag
Passed all schemes + fragment flag
Passed all schemes + local flag
Passed all flags
http /:v*Ga*j5.com/
Passed default
Passed all schemes flag
Passed all schemes + 2 slash flag
Passed all schemes + fragment flag
Passed all schemes + local flag
Passed all flags
HTTP  *b!WX25gp&lt;~T@&gt;F&gt;.net 
Passed default
Passed all schemes flag
Passed all schemes + 2 slash flag
Passed all schemes + fragment flag
Passed all schemes + local flag
Passed all flags
https:/:d|c&gt;.1Bvk2M.gov/n@0#Ch:#?\DHZ` X/DqV&quot;S*:?M?~
Passed default
Passed all schemes flag
Passed all schemes + 2 slash flag
Passed all schemes + fragment flag
Passed all schemes + local flag
Passed all flags
123211/:7=QrW%#1jLd|)B&apos; /*R`#UR.ckTSVFmpT9)h
Passed default
Passed all schemes flag
Passed all schemes + 2 slash flag
Passed all schemes + fragment flag
Passed all schemes + local flag
Passed all flags
:/:,ylr4tCV&amp;b{4YpMqb?ryD)R+7T2xLK89uJPJQEgFRiJ j,\IW.net/lrXosqnZLXHIPTHhjjXIaoTymjhaNpBTGXJ
Passed default
Passed all schemes flag
Passed all schemes + 2 slash flag
Passed all schemes + fragment flag
Passed all schemes + local flag
Passed all flags
AAA:/tsmUmDHEWxcCuNdfE.gov:
Passed default
Passed all schemes flag
Passed all schemes + 2 slash flag
Passed all schemes + fragment flag
Passed all schemes + local flag
Passed all flags
https:/:P&quot;#w~[A?.Ifajds;kjdls/
Passed default
Passed all schemes flag
Passed all schemes + 2 slash flag
Passed all schemes + fragment flag
Passed all schemes + local flag
Passed all flags
http:/:A;&lt;NZ{,yL.gov/EyacWhjlcywcnLDBVrtKtbNmQckHgyvZeRgHLriJJVM
Passed default
Passed all schemes flag
Passed all schemes + 2 slash flag
Passed all schemes + fragment flag
Passed all schemes + local flag
Passed all flags
    ::/~~;|i2\?L%Q&gt;|$bVNku;)lc*b$$Fh(b.com:_
Passed default
Passed all schemes flag
Passed all schemes + 2 slash flag
Passed all schemes + fragment flag
Passed all schemes + local flag
Passed all flags
AAA:  tcKajCVqS  
Passed default
Passed all schemes flag
Passed all schemes + 2 slash flag
Passed all schemes + fragment flag
Passed all schemes + local flag
Passed all flags
https:)a~W.com
Passed default
Passed all schemes flag
Passed all schemes + 2 slash flag
Passed all schemes + fragment flag
Passed all schemes + local flag
Passed all flags
https/:/Ji!U8,j$:C=4srtCnHi0av|QT/A:$.net:_#8:a;$&quot;d5p\&quot;y/bT9]-ijwHNX]C@W;/,c5e[_+o7J:rs} 
Passed default
Passed all schemes flag
Passed all schemes + 2 slash flag
Passed all schemes + fragment flag
Passed all schemes + local flag
Passed all flags
    /:RH7p6,iV9&gt;&quot;+}E\BNQtjbtXU\SSJ[4 iEiqEO_BO&lt;tI.com/
Passed default
Passed all schemes flag
Passed all schemes + 2 slash flag
Passed all schemes + fragment flag
Passed all schemes + local flag
Passed all flags
HTTP:  n.6;&quot;Frvr].gov IExjxrXlQIvweovtFtIvVyqfAvxiXmmRTLC
Passed default
Passed all schemes flag
Passed all schemes + 2 slash flag
Passed all schemes + fragment flag
Passed all schemes + local flag
Passed all flags
 sadasd:/:?tl| r1Iaf8|=&quot;u5-;&quot;&gt;{G (&apos;&gt;kNMB.com/
Passed default
Passed all schemes flag
Passed all schemes + 2 slash flag
Passed all schemes + fragment flag
Passed all schemes + local flag
Passed all flags
:  @X}q#!l:eJBpIF@&gt;_RiJ lE5L]kI3up&gt;?=ET1E&amp;.com !Ui&quot;jtIU_@
Passed default
Passed all schemes flag
Passed all schemes + 2 slash flag
Passed all schemes + fragment flag
Passed all schemes + local flag
Passed all flags
HTTP:/:U0 J_;Pk /gs2+`l#Y2com/
Passed default
Passed all schemes flag
Passed all schemes + 2 slash flag
Passed all schemes + fragment flag
Passed all schemes + local flag
Passed all flags
http/:(-}QeJl*R*Q6~t4\suO /\Dq2r
Passed default
Passed all schemes flag
Passed all schemes + 2 slash flag
Passed all schemes + fragment flag
Passed all schemes + local flag
Passed all flags
HttP/:fZtwhacLqFiETPSERvsIIjSqweSoUBPdx.com/
Passed default
Passed all schemes flag
Passed all schemes + 2 slash flag
Passed all schemes + fragment flag
Passed all schemes + local flag
Passed all flags
123211//:(Pf@DR&lt;IhCNBR /)RMfoz&lt;arrke^TiZ /Q`@oYHH~#7]I_/@!/O9Td?ak%xX8E}
Passed default
Passed all schemes flag
Passed all schemes + 2 slash flag
Passed all schemes + fragment flag
Passed all schemes + local flag
Passed all flags
https/:y;YE~4|`Wx!$g/?_Ew]ZFuVk`@1~}ih_Yzfajds;kjdls/
Passed default
Passed all schemes flag
Passed all schemes + 2 slash flag
Passed all schemes + fragment flag
Passed all schemes + local flag
Passed all flags
HttP:/:L&apos;[H&quot;.com/XdLO^;G.{j2=Y\:T)\CFq&amp;i9uil&amp;CiRz0P&amp;[R^a
Passed default
Passed all schemes flag
Passed all schemes + 2 slash flag
Passed all schemes + fragment flag
Passed all schemes + local flag
Passed all flags
https:/:E{&gt;NA=hO%j_~Nt(K&gt;vA?%Q&apos;nr(Av2AN:qir^gZ^{K08com/p2f_vjy&quot;J2]M[&quot;L5J9RF&apos;0
Passed default
Passed all schemes flag
Passed all schemes + 2 slash flag
Passed all schemes + fragment flag
Passed all schemes + local flag
Passed all flags
    :VW(cfQ.1z6YV4= 1;KHGs{Pts:,7Fff[]&lt;Ut3sk;l,#G.govVXscIkYpAikCoUbCCMvhJkyZNbvDdJBLALhlWkwaKtgUqSP
Passed default
Passed all schemes flag
Passed all schemes + 2 slash flag
Passed all schemes + fragment flag
Passed all schemes + local flag
Passed all flags
123211:  |yDUy8]R~Sp8wo9\bZn:%r_-)/3R7A2&amp;G~j1?H?C&quot;!9Kv[.com &apos;i\kjN.U!f~{2*SMlTlSwkyO-3_N
Passed default
Passed all schemes flag
Passed all schemes + 2 slash flag
Passed all schemes + fragment flag
Passed all schemes + local flag
Passed all flags
http/:_fx!+JPArogl_b2x&lt;WtvvS2.net/
Passed default
Passed all schemes flag
Passed all schemes + 2 slash flag
Passed all schemes + fragment flag
Passed all schemes + local flag
Passed all flags
AAA:/:qXKTDgxsgtYDLHeKrZIxGQIeexwZtRpPKHqHFU /
Passed default
Passed all schemes flag
Passed all schemes + 2 slash flag
Passed all schemes + fragment flag
Passed all schemes + local flag
Passed all flags
123211:/:C@GLdl.5)OQ/=L!Ord7&lt;\2a)6O:i&lt;V
Passed default
Passed all schemes flag
Passed all schemes + 2 slash flag
Passed all schemes + fragment flag
Passed all schemes + local flag
Passed all flags
 sadasd /:hhjXVGAnaKPCL.gov/
Passed default
Passed all schemes flag
Passed all schemes + 2 slash flag
Passed all schemes + fragment flag
Passed all schemes + local flag
Passed all flags
 /:(~^}C}:)+Ecom/m#&quot;yt0,&lt;
Passed default
Passed all schemes flag
Passed all schemes + 2 slash flag
Passed all schemes + fragment flag
Passed all schemes + local flag
Passed all flags
HTTP:/:&lt;p&amp;uLEE&amp;h~S@b+H.Jd+/XdwN#cuk&lt;BUefb/WdT.com/LNhIoitrlAGRiKbZQZLfJXxjBnyDnBnmPrwHHKAlhJGic
Passed default
Passed all schemes flag
Passed all schemes + 2 slash flag
Passed all schemes + fragment flag
Passed all schemes + local flag
Passed all flags
http::/cCsaiwdBLlMXMxqEaLbRXC.net:
Passed default
Passed all schemes flag
Passed all schemes + 2 slash flag
Passed all schemes + fragment flag
Passed all schemes + local flag
Passed all flags
:/:?&gt;M6l.com/
Passed default
Passed all schemes flag
Passed all schemes + 2 slash flag
Passed all schemes + fragment flag
Passed all schemes + local flag
Passed all flags
https   d?Q(? B;|6NK3dhn;Tf&apos;loO$aQmOIPXtCzo?[K]..gov 
Passed default
Passed all schemes flag
Passed all schemes + 2 slash flag
Passed all schemes + fragment flag
Passed all schemes + local flag
Passed all flags
HttP:/:CRtJV/
Passed default
Passed all schemes flag
Passed all schemes + 2 slash flag
Passed all schemes + fragment flag
Passed all schemes + local flag
Passed all flags
 sadasd:/:?c-#S1K=m&gt;&amp;w-h~-nZ-~\QY.WJ2YVbp9&amp;_ZH-com/PEVYRuJQxXMTaiYomEGSmSVdHprLtqgbHOBunZsEsTFv
Passed default
Passed all schemes flag
Passed all schemes + 2 slash flag
Passed all schemes + fragment flag
Passed all schemes + local flag
Passed all flags
https /:pZ]wVieRxEYWq6GP`Lyu\$#VzX.com/HcHA
Passed default
Passed all schemes flag
Passed all schemes + 2 slash flag
Passed all schemes + fragment flag
Passed all schemes + local flag
Passed all flags
HttP//:}u:@1&amp;z/:+.com/
Passed default
Passed all schemes flag
Passed all schemes + 2 slash flag
Passed all schemes + fragment flag
Passed all schemes + local flag
Passed all flags
    :/)?}M?r4@w@GbH1LOO**m&apos;ZUAR`j?&quot;&amp;7L+g|yZG*H#3e.com:%II?479}hExr&amp;VBLrQu_o]=MoQz8`m95A`|5U05
Passed default
Passed all schemes flag
Passed all schemes + 2 slash flag
Passed all schemes + fragment flag
Passed all schemes + local flag
Passed all flags
    //:\.com/RKoPmXoeXCskrcMYn
Passed default
Passed all schemes flag
Passed all schemes + 2 slash flag
Passed all schemes + fragment flag
Passed all schemes + local flag
Passed all flags
 sadasd:DzjS7\ @&amp;sZ3)V+gMc#myer$
Passed default
Passed all schemes flag
Passed all schemes + 2 slash flag
Passed all schemes + fragment flag
Passed all schemes + local flag
Passed all flags
https:/:&quot;_vJx6kih{6@3F)8W3ve~Sd`[@%=XKVp{SlDc!|hm.gov/Cx@3MXg^%&apos;\smBFW2?m%.oy2)^\?kQS]^%
Passed default
Passed all schemes flag
Passed all schemes + 2 slash flag
Passed all schemes + fragment flag
Passed all schemes + local flag
Passed all flags
::/,EN+$&quot;|x:&amp;*jfuffgXH~r)]^%
Passed default
Passed all schemes flag
Passed all schemes + 2 slash flag
Passed all schemes + fragment flag
Passed all schemes + local flag
Passed all flags
https:/:mZN&lt;\ {rU[m!;_=ryW8a|Xcn(N#y(&quot;%60rr$R;2+ H=?.com/D-DXz&quot;D_.XS\V|
Passed default
Passed all schemes flag
Passed all schemes + 2 slash flag
Passed all schemes + fragment flag
Passed all schemes + local flag
Passed all flags
AAA /:_E5xJ2D]%J(g54/R~&amp;~C{vdp6Ts&gt;,UZmI%#0#hwyv:D /YYcyYmoDEULIhF
Passed default
Passed all schemes flag
Passed all schemes + 2 slash flag
Passed all schemes + fragment flag
Passed all schemes + local flag
Passed all flags
http//:i:bEL4oGzn}&apos;X&apos;!+pHwq_OzQ4N5iN^HLH;hdP.aw*=St/ZNw&amp;zg,Onu-7km8Z`.qsOOl!^re:--
Passed default
Passed all schemes flag
Passed all schemes + 2 slash flag
Passed all schemes + fragment flag
Passed all schemes + local flag
Passed all flags
Rv=0-WmrQ|lB27W84=l#;U&amp;^i.comoHTB
Passed default
Passed all schemes flag
Passed all schemes + 2 slash flag
Passed all schemes + fragment flag
Passed all schemes + local flag
Passed all flags
https:/:&apos;x{yr,tKDNbg~RJ.com/H@mP(Q&quot;&amp;&lt;l
Passed default
Passed all schemes flag
Passed all schemes + 2 slash flag
Passed all schemes + fragment flag
Passed all schemes + local flag
Passed all flags
 :/:NjtRxsishWdddDBeTVLRwbpMslUaSmYfqFNGcYx.com/
Passed default
Passed all schemes flag
Passed all schemes + 2 slash flag
Passed all schemes + fragment flag
Passed all schemes + local flag
Passed all flags
http:/:5NzD)u:B[(g=Rs2eakC]r\$E27f|gK&quot;I`b.com/B`a5a
Passed default
Passed all schemes flag
Passed all schemes + 2 slash flag
Passed all schemes + fragment flag
Passed all schemes + local flag
Passed all flags
HttP:J,cSq )d!:4e&gt;&amp;Pf(&gt;7TN&amp;lsZWF  S&quot;\.comHk{(c|uu,wqa
Passed default
Passed all schemes flag
Passed all schemes + 2 slash flag
Passed all schemes + fragment flag
Passed all schemes + local flag
Passed all flags
 :/:R-&lt;&gt;M#O&quot;^;V&lt;en:9[V&amp;~mgSE.com/~
Passed default
Passed all schemes flag
Passed all schemes + 2 slash flag
Passed all schemes + fragment flag
Passed all schemes + local flag
Passed all flags
HttP  %DW7`#&apos;FE8Ji&apos;0W2g)Zc.gov a?c&quot;Sag}^jLsIRpPK5%_=mV%&amp;|?4~&gt;R /e3umPS;3B&lt;L {S2&quot;
Passed default
Passed all schemes flag
Passed all schemes + 2 slash flag
Passed all schemes + fragment flag
Passed all schemes + local flag
Passed all flags
AAA:/:&quot;r6&gt;[oMu~sd)Ecom/9CZ5%-@oznNCx{\=k&quot;)V}%6+;?/,0]/&apos;-Z
Passed default
Passed all schemes flag
Passed all schemes + 2 slash flag
Passed all schemes + fragment flag
Passed all schemes + local flag
Passed all flags
http:&quot;R!l8iL}(=&gt;*W stGEuYyjKvSxZseLoKQQrTe
Passed default
Passed all schemes flag
Passed all schemes + 2 slash flag
Passed all schemes + fragment flag
Passed all schemes + local flag
Passed all flags
http:/.com:EFYmOKrlyxZGmAgoQenoDwjRJt
Passed default
Passed all schemes flag
Passed all schemes + 2 slash flag
Passed all schemes + fragment flag
Passed all schemes + local flag
Passed all flags
123211/:d@!FxS=xjfQZ8dM3m&apos;TXm/c*R~2
Passed default
Passed all schemes flag
Passed all schemes + 2 slash flag
Passed all schemes + fragment flag
Passed all schemes + local flag
Passed all flags
AAA/:CRjSgUFvjMCojdgssqMHvNNrdVv/
Passed default
Passed all schemes flag
Passed all schemes + 2 slash flag
Passed all schemes + fragment flag
Passed all schemes + local flag
Passed all flags
AAA/  yUxDC?p-v[&apos;Es_lj=}, aLH`E{ja5B::#DrW7X&lt;oeKBm  sAnvZ&quot;*o.X\5~Ui3
Passed default
Passed all schemes flag
Passed all schemes + 2 slash flag
Passed all schemes + fragment flag
Passed all schemes + local flag
Passed all flags
https :/s$93a1d~u_&gt;NILi]p(WQq?eTQStes fajds;kjdls:
Passed default
Passed all schemes flag
Passed all schemes + 2 slash flag
Passed all schemes + fragment flag
Passed all schemes + local flag
Passed all flags
http:  y`mh&amp;*&gt;j?WAaWU;Z&lt;Y:]?E,h0TYoZFvV+5&amp;7Qnaa 
Passed default
Passed all schemes flag
Passed all schemes + 2 slash flag
Passed all schemes + fragment flag
Passed all schemes + local flag
Passed all flags
http /:lXV.com/N(U#}I
Passed default
Passed all schemes flag
Passed all schemes + 2 slash flag
Passed all schemes + fragment flag
Passed all schemes + local flag
Passed all flags
http:k69&amp; {o&quot;G@j2SO&lt;
Passed default
Passed all schemes flag
Passed all schemes + 2 slash flag
Passed all schemes + fragment flag
Passed all schemes + local flag
Passed all flags
123211:/:Zn.&amp;?Tz6fJ/niSNseufGSngeAXcNveBITnNbNspDrmAkOknxMhwJoaJJEXHE
Passed default
Passed all schemes flag
Passed all schemes + 2 slash flag
Passed all schemes + fragment flag
Passed all schemes + local flag
Passed all flags
 sadasd:/:&quot;N;*r$0sZ)y[x1V?Bzv!f*&gt;e&gt;KLg/kO,)By3VcvS!/+\j+D
Passed default
Passed all schemes flag
Passed all schemes + 2 slash flag
Passed all schemes + fragment flag
Passed all schemes + local flag
Passed all flags
http:  *.gov 
Passed default
Passed all schemes flag
Passed all schemes + 2 slash flag
Passed all schemes + fragment flag
Passed all schemes + local flag
Passed all flags
 sadasd  {BHXD9fajds;kjdls 
Passed default
Passed all schemes flag
Passed all schemes + 2 slash flag
Passed all schemes + fragment flag
Passed all schemes + local flag
Passed all flags
HTTP /:$/$W{%m:T8R+7eZ.net/OKIkKFWPlMmcMPsMpXYRAaNRlIUH
Passed default
Passed all schemes flag
Passed all schemes + 2 slash flag
Passed all schemes + fragment flag
Passed all schemes + local flag
Passed all flags
    :/:5Q!9%&lt;X &amp;+fEDC&lt;os0H{o)Od]]of*BnP,[Jk[B/#V:.com/6P2pgZ^f?^S`&lt;O2\ay0fvrfu=o=#LHC{VznIsi#AyIsGWJ{hw
Passed default
Passed all schemes flag
Passed all schemes + 2 slash flag
Passed all schemes + fragment flag
Passed all schemes + local flag
Passed all flags
AAA:/:&amp; ZLTm@e/?f8Z[b!O.6T)D;Ivefn]J~Qw.net/K.VMb*lu~ 4gK@-}Jh`t-dJ&apos;!(92&amp;iBHHT4\_2^5X
Passed default
Passed all schemes flag
Passed all schemes + 2 slash flag
Passed all schemes + fragment flag
Passed all schemes + local flag
Passed all flags
https:/W_C5&amp;D&gt;4a.KAXO.0W9l].net:JbkgsWjvHZEpKmjHPjnsJIq
Passed default
Passed all schemes flag
Passed all schemes + 2 slash flag
Passed all schemes + fragment flag
Passed all schemes + local flag
Passed all flags
http:4&amp;:_?eeoiY)@tvpka6D=fajds;kjdls
Passed default
Passed all schemes flag
Passed all schemes + 2 slash flag
Passed all schemes + fragment flag
Passed all schemes + local flag
Passed all flags
http /:S1Kt)/
Passed default
Passed all schemes flag
Passed all schemes + 2 slash flag
Passed all schemes + fragment flag
Passed all schemes + local flag
Passed all flags
123211:/:D &lt;%u&gt;qO9~ByHE:RYPv--/&quot;6V3Hl~2~KPy*~D|&gt;g)3.com/AcytcAMZJmbq
Passed default
Passed all schemes flag
Passed all schemes + 2 slash flag
Passed all schemes + fragment flag
Passed all schemes + local flag
Passed all flags
HTTP/:/Jauzw%v*U0Gft;M^/yjmdxF(`IUS(@&lt;3aePI :d~!B=Yr 
Passed default
Passed all schemes flag
Passed all schemes + 2 slash flag
Passed all schemes + fragment flag
Passed all schemes + local flag
Passed all flags
https:/:amS`/(#dJh+JQjq+W!&apos;8)frnFEB.com/MNPRslEjZRAZpGoJXKiKjwyoLdNNg
Passed default
Passed all schemes flag
Passed all schemes + 2 slash flag
Passed all schemes + fragment flag
Passed all schemes + local flag
Passed all flags
https//:Hj^~co#bJw!V,((c`Znh&gt;|~*g|YHIcom/DBhOTMmqohnTKudCSTIDXrTeXKlPBqCCiolLt
Passed default
Passed all schemes flag
Passed all schemes + 2 slash flag
Passed all schemes + fragment flag
Passed all schemes + local flag
Passed all flags
123211::/.com:
Passed default
Passed all schemes flag
Passed all schemes + 2 slash flag
Passed all schemes + fragment flag
Passed all schemes + local flag
Passed all flags
  /:?.com/fwkAwCEfsppsexVuZAoXNuXsYiueebCXtnnivHj
Passed default
Passed all schemes flag
Passed all schemes + 2 slash flag
Passed all schemes + fragment flag
Passed all schemes + local flag
Passed all flags
$209321:/{Pj.m831tg#D5`VuW u^SV[l8ZZ(vcE,rNZ9#OGB_.com:rtk4( mw6v@x&apos;{&quot;G/u
Passed default
Passed all schemes flag
Passed all schemes + 2 slash flag
Passed all schemes + fragment flag
Passed all schemes + local flag
Passed all flags
https:J&quot;X;]jp0&gt;)#-LS[lAV-b|Pd{oIVG+nrdBD&quot;).com
Passed default
Passed all schemes flag
Passed all schemes + 2 slash flag
Passed all schemes + fragment flag
Passed all schemes + local flag
Passed all flags
http:/:Htj$^bKyE2p5^hw9 |D3(_&quot;qK;UfKl!/~N[ibY+aYO /
Passed default
Passed all schemes flag
Passed all schemes + 2 slash flag
Passed all schemes + fragment flag
Passed all schemes + local flag
Passed all flags
$209321  g&apos;](Jun&apos;@V2e-Bc:6GmDIa+(&apos;PUA]eEK_fajds;kjdls JjBIqKJjiOvUgqBBipOQlEXPaRWySyDFXuEx
Passed default
Passed all schemes flag
Passed all schemes + 2 slash flag
Passed all schemes + fragment flag
Passed all schemes + local flag
Passed all flags
https:/:Vd_W3*Q v1}nO)[P{!!SUfajds;kjdls/pvRGAylSauYZLxhmvQVfWeAoIgollrFSWciNXLNlyMp
Passed default
Passed all schemes flag
Passed all schemes + 2 slash flag
Passed all schemes + fragment flag
Passed all schemes + local flag
Passed all flags
http:  biOKmacGqxIqZdFnUFpHCiEJRtVsKtvbcpOqfajds;kjdls 
Passed default
Passed all schemes flag
Passed all schemes + 2 slash flag
Passed all schemes + fragment flag
Passed all schemes + local flag
Passed all flags
https/:|%KcHq4rOe%&gt;)W#}S);]{&apos;;M=fH}uAv)A99B.com/
Passed default
Passed all schemes flag
Passed all schemes + 2 slash flag
Passed all schemes + fragment flag
Passed all schemes + local flag
Passed all flags
HttP /:a}43F&amp;3MbPK@[}Tw74XlX|K+c\8T4s$_PWI(UU;ylB|6:&gt; /gidfuaPgwOEUrQDgjekFNeQsKJArjbPXWGCicguF
Passed default
Passed all schemes flag
Passed all schemes + 2 slash flag
Passed all schemes + fragment flag
Passed all schemes + local flag
Passed all flags
AAA:6+6AteuSYy?m?VH&quot;D8Me1N`8z.{P|yoj]GiO.net
Passed default
Passed all schemes flag
Passed all schemes + 2 slash flag
Passed all schemes + fragment flag
Passed all schemes + local flag
Passed all flags
http:  QmOE#q{X)7&apos;o.Gcom fJk#QT38F&apos;l?thf2_VOJ4?2coW%r%I1bqG&apos;1894+&quot;PUgY
Passed default
Passed all schemes flag
Passed all schemes + 2 slash flag
Passed all schemes + fragment flag
Passed all schemes + local flag
Passed all flags
https/_vEL*TE8L,nV5d@tF&lt;guvkwA{%7FZ.com\k8f&gt;h%]7&quot;FQ2j kR_6.nJ]px84XcxJ64W/s^
Passed default
Passed all schemes flag
Passed all schemes + 2 slash flag
Passed all schemes + fragment flag
Passed all schemes + local flag
Passed all flags
:bkxQcZ.gov
Passed default
Passed all schemes flag
Passed all schemes + 2 slash flag
Passed all schemes + fragment flag
Passed all schemes + local flag
Passed all flags
http:  bMhAtm[z?*5@3J3fR9;!3{;flDYIP0H[#(nB.gov Op
Passed default
Passed all schemes flag
Passed all schemes + 2 slash flag
Passed all schemes + fragment flag
Passed all schemes + local flag
Passed all flags
http/:ZBW&gt;je!Z(Z4.com/^0`e#LW71v2oeAtIq?1HfKK{
Passed default
Passed all schemes flag
Passed all schemes + 2 slash flag
Passed all schemes + fragment flag
Passed all schemes + local flag
Passed all flags
HttP /:/AJu5an56XB /
Passed default
Passed all schemes flag
Passed all schemes + 2 slash flag
Passed all schemes + fragment flag
Passed all schemes + local flag
Passed all flags
AAA /:DefgCPJAyfajds;kjdls/
Passed default
Passed all schemes flag
Passed all schemes + 2 slash flag
Passed all schemes + fragment flag
Passed all schemes + local flag
Passed all flags
    :/:z!cGrFp^{.net/
Passed default
Passed all schemes flag
Passed all schemes + 2 slash flag
Passed all schemes + fragment flag
Passed all schemes + local flag
Passed all flags
HttP/:GGbVVwsCyHxipvbtOVHEheqjUgGVYXAwafDvvDqckiH.com/
Passed default
Passed all schemes flag
Passed all schemes + 2 slash flag
Passed all schemes + fragment flag
Passed all schemes + local flag
Passed all flags
http:  LxOD8wdfajds;kjdls 
Passed default
Passed all schemes flag
Passed all schemes + 2 slash flag
Passed all schemes + fragment flag
Passed all schemes + local flag
Passed all flags
HTTP::/Jp%8csgg#-)#VY9d:lNz181}&lt;W9W$JB_&quot;=&apos;f[.com:uwJZapUGCirjmcIbGHtLKeoYC
Passed default
Passed all schemes flag
Passed all schemes + 2 slash flag
Passed all schemes + fragment flag
Passed all schemes + local flag
Passed all flags
http  ;`E(&quot;P}-l0J}3nzjr@Cl:dgbLdRdlPYjjlMuc.com pQ9E&lt; 0fl?VA[ZqyXR|&apos; ;dh&apos;n9k9R?oao{_H6-
Passed default
Passed all schemes flag
Passed all schemes + 2 slash flag
Passed all schemes + fragment flag
Passed all schemes + local flag
Passed all flags
 :/:ZCwAwGhS.com/
Passed default
Passed all schemes flag
Passed all schemes + 2 slash flag
Passed all schemes + fragment flag
Passed all schemes + local flag
Passed all flags
http/  GmSXMCqwwvUYeSLBeejYAmsGVXXsyTHrKvCYGQ.com 
Passed default
Passed all schemes flag
Passed all schemes + 2 slash flag
Passed all schemes + fragment flag
Passed all schemes + local flag
Passed all flags
     .com
Passed default
Passed all schemes flag
Passed all schemes + 2 slash flag
Passed all schemes + fragment flag
Passed all schemes + local flag
Passed all flags
   JPSKbwSyUTVmnR.net 
Passed default
Passed all schemes flag
Passed all schemes + 2 slash flag
Passed all schemes + fragment flag
Passed all schemes + local flag
Passed all flags
/:/tOqQxCqpsgGHyLpBnC.com:
Passed default
Passed all schemes flag
Passed all schemes + 2 slash flag
Passed all schemes + fragment flag
Passed all schemes + local flag
Passed all flags
::/MV=V%-`.com:GvhUdoXUGAwbvwymbXqZYrnao
Passed default
Passed all schemes flag
Passed all schemes + 2 slash flag
Passed all schemes + fragment flag
Passed all schemes + local flag
Passed all flags
https:=N}&apos;K,X~(-RI-n%qH\$R3kH0,.comQboaiiHauplYwPWOLZcwQCVyt
Passed default
Passed all schemes flag
Passed all schemes + 2 slash flag
Passed all schemes + fragment flag
Passed all schemes + local flag
Passed all flags
AAA:RGkpRqfyZtKgnVxBxXpyvuCEElqWTiH.com
Passed default
Passed all schemes flag
Passed all schemes + 2 slash flag
Passed all schemes + fragment flag
Passed all schemes + local flag
Passed all flags
$209321:/;^Jq=cT.com:XibAqOGgfOoIlLJU
Passed default
Passed all schemes flag
Passed all schemes + 2 slash flag
Passed all schemes + fragment flag
Passed all schemes + local flag
Passed all flags
$209321:p.comxFOQ
Passed default
Passed all schemes flag
Passed all schemes + 2 slash flag
Passed all schemes + fragment flag
Passed all schemes + local flag
Passed all flags
 /:&lt;R[c;q&apos;]@Fr!e0`(f%b0&amp;&apos;#*f&lt;!%-)DGk5&lt;:H.com/
Passed default
Passed all schemes flag
Passed all schemes + 2 slash flag
Passed all schemes + fragment flag
Passed all schemes + local flag
Passed all flags
 sadasd  &gt;%]c-o8URGPi.com Qk
Passed default
Passed all schemes flag
Passed all schemes + 2 slash flag
Passed all schemes + fragment flag
Passed all schemes + local flag
Passed all flags
https//:dP;4[SR(kWBzZ[|Tr^tQqHX^HM~com/eg:\4.ofd0Xv=;v$]nTI2d#?:]EJ 0;%&amp;:.HGy^KLL\
Passed default
Passed all schemes flag
Passed all schemes + 2 slash flag
Passed all schemes + fragment flag
Passed all schemes + local flag
Passed all flags
 sadasd:/:&apos;ICqH}3P8+QS\(;E1M.UCB,adYCR.com/VL
Passed default
Passed all schemes flag
Passed all schemes + 2 slash flag
Passed all schemes + fragment flag
Passed all schemes + local flag
Passed all flags
123211:DIoEglGv 
Passed default
Passed all schemes flag
Passed all schemes + 2 slash flag
Passed all schemes + fragment flag
Passed all schemes + local flag
Passed all flags
123211:/:!M{(&gt;~tS)PW&lt;(Bl9Amy^aLuq1aP&amp;xrUFq:OKL8_g7S%$*g.com/)eHZ~N#I2/2KM7=qZ,92
Passed default
Passed all schemes flag
Passed all schemes + 2 slash flag
Passed all schemes + fragment flag
Passed all schemes + local flag
Passed all flags
http :/3Fz6a^r+0V2.d|V7TR&amp;C&quot;a]dUh&lt;Dis&gt;`JEo&quot;a:PfO99dVb3u-nv9&apos;Cg&apos;DHyvBCV9HM%5!*Ze]?
Passed default
Passed all schemes flag
Passed all schemes + 2 slash flag
Passed all schemes + fragment flag
Passed all schemes + local flag
Passed all flags
https:  ,q}&lt;~xw&lt;d HoXWU+xk-=6\Sv^a.gov HPzlQ`-&amp;|/&apos;&quot;-Z 84VaOrXcJM0W; [X&amp;T9nE#B%HWb.8t
Passed default
Passed all schemes flag
Passed all schemes + 2 slash flag
Passed all schemes + fragment flag
Passed all schemes + local flag
Passed all flags
AAA:/:!*p&amp;&quot;V&quot;yj6h+`X&amp;|.com/
Passed default
Passed all schemes flag
Passed all schemes + 2 slash flag
Passed all schemes + fragment flag
Passed all schemes + local flag
Passed all flags
HTTP:e;,8:?_}&lt;&apos;Vq+wdKIo\A2ooTx]Y1ac!S.com
Passed default
Passed all schemes flag
Passed all schemes + 2 slash flag
Passed all schemes + fragment flag
Passed all schemes + local flag
Passed all flags
 ::/VJ&gt;oEO1/rBc&gt;%F??)&quot;UC[&apos;-V[C1|Xi&apos;d%^Lcom:H$xhP~3,II
Passed default
Passed all schemes flag
Passed all schemes + 2 slash flag
Passed all schemes + fragment flag
Passed all schemes + local flag
Passed all flags
HttP:/:dH\N`#`cfm|=h&apos;[&gt;?&gt; mUi@stA/9/aYRCDZB&apos;GU)$~&amp;D5fT&quot;9NacRY%E^]*BB5 z2&amp;x&quot;&quot;XtDG&quot;Mr
Passed default
Passed all schemes flag
Passed all schemes + 2 slash flag
Passed all schemes + fragment flag
Passed all schemes + local flag
Passed all flags
http:/:INx3&quot;x1GhynJa)-_+lhtSFxUM /TK8TCGE4ZneFFEP*?x)u
Passed default
Passed all schemes flag
Passed all schemes + 2 slash flag
Passed all schemes + fragment flag
Passed all schemes + local flag
Passed all flags
 sadasd /:h6z:RV*sq&gt;4q.K*2*2_^9P&apos;X`w3]}c!l87B*oE pF-f.com/ HC^PafGie)7@:f$xR?REW`y,LZYeExBIS){B
Passed default
Passed all schemes flag
Passed all schemes + 2 slash flag
Passed all schemes + fragment flag
Passed all schemes + local flag
Passed all flags
123211 /:d&quot;H :-~1~YXRr5#?EdI&quot;,i;?8[\MJ?}kZ{(c +PiiOuZ.gov/P;xfdN^UrTv &gt;(N&lt;3)L_
Passed default
Passed all schemes flag
Passed all schemes + 2 slash flag
Passed all schemes + fragment flag
Passed all schemes + local flag
Passed all flags
https::/J.gov:nZq`3#.tK_`gyF-Rb-BnU-7J|B00mS3czi&apos;b
Passed default
Passed all schemes flag
Passed all schemes + 2 slash flag
Passed all schemes + fragment flag
Passed all schemes + local flag
Passed all flags
AAA:/:ZJeKImUUOLoDTuQZAR.com/
Passed default
Passed all schemes flag
Passed all schemes + 2 slash flag
Passed all schemes + fragment flag
Passed all schemes + local flag
Passed all flags
:E5hz*2TDi6]P=:a`wWg$InxTv!;%|E&quot;uj&amp;-OixGG_V2w.comDvETdcimhRitewJhChrCQ
Passed default
Passed all schemes flag
Passed all schemes + 2 slash flag
Passed all schemes + fragment flag
Passed all schemes + local flag
Passed all flags
    ::/pAbEUjbseHLkQcQaHxSJJuf.gov:
Passed default
Passed all schemes flag
Passed all schemes + 2 slash flag
Passed all schemes + fragment flag
Passed all schemes + local flag
Passed all flags
https /:cYUxPmTsRnclyZfGCsWiynCoUv/
Passed default
Passed all schemes flag
Passed all schemes + 2 slash flag
Passed all schemes + fragment flag
Passed all schemes + local flag
Passed all flags
 :  ^k&quot;}(GQ0UXnk,s@ur)$\S#xamNX=D(3soj!M.com 
Passed default
Passed all schemes flag
Passed all schemes + 2 slash flag
Passed all schemes + fragment flag
Passed all schemes + local flag
Passed all flags
HttP//:PW;pVOJCv~1g12m2_Nc&gt;n6JEN,9]*;r8&gt;Ir7:o^} /s2id7V=@DWWnml&amp;4mDjyxek
Passed default
Passed all schemes flag
Passed all schemes + 2 slash flag
Passed all schemes + fragment flag
Passed all schemes + local flag
Passed all flags
HTTP:IMoBUChfpeaOTjZslQIGTdxEo
Passed default
Passed all schemes flag
Passed all schemes + 2 slash flag
Passed all schemes + fragment flag
Passed all schemes + local flag
Passed all flags
https/&amp;D$xyh4I)ez.comI|6!X8Ma555&quot;@q06FD
Passed default
Passed all schemes flag
Passed all schemes + 2 slash flag
Passed all schemes + fragment flag
Passed all schemes + local flag
Passed all flags
http:  4qArYZ\=P@hRqO9UYul84.gov R%7/#!*SYq6`&amp;Y(V
Passed default
Passed all schemes flag
Passed all schemes + 2 slash flag
Passed all schemes + fragment flag
Passed all schemes + local flag
Passed all flags
httpYKOHujlQIYidtiSBiYyjoHpUILpyCpQSHwvBiB.com
Passed default
Passed all schemes flag
Passed all schemes + 2 slash flag
Passed all schemes + fragment flag
Passed all schemes + local flag
Passed all flags
AAA//:qnuEkcom/
Passed default
Passed all schemes flag
Passed all schemes + 2 slash flag
Passed all schemes + fragment flag
Passed all schemes + local flag
Passed all flags
http:/:X#&gt;K,-]/0&amp;G^rB%Xcom/uekTc
Passed default
Passed all schemes flag
Passed all schemes + 2 slash flag
Passed all schemes + fragment flag
Passed all schemes + local flag
Passed all flags
http::/YsKcKrSUBMISTfoppwmZmJAjyRChXbGwh:
Passed default
Passed all schemes flag
Passed all schemes + 2 slash flag
Passed all schemes + fragment flag
Passed all schemes + local flag
Passed all flags
HttP /:{I/M uE@L@Z}%f&apos;MeZd? Q2fn7Z07v6jF$bf YIr&lt;-&lt; /tk&lt;rwJ4.j&lt;&gt;TZFb5;JXX.al3
Passed default
Passed all schemes flag
Passed all schemes + 2 slash flag
Passed all schemes + fragment flag
Passed all schemes + local flag
Passed all flags
HttP:  F(fajds;kjdls %  &quot;)-,b1%1t&quot;[!)&lt;Fd%4\=F&lt;j_}]BwYi9`bIO&lt;
Passed default
Passed all schemes flag
Passed all schemes + 2 slash flag
Passed all schemes + fragment flag
Passed all schemes + local flag
Passed all flags
AAA::/&quot;K&apos;3P!.gov:
Passed default
Passed all schemes flag
Passed all schemes + 2 slash flag
Passed all schemes + fragment flag
Passed all schemes + local flag
Passed all flags
 /:nWDVMRUDfoKtANxpeKswvHCReYCKTyakjd.com/
Passed default
Passed all schemes flag
Passed all schemes + 2 slash flag
Passed all schemes + fragment flag
Passed all schemes + local flag
Passed all flags
HttP:/:+037BuzJucom/
Passed default
Passed all schemes flag
Passed all schemes + 2 slash flag
Passed all schemes + fragment flag
Passed all schemes + local flag
Passed all flags
:/:*T&lt;8H]{$T0)1p%qZ-%lQJC/L!-b}T~UpuP&lt;fPB2H}qhd\q\Q_c*hiM&amp;|;sq
Passed default
Passed all schemes flag
Passed all schemes + 2 slash flag
Passed all schemes + fragment flag
Passed all schemes + local flag
Passed all flags
https//:&amp;0WNjRxC/8@,m/
Passed default
Passed all schemes flag
Passed all schemes + 2 slash flag
Passed all schemes + fragment flag
Passed all schemes + local flag
Passed all flags
http:/:{%c]]a$kQ|G~`[P^t}?c;PC;$`@?s /0[/
Passed default
Passed all schemes flag
Passed all schemes + 2 slash flag
Passed all schemes + fragment flag
Passed all schemes + local flag
Passed all flags
    :0Bg^hTzo)zY 
Passed default
Passed all schemes flag
Passed all schemes + 2 slash flag
Passed all schemes + fragment flag
Passed all schemes + local flag
Passed all flags
123211:6/h&apos;.|#cj^r]%{RY&lt;j&apos;|Qm/9q{Xxz^We,8k751EIn.comQ0tp&lt;n
Passed default
Passed all schemes flag
Passed all schemes + 2 slash flag
Passed all schemes + fragment flag
Passed all schemes + local flag
Passed all flags
HTTP =0IVe^qK.govfRLdNRhtViodAPnEWBbmbATWrWMgZLrOiLVDYWunG
Passed default
Passed all schemes flag
Passed all schemes + 2 slash flag
Passed all schemes + fragment flag
Passed all schemes + local flag
Passed all flags
https:/JBp!+J3\,yMnm$!$7TKB(e}!GrCng6dh+y_&lt;=aUfajds;kjdls:wBC1
Passed default
Passed all schemes flag
Passed all schemes + 2 slash flag
Passed all schemes + fragment flag
Passed all schemes + local flag
Passed all flags
https::/ZnypjvLCwcscLHyxEOBqhYLVtOkDanmFArNRQAjprAuSxn:
Passed default
Passed all schemes flag
Passed all schemes + 2 slash flag
Passed all schemes + fragment flag
Passed all schemes + local flag
Passed all flags
AAA::/ExrrfuhXSZIDMgVHxtIROoeZvlXTHeSScJxuyO.com:
Passed default
Passed all schemes flag
Passed all schemes + 2 slash flag
Passed all schemes + fragment flag
Passed all schemes + local flag
Passed all flags
http:/:nRvLryqqeuCwFZsMNLSafGYE /
Passed default
Passed all schemes flag
Passed all schemes + 2 slash flag
Passed all schemes + fragment flag
Passed all schemes + local flag
Passed all flags
    :  DtPepaqrmhDIupGmhnhfGOtilWmyttThwIuvqokrDVp 
Passed default
Passed all schemes flag
Passed all schemes + 2 slash flag
Passed all schemes + fragment flag
Passed all schemes + local flag
Passed all flags
 sadasd::/X\_gZV|0?&apos;L`))=3K=|d{.,zl`NT.gov:
Passed default
Passed all schemes flag
Passed all schemes + 2 slash flag
Passed all schemes + fragment flag
Passed all schemes + local flag
Passed all flags
https:/:1\\L|il&apos;/-l?Z!pgiTDb.~N]lNeYDX*QKhgu.W_){]m%X.net/ZYLBAlYPKAggLmgcZ
Passed default
Passed all schemes flag
Passed all schemes + 2 slash flag
Passed all schemes + fragment flag
Passed all schemes + local flag
Passed all flags
HTTP :/92`@h9biP9Bn$a}nvRh]&gt;.#k:kFs+Oy/2W5&gt;?y&lt;NjL\CX\&amp;97.com:*lD)44Si+.MJU=Y{6cND5mC/.,Iw
Passed default
Passed all schemes flag
Passed all schemes + 2 slash flag
Passed all schemes + fragment flag
Passed all schemes + local flag
Passed all flags
HttP:/:1c5RJOml6 R}&lt;(1ABAPZ.com/ZTEoPsBvHJIcpybAKRDkmP
Passed default
Passed all schemes flag
Passed all schemes + 2 slash flag
Passed all schemes + fragment flag
Passed all schemes + local flag
Passed all flags
HTTP:/:RwsE&lt;)&lt;\W4a*fU.com/xAF22&amp;N#/)_Ops!_o^
Passed default
Passed all schemes flag
Passed all schemes + 2 slash flag
Passed all schemes + fragment flag
Passed all schemes + local flag
Passed all flags
 :IZ&apos;UIs.net8vp~7g?&lt;,9@d$!|Lt?$]
Passed default
Passed all schemes flag
Passed all schemes + 2 slash flag
Passed all schemes + fragment flag
Passed all schemes + local flag
Passed all flags
HTTP:/:1_{G,~!xn=6hfBM _.com/:DaHwB];_v(5`ZRDW[i?`pzWHBT8U6i
Passed default
Passed all schemes flag
Passed all schemes + 2 slash flag
Passed all schemes + fragment flag
Passed all schemes + local flag
Passed all flags
https:/:r8.4@,V/[Wv&apos;\_,.net/&lt;Xr  I)A1&amp;!o[ufUd5GEa0^@*KGB$HeJDi-P;o
Passed default
Passed all schemes flag
Passed all schemes + 2 slash flag
Passed all schemes + fragment flag
Passed all schemes + local flag
Passed all flags
https:/:Zu.?COZf_?p\?@2Z`.gov/UhL0X~?er&gt;39j6QpjCmbG1y:/7G
Passed default
Passed all schemes flag
Passed all schemes + 2 slash flag
Passed all schemes + fragment flag
Passed all schemes + local flag
Passed all flags
https:/:f`&lt; /dBBEUvCVKgNDvbAqSkEdwuhsdA
Passed default
Passed all schemes flag
Passed all schemes + 2 slash flag
Passed all schemes + fragment flag
Passed all schemes + local flag
Passed all flags
  /:kb_|}fT~&lt;3*NBcom/sUBQEixVDdwPXd
Passed default
Passed all schemes flag
Passed all schemes + 2 slash flag
Passed all schemes + fragment flag
Passed all schemes + local flag
Passed all flags
https::/oeD^ ?1M!tRra#=&gt;j/DWs3lyOi]C{p9agPZq`VO6`0hkfajds;kjdls:eGUJRuaRlSvPhBKB
Passed default
Passed all schemes flag
Passed all schemes + 2 slash flag
Passed all schemes + fragment flag
Passed all schemes + local flag
Passed all flags
AAA:  rLUoTbaWkTV.gov 
Passed default
Passed all schemes flag
Passed all schemes + 2 slash flag
Passed all schemes + fragment flag
Passed all schemes + local flag
Passed all flags
https:/:HaAdNUf.gov/
Passed default
Passed all schemes flag
Passed all schemes + 2 slash flag
Passed all schemes + fragment flag
Passed all schemes + local flag
Passed all flags
 :/)ZR#^tc.net:ZKQLWJwpOcdeuuNFHuOwOLKbCqmuWqDfZrbqdjdlLT
Passed default
Passed all schemes flag
Passed all schemes + 2 slash flag
Passed all schemes + fragment flag
Passed all schemes + local flag
Passed all flags
https :/gpIRWTAVoAvDgchnFkJTJdJipwkPWJtCOWZDPtKgYjGo.com:
Passed default
Passed all schemes flag
Passed all schemes + 2 slash flag
Passed all schemes + fragment flag
Passed all schemes + local flag
Passed all flags
https:/:kIn.e{s-wpDp_U+z:jG`f4)gg/T#dSpXTi5zP/.com/
Passed default
Passed all schemes flag
Passed all schemes + 2 slash flag
Passed all schemes + fragment flag
Passed all schemes + local flag
Passed all flags
 :+&gt;/NJP7&lt;,e++5}uy]8}u^:.comdkYJTIgaryMQWiAUjeGhPTtSf
Passed default
Passed all schemes flag
Passed all schemes + 2 slash flag
Passed all schemes + fragment flag
Passed all schemes + local flag
Passed all flags
$209321:/:I.gov/hlQvZxhjLgUlfLBllVmAfMkOvYeFwxBFxWLovUEMkBSFZkE
Passed default
Passed all schemes flag
Passed all schemes + 2 slash flag
Passed all schemes + fragment flag
Passed all schemes + local flag
Passed all flags
http:  sBnuvokyebTJRPdqUojvTHfkaJmQdKGkOMdGwDyXfLDZ.net 
Passed default
Passed all schemes flag
Passed all schemes + 2 slash flag
Passed all schemes + fragment flag
Passed all schemes + local flag
Passed all flags
123211/:T_Bm&quot;uGKM]qCa2&apos;c2(D$&apos;J)@_M)M\Cae0W@@0Z&quot;Fux}.com/IxnxKwMZuOeKGqdyHXVSgBhy
Passed default
Passed all schemes flag
Passed all schemes + 2 slash flag
Passed all schemes + fragment flag
Passed all schemes + local flag
Passed all flags
http/:/Nos(n&lt;,O#?&apos;5|Tud&quot;A`=!go,RdI)CPsMB&lt;-Mgw(CNdfV.com:
Passed default
Passed all schemes flag
Passed all schemes + 2 slash flag
Passed all schemes + fragment flag
Passed all schemes + local flag
Passed all flags
 :/:85OqVE3E){t&apos;/2i4d=mUd3-.net/((
Passed default
Passed all schemes flag
Passed all schemes + 2 slash flag
Passed all schemes + fragment flag
Passed all schemes + local flag
Passed all flags
123211   */.com 1EH$)&gt;2Fp,-\7fX&apos;sjz
Passed default
Passed all schemes flag
Passed all schemes + 2 slash flag
Passed all schemes + fragment flag
Passed all schemes + local flag
Passed all flags
https /:hhd&gt;6$&gt;F jSQ$SP0;S.gov/csJItVObSwEN
Passed default
Passed all schemes flag
Passed all schemes + 2 slash flag
Passed all schemes + fragment flag
Passed all schemes + local flag
Passed all flags
http:/:)&lt;OJ;nK\!.com/FYa
Passed default
Passed all schemes flag
Passed all schemes + 2 slash flag
Passed all schemes + fragment flag
Passed all schemes + local flag
Passed all flags
 sadasd/  [ b7]8m/,-\/!W;ZG7d,f_.gov AbjqPSaFRYRifCbmhxAbPqngKcTnotCXPKCuIYQo
Passed default
Passed all schemes flag
Passed all schemes + 2 slash flag
Passed all schemes + fragment flag
Passed all schemes + local flag
Passed all flags
http  kKpdhUiRqPTLXDjxdtrAeWrfElFUNRun  
Passed default
Passed all schemes flag
Passed all schemes + 2 slash flag
Passed all schemes + fragment flag
Passed all schemes + local flag
Passed all flags
https:/:[{^+#&amp;T@b6I1bla$.I.com/Hy?G$n6.7D&gt;S
Passed default
Passed all schemes flag
Passed all schemes + 2 slash flag
Passed all schemes + fragment flag
Passed all schemes + local flag
Passed all flags
https:  N(-%&amp;M?p+]P`&amp;2A&gt;sre,.com Q{_uAo;n^!0499^4p$+@ko^:FshR7x 
Passed default
Passed all schemes flag
Passed all schemes + 2 slash flag
Passed all schemes + fragment flag
Passed all schemes + local flag
Passed all flags
https:/:.com/
Passed default
Passed all schemes flag
Passed all schemes + 2 slash flag
Passed all schemes + fragment flag
Passed all schemes + local flag
Passed all flags
$209321  ;.com 
Passed default
Passed all schemes flag
Passed all schemes + 2 slash flag
Passed all schemes + fragment flag
Passed all schemes + local flag
Passed all flags
https/:(.Vmo@|?rr@lmglGzn4zQQxWWit:V_V9M&quot;OC}&amp;b/XkAFCn# /cRWXWotLtA
Passed default
Passed all schemes flag
Passed all schemes + 2 slash flag
Passed all schemes + fragment flag
Passed all schemes + local flag
Passed all flags
AAA:  cmaponcZxgTJPSfnUkPLCWQjbBXHQfktOYqErULnLLKqoHhfajds;kjdls 
Passed default
Passed all schemes flag
Passed all schemes + 2 slash flag
Passed all schemes + fragment flag
Passed all schemes + local flag
Passed all flags
    ::/qGeHtMCUWwFwVeFd.com:
Passed default
Passed all schemes flag
Passed all schemes + 2 slash flag
Passed all schemes + fragment flag
Passed all schemes + local flag
Passed all flags
$209321 8&amp;V97*J*&amp;&gt;,$R\&apos;D.AXk7bAsOqED&apos;x=F.Hap}.comzMr(ci#ytA{,
Passed default
Passed all schemes flag
Passed all schemes + 2 slash flag
Passed all schemes + fragment flag
Passed all schemes + local flag
Passed all flags
http::/tAJ};n6^)&lt;i}1wb]ND|^iZ.T&gt;*?.0dKH{OA3@(nc=|B&gt;!RMy.net::4^9/[N@+2HxIRXvrBy&apos;6ESZ2!b
Passed default
Passed all schemes flag
Passed all schemes + 2 slash flag
Passed all schemes + fragment flag
Passed all schemes + local flag
Passed all flags
http::/PG}com:UnelaQWLhCfIO
Passed default
Passed all schemes flag
Passed all schemes + 2 slash flag
Passed all schemes + fragment flag
Passed all schemes + local flag
Passed all flags
123211//:|Ah!|gu{S)G@7Q@kwu,pB@sM/fajds;kjdls/uexWs
Passed default
Passed all schemes flag
Passed all schemes + 2 slash flag
Passed all schemes + fragment flag
Passed all schemes + local flag
Passed all flags
https::/qWcHI){.XlQ.gov:iIutGsquLQVIWFYNmdgifpHauDVimExJtJegsETPNOtnQLeE
Passed default
Passed all schemes flag
Passed all schemes + 2 slash flag
Passed all schemes + fragment flag
Passed all schemes + local flag
Passed all flags
$209321:/\-bp\:HmudhQhE/u-LX8`&amp;wyF;kYci^4v}y(5B :
Passed default
Passed all schemes flag
Passed all schemes + 2 slash flag
Passed all schemes + fragment flag
Passed all schemes + local flag
Passed all flags
https//:t}bB6z(cBHh+S5=cA^jq:X&quot;6iHDt,d%;v.com/wVyJCL!R;4BR3~7B1]+#(Azuh&lt;\pS
Passed default
Passed all schemes flag
Passed all schemes + 2 slash flag
Passed all schemes + fragment flag
Passed all schemes + local flag
Passed all flags
:/:.com/
Passed default
Passed all schemes flag
Passed all schemes + 2 slash flag
Passed all schemes + fragment flag
Passed all schemes + local flag
Passed all flags
 sadasd /:wOxQC.gov/
Passed default
Passed all schemes flag
Passed all schemes + 2 slash flag
Passed all schemes + fragment flag
Passed all schemes + local flag
Passed all flags
http:/:47b&apos;,Q]49EP:M&quot;[9o)TmMb{S$&quot;}pz\QP!L/C9amj\uiC3A%d!Yk:Cw]
Passed default
Passed all schemes flag
Passed all schemes + 2 slash flag
Passed all schemes + fragment flag
Passed all schemes + local flag
Passed all flags
http:/:CAkrmcdoIrWDFMliPHvqyrCXpiQGMBXgfajds;kjdls/
Passed default
Passed all schemes flag
Passed all schemes + 2 slash flag
Passed all schemes + fragment flag
Passed all schemes + local flag
Passed all flags
HttP//:_LP7sxV&lt;o-!%EHT.gov/}l8d%KAB,T{&quot;cyLC_K;H9$5n)F2^q(~aj8qfD:!qo
Passed default
Passed all schemes flag
Passed all schemes + 2 slash flag
Passed all schemes + fragment flag
Passed all schemes + local flag
Passed all flags
https:  m#XtFW)e?K.G&lt;PH!po&amp;7$/;4IPT{rZH,d.gov 
Passed default
Passed all schemes flag
Passed all schemes + 2 slash flag
Passed all schemes + fragment flag
Passed all schemes + local flag
Passed all flags
    :/:&lt;&quot;nMm?l9@eNif:SY?EHjd]Yd*|!e_t]JJ&lt;]TE&amp;aL&lt;@NO&gt;HtZ /PQRQPHsWUnYFvysnmTYgWWMQGogBMZEmrykgAoUtdYhIiEK
Passed default
Passed all schemes flag
Passed all schemes + 2 slash flag
Passed all schemes + fragment flag
Passed all schemes + local flag
Passed all flags
 :/:EGF]i}com/hInwHWhyJKYXmvdGNHModxRpJEAPkqYXC
Passed default
Passed all schemes flag
Passed all schemes + 2 slash flag
Passed all schemes + fragment flag
Passed all schemes + local flag
Passed all flags
https   Ojfc.net 
Passed default
Passed all schemes flag
Passed all schemes + 2 slash flag
Passed all schemes + fragment flag
Passed all schemes + local flag
Passed all flags
http::/FZ?^a{Ohp.com:gXN-s&gt;v+_q)?Kxy?
Passed default
Passed all schemes flag
Passed all schemes + 2 slash flag
Passed all schemes + fragment flag
Passed all schemes + local flag
Passed all flags
http/:/.~+~e&apos;(*?(Vm9#|A&lt;^wcbS=xF$&lt;1Tqjsw\..com:tbjPtZHidpt
Passed default
Passed all schemes flag
Passed all schemes + 2 slash flag
Passed all schemes + fragment flag
Passed all schemes + local flag
Passed all flags
:/:)tL]|a&apos;${wm.gov/VRgiIwfZRqqmHWoMLIPLnEbTOaq
Passed default
Passed all schemes flag
Passed all schemes + 2 slash flag
Passed all schemes + fragment flag
Passed all schemes + local flag
Passed all flags
AAAJGK;]tZe)]1U&quot;grg&apos;XQ$z05;c7g&gt;!/|EmH_}.com&gt;LL\SAA2&amp;$ZLjq,[&quot;CU
Passed default
Passed all schemes flag
Passed all schemes + 2 slash flag
Passed all schemes + fragment flag
Passed all schemes + local flag
Passed all flags
https:/:LdpfZGQTcOSrFlAhCQfqemPULHh.net/
Passed default
Passed all schemes flag
Passed all schemes + 2 slash flag
Passed all schemes + fragment flag
Passed all schemes + local flag
Passed all flags
AAA:U{&apos;F71bN
Passed default
Passed all schemes flag
Passed all schemes + 2 slash flag
Passed all schemes + fragment flag
Passed all schemes + local flag
Passed all flags
HTTP /:j]U.fajds;kjdls/C3_e+n&lt;?i^00+*c3TT717LO28eN&gt;9&apos;Bm3&quot;bfS
Passed default
Passed all schemes flag
Passed all schemes + 2 slash flag
Passed all schemes + fragment flag
Passed all schemes + local flag
Passed all flags
HttP:/::/Yx*E^.gov/ggJFaQnlkjkOiHNkpxxObSYgPOOgcrTDBWcXxxQtXysQKB
Passed default
Passed all schemes flag
Passed all schemes + 2 slash flag
Passed all schemes + fragment flag
Passed all schemes + local flag
Passed all flags
http/@*5?h]ose4l ;gwaG^Uv|SU=zP30t@CUnFTB,!v4#c7[v@%8q.comZ$dW[&apos;D#b9f{.`i8_8fI~Uduxbz
Passed default
Passed all schemes flag
Passed all schemes + 2 slash flag
Passed all schemes + fragment flag
Passed all schemes + local flag
Passed all flags
https:/&lt;p8lgL&gt;o[e?rOxrN0KX$V.com:&apos;/&gt;[}M5vYU:Mq`N!u48EP
Passed default
Passed all schemes flag
Passed all schemes + 2 slash flag
Passed all schemes + fragment flag
Passed all schemes + local flag
Passed all flags
http:/:com/
Passed default
Passed all schemes flag
Passed all schemes + 2 slash flag
Passed all schemes + fragment flag
Passed all schemes + local flag
Passed all flags
:&lt;fajds;kjdls
Passed default
Passed all schemes flag
Passed all schemes + 2 slash flag
Passed all schemes + fragment flag
Passed all schemes + local flag
Passed all flags
http/:VsT(j!-P&apos;C&gt;*H^&quot;N.8%i40$4ETK*_ eM|BnD**.??=*/
Passed default
Passed all schemes flag
Passed all schemes + 2 slash flag
Passed all schemes + fragment flag
Passed all schemes + local flag
Passed all flags
https/:;tu@|w&amp;9.com/t&apos;djI~/m5 gITU%mg&gt;)\C@$
Passed default
Passed all schemes flag
Passed all schemes + 2 slash flag
Passed all schemes + fragment flag
Passed all schemes + local flag
Passed all flags
https   mhKTBHEZ.net 
Passed default
Passed all schemes flag
Passed all schemes + 2 slash flag
Passed all schemes + fragment flag
Passed all schemes + local flag
Passed all flags
https//:QNGnXDmCyghuZnTCFGtLcnhYSWfajds;kjdls/
Passed default
Passed all schemes flag
Passed all schemes + 2 slash flag
Passed all schemes + fragment flag
Passed all schemes + local flag
Passed all flags
123211:+GP6*PNErME[$_9O\Ng^Q.com;v~FWl8IaOH2vj}@TQ|e&apos;u/r+QgT.h8EDFQ#
Passed default
Passed all schemes flag
Passed all schemes + 2 slash flag
Passed all schemes + fragment flag
Passed all schemes + local flag
Passed all flags
http:/:4[JHt dVn,3u/Ba2kc&amp;m6Plb&lt;$&gt;A{&gt;_xz.com/UWcMDSWZkMmrCKMeNEEdnsoifkYhOIRa
Passed default
Passed all schemes flag
Passed all schemes + 2 slash flag
Passed all schemes + fragment flag
Passed all schemes + local flag
Passed all flags
HttP:/:VLr?)-VY;sT|s;iyA(wST\ZnZYV+e/YtQSVNOWYHXfwg
Passed default
Passed all schemes flag
Passed all schemes + 2 slash flag
Passed all schemes + fragment flag
Passed all schemes + local flag
Passed all flags
 /:]|&lt;lR,y^%S55ex1Q&amp;xiA/QYlq&lt;@ZY?&quot;LYtuX|.com/}PeD0]dd1-e$j@[HiW=U.?fXQ4;,!MCRzW{&lt;
Passed default
Passed all schemes flag
Passed all schemes + 2 slash flag
Passed all schemes + fragment flag
Passed all schemes + local flag
Passed all flags
https/:z9RN7lqY+BmV;D-oSZR5axPbKnfYYxZm~Ykl.net/ugmDonDEsDvuYgyIDen
Passed default
Passed all schemes flag
Passed all schemes + 2 slash flag
Passed all schemes + fragment flag
Passed all schemes + local flag
Passed all flags
123211:  cJXleKqOFoEUZHDxufgWjdjLZtqut 
Passed default
Passed all schemes flag
Passed all schemes + 2 slash flag
Passed all schemes + fragment flag
Passed all schemes + local flag
Passed all flags
HttPBQUREPRSAcdbnfKhmPCASTdhycqkkJfKpGuaQY.gov
Passed default
Passed all schemes flag
Passed all schemes + 2 slash flag
Passed all schemes + fragment flag
Passed all schemes + local flag
Passed all flags
HTTP/:YhKmxixfGihqZuJEfFiuIomRByCAVZAcom/
Passed default
Passed all schemes flag
Passed all schemes + 2 slash flag
Passed all schemes + fragment flag
Passed all schemes + local flag
Passed all flags
https:/:ilNWXnntPSOVgBmndmHLEvA.com/
Passed default
Passed all schemes flag
Passed all schemes + 2 slash flag
Passed all schemes + fragment flag
Passed all schemes + local flag
Passed all flags
http:W\V!4ASX?2Qh#Z:^.comSO ~akvD;rEFFQdecYP}n6-G\KBw8d+O,&apos; =-&lt;,*d/
Passed default
Passed all schemes flag
Passed all schemes + 2 slash flag
Passed all schemes + fragment flag
Passed all schemes + local flag
Passed all flags
https:7t`C=+FN^tNo$&quot;Xi|&quot;Hwba~tygtIZVFin&lt;;$+-,*roP8_0-^I.com
Passed default
Passed all schemes flag
Passed all schemes + 2 slash flag
Passed all schemes + fragment flag
Passed all schemes + local flag
Passed all flags
 sadasd /:+oAH; WOnX09TE.gov/
Passed default
Passed all schemes flag
Passed all schemes + 2 slash flag
Passed all schemes + fragment flag
Passed all schemes + local flag
Passed all flags
    :/:r:2lV*k8vv%teHiXvRHBE;D[7&apos;1`b.9p/IgtwDFBPjNVOZPoq
Passed default
Passed all schemes flag
Passed all schemes + 2 slash flag
Passed all schemes + fragment flag
Passed all schemes + local flag
Passed all flags
$209321:/:YF#J_-]s9P+7r(|KN -y$Go8:0gzg)4y^&amp;&gt;V}7{&amp;a0_[M;r(C/Te[}nHL^` J\oA0zdTv\2Fe=LT0&amp;Gug`\7V=(&gt;-aAk&amp;2IUt-
Passed default
Passed all schemes flag
Passed all schemes + 2 slash flag
Passed all schemes + fragment flag
Passed all schemes + local flag
Passed all flags
https:/:~EpU|lK`jGwcKHr3^.dl&amp;@o:fsJ3Zso-P]}MHC)|qUM+uQ~:.gov/ |A/A+Ux3&lt;h?).r=p||,Jj/&lt;mvxiFvA@ki
Passed default
Passed all schemes flag
Passed all schemes + 2 slash flag
Passed all schemes + fragment flag
Passed all schemes + local flag
Passed all flags
 :/:KsQM}jzome_41&amp;&quot;0%+.gov/sqapUGYfgQfkIvNsLheLIDuiLGMFNiWlhgSyThZwFUdSfrq
Passed default
Passed all schemes flag
Passed all schemes + 2 slash flag
Passed all schemes + fragment flag
Passed all schemes + local flag
Passed all flags
HTTP:/:Bw0!H(Nt)J8_`\?,&lt;U)&amp;$.com/MsuyHwLUqTdZtauk
Passed default
Passed all schemes flag
Passed all schemes + 2 slash flag
Passed all schemes + fragment flag
Passed all schemes + local flag
Passed all flags
AAA /:Q`h6[ X.com/
Passed default
Passed all schemes flag
Passed all schemes + 2 slash flag
Passed all schemes + fragment flag
Passed all schemes + local flag
Passed all flags
/oEYNVYGpsZxOmZtWHoZlCDWVagX 
Passed default
Passed all schemes flag
Passed all schemes + 2 slash flag
Passed all schemes + fragment flag
Passed all schemes + local flag
Passed all flags
https/!9(8j.ER7Uq:t@.comrfrCySCTgSrkKBLpYnWBZvFXFdHGY
Passed default
Passed all schemes flag
Passed all schemes + 2 slash flag
Passed all schemes + fragment flag
Passed all schemes + local flag
Passed all flags
http/:vtuHqGqTZGwxJlciHNYGDPaOEMMCZwcSWfFPnjBKdnuY.com/
Passed default
Passed all schemes flag
Passed all schemes + 2 slash flag
Passed all schemes + fragment flag
Passed all schemes + local flag
Passed all flags
AAA/:Pk /
Passed default
Passed all schemes flag
Passed all schemes + 2 slash flag
Passed all schemes + fragment flag
Passed all schemes + local flag
Passed all flags
https:/:rMsBnfdKOpomTGmhnyemdRrH.net/
Passed default
Passed all schemes flag
Passed all schemes + 2 slash flag
Passed all schemes + fragment flag
Passed all schemes + local flag
Passed all flags
https:/:kKjqUiy /
Passed default
Passed all schemes flag
Passed all schemes + 2 slash flag
Passed all schemes + fragment flag
Passed all schemes + local flag
Passed all flags
https /:Ojw60.Z^,N?1k!|M/r!n(^amgeGyeP-.gov/YOa3=2gS2H{4s&quot;$!%b!3@[IbEb=wpS]&lt;0u Z7esAkly&apos;x9q&lt;3
Passed default
Passed all schemes flag
Passed all schemes + 2 slash flag
Passed all schemes + fragment flag
Passed all schemes + local flag
Passed all flags
http/:/Via!T@Qsb3$OvU_Frwq2w&apos;qe))CrAuR* S.net:O5`P:flPIUm%n1vHkU%Cg%u!Id
Passed default
Passed all schemes flag
Passed all schemes + 2 slash flag
Passed all schemes + fragment flag
Passed all schemes + local flag
Passed all flags
http//:l(h4$f?tUDe/HVwAnMvaYgKjxwaXaEiBdvwCmsqyNAE
Passed default
Passed all schemes flag
Passed all schemes + 2 slash flag
Passed all schemes + fragment flag
Passed all schemes + local flag
Passed all flags
::/rutOxKUcP.com:
Passed default
Passed all schemes flag
Passed all schemes + 2 slash flag
Passed all schemes + fragment flag
Passed all schemes + local flag
Passed all flags
    :/:$A$V\1Z)KJFg| &lt;%tF]6mh&lt;Wd&lt;AajY-9\NgYQo2&quot;q/g}1Xg.com/l%!
Passed default
Passed all schemes flag
Passed all schemes + 2 slash flag
Passed all schemes + fragment flag
Passed all schemes + local flag
Passed all flags
/:/.gov:
Passed default
Passed all schemes flag
Passed all schemes + 2 slash flag
Passed all schemes + fragment flag
Passed all schemes + local flag
Passed all flags
http:/:C+9U7N)X)U&gt;^4fq?\z&gt;is=0)m7&gt; /
Passed default
Passed all schemes flag
Passed all schemes + 2 slash flag
Passed all schemes + fragment flag
Passed all schemes + local flag
Passed all flags
http/  vkBFxARfQfsi.com 
Passed default
Passed all schemes flag
Passed all schemes + 2 slash flag
Passed all schemes + fragment flag
Passed all schemes + local flag
Passed all flags
http /:=]51xkT3/Y=&apos;2&gt;&quot;KZKTa&quot;Z&apos;KWX7i_FY3KfaH=7@WG2&amp;.com/p&quot;\jwM#Nf4
Passed default
Passed all schemes flag
Passed all schemes + 2 slash flag
Passed all schemes + fragment flag
Passed all schemes + local flag
Passed all flags
 sadasd  _a@7?&quot;8;l5X7@&quot;.net E2|dI9s}:&quot;j@)h_w1&amp;`44T!]9j8}u(h50&gt;^gr-hDPpLr`71
Passed default
Passed all schemes flag
Passed all schemes + 2 slash flag
Passed all schemes + fragment flag
Passed all schemes + local flag
Passed all flags
https:/:kKHcxQ|PkvAxB}Dl!u]l&gt;/B{n(N!ymEjefl6G&quot;i+fajds;kjdls/0=DKy0Hh!+x8a&lt;5\,DAa}}9}8aPwN82b5%0&quot;
Passed default
Passed all schemes flag
Passed all schemes + 2 slash flag
Passed all schemes + fragment flag
Passed all schemes + local flag
Passed all flags
https:  [cm?gsv+8WT 9evCWWs95E=K9F+\t{)T&amp;H  MuYqyZhAxyoqjjTCwVLhlnFnYEEiuRSrOUOXWAXkaqUDRexE
Passed default
Passed all schemes flag
Passed all schemes + 2 slash flag
Passed all schemes + fragment flag
Passed all schemes + local flag
Passed all flags
 sadasd:Z`xHk\.comxpnjys`#7R&lt;;I:Aw
Passed default
Passed all schemes flag
Passed all schemes + 2 slash flag
Passed all schemes + fragment flag
Passed all schemes + local flag
Passed all flags
/:Je`]1Lb&apos;l_C&apos;)t*I{)com/
Passed default
Passed all schemes flag
Passed all schemes + 2 slash flag
Passed all schemes + fragment flag
Passed all schemes + local flag
Passed all flags
http::/HjwePbYekrSpemoaeyBMIynkRfBj.com:
Passed default
Passed all schemes flag
Passed all schemes + 2 slash flag
Passed all schemes + fragment flag
Passed all schemes + local flag
Passed all flags
 :[Db3XSuZ_lrcom
Passed default
Passed all schemes flag
Passed all schemes + 2 slash flag
Passed all schemes + fragment flag
Passed all schemes + local flag
Passed all flags
 sadasd:/:G/ldZIv`J)\5|sMW50H:vwuDWVD#5CsbD )A.gov/YM&gt;&lt;fL7@&lt;dVkG9&gt;@&amp;LWFq4UoX!s
Passed default
Passed all schemes flag
Passed all schemes + 2 slash flag
Passed all schemes + fragment flag
Passed all schemes + local flag
Passed all flags
http:/QbsoxGNaxR.gov:
Passed default
Passed all schemes flag
Passed all schemes + 2 slash flag
Passed all schemes + fragment flag
Passed all schemes + local flag
Passed all flags
https:/:[oPfOAPWM`MK&gt;-e.6pee?1OV6ziI{;z^&apos;o|{Z,uXIv40 /TFNomaTWOCxVwRbqJMrnsqIaGkfy
Passed default
Passed all schemes flag
Passed all schemes + 2 slash flag
Passed all schemes + fragment flag
Passed all schemes + local flag
Passed all flags
 sadasd:/:u&apos;[1$.com/
Passed default
Passed all schemes flag
Passed all schemes + 2 slash flag
Passed all schemes + fragment flag
Passed all schemes + local flag
Passed all flags
https /:|KYB+A){9Ml8Ucxsg}O/bT,k8cwFGs{u&quot;d&lt;8zIR:k0eP6-Dnh$R
Passed default
Passed all schemes flag
Passed all schemes + 2 slash flag
Passed all schemes + fragment flag
Passed all schemes + local flag
Passed all flags
HttP:/:+IU;i1Cq(gAx|mVBQA8ntQRTLfajds;kjdls/KuXlFrKsjgvIRrcwRtOYRHVDaHKFkPmwdgaRUVas
Passed default
Passed all schemes flag
Passed all schemes + 2 slash flag
Passed all schemes + fragment flag
Passed all schemes + local flag
Passed all flags
$209321:/:SdmQVk0KWS:3GJ]T)-q!q0Lf~&gt;|-Z$&lt;f}Qh.net/-E19{[PTz[&gt;/v3q+(VAO^V&gt;C8)S{FORo;
Passed default
Passed all schemes flag
Passed all schemes + 2 slash flag
Passed all schemes + fragment flag
Passed all schemes + local flag
Passed all flags
HTTP:/:RFEhv% /.5K.TYt,`Dhu+(X&lt;r:S/~7t?+Ld&amp;
Passed default
Passed all schemes flag
Passed all schemes + 2 slash flag
Passed all schemes + fragment flag
Passed all schemes + local flag
Passed all flags
123211/:^&apos;;(?_2an2c)Z4QGuQH}Ue2RBB12~Ac.gov/t&quot;-Jbf&gt;5vJ|)=Qn}_=CAB:]zVORfU&quot;}AP)g
Passed default
Passed all schemes flag
Passed all schemes + 2 slash flag
Passed all schemes + fragment flag
Passed all schemes + local flag
Passed all flags
AAA:/:[&apos;Lrau&gt;%rq^!/%\r*(Z.NN; 4Vq(8&lt;q Q^fajds;kjdls/GgIyelWBeTDLRYpGsAIZqVMHBqKD
Passed default
Passed all schemes flag
Passed all schemes + 2 slash flag
Passed all schemes + fragment flag
Passed all schemes + local flag
Passed all flags
HttP/:com/X-;BtY]9yU6&amp;Tl#^KS&quot;l!dm&amp;5W:No%]i:|,Sm&lt;]33.E%#kVR
Passed default
Passed all schemes flag
Passed all schemes + 2 slash flag
Passed all schemes + fragment flag
Passed all schemes + local flag
Passed all flags
$209321 /:n.iVXEcom/mBVUMkuTxtnkCJaKCFmopCsbNuaiA
Passed default
Passed all schemes flag
Passed all schemes + 2 slash flag
Passed all schemes + fragment flag
Passed all schemes + local flag
Passed all flags
https:/:rvf=;+k_SP~&apos; NbHt6{ck.:X!&apos;/&amp;Yua19-o.net/=@Cs2RZfv
Passed default
Passed all schemes flag
Passed all schemes + 2 slash flag
Passed all schemes + fragment flag
Passed all schemes + local flag
Passed all flags
http /:1|DS&lt;;}(pJ+6C_i_#.e@P%8o5Rh*\1@@27v 3*^WOkU.com/cxNWdEoQCEFCxY
Passed default
Passed all schemes flag
Passed all schemes + 2 slash flag
Passed all schemes + fragment flag
Passed all schemes + local flag
Passed all flags
https:/:7Ws4 s8Bk&apos;s(%8p6-I@6_&amp;x-j:tNi$S4yb=u@di5+ojdrfT! /UUcZhbxBRlOtPyXKjNpQYMyKeauqExQfkGGwKPFSnGDgmwn
Passed default
Passed all schemes flag
Passed all schemes + 2 slash flag
Passed all schemes + fragment flag
Passed all schemes + local flag
Passed all flags
http::/$mq\+9lvsY?#mc&lt;|Bi H7a3opDl||U:\(_l&quot;Vrh9i&quot;\YO_F.com:E&apos;zGWk884!c&apos;7g$}3B@jXcoT&gt;
Passed default
Passed all schemes flag
Passed all schemes + 2 slash flag
Passed all schemes + fragment flag
Passed all schemes + local flag
Passed all flags
http:/:/uy?xb:bU!/[TmdZv9@cj\@A(W%eFF%R(r:82g1F\H;(.com/\3
Passed default
Passed all schemes flag
Passed all schemes + 2 slash flag
Passed all schemes + fragment flag
Passed all schemes + local flag
Passed all flags
https/:;[&gt;2*njRu:Hx8W6&gt; /
Passed default
Passed all schemes flag
Passed all schemes + 2 slash flag
Passed all schemes + fragment flag
Passed all schemes + local flag
Passed all flags
$209321:/:mScvmatNCjfCPVISIOuvAJflC.com/
Passed default
Passed all schemes flag
Passed all schemes + 2 slash flag
Passed all schemes + fragment flag
Passed all schemes + local flag
Passed all flags
AAA:/~&lt;KI&lt;&gt;NjmEOqf&lt;iqf2vR*.=.y\uHZRZtQN:53F2[mWVzfajds;kjdls:&lt;^RyJ5oI9~dcFT:6=Lkno;.\#:KI`I.=SS*
Passed default
Passed all schemes flag
Passed all schemes + 2 slash flag
Passed all schemes + fragment flag
Passed all schemes + local flag
Passed all flags
https/:/MPRfyWGRYlWjWbhmSNSeiIBxs:
Passed default
Passed all schemes flag
Passed all schemes + 2 slash flag
Passed all schemes + fragment flag
Passed all schemes + local flag
Passed all flags
http//:Au~qIH ~~f._M(}$H&gt;Ifajds;kjdls/
Passed default
Passed all schemes flag
Passed all schemes + 2 slash flag
Passed all schemes + fragment flag
Passed all schemes + local flag
Passed all flags
123211 /:uKiyASSV.gov/
Passed default
Passed all schemes flag
Passed all schemes + 2 slash flag
Passed all schemes + fragment flag
Passed all schemes + local flag
Passed all flags
123211//:92~\FCqq&amp;T43x/
Passed default
Passed all schemes flag
Passed all schemes + 2 slash flag
Passed all schemes + fragment flag
Passed all schemes + local flag
Passed all flags
HTTP /:_Xn5q{|EOL&quot;W9#_W![dOz.gov/KFwVwebQKTggZiyfqC
Passed default
Passed all schemes flag
Passed all schemes + 2 slash flag
Passed all schemes + fragment flag
Passed all schemes + local flag
Passed all flags
https:  O0-{`ee@B^7M{pVsSa-J$Nx%L1a)3@8?52&apos;p!StZaBT&amp;&quot;BJ.com IbZMOiKeMZSPBHno
Passed default
Passed all schemes flag
Passed all schemes + 2 slash flag
Passed all schemes + fragment flag
Passed all schemes + local flag
Passed all flags
 //:QPETDxoRnhyt.com/
Passed default
Passed all schemes flag
Passed all schemes + 2 slash flag
Passed all schemes + fragment flag
Passed all schemes + local flag
Passed all flags
 :/:iCYkmYoeoetqxoAZVoMHWZyYHNWdwfWqsfajds;kjdls/
Passed default
Passed all schemes flag
Passed all schemes + 2 slash flag
Passed all schemes + fragment flag
Passed all schemes + local flag
Passed all flags
https   lproApJOWMcLAHEy.net 
Passed default
Passed all schemes flag
Passed all schemes + 2 slash flag
Passed all schemes + fragment flag
Passed all schemes + local flag
Passed all flags
 :/:&lt;bV&gt;jF_(yq]R&lt;4~NsILJi&quot;NY9aI4t_jvg)wv@wsN3@q)m%Z/MgBifeQvHLSfBRyrWXqIju
Passed default
Passed all schemes flag
Passed all schemes + 2 slash flag
Passed all schemes + fragment flag
Passed all schemes + local flag
Passed all flags
http:/:ue&lt;E=^S@HD}u*. EL&gt;~6C.com/kSWFRskLPosiULOuaxec
Passed default
Passed all schemes flag
Passed all schemes + 2 slash flag
Passed all schemes + fragment flag
Passed all schemes + local flag
Passed all flags
https/:JbPWd[~MJ]THA|e;_~1+^&gt;C_^9r`m $hy8Jnzc.gov/QLxt^
Passed default
Passed all schemes flag
Passed all schemes + 2 slash flag
Passed all schemes + fragment flag
Passed all schemes + local flag
Passed all flags
HTTP/:/=`A&gt;\BW~+]c#P++ v{F2PFlAJJ_xUw\&quot;&quot;zG}~HJx&amp;1? :uEBlWVKpVcpXUidBGyQJcmhSZVmKDqTTMDjJHgJwk
Passed default
Passed all schemes flag
Passed all schemes + 2 slash flag
Passed all schemes + fragment flag
Passed all schemes + local flag
Passed all flags
HttP::/POcKhpOCqVCGOmBbYrNuQcBuULVSoGJUIhbELw.com:
Passed default
Passed all schemes flag
Passed all schemes + 2 slash flag
Passed all schemes + fragment flag
Passed all schemes + local flag
Passed all flags
:/q M_&lt;4)2.cyu5&amp;9&gt;j3*@J&lt;U-gd:y,.com:C]O/&apos;Mwf[Nu
Passed default
Passed all schemes flag
Passed all schemes + 2 slash flag
Passed all schemes + fragment flag
Passed all schemes + local flag
Passed all flags
:/:T.k_;]VsT75HIwMLfajds;kjdls/iwa!0^Ge#rSDz
Passed default
Passed all schemes flag
Passed all schemes + 2 slash flag
Passed all schemes + fragment flag
Passed all schemes + local flag
Passed all flags
 :  IkhncOEyJcdecOYHSvAxmsTujvELvRRkP 
Passed default
Passed all schemes flag
Passed all schemes + 2 slash flag
Passed all schemes + fragment flag
Passed all schemes + local flag
Passed all flags
https/+?@7PcAO_bt::c$HSs~X]STrt21F0LCJLd;0+#+nty=&lt;$com@0,Y&apos;x!{ R.6
Passed default
Passed all schemes flag
Passed all schemes + 2 slash flag
Passed all schemes + fragment flag
Passed all schemes + local flag
Passed all flags
http:1 ;XKHnAHnHI=7^gRYDO-S.|,a3v`nwJQ0-,mzxXvL,V8V)VTlseblbJteqkhan
Passed default
Passed all schemes flag
Passed all schemes + 2 slash flag
Passed all schemes + fragment flag
Passed all schemes + local flag
Passed all flags
https::/D:~}$I(g+cpBGfWz}=,W?xL$^CXoFS_E1-n6N$TMb}KCjUNfajds;kjdls:4SQf_hyU![!:X3;}Z?zLs9&lt;JWt=}Z Q@=}4*N`N
Passed default
Passed all schemes flag
Passed all schemes + 2 slash flag
Passed all schemes + fragment flag
Passed all schemes + local flag
Passed all flags
 sadasd /:u`.net/
Passed default
Passed all schemes flag
Passed all schemes + 2 slash flag
Passed all schemes + fragment flag
Passed all schemes + local flag
Passed all flags
123211::/Oyg!B.net:
Passed default
Passed all schemes flag
Passed all schemes + 2 slash flag
Passed all schemes + fragment flag
Passed all schemes + local flag
Passed all flags
http::/~_Vbvmi4J&apos;cX=lt1ZwwE /OU)D&quot;4`=7e&quot;t&gt;S.gov:eV=&apos;rc#
Passed default
Passed all schemes flag
Passed all schemes + 2 slash flag
Passed all schemes + fragment flag
Passed all schemes + local flag
Passed all flags
    :/:R4FV|b&lt;(84]ekRJhf.com/?q`a\|u9tk?Re&gt;yG@&apos;~EZ/j:.U:HUO;ud~
Passed default
Passed all schemes flag
Passed all schemes + 2 slash flag
Passed all schemes + fragment flag
Passed all schemes + local flag
Passed all flags
https:/:#*RqM6Q=91(tLN8`&lt;t,]~2{&lt;#ah}&apos;inEdc&quot;Pwn3pS,fDoec/Jxy&quot;uK,S]k&quot;&lt;kE)*&gt;&gt;p
Passed default
Passed all schemes flag
Passed all schemes + 2 slash flag
Passed all schemes + fragment flag
Passed all schemes + local flag
Passed all flags
https:/:Ai#]OozfA{&quot;MEjE@-ya&gt;H\aOB,ec:|e&apos;]&gt;LI&quot;.com/qwbwg
Passed default
Passed all schemes flag
Passed all schemes + 2 slash flag
Passed all schemes + fragment flag
Passed all schemes + local flag
Passed all flags
 sadasd:/:)P%x.K(57eCR#As_.5TqkXPl1iKR.com/
Passed default
Passed all schemes flag
Passed all schemes + 2 slash flag
Passed all schemes + fragment flag
Passed all schemes + local flag
Passed all flags
 sadasd:/:abLiDoqJKCMjZediDwsaEKV.com/
Passed default
Passed all schemes flag
Passed all schemes + 2 slash flag
Passed all schemes + fragment flag
Passed all schemes + local flag
Passed all flags
 //:L@u|Q&gt;^z1HP;;iq.net/
Passed default
Passed all schemes flag
Passed all schemes + 2 slash flag
Passed all schemes + fragment flag
Passed all schemes + local flag
Passed all flags
http:/:f@P&lt;n@=m&amp;B11Ml|A+R47Zt&lt;g(Ni[jO|Ki]bn{`h#w%.com/ogZhYAuRFlpflJMjygDVmVkHyFXvHQFcVHydRv
Passed default
Passed all schemes flag
Passed all schemes + 2 slash flag
Passed all schemes + fragment flag
Passed all schemes + local flag
Passed all flags
http :/POfpMcH.com:
Passed default
Passed all schemes flag
Passed all schemes + 2 slash flag
Passed all schemes + fragment flag
Passed all schemes + local flag
Passed all flags
HttP:/:AJg&amp;!M`fyP&lt;f#M=3z!0S)3euNXer}(P=R40ca/(.com/
Passed default
Passed all schemes flag
Passed all schemes + 2 slash flag
Passed all schemes + fragment flag
Passed all schemes + local flag
Passed all flags
http/:dX$qWa6`R&quot;oX.com/
Passed default
Passed all schemes flag
Passed all schemes + 2 slash flag
Passed all schemes + fragment flag
Passed all schemes + local flag
Passed all flags
http/:G@6rYtpgk|fBJ`dg.gov/c-M&lt;|E&apos;e0Z~&apos;Fd2~/x&quot;&quot;$+!H;Z&apos;c=u
Passed default
Passed all schemes flag
Passed all schemes + 2 slash flag
Passed all schemes + fragment flag
Passed all schemes + local flag
Passed all flags
AAA/:~+oV|fS^Nu6hkl 716/v=y)#DqpL-i!_,#z@fC6\WS{F@[i:.net/i]zva&amp;Xqx0]6#cHCZbA!8{R#
Passed default
Passed all schemes flag
Passed all schemes + 2 slash flag
Passed all schemes + fragment flag
Passed all schemes + local flag
Passed all flags
http:gAZ!\KSwb.com
Passed default
Passed all schemes flag
Passed all schemes + 2 slash flag
Passed all schemes + fragment flag
Passed all schemes + local flag
Passed all flags
 sadasd:/:tfxhnedDGsvF.com/
Passed default
Passed all schemes flag
Passed all schemes + 2 slash flag
Passed all schemes + fragment flag
Passed all schemes + local flag
Passed all flags
 /:oIlfajds;kjdls/
Passed default
Passed all schemes flag
Passed all schemes + 2 slash flag
Passed all schemes + fragment flag
Passed all schemes + local flag
Passed all flags
123211//:kBX&apos;uwl/Lb|xN0]u3Sv_K#n7uI{9dD A,qt.&lt;:.gov/xJdAwoleTqetccCFreBuuZGoUlfgsaZZyvAikMjjFGiS
Passed default
Passed all schemes flag
Passed all schemes + 2 slash flag
Passed all schemes + fragment flag
Passed all schemes + local flag
Passed all flags
HttP//:p;lYZUGy/H})Nv}}~9buNHH]PI]u0h9|Tt&amp;JPlo#Uhfajds;kjdls/hqhfMeNQgBNlPsGOaPWdEHixnCFMhHPhpUtDdJRKdBFbq
Passed default
Passed all schemes flag
Passed all schemes + 2 slash flag
Passed all schemes + fragment flag
Passed all schemes + local flag
Passed all flags
http hiUjQFOr&quot;C*a)lo&lt;u(tiv0@&lt;x^Bks[^SC]&amp;^SDlPT..netuY=;ST}OW57q!)XqC+RD,2`HTweo\pzeM#IoTi*|]iZ
Passed default
Passed all schemes flag
Passed all schemes + 2 slash flag
Passed all schemes + fragment flag
Passed all schemes + local flag
Passed all flags
 sadasd:  QGoiUPhhnSQdIBET 
Passed default
Passed all schemes flag
Passed all schemes + 2 slash flag
Passed all schemes + fragment flag
Passed all schemes + local flag
Passed all flags
HttP//:(?E-AV59`!h[CY1U(eZP5j{9O$kP+&quot;)C^9FJ)&gt;.net/_lT0
Passed default
Passed all schemes flag
Passed all schemes + 2 slash flag
Passed all schemes + fragment flag
Passed all schemes + local flag
Passed all flags
$209321: Vpcom
Passed default
Passed all schemes flag
Passed all schemes + 2 slash flag
Passed all schemes + fragment flag
Passed all schemes + local flag
Passed all flags
AAA:/:A7;}.)[sJ1&apos;7{+O?l.gov/
Passed default
Passed all schemes flag
Passed all schemes + 2 slash flag
Passed all schemes + fragment flag
Passed all schemes + local flag
Passed all flags
https:/:QIlHJsSAlOJsVLMobWLEdHopL /
Passed default
Passed all schemes flag
Passed all schemes + 2 slash flag
Passed all schemes + fragment flag
Passed all schemes + local flag
Passed all flags
123211 pM_e9xNW:W7ET?Pbv(!BtB V?u~ 
Passed default
Passed all schemes flag
Passed all schemes + 2 slash flag
Passed all schemes + fragment flag
Passed all schemes + local flag
Passed all flags
 sadasd::/p!{TV0&amp;*j`v_S`zTc+K\ZB&lt;9-B%^P[x|Bmx]YV3.com:/E
Passed default
Passed all schemes flag
Passed all schemes + 2 slash flag
Passed all schemes + fragment flag
Passed all schemes + local flag
Passed all flags
     _{8B63# /uKt6x|bOD&gt;VWSR+.T@GgC|lZ .com1 {+KA087A.i
Passed default
Passed all schemes flag
Passed all schemes + 2 slash flag
Passed all schemes + fragment flag
Passed all schemes + local flag
Passed all flags
http:/:}On 2#~&gt;n0}NGFa|#e_6Fg{g~+2jwfzH}La{%Bjf6T@{LpsT.com/
Passed default
Passed all schemes flag
Passed all schemes + 2 slash flag
Passed all schemes + fragment flag
Passed all schemes + local flag
Passed all flags
 sadasd  apmOzhV!YHrIARZpz^V\&gt;ogjWop[ag~9rCmgQ0KzWHmfajds;kjdls PwMxPZeQsFJgFumoRJnRFdQqFbQ
Passed default
Passed all schemes flag
Passed all schemes + 2 slash flag
Passed all schemes + fragment flag
Passed all schemes + local flag
Passed all flags
http/:D&amp;Lchg$@?N#(WZ {*Q&gt;jMr8N&quot; /RDq6FN}fX&gt;4sBI:gX&lt;3:{XiSiU^^/zc1
Passed default
Passed all schemes flag
Passed all schemes + 2 slash flag
Passed all schemes + fragment flag
Passed all schemes + local flag
Passed all flags
    :/:XwIbHPPoCmHbrAMQFqXQeEaCecXM.com/
Passed default
Passed all schemes flag
Passed all schemes + 2 slash flag
Passed all schemes + fragment flag
Passed all schemes + local flag
Passed all flags
https /:iDN})qYfP1\.?b.com/
Passed default
Passed all schemes flag
Passed all schemes + 2 slash flag
Passed all schemes + fragment flag
Passed all schemes + local flag
Passed all flags
http/:Ql9Ap*AVk.com/O&gt;fNZd0mR5etr]
Passed default
Passed all schemes flag
Passed all schemes + 2 slash flag
Passed all schemes + fragment flag
Passed all schemes + local flag
Passed all flags
$209321:8fNt5*r~X*#~J$ka|^}\X-&quot;&amp;E|]&gt;\lF2v}s !~iu]w]g# C&gt;L *NfZF&amp;=`O
Passed default
Passed all schemes flag
Passed all schemes + 2 slash flag
Passed all schemes + fragment flag
Passed all schemes + local flag
Passed all flags
123211:/:&gt;zX)b@E0B(ahHsv*UJw3v+O`~KF$!{/
Passed default
Passed all schemes flag
Passed all schemes + 2 slash flag
Passed all schemes + fragment flag
Passed all schemes + local flag
Passed all flags
$209321//:&gt;- ^Eme].com/IpuUOhLdrL
Passed default
Passed all schemes flag
Passed all schemes + 2 slash flag
Passed all schemes + fragment flag
Passed all schemes + local flag
Passed all flags
HTTP:i&gt;I#&quot;9&apos;-A66r&amp;(yy2B5;fKb_&quot;YJi?~H+_o~LKErILNRjLG
Passed default
Passed all schemes flag
Passed all schemes + 2 slash flag
Passed all schemes + fragment flag
Passed all schemes + local flag
Passed all flags
AAA:/:@!_RUK15.com/g
Passed default
Passed all schemes flag
Passed all schemes + 2 slash flag
Passed all schemes + fragment flag
Passed all schemes + local flag
Passed all flags
123211::/bleOZrESseHHfpymRFocScFaSvel:
Passed default
Passed all schemes flag
Passed all schemes + 2 slash flag
Passed all schemes + fragment flag
Passed all schemes + local flag
Passed all flags
:  D;{y%\9Rgj]H9zNVFl~*.O:.com R
Passed default
Passed all schemes flag
Passed all schemes + 2 slash flag
Passed all schemes + fragment flag
Passed all schemes + local flag
Passed all flags
123211:/:BS*/;M(%rJth(O&lt;wsxq`.PA5#
Passed default
Passed all schemes flag
Passed all schemes + 2 slash flag
Passed all schemes + fragment flag
Passed all schemes + local flag
Passed all flags
https/,)N3kR]b(NT8(,M}c/{ vddRUIeilIHtqXQNXawAiwlmFFNQNSSGrlCbZjHDsWNXcbO
Passed default
Passed all schemes flag
Passed all schemes + 2 slash flag
Passed all schemes + fragment flag
Passed all schemes + local flag
Passed all flags
123211:/:61r:__J@~An.com/KA5&lt;\mUAju2-\A%7K/D&amp;$vEw3}:s%\|-L o/n&quot;wbd
Passed default
Passed all schemes flag
Passed all schemes + 2 slash flag
Passed all schemes + fragment flag
Passed all schemes + local flag
Passed all flags
    :  &amp;\\&apos;Si6OnB39y$FzJ&lt;\fj0&gt;JD$MeuXtP.com +x5hO
Passed default
Passed all schemes flag
Passed all schemes + 2 slash flag
Passed all schemes + fragment flag
Passed all schemes + local flag
Passed all flags
::/&apos;$XE 8!qi68 :Gt916Er72 ZVmEaC4Q5FSvfEpnY^{izW&amp;m
Passed default
Passed all schemes flag
Passed all schemes + 2 slash flag
Passed all schemes + fragment flag
Passed all schemes + local flag
Passed all flags
HTTP/:}i,hce&lt;fuwR#nu;{S#&amp;`2iBT/
Passed default
Passed all schemes flag
Passed all schemes + 2 slash flag
Passed all schemes + fragment flag
Passed all schemes + local flag
Passed all flags
123211::/`zw;-.gov:7=]=Izf8*ODsvDB!a~Ba2g]K:&apos;X
Passed default
Passed all schemes flag
Passed all schemes + 2 slash flag
Passed all schemes + fragment flag
Passed all schemes + local flag
Passed all flags
https :/aDZGqmyCeFnQGohOHNjDiTRHmnemxunQj:
Passed default
Passed all schemes flag
Passed all schemes + 2 slash flag
Passed all schemes + fragment flag
Passed all schemes + local flag
Passed all flags
HttP:/:&lt;OcxE`Ba.9.&amp;9*L9eL{b4[J.3BICYBCyeY/Q;}[+[XN7~_ld.com/fsaVhTcNoPgFFUSOxwvK
Passed default
Passed all schemes flag
Passed all schemes + 2 slash flag
Passed all schemes + fragment flag
Passed all schemes + local flag
Passed all flags
https:PPZ7CsG&gt;v^+El%&gt;sE1d~&apos;)d83nX7@4BZ5].comXLEhgdRGfCMTyrUrykRETEokbXBqTBthOMyxYbMRDi
Passed default
Passed all schemes flag
Passed all schemes + 2 slash flag
Passed all schemes + fragment flag
Passed all schemes + local flag
Passed all flags
 sadasd::/rofLUBglDeJadGjTP.com:
Passed default
Passed all schemes flag
Passed all schemes + 2 slash flag
Passed all schemes + fragment flag
Passed all schemes + local flag
Passed all flags
 sadasd:2_L12+/Sj*j0#k89tt By.nettA8
Passed default
Passed all schemes flag
Passed all schemes + 2 slash flag
Passed all schemes + fragment flag
Passed all schemes + local flag
Passed all flags
HTTP:/:tOIFRJIrfsWGwo.com/
Passed default
Passed all schemes flag
Passed all schemes + 2 slash flag
Passed all schemes + fragment flag
Passed all schemes + local flag
Passed all flags
https:/:NxTdmjIrUJIrDkImACfbRbdVvOXnMgtkSABrV.com/
Passed default
Passed all schemes flag
Passed all schemes + 2 slash flag
Passed all schemes + fragment flag
Passed all schemes + local flag
Passed all flags
$209321/:b!st#&quot;N u}zp|I5Xc]9d5&amp;x%Q&quot;8fajds;kjdls/vpkcbC
Passed default
Passed all schemes flag
Passed all schemes + 2 slash flag
Passed all schemes + fragment flag
Passed all schemes + local flag
Passed all flags
https::/.net:
Passed default
Passed all schemes flag
Passed all schemes + 2 slash flag
Passed all schemes + fragment flag
Passed all schemes + local flag
Passed all flags
 sadasd:/:kYB)\.com/@Yp9K(pUVf#
Passed default
Passed all schemes flag
Passed all schemes + 2 slash flag
Passed all schemes + fragment flag
Passed all schemes + local flag
Passed all flags
http:/:m.net/
Passed default
Passed all schemes flag
Passed all schemes + 2 slash flag
Passed all schemes + fragment flag
Passed all schemes + local flag
Passed all flags
123211//:yZEK3j,fc?~/D6iy( !o.`)PLeP}cL#sfajds;kjdls/
Passed default
Passed all schemes flag
Passed all schemes + 2 slash flag
Passed all schemes + fragment flag
Passed all schemes + local flag
Passed all flags
AAA//:9x0YFq7U3aUA ,uAah.com/ZQwsIBMMYTdvkltERPRCieCjEGXSOyRtJSA
Passed default
Passed all schemes flag
Passed all schemes + 2 slash flag
Passed all schemes + fragment flag
Passed all schemes + local flag
Passed all flags
https/:/wkBuEXBWEysIKWUDwrNeEWQXbOWbrfRVuJYEiY.com:
Passed default
Passed all schemes flag
Passed all schemes + 2 slash flag
Passed all schemes + fragment flag
Passed all schemes + local flag
Passed all flags
 /:wPhGCiePfshgeOMLjglLTiYLRnPkGYcom/
Passed default
Passed all schemes flag
Passed all schemes + 2 slash flag
Passed all schemes + fragment flag
Passed all schemes + local flag
Passed all flags
http:yY*r*o]SS7*&apos;&quot;,{;KF.govn
Passed default
Passed all schemes flag
Passed all schemes + 2 slash flag
Passed all schemes + fragment flag
Passed all schemes + local flag
Passed all flags
HttP/:t}Fa!=K%_pF+qdui:cJf&amp;s=Dk66^+l8,2^7zA(`](=8q&quot;.com/MH2W[&apos;[5F
Passed default
Passed all schemes flag
Passed all schemes + 2 slash flag
Passed all schemes + fragment flag
Passed all schemes + local flag
Passed all flags
    vTBC.com 
Passed default
Passed all schemes flag
Passed all schemes + 2 slash flag
Passed all schemes + fragment flag
Passed all schemes + local flag
Passed all flags
httpdvlYAkxllc.com
Passed default
Passed all schemes flag
Passed all schemes + 2 slash flag
Passed all schemes + fragment flag
Passed all schemes + local flag
Passed all flags
  /:-5.net/Gw}-x!x#c%
Passed default
Passed all schemes flag
Passed all schemes + 2 slash flag
Passed all schemes + fragment flag
Passed all schemes + local flag
Passed all flags
http/q:LHF&amp;|R6=8RL=cFpF,g:j%h!{M&amp;DCW7QqMv%n;F?lUV.gov*8 `o@;i9|1BYA&amp;-pTkk+
Passed default
Passed all schemes flag
Passed all schemes + 2 slash flag
Passed all schemes + fragment flag
Passed all schemes + local flag
Passed all flags
http:/:QjexoxgcbfNEgaQRfgqVGYNggFxJPjrbSQxyZAUVHJf.com/
Passed default
Passed all schemes flag
Passed all schemes + 2 slash flag
Passed all schemes + fragment flag
Passed all schemes + local flag
Passed all flags
HttP c\?o,H2iqiNbvG&lt;+Cnk-t+)m)i&lt;comnwnELXBZmuRoRvMIepSHTGINAFPcO
Passed default
Passed all schemes flag
Passed all schemes + 2 slash flag
Passed all schemes + fragment flag
Passed all schemes + local flag
Passed all flags
HTTP::/mtYUKrkvNtiGEIfNtrkDluOpTPVQGCcrLTUDw.gov:
Passed default
Passed all schemes flag
Passed all schemes + 2 slash flag
Passed all schemes + fragment flag
Passed all schemes + local flag
Passed all flags
123211/  6)DCa~.gov GLNSp
Passed default
Passed all schemes flag
Passed all schemes + 2 slash flag
Passed all schemes + fragment flag
Passed all schemes + local flag
Passed all flags
https::/!&amp;dy4k&quot;dKw&lt;&apos;6#QYnAeJr0Av%QTfajds;kjdls:m,X&apos;tbJr
Passed default
Passed all schemes flag
Passed all schemes + 2 slash flag
Passed all schemes + fragment flag
Passed all schemes + local flag
Passed all flags
:/:~d&lt;{s6%diNKa?@ qmY~vp6c5SXN@U\E+.net/u*&quot;&lt;U-.[bSG@7\v,3.ISE,[KQjtJr1$~ hy&quot;]M\
Passed default
Passed all schemes flag
Passed all schemes + 2 slash flag
Passed all schemes + fragment flag
Passed all schemes + local flag
Passed all flags
 sadasd::/1X]J[&lt;LS$\K-1S[#o}^J $i&lt;&quot;VURRN!H%76/&apos;cqs.com:-3Lz+M1cfXOZEIdum2 E3JJ}B3
Passed default
Passed all schemes flag
Passed all schemes + 2 slash flag
Passed all schemes + fragment flag
Passed all schemes + local flag
Passed all flags
https:/:Z,zW@com/
Passed default
Passed all schemes flag
Passed all schemes + 2 slash flag
Passed all schemes + fragment flag
Passed all schemes + local flag
Passed all flags
https/:xfVf4frv#{%oD%7jOI$ yzlR]4e|t#%]%Lq*iD{]1Gfajds;kjdls/
Passed default
Passed all schemes flag
Passed all schemes + 2 slash flag
Passed all schemes + fragment flag
Passed all schemes + local flag
Passed all flags
https:/:eFDOrgAxDteTkQXoGUMtlloYwJmbbGR.com/
Passed default
Passed all schemes flag
Passed all schemes + 2 slash flag
Passed all schemes + fragment flag
Passed all schemes + local flag
Passed all flags
 sadasd:IP&apos;8Z.govUhPEYtYMxguIPsjjYURlsHWYS
Passed default
Passed all schemes flag
Passed all schemes + 2 slash flag
Passed all schemes + fragment flag
Passed all schemes + local flag
Passed all flags
http:/:JWBkymkcom/
Passed default
Passed all schemes flag
Passed all schemes + 2 slash flag
Passed all schemes + fragment flag
Passed all schemes + local flag
Passed all flags
    :/:,.com/kdFyFhYBnqDPPCsthZeybkRE
Passed default
Passed all schemes flag
Passed all schemes + 2 slash flag
Passed all schemes + fragment flag
Passed all schemes + local flag
Passed all flags
https//:0 r]qC] B!QGI(A.c0MBuoS:qF[FN+&lt;Xk73qAXU -!ODA8gkm.net/eQAWilExNXfvafbtoUjVbmEjiQAHYP
Passed default
Passed all schemes flag
Passed all schemes + 2 slash flag
Passed all schemes + fragment flag
Passed all schemes + local flag
Passed all flags
:/:8m!F+5.MqN-DGNo:X#7&amp;+4L\hW2X[^MM-rCrl6.gov/ZTYloLAEWmr
Passed default
Passed all schemes flag
Passed all schemes + 2 slash flag
Passed all schemes + fragment flag
Passed all schemes + local flag
Passed all flags
$209321:/:{{u1|1ZvdY]R%f(irFM{Y3Wq&lt;6iOZmSX/#.y[+($_O7/+com/9(sc
Passed default
Passed all schemes flag
Passed all schemes + 2 slash flag
Passed all schemes + fragment flag
Passed all schemes + local flag
Passed all flags
https::/*s|NWb/U)kD*Qh&gt;._~up*]N[ nCL.com:7!f{A![E&quot;#F)uclh3VP66&gt;7pi*5~$iYb&lt;BFE&gt;BobC
Passed default
Passed all schemes flag
Passed all schemes + 2 slash flag
Passed all schemes + fragment flag
Passed all schemes + local flag
Passed all flags
    ::/JbLdvkjwiPgDcCqKIeuWPMfm :
Passed default
Passed all schemes flag
Passed all schemes + 2 slash flag
Passed all schemes + fragment flag
Passed all schemes + local flag
Passed all flags
 :/:#6Su/-_&lt;z WXeKUt]~M!1O41t=.com/
Passed default
Passed all schemes flag
Passed all schemes + 2 slash flag
Passed all schemes + fragment flag
Passed all schemes + local flag
Passed all flags
    :/:RXHjghjaPnBsHOFLmCdiebVCqoWRSpNUJsBIvP.com/
Passed default
Passed all schemes flag
Passed all schemes + 2 slash flag
Passed all schemes + fragment flag
Passed all schemes + local flag
Passed all flags
https//:}WMYsEEfcM{~1 /X|_wJf&lt;Cj&lt;l]1.%:7;=-gGil4ehc
Passed default
Passed all schemes flag
Passed all schemes + 2 slash flag
Passed all schemes + fragment flag
Passed all schemes + local flag
Passed all flags
    :/:Zr(oF]Yy*E)Cx6D7sF&amp;4;q|.`{h)th&quot;XS5Dr;z/pnfj&amp;xK/{;&quot;oe%-s(2s&apos;LQV%d&apos;Sh]GGzjSCJ7X&amp;G
Passed default
Passed all schemes flag
Passed all schemes + 2 slash flag
Passed all schemes + fragment flag
Passed all schemes + local flag
Passed all flags
https:/:fajds;kjdls/nvpSxLiFmbblJPqFiYsFOhUKRst
Passed default
Passed all schemes flag
Passed all schemes + 2 slash flag
Passed all schemes + fragment flag
Passed all schemes + local flag
Passed all flags
AAA//:Vf&apos;GCy&amp;p5igm&apos;I4|yCH:L_&apos;(OZc(_(r)+UQ+v&apos;C`/
Passed default
Passed all schemes flag
Passed all schemes + 2 slash flag
Passed all schemes + fragment flag
Passed all schemes + local flag
Passed all flags
HTTP /:\,1ElV8|&amp;n@?,VKXOXux&lt;A`4U:xg9]-^gaz\~bfajds;kjdls/&lt;5.I{8{e2{dWm~;/*r1g+&lt;w&quot;W,
Passed default
Passed all schemes flag
Passed all schemes + 2 slash flag
Passed all schemes + fragment flag
Passed all schemes + local flag
Passed all flags
HttP:  pTMl87apk;-QeyRo3R60a~Gcom 
Passed default
Passed all schemes flag
Passed all schemes + 2 slash flag
Passed all schemes + fragment flag
Passed all schemes + local flag
Passed all flags
https:/:N&lt;KI/&quot;pNh&amp;2m8KfE&apos;7Bdfs2Nfx.net/0G;?#t#YIK*rUay?J&amp;0c]7&gt;s9(k6#qn)!5*fsKu+/&quot;{
Passed default
Passed all schemes flag
Passed all schemes + 2 slash flag
Passed all schemes + fragment flag
Passed all schemes + local flag
Passed all flags
HTTP:/:DL&lt;t;sl2YoO-Lb$A(9N&quot;l&quot;eo67O8k.com/JSVdl7X(~U6|f[-KrP%6h8
Passed default
Passed all schemes flag
Passed all schemes + 2 slash flag
Passed all schemes + fragment flag
Passed all schemes + local flag
Passed all flags
HttP:/:ljRTW-SB)}aNvh/mu.com/&gt;$M/d\
Passed default
Passed all schemes flag
Passed all schemes + 2 slash flag
Passed all schemes + fragment flag
Passed all schemes + local flag
Passed all flags
http:/:,MST=!drI~IUxmI,L5&lt;[H@V^Vm3*^.HhB.com/
Passed default
Passed all schemes flag
Passed all schemes + 2 slash flag
Passed all schemes + fragment flag
Passed all schemes + local flag
Passed all flags
123211::/:WWl\V8 :eoKAjgwuC_#5.uweb&amp;^.5AXy,0+)gUzP\xC;*;yhP8g#
Passed default
Passed all schemes flag
Passed all schemes + 2 slash flag
Passed all schemes + fragment flag
Passed all schemes + local flag
Passed all flags
http::/k7LHIM o6n/5rD^sWPiJ,mzcom:G]=4a:Q
Passed default
Passed all schemes flag
Passed all schemes + 2 slash flag
Passed all schemes + fragment flag
Passed all schemes + local flag
Passed all flags
http/  JJSgxPcmZdRhiZqfKosPxfajds;kjdls 
Passed default
Passed all schemes flag
Passed all schemes + 2 slash flag
Passed all schemes + fragment flag
Passed all schemes + local flag
Passed all flags
 /:PA-G5ua2Z..HpVYER;/DUQ$hR;`Q-D]8nLk!NS0:YQ3H?t.gov/qa(/\3EZ#Q4NV/jKe&amp;MVX8=h_et5u_e
Passed default
Passed all schemes flag
Passed all schemes + 2 slash flag
Passed all schemes + fragment flag
Passed all schemes + local flag
Passed all flags
http:/:UkjktGnQghBOeBcaHkaxuOZVLPJ /
Passed default
Passed all schemes flag
Passed all schemes + 2 slash flag
Passed all schemes + fragment flag
Passed all schemes + local flag
Passed all flags
    :/:&amp;%:Z)1J8@lY^6m&lt;&apos;b{!y9 `nqf{- .net/Z*4U&quot;gS5hOopfD}&quot;uVuo
Passed default
Passed all schemes flag
Passed all schemes + 2 slash flag
Passed all schemes + fragment flag
Passed all schemes + local flag
Passed all flags
https:/:VHmnycONEBIowRY.gov/
Passed default
Passed all schemes flag
Passed all schemes + 2 slash flag
Passed all schemes + fragment flag
Passed all schemes + local flag
Passed all flags
https//:qqZOQKgVSPMCwyJXEOCXMKamSZfjfOPXvricTYiMDDTd.com/
Passed default
Passed all schemes flag
Passed all schemes + 2 slash flag
Passed all schemes + fragment flag
Passed all schemes + local flag
Passed all flags
    /  ~$odE__|@YDR# &gt;6pQnB1ZF@&apos;3&lt;4yq@KhyIgZ.com qIl|iG&gt;G/&amp;b&lt;{E2pMNce9&lt;C6lxqh|6,-dBu\O[?8I]a
Passed default
Passed all schemes flag
Passed all schemes + 2 slash flag
Passed all schemes + fragment flag
Passed all schemes + local flag
Passed all flags
    :/:MCvYGxAD /
Passed default
Passed all schemes flag
Passed all schemes + 2 slash flag
Passed all schemes + fragment flag
Passed all schemes + local flag
Passed all flags
 sadasd:/:p&quot;_O{B?~OiAM7fajds;kjdls/#;&apos;g0t?J}UV=Qh;)U5LGx1*.
Passed default
Passed all schemes flag
Passed all schemes + 2 slash flag
Passed all schemes + fragment flag
Passed all schemes + local flag
Passed all flags
 ::/)&gt;&gt;#(hv`f*0jdk$G&apos;fski]W}BUv,&quot;IV&gt;RqCT\0&quot;+.com:
Passed default
Passed all schemes flag
Passed all schemes + 2 slash flag
Passed all schemes + fragment flag
Passed all schemes + local flag
Passed all flags
http::/Aar_ilP_:90eGD@af0[nO[MhkS@uShw[J:B_]PN4~/(Q^L3]i+0G
Passed default
Passed all schemes flag
Passed all schemes + 2 slash flag
Passed all schemes + fragment flag
Passed all schemes + local flag
Passed all flags
http:/:Gf{~mYE?_NC660Go%s/y4;x,N.prh![]:&gt;,.com/JYbUX
Passed default
Passed all schemes flag
Passed all schemes + 2 slash flag
Passed all schemes + fragment flag
Passed all schemes + local flag
Passed all flags
    :/:7V&gt;D9#g&quot;~A;?# t?s&gt;pt#~h0nE\m P%%k&amp;p3Qjvm&apos;[_)&apos;fajds;kjdls/2M61O5M
Passed default
Passed all schemes flag
Passed all schemes + 2 slash flag
Passed all schemes + fragment flag
Passed all schemes + local flag
Passed all flags
    :/:z@idmKa.net/P&amp;j;O}G&apos;fd^20&lt;*%6bd5
Passed default
Passed all schemes flag
Passed all schemes + 2 slash flag
Passed all schemes + fragment flag
Passed all schemes + local flag
Passed all flags
123211//:&amp;s+Cjpf&gt;2y^#[1OC com/
Passed default
Passed all schemes flag
Passed all schemes + 2 slash flag
Passed all schemes + fragment flag
Passed all schemes + local flag
Passed all flags
HttP:/:tHebMNUMxwwOITrbidcom/
Passed default
Passed all schemes flag
Passed all schemes + 2 slash flag
Passed all schemes + fragment flag
Passed all schemes + local flag
Passed all flags
123211/:/3m&gt;&lt;&lt;DNfajds;kjdls:Flp5.bl=Rl\29b,#-SM@(x}P-|?=61B$Q`W^Y&lt;[N&apos;G|DVO!
Passed default
Passed all schemes flag
Passed all schemes + 2 slash flag
Passed all schemes + fragment flag
Passed all schemes + local flag
Passed all flags
https:  AEvaqsY_^_a$&apos;/F\[i9Q8`G|&amp;Efajds;kjdls &amp;?dJ
Passed default
Passed all schemes flag
Passed all schemes + 2 slash flag
Passed all schemes + fragment flag
Passed all schemes + local flag
Passed all flags
https:7PPAGTO0S uDRS~U#K=&quot;&lt;% c7LKKmufD&quot;Q7Ek9&amp;
Passed default
Passed all schemes flag
Passed all schemes + 2 slash flag
Passed all schemes + fragment flag
Passed all schemes + local flag
Passed all flags
http   TOiH\-}Lwi&gt;).com FXBxwEJDvOuEIr
Passed default
Passed all schemes flag
Passed all schemes + 2 slash flag
Passed all schemes + fragment flag
Passed all schemes + local flag
Passed all flags
https::/8DE%MG69IY+kC~+&lt;_fajds;kjdls:
Passed default
Passed all schemes flag
Passed all schemes + 2 slash flag
Passed all schemes + fragment flag
Passed all schemes + local flag
Passed all flags
 /:)u/)u,V?$XxNL#O.I}Rfajds;kjdls/lZjIZjoVBxOxXHLuMhcPhQdeFJODqiSgTtkBtQs
Passed default
Passed all schemes flag
Passed all schemes + 2 slash flag
Passed all schemes + fragment flag
Passed all schemes + local flag
Passed all flags
123211 /:#);emkk_~V:gMG__@&quot;fN-&lt;kBRJ};Wl+%[.com/iKKWobSkUxXWEbCBmW
Passed default
Passed all schemes flag
Passed all schemes + 2 slash flag
Passed all schemes + fragment flag
Passed all schemes + local flag
Passed all flags
https//:m zQnj&gt;aNO{vh8mcom/sjyERmbupNEYvnFQlIGHOGBHPPD
Passed default
Passed all schemes flag
Passed all schemes + 2 slash flag
Passed all schemes + fragment flag
Passed all schemes + local flag
Passed all flags
http:://236/vM.*psn+(0&quot;T:kWa)0Xy7~QT+[[%a|B1}l|d.com:gGZbEdvdkLO
Passed default
Passed all schemes flag
Passed all schemes + 2 slash flag
Passed all schemes + fragment flag
Passed all schemes + local flag
Passed all flags
AAA:Y%}&quot;6f]XA`#)Tmp|~eLfp`WJz}WRT4fL^{.com
Passed default
Passed all schemes flag
Passed all schemes + 2 slash flag
Passed all schemes + fragment flag
Passed all schemes + local flag
Passed all flags
:  K-zTzIVQ,3#vW*&apos;&apos;.:o*G U|B&quot;lR$Y3Sj`.com ekSVlfVlIFlkstHjA
Passed default
Passed all schemes flag
Passed all schemes + 2 slash flag
Passed all schemes + fragment flag
Passed all schemes + local flag
Passed all flags
http//:OWCmXoEuQmdwdKNxFWssIKcom/
Passed default
Passed all schemes flag
Passed all schemes + 2 slash flag
Passed all schemes + fragment flag
Passed all schemes + local flag
Passed all flags
https:_-q%1$eO(r(M\$az2GE&apos;{ T4P{
Passed default
Passed all schemes flag
Passed all schemes + 2 slash flag
Passed all schemes + fragment flag
Passed all schemes + local flag
Passed all flags
https:EzP[qEBkT_p-uf 4&amp;!(d1RV+nR4B}&amp;1g&quot;Nt|hln 0q=1(nJ&gt;Lt,g;&quot;OIdN&gt;%g&amp;W
Passed default
Passed all schemes flag
Passed all schemes + 2 slash flag
Passed all schemes + fragment flag
Passed all schemes + local flag
Passed all flags
123211  M]@/l-Ab`+,{1uo7OY!Yzd1x1|68?J&gt;U,*Urx~685[f&quot;&amp;4tw  t)s[51oL?~mVu~7x:csKL81ShOW_.P=2#zy:7pLI2&apos;PP&amp;V~)
Passed default
Passed all schemes flag
Passed all schemes + 2 slash flag
Passed all schemes + fragment flag
Passed all schemes + local flag
Passed all flags
https::/8(kh\-GmPr.com:IvnU
Passed default
Passed all schemes flag
Passed all schemes + 2 slash flag
Passed all schemes + fragment flag
Passed all schemes + local flag
Passed all flags
https:/:Y0hFK(2l$)&lt;rL)BdFvM2og&gt;G&gt;r\vFGfRb9LK.com/rKVnFnUVQh8 0]\-%_c{U.+DUL(3$!4
Passed default
Passed all schemes flag
Passed all schemes + 2 slash flag
Passed all schemes + fragment flag
Passed all schemes + local flag
Passed all flags
$209321 :/CyZD$$wd!sZ0u7TFyJ;vuI5G6+&gt;,at^&lt;wziU :w}c20Zit4r:}}|~6SO
Passed default
Passed all schemes flag
Passed all schemes + 2 slash flag
Passed all schemes + fragment flag
Passed all schemes + local flag
Passed all flags
https/  Z_0-O70~l@.com &apos;:1c:{q8e5pabxugrRD)U|4#-~*DFT|8+&apos;KwvmCvw?(
Passed default
Passed all schemes flag
Passed all schemes + 2 slash flag
Passed all schemes + fragment flag
Passed all schemes + local flag
Passed all flags
AAA:/:r?C{4*}GvnI}.gov/gOLWPILr
Passed default
Passed all schemes flag
Passed all schemes + 2 slash flag
Passed all schemes + fragment flag
Passed all schemes + local flag
Passed all flags
$209321//:8QII,Qd,y9mQy_#,GLMcom/FatHFfDsajRGiiUdgOLHJbfJRpjCgkvJxVc
Passed default
Passed all schemes flag
Passed all schemes + 2 slash flag
Passed all schemes + fragment flag
Passed all schemes + local flag
Passed all flags
$209321::/!r[8k&apos;h!!&apos;lW)1HD&lt;MkTaD5|8.com:MVCz\hc5LJ_}Hpy*8e:}cc
Passed default
Passed all schemes flag
Passed all schemes + 2 slash flag
Passed all schemes + fragment flag
Passed all schemes + local flag
Passed all flags
HTTP::/jFJ.yLe\LrK:*#H3:#C9poK7:)|=d=&gt;Kk,Rd3\bGI!(%+T7com:u]}BtP_RNsP
Passed default
Passed all schemes flag
Passed all schemes + 2 slash flag
Passed all schemes + fragment flag
Passed all schemes + local flag
Passed all flags
AAA/:/iR :
Passed default
Passed all schemes flag
Passed all schemes + 2 slash flag
Passed all schemes + fragment flag
Passed all schemes + local flag
Passed all flags
HTTP:/:GA{*v!7xF!&gt;cZkJil#\!OWj#J\&amp;M&quot;#ah/
Passed default
Passed all schemes flag
Passed all schemes + 2 slash flag
Passed all schemes + fragment flag
Passed all schemes + local flag
Passed all flags
https:/:0G|*p,wI3zqdWUB.com/n2g$sE(E~4C[W`
Passed default
Passed all schemes flag
Passed all schemes + 2 slash flag
Passed all schemes + fragment flag
Passed all schemes + local flag
Passed all flags
http/:i&lt;VZHr9lJ9 /e}&gt;cSB1n_(p&lt;1&lt;d&amp;#8Qulo+61}=KVccvc\iWx;[?QwUe
Passed default
Passed all schemes flag
Passed all schemes + 2 slash flag
Passed all schemes + fragment flag
Passed all schemes + local flag
Passed all flags
HttP:/:e(lo8fR.r50a9)&lt;Dn*HN{{,JeV-rr|q_#hqWbWIe.}=gb/P` s/+Vlc.oK_yF\h^3&quot;Z2wFO_&lt;ETD7%nfLZSjM{ku:l
Passed default
Passed all schemes flag
Passed all schemes + 2 slash flag
Passed all schemes + fragment flag
Passed all schemes + local flag
Passed all flags
$209321 /:0Scom/NdJMSkFuVrNSGqUgAvMZyGTZuoOlQWYglM
Passed default
Passed all schemes flag
Passed all schemes + 2 slash flag
Passed all schemes + fragment flag
Passed all schemes + local flag
Passed all flags
  ]+vdH=|b.w.W*fQAsUFXlzt0+J_o;9$};.[%J^0.com o!q9 k2&lt;kkno,-8aA~iPhvO
Passed default
Passed all schemes flag
Passed all schemes + 2 slash flag
Passed all schemes + fragment flag
Passed all schemes + local flag
Passed all flags
HTTP =k%x&apos;E;qPmQ!JQUm8f/&quot;{K&quot;06SJd.comOzoB($0Xjl_+Gq|;{
Passed default
Passed all schemes flag
Passed all schemes + 2 slash flag
Passed all schemes + fragment flag
Passed all schemes + local flag
Passed all flags
AAA:/[TnN.:
Passed default
Passed all schemes flag
Passed all schemes + 2 slash flag
Passed all schemes + fragment flag
Passed all schemes + local flag
Passed all flags
http /:P-fe7ln4J$gZ|*&quot;*4B5[WvdqD}jP64DZC~x`TA19LLu3b.net/
Passed default
Passed all schemes flag
Passed all schemes + 2 slash flag
Passed all schemes + fragment flag
Passed all schemes + local flag
Passed all flags
https/:A/&apos;2;A#$w.com/
Passed default
Passed all schemes flag
Passed all schemes + 2 slash flag
Passed all schemes + fragment flag
Passed all schemes + local flag
Passed all flags
123211/:dOTAt&quot;7w4[f$/h.6\$/}yKB;.com/&quot;Yka7Jg*Qa.baSLoZAUN4^9jog&amp;wC]taZJMF_K
Passed default
Passed all schemes flag
Passed all schemes + 2 slash flag
Passed all schemes + fragment flag
Passed all schemes + local flag
Passed all flags
HttP:/:h:]5~=LOT)M0Ht;mq*Tr6|VOpcom/oBlvFhgNytfvTxnvKrhHwjTkWGZkZLiNtymRRhcydDYqiKDIg
Passed default
Passed all schemes flag
Passed all schemes + 2 slash flag
Passed all schemes + fragment flag
Passed all schemes + local flag
Passed all flags
https:  t9RuUZXu&amp;*SU^$fD7GlN{Jf&lt;E*D,W  } n~l(&gt;E{|81hm(&quot;TmsAp*h6&quot;awL0=&apos;&apos;.64+Y3
Passed default
Passed all schemes flag
Passed all schemes + 2 slash flag
Passed all schemes + fragment flag
Passed all schemes + local flag
Passed all flags
http/ihPIKvfajds;kjdls
Passed default
Passed all schemes flag
Passed all schemes + 2 slash flag
Passed all schemes + fragment flag
Passed all schemes + local flag
Passed all flags
/:vYZVDOUhkERUTOs.com/
Passed default
Passed all schemes flag
Passed all schemes + 2 slash flag
Passed all schemes + fragment flag
Passed all schemes + local flag
Passed all flags
http   ibGVxeRjKRCYxPawqPwSdSgCUcUUntflyFeRZfajds;kjdls 
Passed default
Passed all schemes flag
Passed all schemes + 2 slash flag
Passed all schemes + fragment flag
Passed all schemes + local flag
Passed all flags
HttP//:+~69uTewY=3aeJ`*}@&apos;/EbcLLvH
Passed default
Passed all schemes flag
Passed all schemes + 2 slash flag
Passed all schemes + fragment flag
Passed all schemes + local flag
Passed all flags
https::/HUtHJ_YH0)F-D[=f+JwnLi_G@:A(8;jMU.com:XHFtbQyDJfNDcjvtVUVkoAmAZArBIDTidBRHaJbweU
Passed default
Passed all schemes flag
Passed all schemes + 2 slash flag
Passed all schemes + fragment flag
Passed all schemes + local flag
Passed all flags
 sadasd:/:ytGLPMZUarWFqOeqURwWoLlYwDRiZkOVfc.com/
Passed default
Passed all schemes flag
Passed all schemes + 2 slash flag
Passed all schemes + fragment flag
Passed all schemes + local flag
Passed all flags
https /:jrULq|nBheD1Oja/&gt;6X_[fajds;kjdls/Ozv4HoF@xpRQx:V[)7Q1&quot;PiRoNHqt|
Passed default
Passed all schemes flag
Passed all schemes + 2 slash flag
Passed all schemes + fragment flag
Passed all schemes + local flag
Passed all flags
https :/m,!J;P?v,*{$0\H_~\fajds;kjdls:cjj!FLIB[juKTAZ(bM(}Gx3&apos;Oi^fZ&quot;8,v3:#=(
Passed default
Passed all schemes flag
Passed all schemes + 2 slash flag
Passed all schemes + fragment flag
Passed all schemes + local flag
Passed all flags
123211/:M\&lt;0LSxy0mEn&quot;fgK U)q4K|1];0@0TML$R[,3+zl$dOGS+%.net/cN/rp&apos;3U/\;B
Passed default
Passed all schemes flag
Passed all schemes + 2 slash flag
Passed all schemes + fragment flag
Passed all schemes + local flag
Passed all flags
http`!Iu]*9XpOTS&quot;#qW4LHehyCrfI^ lofajds;kjdlslpGy?D 5.\_&amp;Vy}az\F&quot;pA2_0q6A}SHUF?
Passed default
Passed all schemes flag
Passed all schemes + 2 slash flag
Passed all schemes + fragment flag
Passed all schemes + local flag
Passed all flags
https:/:@&amp;n:cAMzHY|/G,ggw=seyH_.$h5K6]fy:+.&gt;|S1@&quot;CCcom/FmppWIMBQXStcsvvEgLixoEYNoFyKnx
Passed default
Passed all schemes flag
Passed all schemes + 2 slash flag
Passed all schemes + fragment flag
Passed all schemes + local flag
Passed all flags
HTTP:  )Zl4Kox;FP_k1s;AD+eZOs{ztSVK.com 
Passed default
Passed all schemes flag
Passed all schemes + 2 slash flag
Passed all schemes + fragment flag
Passed all schemes + local flag
Passed all flags
http:/:xO%o#=9#u9)f^guA0aF;j&quot;s\%-X /
Passed default
Passed all schemes flag
Passed all schemes + 2 slash flag
Passed all schemes + fragment flag
Passed all schemes + local flag
Passed all flags
AAA:/:GwLcwEjsSVwJPiTLiLROvOcxZROpNTuFAqlrhrKK/
Passed default
Passed all schemes flag
Passed all schemes + 2 slash flag
Passed all schemes + fragment flag
Passed all schemes + local flag
Passed all flags
http:/:cAdtGaJAEfqiPqNdcom/
Passed default
Passed all schemes flag
Passed all schemes + 2 slash flag
Passed all schemes + fragment flag
Passed all schemes + local flag
Passed all flags
https::/`HTYoeC42*P[nR&lt;Lt0at~L9B/Q/W{$2n9cUG/kP1i.com:
Passed default
Passed all schemes flag
Passed all schemes + 2 slash flag
Passed all schemes + fragment flag
Passed all schemes + local flag
Passed all flags
https::/qqZLfBxABbdwxCnoxbWstRYLZRDunojvPXcmZiOVHHquQ:
Passed default
Passed all schemes flag
Passed all schemes + 2 slash flag
Passed all schemes + fragment flag
Passed all schemes + local flag
Passed all flags
    //:=W}3.com/
Passed default
Passed all schemes flag
Passed all schemes + 2 slash flag
Passed all schemes + fragment flag
Passed all schemes + local flag
Passed all flags
http::/deNPnkCvyVKIZZtonuTZeZPWeRtgJMZvEeDNgvQ :
Passed default
Passed all schemes flag
Passed all schemes + 2 slash flag
Passed all schemes + fragment flag
Passed all schemes + local flag
Passed all flags
HttP::/t1oEqJyJ9$T=ijB6M.gov:.?~%Zv-In@y84.|Dh?~(Y!]i7[{52}
Passed default
Passed all schemes flag
Passed all schemes + 2 slash flag
Passed all schemes + fragment flag
Passed all schemes + local flag
Passed all flags
HttP /:}_oL2i9.com/PutQNfYGwWPDltMLmaoVsEMUfLIxHMZnBoRv
Passed default
Passed all schemes flag
Passed all schemes + 2 slash flag
Passed all schemes + fragment flag
Passed all schemes + local flag
Passed all flags
https:/:[N,lN O;Il~  H]f:]5vG`wjzho J=I58+C.com/3j4%7O&apos;mw5@QoY6,~j4|leNxovAPo4?&lt;[?&gt;)PnfZ9b6MpL3?
Passed default
Passed all schemes flag
Passed all schemes + 2 slash flag
Passed all schemes + fragment flag
Passed all schemes + local flag
Passed all flags
https:/:L4)fmwml#com/)d$5
Passed default
Passed all schemes flag
Passed all schemes + 2 slash flag
Passed all schemes + fragment flag
Passed all schemes + local flag
Passed all flags
$209321:,a)qRm@Bs=.comsikPZYkSJRFHDjvEdGalx
Passed default
Passed all schemes flag
Passed all schemes + 2 slash flag
Passed all schemes + fragment flag
Passed all schemes + local flag
Passed all flags
http:/:t,&lt;w~I*r&amp;k7dr|*yPG}yM5Dli.f[m.com/
Passed default
Passed all schemes flag
Passed all schemes + 2 slash flag
Passed all schemes + fragment flag
Passed all schemes + local flag
Passed all flags
http:/:d%,y@Z~gl`gE931x@rknzD&apos;8,&lt;&apos;ha.com/z&amp;5+vam5R&quot;K$qyz;J.uriFj&quot;_8Ik3Z
Passed default
Passed all schemes flag
Passed all schemes + 2 slash flag
Passed all schemes + fragment flag
Passed all schemes + local flag
Passed all flags
https:/:V7Oq[X.com/IYEyY0aa2[}y&amp;!mpCU\,=W-G@3R
Passed default
Passed all schemes flag
Passed all schemes + 2 slash flag
Passed all schemes + fragment flag
Passed all schemes + local flag
Passed all flags
http   %zJVyHHUdr-8UG^}O_)&apos;-*z.com R6DfH^I/F8v&quot;fY}8_NOlH&quot;1h&amp;&amp;vk&quot;jt
Passed default
Passed all schemes flag
Passed all schemes + 2 slash flag
Passed all schemes + fragment flag
Passed all schemes + local flag
Passed all flags
https:eJI&apos;%n-|Ew=d(_fn*+{QD&lt;,Q.comcq&gt;7`_F@}0cS[hv=NAtN,&gt;q#5br&quot;!3
Passed default
Passed all schemes flag
Passed all schemes + 2 slash flag
Passed all schemes + fragment flag
Passed all schemes + local flag
Passed all flags
    :/:{\~v2zA\lVRhWo!&apos;LKpbwBsg%%rBAoP$Y_%OrUVyL &amp;O_!.com/
Passed default
Passed all schemes flag
Passed all schemes + 2 slash flag
Passed all schemes + fragment flag
Passed all schemes + local flag
Passed all flags
$209321:  fajds;kjdls 
Passed default
Passed all schemes flag
Passed all schemes + 2 slash flag
Passed all schemes + fragment flag
Passed all schemes + local flag
Passed all flags
https//:uZEZlLXdfUULFOalPOqoYlScVSSDBFqVgcBl.gov/
Passed default
Passed all schemes flag
Passed all schemes + 2 slash flag
Passed all schemes + fragment flag
Passed all schemes + local flag
Passed all flags
AAA:/:PbEJQmgWXUaDwDl.com/
Passed default
Passed all schemes flag
Passed all schemes + 2 slash flag
Passed all schemes + fragment flag
Passed all schemes + local flag
Passed all flags
123211:/:f;qUav1n{.com/FrFTDwDwdRQ
Passed default
Passed all schemes flag
Passed all schemes + 2 slash flag
Passed all schemes + fragment flag
Passed all schemes + local flag
Passed all flags
https /:+57:#&gt;D3&lt;\H2mnb&quot;Z{l4SEI1&quot;2RH&lt;;;WNZgmvD|hwMl=fajds;kjdls/
Passed default
Passed all schemes flag
Passed all schemes + 2 slash flag
Passed all schemes + fragment flag
Passed all schemes + local flag
Passed all flags
$209321/t4Y[fWW.govpcD&quot;aiysbgW`846\fY1k)!&apos;LUXCPN&quot;m)L{T*TrR::j`qt5
Passed default
Passed all schemes flag
Passed all schemes + 2 slash flag
Passed all schemes + fragment flag
Passed all schemes + local flag
Passed all flags
HTTP:/:&lt;ueNj2Mob;@G%55dcJGKT#GaRD{o6&apos;.gov/rqm&gt;wHf% ?yOQ=RM7yDKofPO6k*%Y
Passed default
Passed all schemes flag
Passed all schemes + 2 slash flag
Passed all schemes + fragment flag
Passed all schemes + local flag
Passed all flags
 sadasd:/:nipha(rGzSJwdj#9bG`e0[ ^(EC&apos;1g&lt;i=Rt_:J&apos;:~.com/2
Passed default
Passed all schemes flag
Passed all schemes + 2 slash flag
Passed all schemes + fragment flag
Passed all schemes + local flag
Passed all flags
http:/:&amp;L Oz|8]]&quot;#:vEw\7{t0WBR /htCBaPBcWasQRUMlZBcERgmTGFvmMaZtTGfaquZSsagrM
Passed default
Passed all schemes flag
Passed all schemes + 2 slash flag
Passed all schemes + fragment flag
Passed all schemes + local flag
Passed all flags
 :n^2-2n1fajds;kjdls
Passed default
Passed all schemes flag
Passed all schemes + 2 slash flag
Passed all schemes + fragment flag
Passed all schemes + local flag
Passed all flags
https::/NiDmyHWslLAkrNWKoqQSFJElGuYunsYFAMrjcg.com:
Passed default
Passed all schemes flag
Passed all schemes + 2 slash flag
Passed all schemes + fragment flag
Passed all schemes + local flag
Passed all flags
 sadasd:  Hb4 ljHEG5OWn&amp;WH7com qQmtRoHvHSgpqsGMmuWIsYxHsJtoFx
Passed default
Passed all schemes flag
Passed all schemes + 2 slash flag
Passed all schemes + fragment flag
Passed all schemes + local flag
Passed all flags
http:jr0G:8.\L{vCx( ~29M57?*0lG/&apos;Ce.comSNQJxvzD3%04g][&lt;&quot;r?xi2!.HBj,#Vfo8,A!}Q
Passed default
Passed all schemes flag
Passed all schemes + 2 slash flag
Passed all schemes + fragment flag
Passed all schemes + local flag
Passed all flags
https//:a``O H;h1Z]zAU0.com/l/Y89|A&apos;
Passed default
Passed all schemes flag
Passed all schemes + 2 slash flag
Passed all schemes + fragment flag
Passed all schemes + local flag
Passed all flags
https/  /[OP.net qmegYFKvpJhFMZiBctJJkdCLmTbnruAnhwxS
Passed default
Passed all schemes flag
Passed all schemes + 2 slash flag
Passed all schemes + fragment flag
Passed all schemes + local flag
Passed all flags
AAA  ,L35&amp;r2]Lf[jVd4}ZntbScE^&lt;#{q;&quot;W6kK-`bR$P|y(d6&quot;g.com YSpnTHJORDdj
Passed default
Passed all schemes flag
Passed all schemes + 2 slash flag
Passed all schemes + fragment flag
Passed all schemes + local flag
Passed all flags
    :/:!~HI#8.\QH&quot;|=[&lt;l]/Oc.a_h4=v^uHD[W$q4TYdXBNf.com/vCySUVcNrOCZW
Passed default
Passed all schemes flag
Passed all schemes + 2 slash flag
Passed all schemes + fragment flag
Passed all schemes + local flag
Passed all flags
http/:QV%)&lt; Qmq@h~l-ZWQAo&gt;$;t.net/
Passed default
Passed all schemes flag
Passed all schemes + 2 slash flag
Passed all schemes + fragment flag
Passed all schemes + local flag
Passed all flags
AAA   s\@JQq`{4S|V?[D(a-bta&gt;^%qm=2K&apos;yb$Ww}RNdG?{AlK-p`6.com xHynvLNsIEaMBXedxvuENMlAZMcXJylsvDMNZycefud
Passed default
Passed all schemes flag
Passed all schemes + 2 slash flag
Passed all schemes + fragment flag
Passed all schemes + local flag
Passed all flags
https:Ym.net
Passed default
Passed all schemes flag
Passed all schemes + 2 slash flag
Passed all schemes + fragment flag
Passed all schemes + local flag
Passed all flags
:/:/2qrh:]NcKZaPv*&amp;s/MP1WPA_6A3V(:06&amp;.net/jYg+Fs[/BF./,?$c+d.(G&gt;\!AqaA.
Passed default
Passed all schemes flag
Passed all schemes + 2 slash flag
Passed all schemes + fragment flag
Passed all schemes + local flag
Passed all flags
    :/:hxHfvvQZGVwuYarZvd.net/
Passed default
Passed all schemes flag
Passed all schemes + 2 slash flag
Passed all schemes + fragment flag
Passed all schemes + local flag
Passed all flags
:/:[7K`w!rGP]qmDMi({F0nH74h~[a1M[c7Z UYp3(pJ&gt;UO_.com/
Passed default
Passed all schemes flag
Passed all schemes + 2 slash flag
Passed all schemes + fragment flag
Passed all schemes + local flag
Passed all flags
https:5.Z_yh2!*wR4c!@cn 6 x2lUC,uXLL{3N~Z2Xt&lt;S.1U;h.comXaA;(126@L%S!@Lc|hbf&apos;F-D7fKn2zF[;JL]+P
Passed default
Passed all schemes flag
Passed all schemes + 2 slash flag
Passed all schemes + fragment flag
Passed all schemes + local flag
Passed all flags
123211   k)i[e%Z7y?^9rX.com ZkfYwEXCnnYZkxsINeRsoLOUGpdQNtxZSSTj
Passed default
Passed all schemes flag
Passed all schemes + 2 slash flag
Passed all schemes + fragment flag
Passed all schemes + local flag
Passed all flags
https::/:Q=|=j9D(AnKb&amp;bLYH$cmBH?@HQoqbw:wXl3:^Rb$b%_^kfw,j#`[TD&lt;
Passed default
Passed all schemes flag
Passed all schemes + 2 slash flag
Passed all schemes + fragment flag
Passed all schemes + local flag
Passed all flags
http:  0m`\ ]B:;QH}W=
Passed default
Passed all schemes flag
Passed all schemes + 2 slash flag
Passed all schemes + fragment flag
Passed all schemes + local flag
Passed all flags
HTTP/:I#J(j4&amp;&amp;K,!j7S/ /eS5cT\vaU]=?zL!7HM`|#Ly{*-}HR-~*,[_bx}}^03+#3LA
Passed default
Passed all schemes flag
Passed all schemes + 2 slash flag
Passed all schemes + fragment flag
Passed all schemes + local flag
Passed all flags
https//:*R]=RBUGO9fajds;kjdls/
Passed default
Passed all schemes flag
Passed all schemes + 2 slash flag
Passed all schemes + fragment flag
Passed all schemes + local flag
Passed all flags
AAA//:v+w?zc0GJSZ&gt;HD7rlxH%Qz.com/ivkduAOZhApEheFuByhsuuiSnDR
Passed default
Passed all schemes flag
Passed all schemes + 2 slash flag
Passed all schemes + fragment flag
Passed all schemes + local flag
Passed all flags
https /:O34L$%J7~8\/DUnK0\~.com/1*\/bpiEN:mZ2`F9,#mCixrTCHJ&quot;{7FtoY[GSG)(uJ&amp;&gt;wj;7
Passed default
Passed all schemes flag
Passed all schemes + 2 slash flag
Passed all schemes + fragment flag
Passed all schemes + local flag
Passed all flags
:/:5U%dZ{L[l4`8`C/\E_qW(yl8PO^]J(K
Passed default
Passed all schemes flag
Passed all schemes + 2 slash flag
Passed all schemes + fragment flag
Passed all schemes + local flag
Passed all flags
$209321:`IwB)jfQbCwtxOPlVA9(V.com
Passed default
Passed all schemes flag
Passed all schemes + 2 slash flag
Passed all schemes + fragment flag
Passed all schemes + local flag
Passed all flags
     ZnTIEjUAWFvcZM.com
Passed default
Passed all schemes flag
Passed all schemes + 2 slash flag
Passed all schemes + fragment flag
Passed all schemes + local flag
Passed all flags
AAA :/%*K];Guy7V*(5uP?k=D48O=&quot;}7&amp;com:
Passed default
Passed all schemes flag
Passed all schemes + 2 slash flag
Passed all schemes + fragment flag
Passed all schemes + local flag
Passed all flags
http:.comTlT&lt;=27H2ZPt#J1]bnv3t[:S*/hyQcB6{V$R
Passed default
Passed all schemes flag
Passed all schemes + 2 slash flag
Passed all schemes + fragment flag
Passed all schemes + local flag
Passed all flags
 ::/zXZSbyXb/nzW&quot;TjbA -8hY/9g:\jDGIbxuu~\[lV5f3a:Ao&quot;4~/vvO&quot;,mu:pZ4&amp;)Ij#~
Passed default
Passed all schemes flag
Passed all schemes + 2 slash flag
Passed all schemes + fragment flag
Passed all schemes + local flag
Passed all flags
HttP//:pRplwXSCPxyahFBpkRSolgVewclXESEVA.com/
Passed default
Passed all schemes flag
Passed all schemes + 2 slash flag
Passed all schemes + fragment flag
Passed all schemes + local flag
Passed all flags
http:/:(&quot;YF#e$1QvDK^^HwUeP1CLqV`|,qr rP}!M^`J.com/
Passed default
Passed all schemes flag
Passed all schemes + 2 slash flag
Passed all schemes + fragment flag
Passed all schemes + local flag
Passed all flags
 :/:JwysHJasCbJcphpxaNjnMawV.com/
Passed default
Passed all schemes flag
Passed all schemes + 2 slash flag
Passed all schemes + fragment flag
Passed all schemes + local flag
Passed all flags
HTTP:/:ZdKIpmaOvbPlqXJGeUufvIScrsYEoCH/
Passed default
Passed all schemes flag
Passed all schemes + 2 slash flag
Passed all schemes + fragment flag
Passed all schemes + local flag
Passed all flags
http:/:BTpHgCmFatmekvwGULtEgGglPfyPdTvUxUaGtwCS.com/
Passed default
Passed all schemes flag
Passed all schemes + 2 slash flag
Passed all schemes + fragment flag
Passed all schemes + local flag
Passed all flags
 :/: fN2l[fhzuHIz:\z+E:/JdN/
Passed default
Passed all schemes flag
Passed all schemes + 2 slash flag
Passed all schemes + fragment flag
Passed all schemes + local flag
Passed all flags
123211:/:z&amp;T.com/RV/(8FjaC73;6
Passed default
Passed all schemes flag
Passed all schemes + 2 slash flag
Passed all schemes + fragment flag
Passed all schemes + local flag
Passed all flags
HTTP:  naHhNVRoPoFMcfH.net 
Passed default
Passed all schemes flag
Passed all schemes + 2 slash flag
Passed all schemes + fragment flag
Passed all schemes + local flag
Passed all flags
 :  wnHUpGNnshotUtZAFXIMD.net 
Passed default
Passed all schemes flag
Passed all schemes + 2 slash flag
Passed all schemes + fragment flag
Passed all schemes + local flag
Passed all flags
     zHK)UC.net
Passed default
Passed all schemes flag
Passed all schemes + 2 slash flag
Passed all schemes + fragment flag
Passed all schemes + local flag
Passed all flags
123211:guvSkBiGb5nMy#o+Y{JjO4_(2Cq(}l;)5p):&apos;/&quot;A.T.comVuBitlKecWYFBQGCJFJqkYh
Passed default
Passed all schemes flag
Passed all schemes + 2 slash flag
Passed all schemes + fragment flag
Passed all schemes + local flag
Passed all flags
$209321::/|:&lt;7;/`7l#~2q.com:^r|\X&amp;_M=?mGd@W)!My-EG+t &gt;P?mn(Ejb($/Pd{f
Passed default
Passed all schemes flag
Passed all schemes + 2 slash flag
Passed all schemes + fragment flag
Passed all schemes + local flag
Passed all flags
http:/:2Pzr5sU-Yl61&apos;CQ+ /lfQAo1h03&lt;znnjj&amp;4)bLLV {rmU
Passed default
Passed all schemes flag
Passed all schemes + 2 slash flag
Passed all schemes + fragment flag
Passed all schemes + local flag
Passed all flags
httpsFGKYpli.com
Passed default
Passed all schemes flag
Passed all schemes + 2 slash flag
Passed all schemes + fragment flag
Passed all schemes + local flag
Passed all flags
 sadasd:d/Z=*P[ej{}(.gov=G.ZxBNF&apos;
Passed default
Passed all schemes flag
Passed all schemes + 2 slash flag
Passed all schemes + fragment flag
Passed all schemes + local flag
Passed all flags
123211:/:)Rbhr5ezIGw#c+Gi)&lt;u4\t Y~JC4}_2?C(Zhzf.net/t
Passed default
Passed all schemes flag
Passed all schemes + 2 slash flag
Passed all schemes + fragment flag
Passed all schemes + local flag
Passed all flags
https:/:Yy4/PQWv|UgOT\ r&quot;Kcom/
Passed default
Passed all schemes flag
Passed all schemes + 2 slash flag
Passed all schemes + fragment flag
Passed all schemes + local flag
Passed all flags
$209321 /:`P7+&apos;?W7.com/EX-$TmTt8XA-$&quot;y4SE~THn*rlya1t[7^kc
Passed default
Passed all schemes flag
Passed all schemes + 2 slash flag
Passed all schemes + fragment flag
Passed all schemes + local flag
Passed all flags
https  DQ.com GqA&apos;JPt:68a&quot;Zhke387=!UdOp9W2h:
Passed default
Passed all schemes flag
Passed all schemes + 2 slash flag
Passed all schemes + fragment flag
Passed all schemes + local flag
Passed all flags
http:/:OKhbkWleplHWSjENjwLKDLKdrnKZWpZbVfKwsi.com/
Passed default
Passed all schemes flag
Passed all schemes + 2 slash flag
Passed all schemes + fragment flag
Passed all schemes + local flag
Passed all flags
https:/:DIAcxIVygQexdtOXNpyMSyJSpVhpmlceGlriemtWlCDsjkRf.com/
Passed default
Passed all schemes flag
Passed all schemes + 2 slash flag
Passed all schemes + fragment flag
Passed all schemes + local flag
Passed all flags
https  &apos;i8y#dzLtD7A{}n!:GDg?[|*b&amp;(g+&apos;=?oTa*x.com 
Passed default
Passed all schemes flag
Passed all schemes + 2 slash flag
Passed all schemes + fragment flag
Passed all schemes + local flag
Passed all flags
AAA   &apos;*sg&quot;i{sa08jNcJH/niLA=&amp;\1wke}u6U?r:.net a*t|0WvT#Q
Passed default
Passed all schemes flag
Passed all schemes + 2 slash flag
Passed all schemes + fragment flag
Passed all schemes + local flag
Passed all flags
https/:/yuMPFmIBcWxQqLESrlOfajds;kjdls:
Passed default
Passed all schemes flag
Passed all schemes + 2 slash flag
Passed all schemes + fragment flag
Passed all schemes + local flag
Passed all flags
http::/bO:iD{5EQE40+4Jz,ZP$6b@~IK-&lt;*&lt;t9I8G+8b|ofajds;kjdls:^g6k
Passed default
Passed all schemes flag
Passed all schemes + 2 slash flag
Passed all schemes + fragment flag
Passed all schemes + local flag
Passed all flags
 sadasd:/:HmqYm:=znk`P+%}&lt;sr#D=&gt;wc9`C+u~O?P3,rhQ&amp;com/\v&amp;Jbl?ZTou:\-;#sg7,s
Passed default
Passed all schemes flag
Passed all schemes + 2 slash flag
Passed all schemes + fragment flag
Passed all schemes + local flag
Passed all flags
AAA:/k\1.qmx\t=UL1&apos;I@3*f2)(VC\rIV/|}r4KkZ]il]O]Y,.com:Umi
Passed default
Passed all schemes flag
Passed all schemes + 2 slash flag
Passed all schemes + fragment flag
Passed all schemes + local flag
Passed all flags
http::/Q&apos;= jv?xua#JnEtb.com:+V|Uv9]c&apos;2;LSR%W&amp;H49U;Xn+rhJrK,DwJs?-?};&gt;$/&apos;6Nv*
Passed default
Passed all schemes flag
Passed all schemes + 2 slash flag
Passed all schemes + fragment flag
Passed all schemes + local flag
Passed all flags
 sadasd::/(&amp;I%/.gov:J I*&lt;utk72C^m)
Passed default
Passed all schemes flag
Passed all schemes + 2 slash flag
Passed all schemes + fragment flag
Passed all schemes + local flag
Passed all flags
HTTP:/:PVkRd\_g u3.net/fp9zEg!wMi{*+U* :l\Q$PCk/R
Passed default
Passed all schemes flag
Passed all schemes + 2 slash flag
Passed all schemes + fragment flag
Passed all schemes + local flag
Passed all flags
https:5ZczU9|f)V`2+y1b&lt;Uql[ _zjgT_nBlBf7ZMpF)O.com
Passed default
Passed all schemes flag
Passed all schemes + 2 slash flag
Passed all schemes + fragment flag
Passed all schemes + local flag
Passed all flags
HttP:/:IiCROpooHHcom/
Passed default
Passed all schemes flag
Passed all schemes + 2 slash flag
Passed all schemes + fragment flag
Passed all schemes + local flag
Passed all flags
 :  ddtu.com 
Passed default
Passed all schemes flag
Passed all schemes + 2 slash flag
Passed all schemes + fragment flag
Passed all schemes + local flag
Passed all flags
https /:([-=q\zb&gt;XQ!m`ScL\V.}uh-[\D.com/
Passed default
Passed all schemes flag
Passed all schemes + 2 slash flag
Passed all schemes + fragment flag
Passed all schemes + local flag
Passed all flags
AAA:/:mciCOKtr&amp;wso$#Wc{K+C/SanRIrRJHjTgFVGwXUYMRypplrdEokXGN
Passed default
Passed all schemes flag
Passed all schemes + 2 slash flag
Passed all schemes + fragment flag
Passed all schemes + local flag
Passed all flags
https:/:.gov/kRKj[
Passed default
Passed all schemes flag
Passed all schemes + 2 slash flag
Passed all schemes + fragment flag
Passed all schemes + local flag
Passed all flags
http:/:6O ,B,sPe;Bh38n.Sm=3jV3=tBhg574|,kwh /
Passed default
Passed all schemes flag
Passed all schemes + 2 slash flag
Passed all schemes + fragment flag
Passed all schemes + local flag
Passed all flags
  :/xkpiBklFpiwmlOkkhAJCJAEPrwXhkdYd.com:
Passed default
Passed all schemes flag
Passed all schemes + 2 slash flag
Passed all schemes + fragment flag
Passed all schemes + local flag
Passed all flags
 sadasd/:SK9JO,=y8w&gt;oa!.gov/uy$@sCvqZN Bh-
Passed default
Passed all schemes flag
Passed all schemes + 2 slash flag
Passed all schemes + fragment flag
Passed all schemes + local flag
Passed all flags
http/:onJjsbQxdcKLUXSCOvXxXJwFhZXx.net/
Passed default
Passed all schemes flag
Passed all schemes + 2 slash flag
Passed all schemes + fragment flag
Passed all schemes + local flag
Passed all flags
https~GkWHMMD2wJSjQ@P~]6*Ka#Va#Gjxr1zYPY(XKEk&quot;9V*i .comIj`j,
Passed default
Passed all schemes flag
Passed all schemes + 2 slash flag
Passed all schemes + fragment flag
Passed all schemes + local flag
Passed all flags
AAA:/:vS(sD=82w&apos;1pd,=5E8V-)Dw*/:zC2WzvGl|w.com/fORBXIWWnjHDbpIN
Passed default
Passed all schemes flag
Passed all schemes + 2 slash flag
Passed all schemes + fragment flag
Passed all schemes + local flag
Passed all flags
HTTP:/:eeq&lt;eysVCjb &lt;=aY&lt;7Y!%G6(??.net/AFmJarmGuHFYcdewZuHSwsPjxKrcJsRdMmkJvdoei
Passed default
Passed all schemes flag
Passed all schemes + 2 slash flag
Passed all schemes + fragment flag
Passed all schemes + local flag
Passed all flags
https//:\.dW-[o#HxD/xL*TyV6f C){ /7(\DMBTRXy[2
Passed default
Passed all schemes flag
Passed all schemes + 2 slash flag
Passed all schemes + fragment flag
Passed all schemes + local flag
Passed all flags
 ::/&amp;+`tWerq8 -yOf^Lc+`vz4c=dG- :
Passed default
Passed all schemes flag
Passed all schemes + 2 slash flag
Passed all schemes + fragment flag
Passed all schemes + local flag
Passed all flags
https :/Lp=ZE*5{c8|zo\y1U6r/zd{2&quot;\RNPlP*_.com:MXPnO~[hqwcZy2$vR&amp;NxVQ(~&gt;H+wMpHkSvT!rz7s5|o+#]jS/
Passed default
Passed all schemes flag
Passed all schemes + 2 slash flag
Passed all schemes + fragment flag
Passed all schemes + local flag
Passed all flags
$209321:  _Ti2DP)5w&amp;~rn~yU7&quot;c6sE&quot;\%b%!)9[5%J_pcom 
Passed default
Passed all schemes flag
Passed all schemes + 2 slash flag
Passed all schemes + fragment flag
Passed all schemes + local flag
Passed all flags
123211/:)Icm@.gov/avIvguWhSJGpykRfuVwLqtNRwPbgdORSDGFTnjRIZWR
Passed default
Passed all schemes flag
Passed all schemes + 2 slash flag
Passed all schemes + fragment flag
Passed all schemes + local flag
Passed all flags
 sadasd/  fK$/-XEX /fxbcom vmIHTOrbrfYXbiSGBTStJsOymXpXXiwmPHSwvByrCTqUiiPKb
Passed default
Passed all schemes flag
Passed all schemes + 2 slash flag
Passed all schemes + fragment flag
Passed all schemes + local flag
Passed all flags
HTTP:/:KnsuCJbNfajds;kjdls/
Passed default
Passed all schemes flag
Passed all schemes + 2 slash flag
Passed all schemes + fragment flag
Passed all schemes + local flag
Passed all flags
HTTP:/:L8{@JVrEQ`5eHi)nCFv/uc={aGQL]v(Vz)0GsYhgPE_6b.com/H(UCND6-g[f$u1nm*
Passed default
Passed all schemes flag
Passed all schemes + 2 slash flag
Passed all schemes + fragment flag
Passed all schemes + local flag
Passed all flags
HTTP:/:yF&lt;)sQO#&quot;O(D4mPC&quot;NkI4O[W.net/6n[d 4&apos;\i`SW
Passed default
Passed all schemes flag
Passed all schemes + 2 slash flag
Passed all schemes + fragment flag
Passed all schemes + local flag
Passed all flags
HTTP /:CDR-2.com/tthBghyy
Passed default
Passed all schemes flag
Passed all schemes + 2 slash flag
Passed all schemes + fragment flag
Passed all schemes + local flag
Passed all flags
 sadasd//:qS~Ss xH}W&quot;rfajds;kjdls/ErbeNIlsExvKAOYdYTWhRBjjVxlMSWrRUmyYWpugsWx
Passed default
Passed all schemes flag
Passed all schemes + 2 slash flag
Passed all schemes + fragment flag
Passed all schemes + local flag
Passed all flags
http::/.com:zl|,:Aze*&apos;]#k!N9j2lup[A)Sf
Passed default
Passed all schemes flag
Passed all schemes + 2 slash flag
Passed all schemes + fragment flag
Passed all schemes + local flag
Passed all flags
    :/:swAEmxbafgXjDtUpTMbjRiuewlendYacI.gov/
Passed default
Passed all schemes flag
Passed all schemes + 2 slash flag
Passed all schemes + fragment flag
Passed all schemes + local flag
Passed all flags
https R[i9V.gov
Passed default
Passed all schemes flag
Passed all schemes + 2 slash flag
Passed all schemes + fragment flag
Passed all schemes + local flag
Passed all flags
    :/:wkt( lk&apos;&amp;RRuhgp1:#G[/
Passed default
Passed all schemes flag
Passed all schemes + 2 slash flag
Passed all schemes + fragment flag
Passed all schemes + local flag
Passed all flags
https//:n+KiC(7q`rY_(&gt;EH{j[39J?9;X/Un[3v[fajds;kjdls/
Passed default
Passed all schemes flag
Passed all schemes + 2 slash flag
Passed all schemes + fragment flag
Passed all schemes + local flag
Passed all flags
HttP::/6}GUr:^1.|,[Hz|2JsN_z9.com:8/6MEC7xl-C?OERqPq/6+b]#U_S
Passed default
Passed all schemes flag
Passed all schemes + 2 slash flag
Passed all schemes + fragment flag
Passed all schemes + local flag
Passed all flags
https:/:QocnPLSovdlLyVSPCcIynlVmrYW.com/
Passed default
Passed all schemes flag
Passed all schemes + 2 slash flag
Passed all schemes + fragment flag
Passed all schemes + local flag
Passed all flags
HTTPr3al]op=uG&quot;0_f(&amp;u[e&lt;{yfm&gt;P-o=sd&apos;odh1h=?q?kEbH2:&apos;fajds;kjdlsTKFFYXPInDKrOllunwOETBSFDvV
Passed default
Passed all schemes flag
Passed all schemes + 2 slash flag
Passed all schemes + fragment flag
Passed all schemes + local flag
Passed all flags
123211:/:vHxthueFQgCwYdoWfffovlhxcBw.com/
Passed default
Passed all schemes flag
Passed all schemes + 2 slash flag
Passed all schemes + fragment flag
Passed all schemes + local flag
Passed all flags
http:/:kvJOFDyxAGGBEBKcHZjfglWqcom/
Passed default
Passed all schemes flag
Passed all schemes + 2 slash flag
Passed all schemes + fragment flag
Passed all schemes + local flag
Passed all flags
https:/:R/eTmve~.com/%82aQ}k&amp;bq|kBfF.T,6FdDC)pQ=Fnb]4&quot;-%{^
Passed default
Passed all schemes flag
Passed all schemes + 2 slash flag
Passed all schemes + fragment flag
Passed all schemes + local flag
Passed all flags
HttP /:irGnBgomJRllgIykkbnwqTqihVfajds;kjdls/
Passed default
Passed all schemes flag
Passed all schemes + 2 slash flag
Passed all schemes + fragment flag
Passed all schemes + local flag
Passed all flags
http:/:CXehMyUaMOBJrsiQLyGLiathaZqUZLVnDwgXIUDiGevlkXa.gov/
Passed default
Passed all schemes flag
Passed all schemes + 2 slash flag
Passed all schemes + fragment flag
Passed all schemes + local flag
Passed all flags
 :/VP7s%8S{*Y[7#.com:
Passed default
Passed all schemes flag
Passed all schemes + 2 slash flag
Passed all schemes + fragment flag
Passed all schemes + local flag
Passed all flags
    :  &lt;J;]Pl&amp;icom ksPV,o SDTQX,
Passed default
Passed all schemes flag
Passed all schemes + 2 slash flag
Passed all schemes + fragment flag
Passed all schemes + local flag
Passed all flags
HTTP:/3&gt;|BO9Fcom:
Passed default
Passed all schemes flag
Passed all schemes + 2 slash flag
Passed all schemes + fragment flag
Passed all schemes + local flag
Passed all flags
:/:5`Q%cD|+BlMz(/ZS]*Zu2.qf19I6?.com/?X_@V@3p=2aC[
Passed default
Passed all schemes flag
Passed all schemes + 2 slash flag
Passed all schemes + fragment flag
Passed all schemes + local flag
Passed all flags
AAA:  pSbvlhiVrN  
Passed default
Passed all schemes flag
Passed all schemes + 2 slash flag
Passed all schemes + fragment flag
Passed all schemes + local flag
Passed all flags
/:e*Uz{U(&amp;zq(v1j6&gt;&amp;l]?AYqAR*Ij{com/Uq
Passed default
Passed all schemes flag
Passed all schemes + 2 slash flag
Passed all schemes + fragment flag
Passed all schemes + local flag
Passed all flags
 //:@WsG]G&quot;Q$U+(pfajds;kjdls/
Passed default
Passed all schemes flag
Passed all schemes + 2 slash flag
Passed all schemes + fragment flag
Passed all schemes + local flag
Passed all flags
 :  JfNkpyQDhflysHDFRvuhuKdDaqiZfqXrkhBtAJbdyvlMobM.com 
Passed default
Passed all schemes flag
Passed all schemes + 2 slash flag
Passed all schemes + fragment flag
Passed all schemes + local flag
Passed all flags
$209321::/%bInWqtdfZdw$&apos;,CsXy&quot;7oSuJ :
Passed default
Passed all schemes flag
Passed all schemes + 2 slash flag
Passed all schemes + fragment flag
Passed all schemes + local flag
Passed all flags
HTTP:/:Av;f}&lt;!=1:&apos;Lg&quot;{Z]Kr9F&quot;CaF^nMyM&lt;.a[umHaOVG&apos;4u(&apos;hg.gov/
Passed default
Passed all schemes flag
Passed all schemes + 2 slash flag
Passed all schemes + fragment flag
Passed all schemes + local flag
Passed all flags
$209321 :/*E} 2 WC&lt;YD6^c9o~brqQaznfgh.b%ZKq`=-dcn&quot;.com:`g)U,Shf/KA\33-kOF+q1&quot;~T&amp;i:MP3.*Z=QBVk9_/{
Passed default
Passed all schemes flag
Passed all schemes + 2 slash flag
Passed all schemes + fragment flag
Passed all schemes + local flag
Passed all flags
http:/:b*!J 589j}t[l).com/rgOxW`z}&gt;&gt;LW_{&apos;t?_a-7fN!(gb
Passed default
Passed all schemes flag
Passed all schemes + 2 slash flag
Passed all schemes + fragment flag
Passed all schemes + local flag
Passed all flags
HttP:/:1WwScom/
Passed default
Passed all schemes flag
Passed all schemes + 2 slash flag
Passed all schemes + fragment flag
Passed all schemes + local flag
Passed all flags
https:/FCHGy[+x:B#LKw]`sby+9[`yiV&gt;*p[fTQ{EpHU~fajds;kjdls:DSnscHXkjaExyukKfXafjmSscDUVnDGYyasAByAMyob
Passed default
Passed all schemes flag
Passed all schemes + 2 slash flag
Passed all schemes + fragment flag
Passed all schemes + local flag
Passed all flags
http:/&apos;:{.com:ec
Passed default
Passed all schemes flag
Passed all schemes + 2 slash flag
Passed all schemes + fragment flag
Passed all schemes + local flag
Passed all flags
https  \CkgYjJEZOeK%d%hf-.gov OSMROrBXkMAHJltXAVAyooRUmIuOU
Passed default
Passed all schemes flag
Passed all schemes + 2 slash flag
Passed all schemes + fragment flag
Passed all schemes + local flag
Passed all flags
123211:/:f&lt;f:q&lt;Nc?%Hw|~I@MET37a&apos;UI7F&quot;m icj-{Ip.com/rQGGzSe4y:dPq.K ShpPsA{zDbU#T
Passed default
Passed all schemes flag
Passed all schemes + 2 slash flag
Passed all schemes + fragment flag
Passed all schemes + local flag
Passed all flags
https::/4fajds;kjdls:~,^o|uFm/GmBn55z
Passed default
Passed all schemes flag
Passed all schemes + 2 slash flag
Passed all schemes + fragment flag
Passed all schemes + local flag
Passed all flags
    :  H%%??,w*^]:]aG%zv2_r&quot;uE&amp;ag?*[3m\C*HkK5eP*~/x.net 
Passed default
Passed all schemes flag
Passed all schemes + 2 slash flag
Passed all schemes + fragment flag
Passed all schemes + local flag
Passed all flags
AAA:/:!EolrW6wyTwVuTnu?=:com/AP]CRmLPWmo#gp&lt;W
Passed default
Passed all schemes flag
Passed all schemes + 2 slash flag
Passed all schemes + fragment flag
Passed all schemes + local flag
Passed all flags
    :/:c+X[nXMz:fRS^&quot;[FxplTL{@By6]&amp;al(&gt;awG8=0d/w_V~Q-.com/
Passed default
Passed all schemes flag
Passed all schemes + 2 slash flag
Passed all schemes + fragment flag
Passed all schemes + local flag
Passed all flags
https//:34/;v\|tO25A6+TApX!ZmB]5Job1P6qf_4Mw]y;{?N56C.com/
Passed default
Passed all schemes flag
Passed all schemes + 2 slash flag
Passed all schemes + fragment flag
Passed all schemes + local flag
Passed all flags
   6b;5$8UA&apos;ofpVzubk8l6..com 
Passed default
Passed all schemes flag
Passed all schemes + 2 slash flag
Passed all schemes + fragment flag
Passed all schemes + local flag
Passed all flags
 sadasd//:fRLeJpqfsHTZSUMrqrEavrlJwhixctIsLYTyaefajds;kjdls/
Passed default
Passed all schemes flag
Passed all schemes + 2 slash flag
Passed all schemes + fragment flag
Passed all schemes + local flag
Passed all flags
https:/:qo&apos;_KDM&lt;a0&apos;P20+mL5I5k=Tj}SPKjJ&lt;5g|F8!^&quot;;5:.com/0&quot;%@EZ1;[XE44WNJw?Z%O-+uf1y&apos;H{~xc[iRs{F
Passed default
Passed all schemes flag
Passed all schemes + 2 slash flag
Passed all schemes + fragment flag
Passed all schemes + local flag
Passed all flags
AAA/:vZKq=VU)BL)5=&lt;e^p[H?+zz*wTM~hYRG])9n:* *~*fajds;kjdls/#*c*t
Passed default
Passed all schemes flag
Passed all schemes + 2 slash flag
Passed all schemes + fragment flag
Passed all schemes + local flag
Passed all flags
$209321/:fBuQbEABBTvitfPmahZDEuUncmmiCL.com/
Passed default
Passed all schemes flag
Passed all schemes + 2 slash flag
Passed all schemes + fragment flag
Passed all schemes + local flag
Passed all flags
https/:/{GEAuoNxjd:?q67oq*Ng`6kw[.com:sqP.
Passed default
Passed all schemes flag
Passed all schemes + 2 slash flag
Passed all schemes + fragment flag
Passed all schemes + local flag
Passed all flags
HTTP:/:aLnQrEcXncsBVVfRYjVGGajaqajWSffajds;kjdls/
Passed default
Passed all schemes flag
Passed all schemes + 2 slash flag
Passed all schemes + fragment flag
Passed all schemes + local flag
Passed all flags
123211/:vXfS6~1A/}#x=hRE|:k&lt;~.gov/dUhZZDmriDwWnOqlRrLCWgj
Passed default
Passed all schemes flag
Passed all schemes + 2 slash flag
Passed all schemes + fragment flag
Passed all schemes + local flag
Passed all flags
AAAvGaz9@1%{hPN+Mu&apos;&gt;3mU*RS6
Passed default
Passed all schemes flag
Passed all schemes + 2 slash flag
Passed all schemes + fragment flag
Passed all schemes + local flag
Passed all flags
 /  ,DdsD}u~,w.}o~TaRyUFO3M)@(VEokpRjfSmO%YE.gov 
Passed default
Passed all schemes flag
Passed all schemes + 2 slash flag
Passed all schemes + fragment flag
Passed all schemes + local flag
Passed all flags
    :/:vazgwunc7L99&apos;pIzc4i6LBcom/OdShhHiKeEZFJVKPyYKNSbPuxthjYfoJEfQTtl
Passed default
Passed all schemes flag
Passed all schemes + 2 slash flag
Passed all schemes + fragment flag
Passed all schemes + local flag
Passed all flags
:/:&quot;Nd9\QEgL^\V.net/
Passed default
Passed all schemes flag
Passed all schemes + 2 slash flag
Passed all schemes + fragment flag
Passed all schemes + local flag
Passed all flags
 /:whaITZaDTlDRshIgXDklyFGQrcR.net/
Passed default
Passed all schemes flag
Passed all schemes + 2 slash flag
Passed all schemes + fragment flag
Passed all schemes + local flag
Passed all flags
 :/Qg-O8$$zZjfajds;kjdls:cHJSfDDRxfHUUlHRHGwvtkfT
Passed default
Passed all schemes flag
Passed all schemes + 2 slash flag
Passed all schemes + fragment flag
Passed all schemes + local flag
Passed all flags
https/,~0o!Z-;#2,&gt;\F0oCy%M&gt;mm)=mDQ@&apos;xfajds;kjdlsrVj =u ,ra-F E)]td ^6q^o&lt;Y&gt;Z
Passed default
Passed all schemes flag
Passed all schemes + 2 slash flag
Passed all schemes + fragment flag
Passed all schemes + local flag
Passed all flags
$209321:/:Kvj._ nR5dBgL5r^ct\VN`GMlx/co!.com/z;&apos;hj!!s(Y#jtQ@l,d;4P+3&amp;Fq+DL$M=0X:&lt;^81NITX
Passed default
Passed all schemes flag
Passed all schemes + 2 slash flag
Passed all schemes + fragment flag
Passed all schemes + local flag
Passed all flags
https::/Xs6I]R?L&amp;Heez&gt;[&lt;%;dl:d+e}A?A|H3l:.com:uoC#9sG=q]f%]B00Z)%SM{rW29`]:bb,\6~ER$yG!&lt;dV:9^0U
Passed default
Passed all schemes flag
Passed all schemes + 2 slash flag
Passed all schemes + fragment flag
Passed all schemes + local flag
Passed all flags
$209321:/:KvQwufVoYTtsocYPgwbLHqAtpUqQVwuumS.net/
Passed default
Passed all schemes flag
Passed all schemes + 2 slash flag
Passed all schemes + fragment flag
Passed all schemes + local flag
Passed all flags
HTTP/:PVcEnxXLlgLUGBwmgxhIkXAllGDClEPSdtvXrVdjXRjojxZ.gov/
Passed default
Passed all schemes flag
Passed all schemes + 2 slash flag
Passed all schemes + fragment flag
Passed all schemes + local flag
Passed all flags
123211:/:cOVWvPLYQpprrOvOLtJtoAJmqbKPAaTGHmObK/
Passed default
Passed all schemes flag
Passed all schemes + 2 slash flag
Passed all schemes + fragment flag
Passed all schemes + local flag
Passed all flags
AAA:/:v&amp;i\hfajds;kjdls/
Passed default
Passed all schemes flag
Passed all schemes + 2 slash flag
Passed all schemes + fragment flag
Passed all schemes + local flag
Passed all flags
  /:Fv).com/|2P#4}!uTz33}O:MQf\P7P&quot;\X7!xWas3`I-y+1p8bx9Cv
Passed default
Passed all schemes flag
Passed all schemes + 2 slash flag
Passed all schemes + fragment flag
Passed all schemes + local flag
Passed all flags
 /:ucr5{&apos;K|TJ MWycXpN-yAs~ct-[0xixXPvSbk.JDaIrry\.com/RlzI#NQfC|4F FUK\ke^,HGTg&amp;{G
Passed default
Passed all schemes flag
Passed all schemes + 2 slash flag
Passed all schemes + fragment flag
Passed all schemes + local flag
Passed all flags
https:/:IXhjlChCbCJkkHIohgOoLALOgdcWZdWpmNbeKvQxvhHNyBSGv.net/
Passed default
Passed all schemes flag
Passed all schemes + 2 slash flag
Passed all schemes + fragment flag
Passed all schemes + local flag
Passed all flags
 sadasd/:/k7\&gt;$^0,a|9*&gt;8oK~p;~?:3-&gt;s&gt;e0D)O.wCI-4`h#.com/tlyO
Passed default
Passed all schemes flag
Passed all schemes + 2 slash flag
Passed all schemes + fragment flag
Passed all schemes + local flag
Passed all flags
     Z` VQWt!&amp;sTR=tI$#`zkICfV.~&quot;&quot;Q&apos;;+p1~C.netsRYtQJYCelABqIeMvYfsQVcV
Passed default
Passed all schemes flag
Passed all schemes + 2 slash flag
Passed all schemes + fragment flag
Passed all schemes + local flag
Passed all flags
http::/u&apos;fCaQaF7\j[d3?pyzw.net:
Passed default
Passed all schemes flag
Passed all schemes + 2 slash flag
Passed all schemes + fragment flag
Passed all schemes + local flag
Passed all flags
HttP/:T~:&amp;4nepkdg{rEkY+w,aE % QnwtwE?l[Fe/co[PyzWl.gov/R{aL]72tbLHHgMBasJ HhA,H%44*$zp |uBnnER+fy3K
Passed default
Passed all schemes flag
Passed all schemes + 2 slash flag
Passed all schemes + fragment flag
Passed all schemes + local flag
Passed all flags
AAA /:[/;qxfajds;kjdls/iXiIEwPYuUVTxbjIVtaCPHiifyRx
Passed default
Passed all schemes flag
Passed all schemes + 2 slash flag
Passed all schemes + fragment flag
Passed all schemes + local flag
Passed all flags
http /:PknvCBpIjvkFJoKMMCnxlFpNsnDZpDHpOyw.com/
Passed default
Passed all schemes flag
Passed all schemes + 2 slash flag
Passed all schemes + fragment flag
Passed all schemes + local flag
Passed all flags
https 6X}]Q.YVk`s*uS`(v!pcomt~&amp;n}MRmUBq!p,d#g[je&apos;
Passed default
Passed all schemes flag
Passed all schemes + 2 slash flag
Passed all schemes + fragment flag
Passed all schemes + local flag
Passed all flags
https:  ]j:.net g^B R8Q*g7d:$YwQxmU~&gt;/;|qH(uF4{?] )V
Passed default
Passed all schemes flag
Passed all schemes + 2 slash flag
Passed all schemes + fragment flag
Passed all schemes + local flag
Passed all flags
HTTP:/:8Bd/1],D6V&lt;V%2Z_f^w$7f2=EjA&lt;~.1%4zx+xS.KH9Z:&apos;.gov/s},!d#otu+r5nQ{~xiSkQq4:qd n_fnPU&gt;Tw2F[
Passed default
Passed all schemes flag
Passed all schemes + 2 slash flag
Passed all schemes + fragment flag
Passed all schemes + local flag
Passed all flags
 sadasd:/:t6WH8Uu@D~i05Mj(04Fd`mrzRj4f4PS[{V+tS6T%&amp;~`GIg.com/lfBBwaUfDseCLIZJDZQBgGfNKWxpEMTgGCTBFasjl
Passed default
Passed all schemes flag
Passed all schemes + 2 slash flag
Passed all schemes + fragment flag
Passed all schemes + local flag
Passed all flags
 /DIV2CFwCcX?)pr`2YnLM{DZzN&apos;5{|s1*XHL&apos;nj[.govUDOaUsSXJkhbJQWCFtRTnhWBuUhKyr
Passed default
Passed all schemes flag
Passed all schemes + 2 slash flag
Passed all schemes + fragment flag
Passed all schemes + local flag
Passed all flags
AAA/:\;&amp;H&lt;Rnm_Z{[tSi(b4T:KfB$]6Z+hCjaCg!%.net/XWBaGpLv1,7LI(Fa#YR$V&gt;z
Passed default
Passed all schemes flag
Passed all schemes + 2 slash flag
Passed all schemes + fragment flag
Passed all schemes + local flag
Passed all flags
http /:lD~:L{Z!u.W_8,)mw:1av:).com/ZlHaHWyKTWaCvxGfHS
Passed default
Passed all schemes flag
Passed all schemes + 2 slash flag
Passed all schemes + fragment flag
Passed all schemes + local flag
Passed all flags
http//:ElM%I&gt;1f|.;_y|6f1!PA4!&gt;@Mqqp@_S&apos;I%$6},Y.net/v#?axl!j&lt;;qjX:UJw&amp;o&apos;Ow&gt;&lt;eQbd ~/dz
Passed default
Passed all schemes flag
Passed all schemes + 2 slash flag
Passed all schemes + fragment flag
Passed all schemes + local flag
Passed all flags
 //:9{w-.net/7+?tG6f)Gxx+W1`.{c?T
Passed default
Passed all schemes flag
Passed all schemes + 2 slash flag
Passed all schemes + fragment flag
Passed all schemes + local flag
Passed all flags
HTTP:/:Zm[lJ&gt;V2exSR}4oQW1mn*g5f$d:b_ka/
Passed default
Passed all schemes flag
Passed all schemes + 2 slash flag
Passed all schemes + fragment flag
Passed all schemes + local flag
Passed all flags
https:  iUGslvyOmuOKRVwk.gov 
Passed default
Passed all schemes flag
Passed all schemes + 2 slash flag
Passed all schemes + fragment flag
Passed all schemes + local flag
Passed all flags
123211/:pz#P:5Oem_O@mA{{JzUcom/kEcaYXVSKLuXss
Passed default
Passed all schemes flag
Passed all schemes + 2 slash flag
Passed all schemes + fragment flag
Passed all schemes + local flag
Passed all flags
https:/:JyF3Z#2?%G&quot;Yo.com/6MUU^we8z_H.v[FRS
Passed default
Passed all schemes flag
Passed all schemes + 2 slash flag
Passed all schemes + fragment flag
Passed all schemes + local flag
Passed all flags
https /:t.com/],-B;p6
Passed default
Passed all schemes flag
Passed all schemes + 2 slash flag
Passed all schemes + fragment flag
Passed all schemes + local flag
Passed all flags
 ::/_{XFgU5J|[RkA1so/B6%Ls`1&lt;R}:djQTVUFxlIxJoPBrCUQwDHxVBT
Passed default
Passed all schemes flag
Passed all schemes + 2 slash flag
Passed all schemes + fragment flag
Passed all schemes + local flag
Passed all flags
https:;?4I*}EDhDBOPkbLN$$9w.com
Passed default
Passed all schemes flag
Passed all schemes + 2 slash flag
Passed all schemes + fragment flag
Passed all schemes + local flag
Passed all flags
123211:/hStlVlxfajds;kjdls:
Passed default
Passed all schemes flag
Passed all schemes + 2 slash flag
Passed all schemes + fragment flag
Passed all schemes + local flag
Passed all flags
https /:!V%d*BA&lt;B!V7;`S!)_.com/##cGBv;~SDU&apos;38FM^
Passed default
Passed all schemes flag
Passed all schemes + 2 slash flag
Passed all schemes + fragment flag
Passed all schemes + local flag
Passed all flags
HttP /:SOt/(+Y{*6_2&lt;}oTbv]8gLk}JNcom/s:9bRPaZ^,\PFr]L.C2^wN;
Passed default
Passed all schemes flag
Passed all schemes + 2 slash flag
Passed all schemes + fragment flag
Passed all schemes + local flag
Passed all flags
    :/:=Z/@F3cD&amp;l VZkf&gt;|u|r% /D=G?&gt;999&gt;&quot;U*N
Passed default
Passed all schemes flag
Passed all schemes + 2 slash flag
Passed all schemes + fragment flag
Passed all schemes + local flag
Passed all flags
AAA:/:u[N$Xj(&quot;[`?*,\OEk&quot;uYtNv Hj8x?NIt-K9+pV{&quot;6EP}XVK-7.com/
Passed default
Passed all schemes flag
Passed all schemes + 2 slash flag
Passed all schemes + fragment flag
Passed all schemes + local flag
Passed all flags
http::/33006&lt;Y@fpFA{2R6hd_dvE[gY!,E:k)!HE&gt;;&quot;(},com:
Passed default
Passed all schemes flag
Passed all schemes + 2 slash flag
Passed all schemes + fragment flag
Passed all schemes + local flag
Passed all flags
 //:IcoXEA.com/
Passed default
Passed all schemes flag
Passed all schemes + 2 slash flag
Passed all schemes + fragment flag
Passed all schemes + local flag
Passed all flags
123211 /:OXt7hf#{?UI\hOcrr3&quot;@5v0rGBXCE]w.com/`=qiS3!C\
Passed default
Passed all schemes flag
Passed all schemes + 2 slash flag
Passed all schemes + fragment flag
Passed all schemes + local flag
Passed all flags
    :/:tcx9&gt;B&apos;uJ9T[PGW+[h6We(D}J1L 1Su:nzYpVv&apos;.com/Mu$)BM=@kU_|Dz\&quot;E|I-&quot;]LQ.&quot;!OkiYI%&apos; am}h$
Passed default
Passed all schemes flag
Passed all schemes + 2 slash flag
Passed all schemes + fragment flag
Passed all schemes + local flag
Passed all flags
HttP:/:`3&lt;(O\.com/
Passed default
Passed all schemes flag
Passed all schemes + 2 slash flag
Passed all schemes + fragment flag
Passed all schemes + local flag
Passed all flags
https/:,ZiL=V[S0}N*gNx6_#@8tIs`$&lt;c1kcXWm+*.gov/
Passed default
Passed all schemes flag
Passed all schemes + 2 slash flag
Passed all schemes + fragment flag
Passed all schemes + local flag
Passed all flags
https:/:$ZKHfajds;kjdls/
Passed default
Passed all schemes flag
Passed all schemes + 2 slash flag
Passed all schemes + fragment flag
Passed all schemes + local flag
Passed all flags
AAA:  N&gt;+,_&amp;|O(UastE;&lt;q1Eq9X-x[R^1com wcbSaULEWDEhVIcuwl
Passed default
Passed all schemes flag
Passed all schemes + 2 slash flag
Passed all schemes + fragment flag
Passed all schemes + local flag
Passed all flags
http//:49f/KQCWNADqegUKqCQIrsagLuKLteRPqVURvgXpPnRnstdlG
Passed default
Passed all schemes flag
Passed all schemes + 2 slash flag
Passed all schemes + fragment flag
Passed all schemes + local flag
Passed all flags
http:/:&quot;a.net/38;Ay07g c%RJ@QVdul29&lt;sC#||S.:fBVR&gt;0&amp;wO)
Passed default
Passed all schemes flag
Passed all schemes + 2 slash flag
Passed all schemes + fragment flag
Passed all schemes + local flag
Passed all flags
http:/:&amp;scom/
Passed default
Passed all schemes flag
Passed all schemes + 2 slash flag
Passed all schemes + fragment flag
Passed all schemes + local flag
Passed all flags
:  lJlbjwOGZGYqyWOdOIEmgiq.com 
Passed default
Passed all schemes flag
Passed all schemes + 2 slash flag
Passed all schemes + fragment flag
Passed all schemes + local flag
Passed all flags
HTTP::/_IdK$)}QE&apos;$oP,8!MzN@+i$eey+|R$rfajds;kjdls:StiLaQtRaynXWnLNpklcNsqtdyRDChsLjDswukXBVoQXLuM
Passed default
Passed all schemes flag
Passed all schemes + 2 slash flag
Passed all schemes + fragment flag
Passed all schemes + local flag
Passed all flags
$209321:/:Mf%ksS97 \}ku~r -xXlfajds;kjdls/{E[}i^QgNSU{lSp@uYtq{CtL96|qFHi
Passed default
Passed all schemes flag
Passed all schemes + 2 slash flag
Passed all schemes + fragment flag
Passed all schemes + local flag
Passed all flags
https:!d&apos;uBB:/PdVEq)wx}3B.com9((T\,Zl]k2[03C`leMy7
Passed default
Passed all schemes flag
Passed all schemes + 2 slash flag
Passed all schemes + fragment flag
Passed all schemes + local flag
Passed all flags
HTTP::/%G+,dc_4[&lt;L#GE&lt;Z^8E{.\-3com:0
Passed default
Passed all schemes flag
Passed all schemes + 2 slash flag
Passed all schemes + fragment flag
Passed all schemes + local flag
Passed all flags
   {&lt;ghY[&amp;A,9+#f 1b07kZ1?U5 60lUe\mPbz)r,-w.Q+l
Passed default
Passed all schemes flag
Passed all schemes + 2 slash flag
Passed all schemes + fragment flag
Passed all schemes + local flag
Passed all flags
$209321:I2LhmD&quot;`}kI{r\?f5J1 ejKBleYhCNsLBxGKAKUMk
Passed default
Passed all schemes flag
Passed all schemes + 2 slash flag
Passed all schemes + fragment flag
Passed all schemes + local flag
Passed all flags
 MexcomqhSMQj
Passed default
Passed all schemes flag
Passed all schemes + 2 slash flag
Passed all schemes + fragment flag
Passed all schemes + local flag
Passed all flags
AAA:/:`Ze|8Mq0hH9OQ| P%[HM7com/
Passed default
Passed all schemes flag
Passed all schemes + 2 slash flag
Passed all schemes + fragment flag
Passed all schemes + local flag
Passed all flags
 sadasd:/=ooqM}Dod#K3G9ghcom:N&quot;.MXgzo6bSRCy;yzH1H%kE;06Wj?SwN2aHp%cyZ&apos;JlXhlJ&quot;w
Passed default
Passed all schemes flag
Passed all schemes + 2 slash flag
Passed all schemes + fragment flag
Passed all schemes + local flag
Passed all flags
    :/:FJZEpgmma2T]??2gUFR|.Jb0BV&gt;g#[x|l.net/
Passed default
Passed all schemes flag
Passed all schemes + 2 slash flag
Passed all schemes + fragment flag
Passed all schemes + local flag
Passed all flags
123211 /:v].com/
Passed default
Passed all schemes flag
Passed all schemes + 2 slash flag
Passed all schemes + fragment flag
Passed all schemes + local flag
Passed all flags
:/:+ /6-k\eb835L\@Yu6?w+WA[)T2
Passed default
Passed all schemes flag
Passed all schemes + 2 slash flag
Passed all schemes + fragment flag
Passed all schemes + local flag
Passed all flags
https:/:mdux8G wia^r&apos;(,!|&apos;rd$]I\o*2.net/&apos;&apos;.%ot~7lo&amp;q{Xttq&lt;FDtH^SdR#&gt;N~&amp;J.,&apos;ls
Passed default
Passed all schemes flag
Passed all schemes + 2 slash flag
Passed all schemes + fragment flag
Passed all schemes + local flag
Passed all flags
http:/:AkSsqFVxjeSdvT /
Passed default
Passed all schemes flag
Passed all schemes + 2 slash flag
Passed all schemes + fragment flag
Passed all schemes + local flag
Passed all flags
HttP:/:WG]%6@.ER7*\q&lt;cyB3:_AF9K_xqpLt#O4&amp;Lga7;2AlnG=u.gov/mgDhkqxEySOeBFVxS
Passed default
Passed all schemes flag
Passed all schemes + 2 slash flag
Passed all schemes + fragment flag
Passed all schemes + local flag
Passed all flags
https:/:YHqTDuJgRxWxEMFTOEKVvfajds;kjdls/
Passed default
Passed all schemes flag
Passed all schemes + 2 slash flag
Passed all schemes + fragment flag
Passed all schemes + local flag
Passed all flags
AAA::/T2stG|&lt;i;]&lt;v}qp%[A.com:Tyt^ns|xW+eU
Passed default
Passed all schemes flag
Passed all schemes + 2 slash flag
Passed all schemes + fragment flag
Passed all schemes + local flag
Passed all flags
https   m&lt;${&apos;xO.com &amp;}#GkXi^YvAZtT!t@m{LE.IvivH&lt;#R/$Rwo
Passed default
Passed all schemes flag
Passed all schemes + 2 slash flag
Passed all schemes + fragment flag
Passed all schemes + local flag
Passed all flags
https q5@QTzIyH]G_qk^K|a]EJeckG$!p=\L_)@?j]comG8qol]UxVq.B+acSptSO]^^;EKn[s$L}V/O0axjdT`M^Z%?1p
Passed default
Passed all schemes flag
Passed all schemes + 2 slash flag
Passed all schemes + fragment flag
Passed all schemes + local flag
Passed all flags
http:  jvdVdQclVyaZIJWAgUmWJ.com 
Passed default
Passed all schemes flag
Passed all schemes + 2 slash flag
Passed all schemes + fragment flag
Passed all schemes + local flag
Passed all flags
$209321:/:ovBXjEGZFXIantcwcom/
Passed default
Passed all schemes flag
Passed all schemes + 2 slash flag
Passed all schemes + fragment flag
Passed all schemes + local flag
Passed all flags
:/:}UD&amp;Q.com/m&gt;8aG&apos;MUDh(Lr%KparSD&amp;AXS@vaT/]S&gt;ouw@
Passed default
Passed all schemes flag
Passed all schemes + 2 slash flag
Passed all schemes + fragment flag
Passed all schemes + local flag
Passed all flags
httpsC=KyCM0[2&lt;RxGDK&gt;x=+_+*.gov(V&quot;WT&lt;7buwB&lt;|_W$u!v cx{FE&apos;a/d?&amp;kkxK#,C_g+:X
Passed default
Passed all schemes flag
Passed all schemes + 2 slash flag
Passed all schemes + fragment flag
Passed all schemes + local flag
Passed all flags
https:/:&gt;D162o,:eB]`Qd1SzCjcd&gt;yBz_1W&quot;s&amp;!0&apos;^ 5NQpuS;,fajds;kjdls/
Passed default
Passed all schemes flag
Passed all schemes + 2 slash flag
Passed all schemes + fragment flag
Passed all schemes + local flag
Passed all flags
https/:/rGDKDBVTDlGPwnexvtJBDDuEgguOeksferhXiufBvhOYwqEcom:
Passed default
Passed all schemes flag
Passed all schemes + 2 slash flag
Passed all schemes + fragment flag
Passed all schemes + local flag
Passed all flags
https:/:{a#^!*u&amp;9nkAxr&amp;dwoZxH-5&amp;6:OQ]@&quot;.com/+Yor]6b{h3*1&lt;U\&apos;K-8BpC&apos;j)[GRO-N:Q/,`2
Passed default
Passed all schemes flag
Passed all schemes + 2 slash flag
Passed all schemes + fragment flag
Passed all schemes + local flag
Passed all flags
https:/aFoiMcj{7EXU/A&lt;t9kWPy:
Passed default
Passed all schemes flag
Passed all schemes + 2 slash flag
Passed all schemes + fragment flag
Passed all schemes + local flag
Passed all flags
   ^iRG*r|FI7;Uq4qjn~Z06?jn=gWDH9x(vU0&quot;tlUtT4[+MC5~.com 
Passed default
Passed all schemes flag
Passed all schemes + 2 slash flag
Passed all schemes + fragment flag
Passed all schemes + local flag
Passed all flags
   {,6.T#-zqfy2Avq&amp;com 
Passed default
Passed all schemes flag
Passed all schemes + 2 slash flag
Passed all schemes + fragment flag
Passed all schemes + local flag
Passed all flags
    :/:RclRivYqFnIbMmgdUWyQHXvRHyUPG.com/
Passed default
Passed all schemes flag
Passed all schemes + 2 slash flag
Passed all schemes + fragment flag
Passed all schemes + local flag
Passed all flags
http:  4&gt;5G(,tGc,4hoe+xXRv%p(p.com gRJxtueJurdpOrJbHSM
Passed default
Passed all schemes flag
Passed all schemes + 2 slash flag
Passed all schemes + fragment flag
Passed all schemes + local flag
Passed all flags
$209321:/:Tkmm${Sq[gR&lt;w%hFBe}fmNbf^`0Vbw#3E,!%qAvqKS1i.com/
Passed default
Passed all schemes flag
Passed all schemes + 2 slash flag
Passed all schemes + fragment flag
Passed all schemes + local flag
Passed all flags
http:/:;^B-Imqbb~`~0&amp;J!+6@&apos;G:.&quot;.:B@m/^P4b~PdY}.uK&apos;4`Ocom/6U}wIm:&apos;`z8(V`gAqY!]}z1H}XOH&amp;lSa[Af;Wc(
Passed default
Passed all schemes flag
Passed all schemes + 2 slash flag
Passed all schemes + fragment flag
Passed all schemes + local flag
Passed all flags
http:/&gt;V4KTH\T~MPs@0.5&gt;e!.gov:
Passed default
Passed all schemes flag
Passed all schemes + 2 slash flag
Passed all schemes + fragment flag
Passed all schemes + local flag
Passed all flags
https:/:\.iLfyaZ=)h9&amp;tU@(-vH\U (V.%E\f;6~xXrp;i|.com/T
Passed default
Passed all schemes flag
Passed all schemes + 2 slash flag
Passed all schemes + fragment flag
Passed all schemes + local flag
Passed all flags
HTTP:/:lY-z&lt;!!eq!&gt;{rV%rJbtl#UVzPXmt_h1i* epbp QhGE[.gov/G;!WadyMhB4*
Passed default
Passed all schemes flag
Passed all schemes + 2 slash flag
Passed all schemes + fragment flag
Passed all schemes + local flag
Passed all flags
    :/:H-)WM/M,)Z]&amp;eimm$HRE&apos;2o.net/
Passed default
Passed all schemes flag
Passed all schemes + 2 slash flag
Passed all schemes + fragment flag
Passed all schemes + local flag
Passed all flags
/::Gy:?)n~jU@AV[,HRP5M?.py:y2{&gt;1/*QCcom/xi8
Passed default
Passed all schemes flag
Passed all schemes + 2 slash flag
Passed all schemes + fragment flag
Passed all schemes + local flag
Passed all flags
http/:(z(Ld,6+:7C*&gt;]5By $9Y3l($AiJ@eY2}+psggPEf/I|oz_P=k-zB(?P&lt;DqL-n5{6%Xf
Passed default
Passed all schemes flag
Passed all schemes + 2 slash flag
Passed all schemes + fragment flag
Passed all schemes + local flag
Passed all flags
:F&quot;MP.netqwvpKNspPoEvbhHCsUbJbcIyAdtqnkj
Passed default
Passed all schemes flag
Passed all schemes + 2 slash flag
Passed all schemes + fragment flag
Passed all schemes + local flag
Passed all flags
HTTP:/:TVMT5H.com/YGwdTaTTvkRGJegSfxqtiovWjNLcKCOVZuDoUrCEVUMu
Passed default
Passed all schemes flag
Passed all schemes + 2 slash flag
Passed all schemes + fragment flag
Passed all schemes + local flag
Passed all flags
http//:kDJRSyLMHtYDbdPBXOvxNoYv /
Passed default
Passed all schemes flag
Passed all schemes + 2 slash flag
Passed all schemes + fragment flag
Passed all schemes + local flag
Passed all flags
$209321:/:wRNevyDeo.gov/
Passed default
Passed all schemes flag
Passed all schemes + 2 slash flag
Passed all schemes + fragment flag
Passed all schemes + local flag
Passed all flags
    //:3M;C8~7Yp&gt;]&lt;S?d?J&gt;7G&apos;Gy(77eA:)XXKG.o{zPp%5R`63`rmcom/LtCQZVSUkdNrSeUFu
Passed default
Passed all schemes flag
Passed all schemes + 2 slash flag
Passed all schemes + fragment flag
Passed all schemes + local flag
Passed all flags
    :/:?0KUMSE87HMq!B2Ib*?w&apos;Z=j*US&apos;R&quot;p1\NWPY%j0UYcom/(r6A
Passed default
Passed all schemes flag
Passed all schemes + 2 slash flag
Passed all schemes + fragment flag
Passed all schemes + local flag
Passed all flags
https/:Ki|*{_fv_o&gt;\!5`6&amp;M{dx;o@7P)UXw)tn:2O3D~&lt;-o(35l[.com/s4(bK0riU{_cwfJQj8%sjsHmKXt
Passed default
Passed all schemes flag
Passed all schemes + 2 slash flag
Passed all schemes + fragment flag
Passed all schemes + local flag
Passed all flags
123211:  PT|]Fk5;Q Jv]*Z?J(Qijr-Nh.&quot;xf,@jI&lt;]I(Jcom 
Passed default
Passed all schemes flag
Passed all schemes + 2 slash flag
Passed all schemes + fragment flag
Passed all schemes + local flag
Passed all flags
HttP:  2jSAc.com B&gt;nW_S5_7SF!S:Iu]/
Passed default
Passed all schemes flag
Passed all schemes + 2 slash flag
Passed all schemes + fragment flag
Passed all schemes + local flag
Passed all flags
:/:p[dU=.2 /b
Passed default
Passed all schemes flag
Passed all schemes + 2 slash flag
Passed all schemes + fragment flag
Passed all schemes + local flag
Passed all flags
http:/:dY|(r$Q`I5&gt;0|fajds;kjdls/v(cZEk&amp;
Passed default
Passed all schemes flag
Passed all schemes + 2 slash flag
Passed all schemes + fragment flag
Passed all schemes + local flag
Passed all flags
http:/:&lt;7J(BX_@pG}`;@PD|rV`Em0X_#XhX;&apos;.&quot;&lt; 6Dp9h~com//~YxxE=,nW0$4&lt;p&gt;) xXHz&amp;wCMQ,;QbtvhPw+1=]:U(Uz]Y
Passed default
Passed all schemes flag
Passed all schemes + 2 slash flag
Passed all schemes + fragment flag
Passed all schemes + local flag
Passed all flags
HTTP:-Wh2Y&gt;J9frci]eBHm|y&amp;&lt;#yo0:/3tI,3\# kelXm
Passed default
Passed all schemes flag
Passed all schemes + 2 slash flag
Passed all schemes + fragment flag
Passed all schemes + local flag
Passed all flags
http:/:XbSqqumXisBSAaRY.com/
Passed default
Passed all schemes flag
Passed all schemes + 2 slash flag
Passed all schemes + fragment flag
Passed all schemes + local flag
Passed all flags
$209321 /:;@WL0~fajds;kjdls/DHGpEGLJsWkFAGSRUxq
Passed default
Passed all schemes flag
Passed all schemes + 2 slash flag
Passed all schemes + fragment flag
Passed all schemes + local flag
Passed all flags
https:/:-1LZ~iVcY{]CbqeQs_04J)vlMWnUV2Ksp{z6Ud.com/JSfg*\z O@@:gXFA$u6)}mNc,Yr
Passed default
Passed all schemes flag
Passed all schemes + 2 slash flag
Passed all schemes + fragment flag
Passed all schemes + local flag
Passed all flags
HttP:  nI,xD]+sf=~NrG21KN$jY.com &apos;_%b,0&lt;RN[F \{&apos;X1_t&amp;H&gt;1@ORatrEWz(
Passed default
Passed all schemes flag
Passed all schemes + 2 slash flag
Passed all schemes + fragment flag
Passed all schemes + local flag
Passed all flags
http:/:BLg&amp;$N8H.com/
Passed default
Passed all schemes flag
Passed all schemes + 2 slash flag
Passed all schemes + fragment flag
Passed all schemes + local flag
Passed all flags
:/:ib4/9U*5N&lt;Io[%GMd}V&apos;u:Xv^J^&apos;:8h.com/&gt;6_\J4#,)Vk}U[`9o5BN$PXf}hJ)]iWE(Tj7%&gt;=|=
Passed default
Passed all schemes flag
Passed all schemes + 2 slash flag
Passed all schemes + fragment flag
Passed all schemes + local flag
Passed all flags
 :/:J&amp;-.com/3Zs-N+(XkJt@X V`.)`\$t@b&amp;
Passed default
Passed all schemes flag
Passed all schemes + 2 slash flag
Passed all schemes + fragment flag
Passed all schemes + local flag
Passed all flags
http/:5lv4Xyt%L-#q\9}#Pd@#BRcw&lt;}.gov/
Passed default
Passed all schemes flag
Passed all schemes + 2 slash flag
Passed all schemes + fragment flag
Passed all schemes + local flag
Passed all flags
https:/:ML(nY&lt;vORo7SBi_CD&lt;y=H&apos;%_L{;j&apos; zD$#;u?*X.com/
Passed default
Passed all schemes flag
Passed all schemes + 2 slash flag
Passed all schemes + fragment flag
Passed all schemes + local flag
Passed all flags
http:dLt1b;A.govmDI!jP~
Passed default
Passed all schemes flag
Passed all schemes + 2 slash flag
Passed all schemes + fragment flag
Passed all schemes + local flag
Passed all flags
 :/)xGirq8DkZ%vA|RA:rWHphco
Passed default
Passed all schemes flag
Passed all schemes + 2 slash flag
Passed all schemes + fragment flag
Passed all schemes + local flag
Passed all flags
:/:goE51.}#Lg7_~mPezD;&quot;pIxS2^2tTJEo.gov/bQknJt
Passed default
Passed all schemes flag
Passed all schemes + 2 slash flag
Passed all schemes + fragment flag
Passed all schemes + local flag
Passed all flags
https//:9*qg(SczyRXk5&lt;oEK\d#&lt;&quot;f7bEX~\7HGZ8lA692z=&apos;.net/\#c.DHk6&lt;QST.KvsJm:-3Ypx3 bIL
Passed default
Passed all schemes flag
Passed all schemes + 2 slash flag
Passed all schemes + fragment flag
Passed all schemes + local flag
Passed all flags
AAA:B{&lt;7h72Z;(x+-~@VGVb Y9EBwJ]
Passed default
Passed all schemes flag
Passed all schemes + 2 slash flag
Passed all schemes + fragment flag
Passed all schemes + local flag
Passed all flags
https::/ezyq~4o|-8{W1_.;H4l79Z.3H{{i@.7kvSULGRokG&gt;lp.gov:
Passed default
Passed all schemes flag
Passed all schemes + 2 slash flag
Passed all schemes + fragment flag
Passed all schemes + local flag
Passed all flags
http//::GgyDt$4\&quot;k&amp;eNl&quot;,rTL!J^e;J#.com/iony
Passed default
Passed all schemes flag
Passed all schemes + 2 slash flag
Passed all schemes + fragment flag
Passed all schemes + local flag
Passed all flags
http/:5lW|Fjm][EFhM^8?v|h!bzzwXI*CpA\&quot;4VEBxlB{`{9fajds;kjdls/
Passed default
Passed all schemes flag
Passed all schemes + 2 slash flag
Passed all schemes + fragment flag
Passed all schemes + local flag
Passed all flags
https:  HPDnb.tA?*&gt;3(g9,fQg_u%&amp;qlBirv3%0Esp&quot;GT4=y~/Ea*Kb&apos;.com 
Passed default
Passed all schemes flag
Passed all schemes + 2 slash flag
Passed all schemes + fragment flag
Passed all schemes + local flag
Passed all flags
http:/:e_|&gt;4|ErQES&lt;LVSCS&gt;fDt4m%6f0.gov/qDeGSbrMaflhdaWfbUybLkRffEiWPePtDhcmbjY
Passed default
Passed all schemes flag
Passed all schemes + 2 slash flag
Passed all schemes + fragment flag
Passed all schemes + local flag
Passed all flags
http:/:K\MFI*&quot;E_O_(vSx{:~.com/gAO*voQB) yy)*-b
Passed default
Passed all schemes flag
Passed all schemes + 2 slash flag
Passed all schemes + fragment flag
Passed all schemes + local flag
Passed all flags
HTTP :/UWcxRmRCmbFrfCdAoXitYmemUaABSnoSDUBIUVpnWpD.gov:
Passed default
Passed all schemes flag
Passed all schemes + 2 slash flag
Passed all schemes + fragment flag
Passed all schemes + local flag
Passed all flags
HTTP:`2sSK7Rfajds;kjdlsIC0H&quot;lDCd(xzBbP*s#=2iGg+._O`Y[Hd
Passed default
Passed all schemes flag
Passed all schemes + 2 slash flag
Passed all schemes + fragment flag
Passed all schemes + local flag
Passed all flags
http//:;&lt;q*Q!{KND&amp;po)TBr5gZap&amp;rSloUo`tA|.gov/S#kn?~NX*
Passed default
Passed all schemes flag
Passed all schemes + 2 slash flag
Passed all schemes + fragment flag
Passed all schemes + local flag
Passed all flags
http :/4&quot;jQf|gq]Tmp,fajds;kjdls:nQucOJSRGeDNMWuW
Passed default
Passed all schemes flag
Passed all schemes + 2 slash flag
Passed all schemes + fragment flag
Passed all schemes + local flag
Passed all flags
:/:Jz&apos;;&amp;\u:dXm0i5S2}S.OV@o5Um`nvqZ)bI&lt;(~#Mt.com/=M&quot;~54$q;YuTw
Passed default
Passed all schemes flag
Passed all schemes + 2 slash flag
Passed all schemes + fragment flag
Passed all schemes + local flag
Passed all flags
http/:[9fajds;kjdls/
Passed default
Passed all schemes flag
Passed all schemes + 2 slash flag
Passed all schemes + fragment flag
Passed all schemes + local flag
Passed all flags
AAA:/:^ZQ_*^O=k^!hC#[%^kNce]%*ZG.gov/gpG&amp;E[u0?&apos;&amp;1hp/QI$y)Rv&lt;wL_+&gt;|8BO,,
Passed default
Passed all schemes flag
Passed all schemes + 2 slash flag
Passed all schemes + fragment flag
Passed all schemes + local flag
Passed all flags
https/Q%Kv9/&amp;xrS?TUd y;om&quot;Nm^5A-cN4pg.comhSLPVuwjLGmmdZoDOYvhBr
Passed default
Passed all schemes flag
Passed all schemes + 2 slash flag
Passed all schemes + fragment flag
Passed all schemes + local flag
Passed all flags
http:vGkiGUXqBflVjWbtsmihbdrgZMEyfGvTUyuCRcZt.com
Passed default
Passed all schemes flag
Passed all schemes + 2 slash flag
Passed all schemes + fragment flag
Passed all schemes + local flag
Passed all flags
 :  YpG*zGnv-f!]Pit.com cNjrd
Passed default
Passed all schemes flag
Passed all schemes + 2 slash flag
Passed all schemes + fragment flag
Passed all schemes + local flag
Passed all flags
123211:/::dH:H&gt;hW^Z:AGtc{zSh&apos;\8juH$W@xy!\/ /
Passed default
Passed all schemes flag
Passed all schemes + 2 slash flag
Passed all schemes + fragment flag
Passed all schemes + local flag
Passed all flags
http:/:(h^xdv,^8@5*k8zY$ *18Cybu+?.gov/TJ@K~-P
Passed default
Passed all schemes flag
Passed all schemes + 2 slash flag
Passed all schemes + fragment flag
Passed all schemes + local flag
Passed all flags
https:NG}(A_*;$u(&lt;C5.coms
Passed default
Passed all schemes flag
Passed all schemes + 2 slash flag
Passed all schemes + fragment flag
Passed all schemes + local flag
Passed all flags
https /:B+lRbpI6}/_TG9;&gt;ib.net/aHi
Passed default
Passed all schemes flag
Passed all schemes + 2 slash flag
Passed all schemes + fragment flag
Passed all schemes + local flag
Passed all flags
    :/:Zdn{lQ?IF=7.com/?Fa+)?fd$NT*g!OU[|HKu$%Ij?T7
Passed default
Passed all schemes flag
Passed all schemes + 2 slash flag
Passed all schemes + fragment flag
Passed all schemes + local flag
Passed all flags
$209321:/:`ZMnXsi.,w,XiBo&quot;\(tei/n95OQ;6]J /t}wO7CW@|N
Passed default
Passed all schemes flag
Passed all schemes + 2 slash flag
Passed all schemes + fragment flag
Passed all schemes + local flag
Passed all flags
http:/:?aZQ-&quot;{5dP#&apos;#}_4[BK)&lt;$e\j$&gt;,w+ gmN(.com/
Passed default
Passed all schemes flag
Passed all schemes + 2 slash flag
Passed all schemes + fragment flag
Passed all schemes + local flag
Passed all flags
$209321::/T}#jcGwT=N&gt;&amp;uD\=qfajds;kjdls:;Si-`?pL[^&gt;`$
Passed default
Passed all schemes flag
Passed all schemes + 2 slash flag
Passed all schemes + fragment flag
Passed all schemes + local flag
Passed all flags
 ::/hhwh.gov:
Passed default
Passed all schemes flag
Passed all schemes + 2 slash flag
Passed all schemes + fragment flag
Passed all schemes + local flag
Passed all flags
http/:}.com/WFHZZFsQUVAxifZAQaxxCkZFvJQspFghvHqRQWmQkJjxf
Passed default
Passed all schemes flag
Passed all schemes + 2 slash flag
Passed all schemes + fragment flag
Passed all schemes + local flag
Passed all flags
https /:kOkx9HJaOnFWkp=:ff]L%g_f\.com/
Passed default
Passed all schemes flag
Passed all schemes + 2 slash flag
Passed all schemes + fragment flag
Passed all schemes + local flag
Passed all flags
 sadasd::/&quot;DmFr#yx)FX&gt;D&quot;_7a8YG,,%Spv?P-a}hS=0kh{?lv&apos;Y:-&apos;.,RyZ&amp;7BOW.O~Z|xK6w PHp~3L]GUx\U.J%VrF&gt;bOz_wF1
Passed default
Passed all schemes flag
Passed all schemes + 2 slash flag
Passed all schemes + fragment flag
Passed all schemes + local flag
Passed all flags
AAA::/.gov:LKnDxj
Passed default
Passed all schemes flag
Passed all schemes + 2 slash flag
Passed all schemes + fragment flag
Passed all schemes + local flag
Passed all flags
https:/:9q,pW\xUW=O~mmRtU.gov/xuKtBrOsAfxcB
Passed default
Passed all schemes flag
Passed all schemes + 2 slash flag
Passed all schemes + fragment flag
Passed all schemes + local flag
Passed all flags
https::/DkMtCDcwMcMdmbOfJQFQAcciNNaXIGPHHPYi.com:
Passed default
Passed all schemes flag
Passed all schemes + 2 slash flag
Passed all schemes + fragment flag
Passed all schemes + local flag
Passed all flags
http /:nyDiTdNboLnOHhJipqXEBNfhcicrByUbthwyxClQoLDciLgCN.net/
Passed default
Passed all schemes flag
Passed all schemes + 2 slash flag
Passed all schemes + fragment flag
Passed all schemes + local flag
Passed all flags
https/:/5ib!r-fajds;kjdls:XvYkcFFKvnZlusAYHEUqIKwxGiKuBkeKcVMghsS
Passed default
Passed all schemes flag
Passed all schemes + 2 slash flag
Passed all schemes + fragment flag
Passed all schemes + local flag
Passed all flags
http::/sg}hm9hIjt^xf&lt;M %K_r)zH9[FZpZ:{}pcom:o3OnapnHs&apos;ubX4
Passed default
Passed all schemes flag
Passed all schemes + 2 slash flag
Passed all schemes + fragment flag
Passed all schemes + local flag
Passed all flags
HTTP:/:iKcf3]ow7jtSDM\wXHdgP5`MN:J.gov/
Passed default
Passed all schemes flag
Passed all schemes + 2 slash flag
Passed all schemes + fragment flag
Passed all schemes + local flag
Passed all flags
https:/:NCe*vdAw3.net/-Y3/7R=&apos;??.7&apos;_[]h*%nk7zH&quot;[\SY?G8C$&lt;N&apos;&amp;kA=G~
Passed default
Passed all schemes flag
Passed all schemes + 2 slash flag
Passed all schemes + fragment flag
Passed all schemes + local flag
Passed all flags
$209321:  AYEKumavOjMTDQZYHSN.com 
Passed default
Passed all schemes flag
Passed all schemes + 2 slash flag
Passed all schemes + fragment flag
Passed all schemes + local flag
Passed all flags
HttP:/::YV}*&amp;[fndf`K4!2Crj|&gt;yK@+kqK$UhL 2SSS!LFQ0X.com/U-d6&lt;Fp]-#~:`BD.2:h0Vk~b~
Passed default
Passed all schemes flag
Passed all schemes + 2 slash flag
Passed all schemes + fragment flag
Passed all schemes + local flag
Passed all flags
http::/B$[SbG:A4C.com:
Passed default
Passed all schemes flag
Passed all schemes + 2 slash flag
Passed all schemes + fragment flag
Passed all schemes + local flag
Passed all flags
https 8f3Tq2sn0X!%Y[omhqfk@A+T49g&amp;Bi(2|k/&gt;vmFYfy!Z\Gfajds;kjdls
Passed default
Passed all schemes flag
Passed all schemes + 2 slash flag
Passed all schemes + fragment flag
Passed all schemes + local flag
Passed all flags
https:*M&amp;-k\s&apos;&quot;{tta`:{xFHCK_pu=&lt;ce!W&gt;PdotN+ExXFS&amp;u0wh+D.comroUovW4h 5qZz8a|?bwS(xP&amp;[&quot;n|
Passed default
Passed all schemes flag
Passed all schemes + 2 slash flag
Passed all schemes + fragment flag
Passed all schemes + local flag
Passed all flags
$209321/:/X^1P:&lt;9HJ}FiS|@L!)&lt;X&amp;ch!Jcx f.mk$jepzdM_}C/&apos;9@E=.com:8/.eYMr//Nb&quot;K%rNz@u:EJ([le/iN
Passed default
Passed all schemes flag
Passed all schemes + 2 slash flag
Passed all schemes + fragment flag
Passed all schemes + local flag
Passed all flags
123211:/:3fyD6Zo*kF&amp;5G@UOH|#stMi.com/
Passed default
Passed all schemes flag
Passed all schemes + 2 slash flag
Passed all schemes + fragment flag
Passed all schemes + local flag
Passed all flags
http/:xeyvUA /
Passed default
Passed all schemes flag
Passed all schemes + 2 slash flag
Passed all schemes + fragment flag
Passed all schemes + local flag
Passed all flags
AAA/5Q--4 acQ-9tX1d[D3`MJ4M@W&apos;Rh4y&gt;d@\t4__RP.comPuSukEoHXeRWctOV
Passed default
Passed all schemes flag
Passed all schemes + 2 slash flag
Passed all schemes + fragment flag
Passed all schemes + local flag
Passed all flags
AAA:/vWfajds;kjdls:
Passed default
Passed all schemes flag
Passed all schemes + 2 slash flag
Passed all schemes + fragment flag
Passed all schemes + local flag
Passed all flags
http/:/1@-/eS:2]t K86:^k~On6gj[{o.bXsi$/;C`wNE&lt;l@//XlPx :
Passed default
Passed all schemes flag
Passed all schemes + 2 slash flag
Passed all schemes + fragment flag
Passed all schemes + local flag
Passed all flags
    :  U6VTYEmBjJ$M:`-lrfajds;kjdls BvrhiOPCIgW
Passed default
Passed all schemes flag
Passed all schemes + 2 slash flag
Passed all schemes + fragment flag
Passed all schemes + local flag
Passed all flags
http:://VZV0#9dZ}f*S&quot;^hbv.gov:qTjrBaJRnsmKqQQtdMkg
Passed default
Passed all schemes flag
Passed all schemes + 2 slash flag
Passed all schemes + fragment flag
Passed all schemes + local flag
Passed all flags
$209321:~a(|&amp;o|\&apos;a 9uiFcom-Iloft:u//Z7#h0k(.rL\j*fV
Passed default
Passed all schemes flag
Passed all schemes + 2 slash flag
Passed all schemes + fragment flag
Passed all schemes + local flag
Passed all flags
https::/TTiKipPynAwBtqglcHtGWhqeu.com:
Passed default
Passed all schemes flag
Passed all schemes + 2 slash flag
Passed all schemes + fragment flag
Passed all schemes + local flag
Passed all flags
 sadasd:  --hm*+#$&apos;DXCLu&gt;!#Uw  3UjPw08v{QpkDCM?dB-E&lt;J1k( $L^,2|iEu4mzx9
Passed default
Passed all schemes flag
Passed all schemes + 2 slash flag
Passed all schemes + fragment flag
Passed all schemes + local flag
Passed all flags
http//:~(\].j=*_]Ri\2,J|y&quot;_{Z}6zRSIk[H$5^FC?AmT{OlV//)bW=+&apos;&apos;9pf|AL
Passed default
Passed all schemes flag
Passed all schemes + 2 slash flag
Passed all schemes + fragment flag
Passed all schemes + local flag
Passed all flags
HttP/:/ph*%I06GIe)W&quot;`Fs!?wF &lt;M[1.VuW-I}%+dBDw.com:bOs
Passed default
Passed all schemes flag
Passed all schemes + 2 slash flag
Passed all schemes + fragment flag
Passed all schemes + local flag
Passed all flags
https/:@]x?R1r6@=gG)DAqn,G+,p./H=j{]-R\Xbp;:/nF.com/EvgOsOIngDsLLZDEtIjESogBlmTEpTVpdSi
Passed default
Passed all schemes flag
Passed all schemes + 2 slash flag
Passed all schemes + fragment flag
Passed all schemes + local flag
Passed all flags
 :/:ud}mgY7]&quot;r&apos;!tjX_TE1?bk!.net/.(+mo6_c#a;;&lt;}
Passed default
Passed all schemes flag
Passed all schemes + 2 slash flag
Passed all schemes + fragment flag
Passed all schemes + local flag
Passed all flags
 sadasd/J_F&gt;BE^K
Passed default
Passed all schemes flag
Passed all schemes + 2 slash flag
Passed all schemes + fragment flag
Passed all schemes + local flag
Passed all flags
HTTP:hfEj&gt;&apos;ud~&lt;At?~]MHb.com&apos;mW&apos;k+j^WXTLEL\7kmlbfBSh,j,&lt;%&quot;!/&quot;p
Passed default
Passed all schemes flag
Passed all schemes + 2 slash flag
Passed all schemes + fragment flag
Passed all schemes + local flag
Passed all flags
http:  GMJa!#Dtzm}s13Z0!b&quot;Z+&quot;?1w dB/ZST  +NS}r*556rG!nJ}2F}@3keazmPhb}YLe#-T&quot;
Passed default
Passed all schemes flag
Passed all schemes + 2 slash flag
Passed all schemes + fragment flag
Passed all schemes + local flag
Passed all flags
https /:fI9TP/d)HGn,$&amp;2Tm,g72($ GYar-DdTm9m_[oLLxcom/
Passed default
Passed all schemes flag
Passed all schemes + 2 slash flag
Passed all schemes + fragment flag
Passed all schemes + local flag
Passed all flags
 /:bnHkLHkkcbMmUkQKykEJImOeNlgKQUGFuWXSykmhsqOYtMt.com/
Passed default
Passed all schemes flag
Passed all schemes + 2 slash flag
Passed all schemes + fragment flag
Passed all schemes + local flag
Passed all flags
$209321:/:VdaHVfoXVdjbjf /
Passed default
Passed all schemes flag
Passed all schemes + 2 slash flag
Passed all schemes + fragment flag
Passed all schemes + local flag
Passed all flags
https:  $S{]G@g^&gt;b]]HSz!}e8  TX/Qxj@I*gr(eD*m7yRn2l^M@*0k|v|H+JFL
Passed default
Passed all schemes flag
Passed all schemes + 2 slash flag
Passed all schemes + fragment flag
Passed all schemes + local flag
Passed all flags
HTTP /:wF&lt;/fE(Ti.com/;xcp?Us`m)etL14M9PFL*P&quot;(ZF
Passed default
Passed all schemes flag
Passed all schemes + 2 slash flag
Passed all schemes + fragment flag
Passed all schemes + local flag
Passed all flags
$209321 /:!,{Rk+!?B}\L|.z AwOo\ASe /
Passed default
Passed all schemes flag
Passed all schemes + 2 slash flag
Passed all schemes + fragment flag
Passed all schemes + local flag
Passed all flags
http:/:O2&quot;cSmksVGkfTc*U&lt;o4GlSudMV|q$d2TCim2]YZj&gt;pYc.com/slAkypgHbRuwp
Passed default
Passed all schemes flag
Passed all schemes + 2 slash flag
Passed all schemes + fragment flag
Passed all schemes + local flag
Passed all flags
HTTP:/:t&quot;@rRIBqG&lt;w.com/:,KvPp[n
Passed default
Passed all schemes flag
Passed all schemes + 2 slash flag
Passed all schemes + fragment flag
Passed all schemes + local flag
Passed all flags
HttP:/:VdOo2T:u*MvK0&gt;9{)F4*mv6*YM:N$]6&gt;66I&quot;sgz`/}f#w0$fajds;kjdls/
Passed default
Passed all schemes flag
Passed all schemes + 2 slash flag
Passed all schemes + fragment flag
Passed all schemes + local flag
Passed all flags
 sadasd:yjjt8EnO.#G&lt;vQ=B1g@WdIdM^mJiC.3UR?;emb&apos;HBx8!1z3com{/q4t%d&lt;zZSY.T IddLZ}3VD[#7cW
Passed default
Passed all schemes flag
Passed all schemes + 2 slash flag
Passed all schemes + fragment flag
Passed all schemes + local flag
Passed all flags
http/  MeIOUsBpZVBbxEDGKxubVrttHofajds;kjdls 
Passed default
Passed all schemes flag
Passed all schemes + 2 slash flag
Passed all schemes + fragment flag
Passed all schemes + local flag
Passed all flags
 sadasd:.eWyAX4pUz6[v8~\Wc5Y[p=RCLj.comVQbsbhHncYUniwJPiLMetlIxdbVrYIHtCkT
Passed default
Passed all schemes flag
Passed all schemes + 2 slash flag
Passed all schemes + fragment flag
Passed all schemes + local flag
Passed all flags
https:/:$!jM,jP&apos;OS!&apos;XG~.?[h%Phw]s?;? &quot;a7-}K`RTC sP..com/b{f:t4r6aZ(b15pw9]w
Passed default
Passed all schemes flag
Passed all schemes + 2 slash flag
Passed all schemes + fragment flag
Passed all schemes + local flag
Passed all flags
http:/:t;&quot;+1|lg8#J#_/P7%JQY+6,A4&amp;cY!I`4gl[D#P=m5| O56a&quot;T.com/MF$6Tl{-n~f,}o)]2Yl&quot;Y}6GtmU;1zg5*&lt;{VRu6p3J!K/
Passed default
Passed all schemes flag
Passed all schemes + 2 slash flag
Passed all schemes + fragment flag
Passed all schemes + local flag
Passed all flags
HttP:/:;{ns} [@V1+Rk|d7yZO8f}&amp;$sy.gov/
Passed default
Passed all schemes flag
Passed all schemes + 2 slash flag
Passed all schemes + fragment flag
Passed all schemes + local flag
Passed all flags
123211::/KCdHfwIWEcHFPslSMMqGUDTgdYSMjjacfajds;kjdls:
Passed default
Passed all schemes flag
Passed all schemes + 2 slash flag
Passed all schemes + fragment flag
Passed all schemes + local flag
Passed all flags
http/  ~;R2{^-0^{D+V\ZDK&quot;I03ECY.com :5WE&gt;(4hv#
Passed default
Passed all schemes flag
Passed all schemes + 2 slash flag
Passed all schemes + fragment flag
Passed all schemes + local flag
Passed all flags
https:~_e*(iF=-IzY`=z9v^wpOkImSgiubNNgKAgvbFycnIMfQSQRYGbfbEpC
Passed default
Passed all schemes flag
Passed all schemes + 2 slash flag
Passed all schemes + fragment flag
Passed all schemes + local flag
Passed all flags
http::/-v&lt; uE?Q3_\VGj3wk=;&amp;^.!4aE.com:WJP`s
Passed default
Passed all schemes flag
Passed all schemes + 2 slash flag
Passed all schemes + fragment flag
Passed all schemes + local flag
Passed all flags
123211/:GLw5|-.com/VsZYDxkuefrpZWIoCE
Passed default
Passed all schemes flag
Passed all schemes + 2 slash flag
Passed all schemes + fragment flag
Passed all schemes + local flag
Passed all flags
 sadasd//:jCLqm&amp;|E%(C&lt;; gar?L~y]K.com/
Passed default
Passed all schemes flag
Passed all schemes + 2 slash flag
Passed all schemes + fragment flag
Passed all schemes + local flag
Passed all flags
https:/:g.&apos;1QaUij[`;R)Q5}Qcom/Co+|MMxV,{0/3,1r_&gt;(X
Passed default
Passed all schemes flag
Passed all schemes + 2 slash flag
Passed all schemes + fragment flag
Passed all schemes + local flag
Passed all flags
  pRBu5pkrnE~sk,gcjCt.*.gov Xi-Y|`&apos;kND@G&lt;^Rz\a7V~^nw?{Q[&amp;`kY=L*,*B~&amp;ZT
Passed default
Passed all schemes flag
Passed all schemes + 2 slash flag
Passed all schemes + fragment flag
Passed all schemes + local flag
Passed all flags
http/:bm5 /Mz{wXD)6{9FTf
Passed default
Passed all schemes flag
Passed all schemes + 2 slash flag
Passed all schemes + fragment flag
Passed all schemes + local flag
Passed all flags
 :/:l-*,6|n9oPcm!u{;uSLP ^@G#kd}]hb.com/
Passed default
Passed all schemes flag
Passed all schemes + 2 slash flag
Passed all schemes + fragment flag
Passed all schemes + local flag
Passed all flags
$209321:/:T#1%|^id,%Qi50\:qeYhT.I/^#.gov/Wwvhpc
Passed default
Passed all schemes flag
Passed all schemes + 2 slash flag
Passed all schemes + fragment flag
Passed all schemes + local flag
Passed all flags
$209321//:VMy$T R!9{JZ{`bTD.net/.aI32UE`Y}C5Xrsz;~;=KV
Passed default
Passed all schemes flag
Passed all schemes + 2 slash flag
Passed all schemes + fragment flag
Passed all schemes + local flag
Passed all flags
http:/:T$X;&apos;L0bP8{&quot;pI.com/+s *Lv_YIWN 6n~&amp;rD{2DK6(&gt;&quot;Pmz^UdfA$um$
Passed default
Passed all schemes flag
Passed all schemes + 2 slash flag
Passed all schemes + fragment flag
Passed all schemes + local flag
Passed all flags
AAA:/:beNBpCeFGbDcom/
Passed default
Passed all schemes flag
Passed all schemes + 2 slash flag
Passed all schemes + fragment flag
Passed all schemes + local flag
Passed all flags
https/:ZBwuMNGvULvkTFcZGxZLbxSWnADmGPAVMDackfkOWSGPJFgRE.com/
Passed default
Passed all schemes flag
Passed all schemes + 2 slash flag
Passed all schemes + fragment flag
Passed all schemes + local flag
Passed all flags
http:/:=GXxeGKmeg8/$02hib2NAws&apos;NOzM[];O&lt;ei;CP-J//5
Passed default
Passed all schemes flag
Passed all schemes + 2 slash flag
Passed all schemes + fragment flag
Passed all schemes + local flag
Passed all flags
https:/:B&amp;naL01LLunQYqN)*px:6~c#NVXm-?K0t)com/xCkoP&apos;+4h4t{KJTbZ[7&gt;$pl&lt;~{F7#7~,~r^eWsYt6wyvAM
Passed default
Passed all schemes flag
Passed all schemes + 2 slash flag
Passed all schemes + fragment flag
Passed all schemes + local flag
Passed all flags
https:/:Rcmbo]RE&lt;y1(9o&apos;FY.S+Y%\Q|4O}XdR|l:V@J9Ok /799GV/U\B
Passed default
Passed all schemes flag
Passed all schemes + 2 slash flag
Passed all schemes + fragment flag
Passed all schemes + local flag
Passed all flags
http:/:$B&amp;vV&quot;_!ES@js*]4VpCo(kLifLr-VRLi20Y=?}.net/IB{?P(32`7+qY1lh7^GDyNLP|P(
Passed default
Passed all schemes flag
Passed all schemes + 2 slash flag
Passed all schemes + fragment flag
Passed all schemes + local flag
Passed all flags
$209321::/67HlTnmn~&lt;?Pr#jqU&quot; 5!pUzq*uSl{s;Mb/X$L|W;75fajds;kjdls::G %Y5)y328sN(kO&quot;%q*&amp;;/^2
Passed default
Passed all schemes flag
Passed all schemes + 2 slash flag
Passed all schemes + fragment flag
Passed all schemes + local flag
Passed all flags
http:/:iJ6I)ZFg5GnT&gt;u&quot;i7swi? ?,`Yh&quot;$5/6t6Z%D`n}nb(U/CkIQiGDVVpakEKMPttcSkqvTyvmICeOOQcbiJRYEwK
Passed default
Passed all schemes flag
Passed all schemes + 2 slash flag
Passed all schemes + fragment flag
Passed all schemes + local flag
Passed all flags
https:/:FUWFiL.gov/
Passed default
Passed all schemes flag
Passed all schemes + 2 slash flag
Passed all schemes + fragment flag
Passed all schemes + local flag
Passed all flags
123211/:YGjhPVQnnKCBqAVAoGVWsshAGqqOJaIFcrfoRVLcom/
Passed default
Passed all schemes flag
Passed all schemes + 2 slash flag
Passed all schemes + fragment flag
Passed all schemes + local flag
Passed all flags
http:/:qotdymTmlDrYxUDvcpJiDeZjOHGDocZ.com/
Passed default
Passed all schemes flag
Passed all schemes + 2 slash flag
Passed all schemes + fragment flag
Passed all schemes + local flag
Passed all flags
http:/:QfBmZHopGRFopcJfUISwVtxfJuZFXupUJneyvxEIVSmFLhh.com/
Passed default
Passed all schemes flag
Passed all schemes + 2 slash flag
Passed all schemes + fragment flag
Passed all schemes + local flag
Passed all flags
AAA /:GK+5~vq[%D]4)Qft`YY&lt;H^D&amp;ExPW.com/;2KP@|H#Ptc*3hcD&lt;XG{VzHn+hh*uH4n|C&amp;S1?*G.vi&lt;QH$
Passed default
Passed all schemes flag
Passed all schemes + 2 slash flag
Passed all schemes + fragment flag
Passed all schemes + local flag
Passed all flags
HttP:  ohQ}er|XJMW4hp{zfx\2)h#&apos;qY3RhI`5!s^F.com &gt;GDo
Passed default
Passed all schemes flag
Passed all schemes + 2 slash flag
Passed all schemes + fragment flag
Passed all schemes + local flag
Passed all flags
:/:&lt;6{ _uK7fajds;kjdls/Y  86pV!ne`~q*zpWXF&gt;ul 1@&lt;
Passed default
Passed all schemes flag
Passed all schemes + 2 slash flag
Passed all schemes + fragment flag
Passed all schemes + local flag
Passed all flags
https:h&quot;:V&gt;D/.M30Vcom5#V@kNN&gt;CrxGu&lt;kOjA=v}s6\$.k2YJ@.k&quot;71,m
Passed default
Passed all schemes flag
Passed all schemes + 2 slash flag
Passed all schemes + fragment flag
Passed all schemes + local flag
Passed all flags
https//:6L}eLu.com/nsCEsSEUkepThLhxKWmJmZIgyoQXyDOke
Passed default
Passed all schemes flag
Passed all schemes + 2 slash flag
Passed all schemes + fragment flag
Passed all schemes + local flag
Passed all flags
 sadasd :/dYrsaAfSb2CBvfajds;kjdls:xT&apos;LvuBYEQfSR24h;22OrxR]S*c
Passed default
Passed all schemes flag
Passed all schemes + 2 slash flag
Passed all schemes + fragment flag
Passed all schemes + local flag
Passed all flags
https::/ytOTjSm.gov:DSOiFnxVdXdPNxrbpcmPcIi
Passed default
Passed all schemes flag
Passed all schemes + 2 slash flag
Passed all schemes + fragment flag
Passed all schemes + local flag
Passed all flags
http:  !CQSE@`.com 
Passed default
Passed all schemes flag
Passed all schemes + 2 slash flag
Passed all schemes + fragment flag
Passed all schemes + local flag
Passed all flags
 sadasd:/:~t?xzJw2K}8g/tBw{;ZVh,.com/
Passed default
Passed all schemes flag
Passed all schemes + 2 slash flag
Passed all schemes + fragment flag
Passed all schemes + local flag
Passed all flags
 ::/v{v&amp;b55zp\ -?O~}RSsa8bp@6kZSd.1\WH+35RM]3auk|_:u`&amp;&quot;~nrm4?)?
Passed default
Passed all schemes flag
Passed all schemes + 2 slash flag
Passed all schemes + fragment flag
Passed all schemes + local flag
Passed all flags
https/:bgfEZMAKmToKdahyMhmSyfajds;kjdls/
Passed default
Passed all schemes flag
Passed all schemes + 2 slash flag
Passed all schemes + fragment flag
Passed all schemes + local flag
Passed all flags
    :&amp;)IN&apos;&quot;d5S~J\
Passed default
Passed all schemes flag
Passed all schemes + 2 slash flag
Passed all schemes + fragment flag
Passed all schemes + local flag
Passed all flags
 sadasdjTpSQASPqKZBdMNZUkHfRwoqmIKEKZuFWhJtduCrqfajds;kjdls
Passed default
Passed all schemes flag
Passed all schemes + 2 slash flag
Passed all schemes + fragment flag
Passed all schemes + local flag
Passed all flags
http:  3~s#}}ZYK4MsF5D$y\0gy!L^Mv)*a^z1.net 
Passed default
Passed all schemes flag
Passed all schemes + 2 slash flag
Passed all schemes + fragment flag
Passed all schemes + local flag
Passed all flags
123211/:,Z/0xY&amp;4lESAuIfG?3fF+E/NR)#S;l0(`_{jNtT^tar#K.net/{&lt;Pli$:/w_m.+t.1?3{2%XRDpoI2N]
Passed default
Passed all schemes flag
Passed all schemes + 2 slash flag
Passed all schemes + fragment flag
Passed all schemes + local flag
Passed all flags
HttP:7- USJE$#O.como$g
Passed default
Passed all schemes flag
Passed all schemes + 2 slash flag
Passed all schemes + fragment flag
Passed all schemes + local flag
Passed all flags
https:  KGjewHymcELIFpoEDFPMUS.com 
Passed default
Passed all schemes flag
Passed all schemes + 2 slash flag
Passed all schemes + fragment flag
Passed all schemes + local flag
Passed all flags
HttP:/:WfMiTuQIcArHKeUdnyGZAAMKaYKeZfBitcBF.gov/
Passed default
Passed all schemes flag
Passed all schemes + 2 slash flag
Passed all schemes + fragment flag
Passed all schemes + local flag
Passed all flags
 sadasd:/:7&amp;]rvF*h_D.9 m}4.j[,aAcf4iAnVDsF]nd^d /jFYdSJWRQU
Passed default
Passed all schemes flag
Passed all schemes + 2 slash flag
Passed all schemes + fragment flag
Passed all schemes + local flag
Passed all flags
//:a%[ubpdJE}gO#\72~}uCN2.net/Ot\L7$Pv$^S8i9&quot;dBO
Passed default
Passed all schemes flag
Passed all schemes + 2 slash flag
Passed all schemes + fragment flag
Passed all schemes + local flag
Passed all flags
123211:/:fBXtm1U)VHhgA2[ /+OI?#,h#b 5\eI|yy{@$2Y9Ln26tHot$O3PO]`WL`g/t~D
Passed default
Passed all schemes flag
Passed all schemes + 2 slash flag
Passed all schemes + fragment flag
Passed all schemes + local flag
Passed all flags
AAA:/:!*#Q~Hh6@/tTrTtAvdlfvJNpyZSCPWhxNbGsAUJHVJotWa
Passed default
Passed all schemes flag
Passed all schemes + 2 slash flag
Passed all schemes + fragment flag
Passed all schemes + local flag
Passed all flags
https//:cUSebFVZkyTTXCXDIdqEAwDHMjpaVZmJwVrleApElPGfajds;kjdls/
Passed default
Passed all schemes flag
Passed all schemes + 2 slash flag
Passed all schemes + fragment flag
Passed all schemes + local flag
Passed all flags
123211/:/]H)3|0C=+8s&amp;4iGO2/ni/sI.}!&gt;fajds;kjdls:ucdRND
Passed default
Passed all schemes flag
Passed all schemes + 2 slash flag
Passed all schemes + fragment flag
Passed all schemes + local flag
Passed all flags
  oQGBN5FQ{7].com
Passed default
Passed all schemes flag
Passed all schemes + 2 slash flag
Passed all schemes + fragment flag
Passed all schemes + local flag
Passed all flags
 sadasd:/:%G OncD@rX}5}b`gi|pFXxHNcd6Qr{rv.com/jKaNl
Passed default
Passed all schemes flag
Passed all schemes + 2 slash flag
Passed all schemes + fragment flag
Passed all schemes + local flag
Passed all flags
AAA:/:,0M[aLS2z+J&lt;qm3E/p1,+4 bqp[_a&quot;F-d=D/
Passed default
Passed all schemes flag
Passed all schemes + 2 slash flag
Passed all schemes + fragment flag
Passed all schemes + local flag
Passed all flags
HttP::/Z.tGn?YX+is{uB&amp;:g:U^.aWhG5Yv:n^^c0+mBL
Passed default
Passed all schemes flag
Passed all schemes + 2 slash flag
Passed all schemes + fragment flag
Passed all schemes + local flag
Passed all flags
 sadasd:/:taxuvwJkfPxkGgKfbIZDAkAbWNeCLnKfc.com/
Passed default
Passed all schemes flag
Passed all schemes + 2 slash flag
Passed all schemes + fragment flag
Passed all schemes + local flag
Passed all flags
http /:[Q[dL+h^hTsZZY.$VV(4%iO:iQa6,.com/!at7xOh[j[o^
Passed default
Passed all schemes flag
Passed all schemes + 2 slash flag
Passed all schemes + fragment flag
Passed all schemes + local flag
Passed all flags
$209321:JNLxsbpNNQpMBTVsKyrbbUWRZfn.net
Passed default
Passed all schemes flag
Passed all schemes + 2 slash flag
Passed all schemes + fragment flag
Passed all schemes + local flag
Passed all flags
123211:/:bT*pCdTCK.gov/_
Passed default
Passed all schemes flag
Passed all schemes + 2 slash flag
Passed all schemes + fragment flag
Passed all schemes + local flag
Passed all flags
AAA:/:QG gn7,O.com/1N2I&quot;&gt;_u/$&quot;T ccIY)xKIyW/F~ ie-u_/{t`%X{^^eJ&amp;.
Passed default
Passed all schemes flag
Passed all schemes + 2 slash flag
Passed all schemes + fragment flag
Passed all schemes + local flag
Passed all flags
http/$C/o9hk(,&apos;Q)UfKY/v*fm5,%afvDJV-=SH%&gt;[8Qn/5yA#&amp;J.comNISZRSKJrlvLImiibUdtvQPAFKicjwSt
Passed default
Passed all schemes flag
Passed all schemes + 2 slash flag
Passed all schemes + fragment flag
Passed all schemes + local flag
Passed all flags
123211::/WLu~L&apos;djc=-gl!V4]&apos;RYaI=ONo :VmEhv{.L%G?26$}Ik
Passed default
Passed all schemes flag
Passed all schemes + 2 slash flag
Passed all schemes + fragment flag
Passed all schemes + local flag
Passed all flags
$209321 /:hsKyNQsMwsFsKUhMrWWqOwKQHXIbvgIuEceCRvFbCHkcsnMx.com/
Passed default
Passed all schemes flag
Passed all schemes + 2 slash flag
Passed all schemes + fragment flag
Passed all schemes + local flag
Passed all flags
https Pdwu~*ux4v4%}EdNwk&gt;,=X4iQ:)h&lt;)C`,8&lt;Tul&lt;V7l\BptXf 9^u2S,I+d8rUASH$53~vu+MN-5z!=%:q,)}_T*Usqd[!x66M,
Passed default
Passed all schemes flag
Passed all schemes + 2 slash flag
Passed all schemes + fragment flag
Passed all schemes + local flag
Passed all flags
https  #b_m3,^d3-ej{+kYdGgik5~/ekO#JA]IVP.com eq21@MO6WNkGwkJEZHpx@h&amp;L;}C^#
Passed default
Passed all schemes flag
Passed all schemes + 2 slash flag
Passed all schemes + fragment flag
Passed all schemes + local flag
Passed all flags
HTTP:/!8.com:e0jLBz&apos;m&quot;(iS^6Tv+,H`KS=Egdy(KBui+$DV&lt;
Passed default
Passed all schemes flag
Passed all schemes + 2 slash flag
Passed all schemes + fragment flag
Passed all schemes + local flag
Passed all flags
http::/u|cY,?&amp;0VM%i5f=Mziw;Y7Evk_Mm7T:&apos;~)22jgOlH@Ec.com:
Passed default
Passed all schemes flag
Passed all schemes + 2 slash flag
Passed all schemes + fragment flag
Passed all schemes + local flag
Passed all flags
https k?&amp;2MR/bJO~Nq`;fB&quot;F\C:d&apos;\OA&gt;L5{ -UTR~VM%1$fajds;kjdls
Passed default
Passed all schemes flag
Passed all schemes + 2 slash flag
Passed all schemes + fragment flag
Passed all schemes + local flag
Passed all flags
https:W}g($U&gt;j{&quot;c6cnMI5.sC\5%h.com`&quot;-od;,^$O(pXgVh&apos;oY!DP
Passed default
Passed all schemes flag
Passed all schemes + 2 slash flag
Passed all schemes + fragment flag
Passed all schemes + local flag
Passed all flags
$209321/:/Yrbdm*,6qhy}S#/N2b1yL|ZyL/SW82U&quot;&apos;gOb,I!mHk)8x&gt;U&apos;5.com:D{#W*MFM!O*+y;&apos;W%&lt;M%i=`!el#J9^?qmO&gt;okwa&amp;8P?)i0q
Passed default
Passed all schemes flag
Passed all schemes + 2 slash flag
Passed all schemes + fragment flag
Passed all schemes + local flag
Passed all flags
123211:/:|wU|%%go9wOUcTo)trv@[&quot;^k9|_N%lz;dn)`.com/
Passed default
Passed all schemes flag
Passed all schemes + 2 slash flag
Passed all schemes + fragment flag
Passed all schemes + local flag
Passed all flags
http/:nMPTUYoyWblkNLVplXpExQICpdKj /
Passed default
Passed all schemes flag
Passed all schemes + 2 slash flag
Passed all schemes + fragment flag
Passed all schemes + local flag
Passed all flags
AAA/LHk(b-{~n!gP&amp;UrWGg5&quot;Gr1.comORvjkiNnM
Passed default
Passed all schemes flag
Passed all schemes + 2 slash flag
Passed all schemes + fragment flag
Passed all schemes + local flag
Passed all flags
AAA:/kULoQkToZLFCIidEJGvTIwfmoCnMOtUTNrjfajds;kjdls:
Passed default
Passed all schemes flag
Passed all schemes + 2 slash flag
Passed all schemes + fragment flag
Passed all schemes + local flag
Passed all flags
http/:/%cjTFDF*NEFO:Z(Vz :
Passed default
Passed all schemes flag
Passed all schemes + 2 slash flag
Passed all schemes + fragment flag
Passed all schemes + local flag
Passed all flags
    :  X+y\q%%y{pWD1[M3~ueoNbF8Bj K2(/Mlx&quot;_zu)cB6&apos;zCn*Nfajds;kjdls YUJVMfEJIoqhbsjOeNYEJoURhSuhvfRNjEEW
Passed default
Passed all schemes flag
Passed all schemes + 2 slash flag
Passed all schemes + fragment flag
Passed all schemes + local flag
Passed all flags
http::/p/XD3/C@.gov:KpAIpZouiYxCUEahlwZAUwmBXiEY
Passed default
Passed all schemes flag
Passed all schemes + 2 slash flag
Passed all schemes + fragment flag
Passed all schemes + local flag
Passed all flags
$209321:3wcom:t)aSY9&amp;c6M&gt;b|R
Passed default
Passed all schemes flag
Passed all schemes + 2 slash flag
Passed all schemes + fragment flag
Passed all schemes + local flag
Passed all flags
https::/QFfHSYbQJXdpooWnQJlrrsevgPakPZRnLwgRBJIPH.com:
Passed default
Passed all schemes flag
Passed all schemes + 2 slash flag
Passed all schemes + fragment flag
Passed all schemes + local flag
Passed all flags
 sadasd:  ZESE o]px-osxK$!r&lt;3~$`&gt;}&apos;W?oNeP&apos;r&apos;I  @Zb`a|z%Kx(Jf69jX8e,,d#n
Passed default
Passed all schemes flag
Passed all schemes + 2 slash flag
Passed all schemes + fragment flag
Passed all schemes + local flag
Passed all flags
http//:GXCSLDN~py!?/0HIm~{2u(o`&lt;T Vr(3P,5=t`(]a3}Y&apos;*&apos;P3J+jur^
Passed default
Passed all schemes flag
Passed all schemes + 2 slash flag
Passed all schemes + fragment flag
Passed all schemes + local flag
Passed all flags
HttP/:/QrP_kmOF^r&lt;^rWN28PS&quot;&quot;U33.com:,pnhK2}Z!u)oqZ:NGV
Passed default
Passed all schemes flag
Passed all schemes + 2 slash flag
Passed all schemes + fragment flag
Passed all schemes + local flag
Passed all flags
https/:x\`&gt;]:d=R6.com/psswXdTjhqAUedHePQxnsjKUepLmPXspwnqihjiKuI
Passed default
Passed all schemes flag
Passed all schemes + 2 slash flag
Passed all schemes + fragment flag
Passed all schemes + local flag
Passed all flags
 :/:Q@.net//UA&lt;/sO9UtC
Passed default
Passed all schemes flag
Passed all schemes + 2 slash flag
Passed all schemes + fragment flag
Passed all schemes + local flag
Passed all flags
 sadasd/z1^ft2yuP_;%!cn+Fq*{Gxja\&quot;w1!GRB`XX+j]x79|0F&quot;@
Passed default
Passed all schemes flag
Passed all schemes + 2 slash flag
Passed all schemes + fragment flag
Passed all schemes + local flag
Passed all flags
HTTP:&lt;bw;2sg+1Eh69GzEsiO7r]Q$*&lt;&quot;|,On\lL-#}MCMYV96B+#&gt;{.com$m#(]&quot;WD2
Passed default
Passed all schemes flag
Passed all schemes + 2 slash flag
Passed all schemes + fragment flag
Passed all schemes + local flag
Passed all flags
http:  ,DdB|#enj,|9w,1!;AQhuMuBM}Yr8B&quot;igBZ$w&lt;D/{netL)kf  euJ^6,0b&lt;o4tc+EjluO&apos;dWOz!7k8MU:JPHf
Passed default
Passed all schemes flag
Passed all schemes + 2 slash flag
Passed all schemes + fragment flag
Passed all schemes + local flag
Passed all flags
https /:^0+qBbG com/
Passed default
Passed all schemes flag
Passed all schemes + 2 slash flag
Passed all schemes + fragment flag
Passed all schemes + local flag
Passed all flags
 /:eBj.com/
Passed default
Passed all schemes flag
Passed all schemes + 2 slash flag
Passed all schemes + fragment flag
Passed all schemes + local flag
Passed all flags
$209321:/:dKX /
Passed default
Passed all schemes flag
Passed all schemes + 2 slash flag
Passed all schemes + fragment flag
Passed all schemes + local flag
Passed all flags
https:  M?/x39/C#`b05[  @K0 //v4ay\F2X*l=a3#gWKFrUm9@c$py5!c7u#&gt;
Passed default
Passed all schemes flag
Passed all schemes + 2 slash flag
Passed all schemes + fragment flag
Passed all schemes + local flag
Passed all flags
HTTP /:8.com/j\&quot;9,fdu7e&lt;O&gt;[*T~CRF&amp;.aW)]xun_.n8A*m&apos;kl
Passed default
Passed all schemes flag
Passed all schemes + 2 slash flag
Passed all schemes + fragment flag
Passed all schemes + local flag
Passed all flags
$209321 /:a=\dc^ ?rYw}S7.C)zP*yNu0dNofVR&quot;B&amp;7 /
Passed default
Passed all schemes flag
Passed all schemes + 2 slash flag
Passed all schemes + fragment flag
Passed all schemes + local flag
Passed all flags
http:/:2]4DtI}BGZ2`z[$&quot;Z)FUk-s@fWMi@!qk6HLR`.com/kgBJXoVlBONGfAdfhUUn
Passed default
Passed all schemes flag
Passed all schemes + 2 slash flag
Passed all schemes + fragment flag
Passed all schemes + local flag
Passed all flags
HTTP:/:=#q|2J}mtb&apos;c(%dn`7}\e]&lt;Kbh+9jO&amp;BxS1}-%t!.com/GG{H4n17^NsQgHVjE&quot;}Er&apos;p`|~h
Passed default
Passed all schemes flag
Passed all schemes + 2 slash flag
Passed all schemes + fragment flag
Passed all schemes + local flag
Passed all flags
HttP:/:nt`}oqjt4`T&amp;+&amp;L&apos;}Z9Ifajds;kjdls/
Passed default
Passed all schemes flag
Passed all schemes + 2 slash flag
Passed all schemes + fragment flag
Passed all schemes + local flag
Passed all flags
 sadasd:J0d8nu(wljkkA{f3$N}(sl~%rDPc&lt;E0to,vCPU[TS]WK5u-comT
Passed default
Passed all schemes flag
Passed all schemes + 2 slash flag
Passed all schemes + fragment flag
Passed all schemes + local flag
Passed all flags
http/  VkoGrHbFmJHnnFUqPGgCYXPQUhnAUXfEfajds;kjdls 
Passed default
Passed all schemes flag
Passed all schemes + 2 slash flag
Passed all schemes + fragment flag
Passed all schemes + local flag
Passed all flags
 sadasd:6.comhEfRZND
Passed default
Passed all schemes flag
Passed all schemes + 2 slash flag
Passed all schemes + fragment flag
Passed all schemes + local flag
Passed all flags
https:/:b;pLrOW&gt;U]!l&gt;E`s~)!B!m%aTqSQ.com/M]\@ffYF!?#B$CGRYe
Passed default
Passed all schemes flag
Passed all schemes + 2 slash flag
Passed all schemes + fragment flag
Passed all schemes + local flag
Passed all flags
http:/:~Z;4pSh5Ft]w;A(_hz8.com/0ZW@.X.39
Passed default
Passed all schemes flag
Passed all schemes + 2 slash flag
Passed all schemes + fragment flag
Passed all schemes + local flag
Passed all flags
HttP:/:NCgA6W5@1=Z)uS( 8wwI9aze/YkoTGHmb@s\=fU[d`qZl.gov/
Passed default
Passed all schemes flag
Passed all schemes + 2 slash flag
Passed all schemes + fragment flag
Passed all schemes + local flag
Passed all flags
123211::/fWAYcOXoQQEATfSpKguyQFSsjPBJfZLgwxkxhIGQwLifajds;kjdls:
Passed default
Passed all schemes flag
Passed all schemes + 2 slash flag
Passed all schemes + fragment flag
Passed all schemes + local flag
Passed all flags
http/  N,gUk&lt;Xh^9WG{!uEE]lCaap&apos;kuYf.com To9tI+&quot;+D
Passed default
Passed all schemes flag
Passed all schemes + 2 slash flag
Passed all schemes + fragment flag
Passed all schemes + local flag
Passed all flags
https:G[Gy(Hm2hyYCx
Passed default
Passed all schemes flag
Passed all schemes + 2 slash flag
Passed all schemes + fragment flag
Passed all schemes + local flag
Passed all flags
http::/*ix-(~1nKf7.b:Vcu+,3FYbJs\9wsNGPqe}NNGrN9}&lt;VAmWD.com:u;qccC{]09K\3d_%YDYG)
Passed default
Passed all schemes flag
Passed all schemes + 2 slash flag
Passed all schemes + fragment flag
Passed all schemes + local flag
Passed all flags
123211/:A$GQz5k/rX%@U1Lv5 *,&lt;D^r1dNS=.com/EyePNoWD
Passed default
Passed all schemes flag
Passed all schemes + 2 slash flag
Passed all schemes + fragment flag
Passed all schemes + local flag
Passed all flags
 sadasd//:FSuQ&quot;;Uy$nO`mH3$|JA*!g$\w%ciS|~p$j&apos;H,-AAgp!0,lI@7.com/
Passed default
Passed all schemes flag
Passed all schemes + 2 slash flag
Passed all schemes + fragment flag
Passed all schemes + local flag
Passed all flags
https:/:h3 S;DQCs9@g%c{\+Fnb&gt;SK|9@RJ2pW{&lt;^)com/t~WITDq
Passed default
Passed all schemes flag
Passed all schemes + 2 slash flag
Passed all schemes + fragment flag
Passed all schemes + local flag
Passed all flags
  cC;S(*AI+7t3f)Zi5j^c@(KNm-R!Y$w[q2m8U4.gov q
Passed default
Passed all schemes flag
Passed all schemes + 2 slash flag
Passed all schemes + fragment flag
Passed all schemes + local flag
Passed all flags
http/:by&apos;gPSzom,xQ- /HYw.`9$pt91D&amp;H1v,~PPkU3lQ-Wzx
Passed default
Passed all schemes flag
Passed all schemes + 2 slash flag
Passed all schemes + fragment flag
Passed all schemes + local flag
Passed all flags
 :/:-R,$@a7K9f6-0xDlR0baM ]rLc&apos;+/OoR&quot;/&quot;.com/
Passed default
Passed all schemes flag
Passed all schemes + 2 slash flag
Passed all schemes + fragment flag
Passed all schemes + local flag
Passed all flags
$209321:/:v]zm_gZxh8ReYx_iEP-NmGQ`mv@`,O.gov/BSXyUgABseJDxYQNFaqKDryHFLPE
Passed default
Passed all schemes flag
Passed all schemes + 2 slash flag
Passed all schemes + fragment flag
Passed all schemes + local flag
Passed all flags
$209321//:F[hV]6B!p~xY^.net/K~U&apos;NH$muG5)J{2hKA
Passed default
Passed all schemes flag
Passed all schemes + 2 slash flag
Passed all schemes + fragment flag
Passed all schemes + local flag
Passed all flags
http:/:.com/$XgwX1k$ZpmCj3D4NU WVcLsEbFISU8z -p1&apos;$S[0=
Passed default
Passed all schemes flag
Passed all schemes + 2 slash flag
Passed all schemes + fragment flag
Passed all schemes + local flag
Passed all flags
AAA:/:TxbkvrkfVspwThngqlcom/
Passed default
Passed all schemes flag
Passed all schemes + 2 slash flag
Passed all schemes + fragment flag
Passed all schemes + local flag
Passed all flags
https/:iuKqXmKxcAWSwIMloNSZQnvZKsvTYtqOas.com/
Passed default
Passed all schemes flag
Passed all schemes + 2 slash flag
Passed all schemes + fragment flag
Passed all schemes + local flag
Passed all flags
http:/:n;vO&apos;&amp;WC%!V//(J&amp;X7Oi[;DZBE
Passed default
Passed all schemes flag
Passed all schemes + 2 slash flag
Passed all schemes + fragment flag
Passed all schemes + local flag
Passed all flags
https:/:Jgn^.?mUIYNIV^:w!com/l8?HAqz{QB`mE$).QRg?qr?lvC-:k[X6^&apos;2
Passed default
Passed all schemes flag
Passed all schemes + 2 slash flag
Passed all schemes + fragment flag
Passed all schemes + local flag
Passed all flags
https:/:{lJ%j8[`H`^!x*L)-8?2LMp /\:M5:j{fOi}bd`T5!tI.AF,OED,*@WqcW~Zx9-1]u.}Ak,W
Passed default
Passed all schemes flag
Passed all schemes + 2 slash flag
Passed all schemes + fragment flag
Passed all schemes + local flag
Passed all flags
http:/:C-`QFy`4C bvUxUL&quot;0{B&lt;&apos;*jwwRE|Z\TIUvrn\tVkN&lt;Jui1.net/] MFoJ&gt;:^7ee8R@P1:#d(EL[ 90_![SU2*/&lt;|EaCUev,YCc
Passed default
Passed all schemes flag
Passed all schemes + 2 slash flag
Passed all schemes + fragment flag
Passed all schemes + local flag
Passed all flags
$209321::/],4]T(qfajds;kjdls:AA$OWY
Passed default
Passed all schemes flag
Passed all schemes + 2 slash flag
Passed all schemes + fragment flag
Passed all schemes + local flag
Passed all flags
http:/:8j&lt;|!&amp;D0U4cS/kkYigCNfYIMHgdevTVIhGjynROnbylUZSqyQolbqJUYMqUgm
Passed default
Passed all schemes flag
Passed all schemes + 2 slash flag
Passed all schemes + fragment flag
Passed all schemes + local flag
Passed all flags
https:/:kUJvxbxrGAdfL.gov/
Passed default
Passed all schemes flag
Passed all schemes + 2 slash flag
Passed all schemes + fragment flag
Passed all schemes + local flag
Passed all flags
123211/:HuMhrWYNfTytXUOYYlRsgmGvWyWCqJHxtEjckHWbhpeGlccom/
Passed default
Passed all schemes flag
Passed all schemes + 2 slash flag
Passed all schemes + fragment flag
Passed all schemes + local flag
Passed all flags
http:/:u.com/
Passed default
Passed all schemes flag
Passed all schemes + 2 slash flag
Passed all schemes + fragment flag
Passed all schemes + local flag
Passed all flags
http:/:GvnyajVKEpprcjMTDutSNewSYPJPeKlO.com/
Passed default
Passed all schemes flag
Passed all schemes + 2 slash flag
Passed all schemes + fragment flag
Passed all schemes + local flag
Passed all flags
AAA /:[~?0++d}HKjL/4`([S/WJh*w|ut/PlkCNn%}3Z$`d{O.com/4G%i,W%gyI+jap%}&amp;yCB{w|(#UhRBdqCOdc|xBai,2M
Passed default
Passed all schemes flag
Passed all schemes + 2 slash flag
Passed all schemes + fragment flag
Passed all schemes + local flag
Passed all flags
HttP:  aAFtT=y+.com 
Passed default
Passed all schemes flag
Passed all schemes + 2 slash flag
Passed all schemes + fragment flag
Passed all schemes + local flag
Passed all flags
:/:k0{Evh&gt;&gt; .&quot;`&apos;3?:^}umi{WscOwOwPOusfajds;kjdls/[
Passed default
Passed all schemes flag
Passed all schemes + 2 slash flag
Passed all schemes + fragment flag
Passed all schemes + local flag
Passed all flags
https:wepcomr`
Passed default
Passed all schemes flag
Passed all schemes + 2 slash flag
Passed all schemes + fragment flag
Passed all schemes + local flag
Passed all flags
https//:9p9\:zSZE&apos;l,f;VXSa;er#m{kT^RXt8/+vcbQb;U\+O(l3{Q.com/
Passed default
Passed all schemes flag
Passed all schemes + 2 slash flag
Passed all schemes + fragment flag
Passed all schemes + local flag
Passed all flags
 sadasd :/&gt;r+M|!&lt;ic/&amp;qK51)htYYy`2d&lt;#D9)&lt;ELQiw@&amp;Q&apos;~&apos;N5d$HUvyfajds;kjdls:`CziEU6R]Yd[ThLUO&lt;p-},&amp;`ooU.=7X!s:@|y3
Passed default
Passed all schemes flag
Passed all schemes + 2 slash flag
Passed all schemes + fragment flag
Passed all schemes + local flag
Passed all flags
https::/$!Wxt&apos;on+X&quot;5w.gov:ftxgIVglEwheSAH
Passed default
Passed all schemes flag
Passed all schemes + 2 slash flag
Passed all schemes + fragment flag
Passed all schemes + local flag
Passed all flags
http:  rB[T0u4T&lt;jWB$En-Z{4%\VY0i(i6f[G..com 
Passed default
Passed all schemes flag
Passed all schemes + 2 slash flag
Passed all schemes + fragment flag
Passed all schemes + local flag
Passed all flags
 sadasd:/:~sDz:{WLG&lt;N.com/
Passed default
Passed all schemes flag
Passed all schemes + 2 slash flag
Passed all schemes + fragment flag
Passed all schemes + local flag
Passed all flags
 ::/jU/&lt;B1z+,RhEo`*Ahs)UmSq8i6;kJ;qJ1b[C7JdOS4LP:G\Yqr&lt;ia,nr8(#r!N[[kRN8/~
Passed default
Passed all schemes flag
Passed all schemes + 2 slash flag
Passed all schemes + fragment flag
Passed all schemes + local flag
Passed all flags
https/:gaPttRCLTxpAJhruSgOOcebirLKMnMHMlOiHfajds;kjdls/
Passed default
Passed all schemes flag
Passed all schemes + 2 slash flag
Passed all schemes + fragment flag
Passed all schemes + local flag
Passed all flags
    :d!|$a{6&amp;,\YntDGqo?0N-4tr=;Z6;@I?Jt{d,Jf}:
Passed default
Passed all schemes flag
Passed all schemes + 2 slash flag
Passed all schemes + fragment flag
Passed all schemes + local flag
Passed all flags
 sadasdpcfajds;kjdls
Passed default
Passed all schemes flag
Passed all schemes + 2 slash flag
Passed all schemes + fragment flag
Passed all schemes + local flag
Passed all flags
http:  liP`jy-^gr.&apos;oe5PMrI%P$&quot;7Sw&lt;&quot;xT_.net 
Passed default
Passed all schemes flag
Passed all schemes + 2 slash flag
Passed all schemes + fragment flag
Passed all schemes + local flag
Passed all flags
123211/: l=hh.XD`u6IB*-o:4KK#I?K0.net/ZsPhN21=
Passed default
Passed all schemes flag
Passed all schemes + 2 slash flag
Passed all schemes + fragment flag
Passed all schemes + local flag
Passed all flags
HttP:ZZ&amp;SJ`2f@@,0.}jX\|&lt;s&amp;H0.ejW)irBJ&apos;Ns8{1e`Ax _.comg.9KxB)&apos;G&apos;k&gt;2q pgb R.z ;*MK7GY&apos;Uz-r&amp;
Passed default
Passed all schemes flag
Passed all schemes + 2 slash flag
Passed all schemes + fragment flag
Passed all schemes + local flag
Passed all flags
https:  ubrShTlHpFdJeGSYOVHGYatjaM.com 
Passed default
Passed all schemes flag
Passed all schemes + 2 slash flag
Passed all schemes + fragment flag
Passed all schemes + local flag
Passed all flags
HttP:/:LgbVjhJHFqcyOoXcrMNPPksTdpYYbEWm.gov/
Passed default
Passed all schemes flag
Passed all schemes + 2 slash flag
Passed all schemes + fragment flag
Passed all schemes + local flag
Passed all flags
 sadasd:/:ndGGFfT8&gt;+na#_wy=Ju+&amp;uS&apos; /HqGrBGrkZOFcliInYyJbwdJoyusLWTIRCgHbaEyjdnXebuc
Passed default
Passed all schemes flag
Passed all schemes + 2 slash flag
Passed all schemes + fragment flag
Passed all schemes + local flag
Passed all flags
//:@2G! Ru`h4/%l.net/&gt;,}%gTS5_2(tyy,{P&quot;hdA\LH3Ux.xKjTl[#!8SXZ
Passed default
Passed all schemes flag
Passed all schemes + 2 slash flag
Passed all schemes + fragment flag
Passed all schemes + local flag
Passed all flags
123211:/:`~44c#RxogwnED\AhbBKxf`,To&amp;ATMoP%5ke /`\R{b/Blvtk3ohf{5,BKBMi8K4b&amp;&lt;O{#
Passed default
Passed all schemes flag
Passed all schemes + 2 slash flag
Passed all schemes + fragment flag
Passed all schemes + local flag
Passed all flags
AAA:/:3[_L}$&amp;zA,qjay&lt;a$?+UviU&gt;/cKynS
Passed default
Passed all schemes flag
Passed all schemes + 2 slash flag
Passed all schemes + fragment flag
Passed all schemes + local flag
Passed all flags
https//:YirhisoduntRMqIEBXxJbvNWQafYfajds;kjdls/
Passed default
Passed all schemes flag
Passed all schemes + 2 slash flag
Passed all schemes + fragment flag
Passed all schemes + local flag
Passed all flags
123211/:/sckfajds;kjdls:laaQMnZlhFafCfoHXMNv
Passed default
Passed all schemes flag
Passed all schemes + 2 slash flag
Passed all schemes + fragment flag
Passed all schemes + local flag
Passed all flags
  28V&apos;?l=P,#uo{\W/a8?Ah6hB`FrCv?96.com
Passed default
Passed all schemes flag
Passed all schemes + 2 slash flag
Passed all schemes + fragment flag
Passed all schemes + local flag
Passed all flags
 sadasd:/:+#G&amp;mZn.com/nGympEc
Passed default
Passed all schemes flag
Passed all schemes + 2 slash flag
Passed all schemes + fragment flag
Passed all schemes + local flag
Passed all flags
AAA:/:T&gt;A*bald6[onpPk/
Passed default
Passed all schemes flag
Passed all schemes + 2 slash flag
Passed all schemes + fragment flag
Passed all schemes + local flag
Passed all flags
HttP::/@=cem~C:!ejxol*wL`7Vy&apos;asE! X#cgl1P
Passed default
Passed all schemes flag
Passed all schemes + 2 slash flag
Passed all schemes + fragment flag
Passed all schemes + local flag
Passed all flags
 sadasd:/:glDw.com/
Passed default
Passed all schemes flag
Passed all schemes + 2 slash flag
Passed all schemes + fragment flag
Passed all schemes + local flag
Passed all flags
http /:p.com/d6c|
Passed default
Passed all schemes flag
Passed all schemes + 2 slash flag
Passed all schemes + fragment flag
Passed all schemes + local flag
Passed all flags
$209321:pSLJtEeIsxjfRHIGSS.net
Passed default
Passed all schemes flag
Passed all schemes + 2 slash flag
Passed all schemes + fragment flag
Passed all schemes + local flag
Passed all flags
123211:/:`m&amp;F.BF74x9*^Dwj!E{d:vD!EAVO[Om$Z!g2f3:(s&lt;$Utuc.gov/rE?XV[[&quot;.+P*iU2.L,3Z.[W*XIASi.T~4]ZY+4aQitv?&amp;
Passed default
Passed all schemes flag
Passed all schemes + 2 slash flag
Passed all schemes + fragment flag
Passed all schemes + local flag
Passed all flags
AAA:/:&quot;U+y;JfXpk_%*RBHus0vDT &gt;\r!2j?$ALt1i-&lt;xs9j&amp;ezFZ.com/v:JcRp4|]D#%%hHc\3FUbcw;]dW-(p]U&gt;
Passed default
Passed all schemes flag
Passed all schemes + 2 slash flag
Passed all schemes + fragment flag
Passed all schemes + local flag
Passed all flags
http/dx;QK6}Qvl1N\xVea_+ azL.comjkIAMOanrBft
Passed default
Passed all schemes flag
Passed all schemes + 2 slash flag
Passed all schemes + fragment flag
Passed all schemes + local flag
Passed all flags
123211::/DZHKE!&lt;4k1.q.r+D&gt;MtLvx\uGj_s`!b_)^a :O9f\1};H=9TeTh\UapikRVA7Sj&quot;%ix8.Bg-sG&lt;oK
Passed default
Passed all schemes flag
Passed all schemes + 2 slash flag
Passed all schemes + fragment flag
Passed all schemes + local flag
Passed all flags
$209321 /:oTXO.com/
Passed default
Passed all schemes flag
Passed all schemes + 2 slash flag
Passed all schemes + fragment flag
Passed all schemes + local flag
Passed all flags
https &amp;h2k`h:Pn6`sqB/(mm{&apos;82o{q +ck@[;e7,
Passed default
Passed all schemes flag
Passed all schemes + 2 slash flag
Passed all schemes + fragment flag
Passed all schemes + local flag
Passed all flags
https  G&apos;=cI@.com i2vL/#97,&apos;pbxlYDf@+I3X!hIn&apos;X=
Passed default
Passed all schemes flag
Passed all schemes + 2 slash flag
Passed all schemes + fragment flag
Passed all schemes + local flag
Passed all flags
HTTP:/ifHF.com:VpF6(Pb],q^
Passed default
Passed all schemes flag
Passed all schemes + 2 slash flag
Passed all schemes + fragment flag
Passed all schemes + local flag
Passed all flags
$209321:/:&amp;:U&lt;.kWa1#]!mw otdEP.com/EPGrXnfeKiMQdWPuTHnMBhQKtGHppKWmnjptwjCuuL
Passed default
Passed all schemes flag
Passed all schemes + 2 slash flag
Passed all schemes + fragment flag
Passed all schemes + local flag
Passed all flags
HTTP/  u7nxs(o1mKjI&apos;TAVV^&lt;~T1H .com RwZRITgvqFSVaicmCLBcJaCQqxqUfqGMOkQGxbgCDNjOONqRR
Passed default
Passed all schemes flag
Passed all schemes + 2 slash flag
Passed all schemes + fragment flag
Passed all schemes + local flag
Passed all flags
$209321:/:CF;Lunj8vazK|&lt;yS /opEGtBkRqjDGmCLVqrOPyBMqiNVsrNvgCVTltnBl
Passed default
Passed all schemes flag
Passed all schemes + 2 slash flag
Passed all schemes + fragment flag
Passed all schemes + local flag
Passed all flags
$209321:  WKJT-g&gt;!;H2yhn:%4@}{iEyE{T8k8kTd,P=#pMjf[ uc.com 
Passed default
Passed all schemes flag
Passed all schemes + 2 slash flag
Passed all schemes + fragment flag
Passed all schemes + local flag
Passed all flags
 sadasd::/pn,Fi5`,3l :FXiwHMWiVPlQtrPgsaINhtDPZmNylYejqAmLTyiYXrgcdcje
Passed default
Passed all schemes flag
Passed all schemes + 2 slash flag
Passed all schemes + fragment flag
Passed all schemes + local flag
Passed all flags
http:  qF9:o/lq.com 
Passed default
Passed all schemes flag
Passed all schemes + 2 slash flag
Passed all schemes + fragment flag
Passed all schemes + local flag
Passed all flags
https::/qnzb(mbq!ivWljW` )N*=$W{pr69oE&amp;,H&lt;K_1`.com:sjD&quot;|mpKDPOo4E=(G: ~A&amp;
Passed default
Passed all schemes flag
Passed all schemes + 2 slash flag
Passed all schemes + fragment flag
Passed all schemes + local flag
Passed all flags
HttP/  2lDFA74E3&amp;}5@-ySl(E3yV2on5s&apos;0D!G9B,iW4p&amp;[pf2Wk^5com VCmUnPMNjyAaKfGXUUQoYIUJYyBqpJHibLUOIKOgRKfIXDqf
Passed default
Passed all schemes flag
Passed all schemes + 2 slash flag
Passed all schemes + fragment flag
Passed all schemes + local flag
Passed all flags
123211:/:B24!!eE4-c6:=H5H=&lt;2cj3Hc`H3[J=D/PRtL
Passed default
Passed all schemes flag
Passed all schemes + 2 slash flag
Passed all schemes + fragment flag
Passed all schemes + local flag
Passed all flags
    :/:lB3h,j&apos;l.@nVb+dl*g.com/D|3Tw]QP3Fu(
Passed default
Passed all schemes flag
Passed all schemes + 2 slash flag
Passed all schemes + fragment flag
Passed all schemes + local flag
Passed all flags
 sadasd:/:/!0mWM-2vx_xV&gt;FHqR8mLW2R(!4QU^lvjxN&gt;U&gt;2jc-j.com/p|1R\&quot;zKH.
Passed default
Passed all schemes flag
Passed all schemes + 2 slash flag
Passed all schemes + fragment flag
Passed all schemes + local flag
Passed all flags
    :  xZrFSxNvJhaIGhpQgJSj.com 
Passed default
Passed all schemes flag
Passed all schemes + 2 slash flag
Passed all schemes + fragment flag
Passed all schemes + local flag
Passed all flags
https:/:K+&apos;)1SRRMF*&lt;{P~:vgn[.-ecY_hw`&quot;[&quot;/Od|7)\swF&lt;r*:ZO{axQpQK/jK8W=@&apos;u7E:F#\^rB.39
Passed default
Passed all schemes flag
Passed all schemes + 2 slash flag
Passed all schemes + fragment flag
Passed all schemes + local flag
Passed all flags
https/:/]WPN8is^v3Xd-H[7};n,h7_com:JIUIfHvbsYmVEe
Passed default
Passed all schemes flag
Passed all schemes + 2 slash flag
Passed all schemes + fragment flag
Passed all schemes + local flag
Passed all flags
HTTP 
Passed default
Passed all schemes flag
Passed all schemes + 2 slash flag
Passed all schemes + fragment flag
Passed all schemes + local flag
Passed all flags
    ::/&lt;tq^Iu0n_d-!Qm.com:
Passed default
Passed all schemes flag
Passed all schemes + 2 slash flag
Passed all schemes + fragment flag
Passed all schemes + local flag
Passed all flags
http:  |&lt;dY1@m60`]7/&gt;. G9,#ZeV+\OF&gt;bwbgaA.%mQ&lt;OR:mn#mT&quot;
Passed default
Passed all schemes flag
Passed all schemes + 2 slash flag
Passed all schemes + fragment flag
Passed all schemes + local flag
Passed all flags
http:/:A0^UojJU&quot;Gl]O6~Uf(C;Eu[fm&amp;4hgvDc`XR&quot;v@(u[T=.3&lt;.com/
Passed default
Passed all schemes flag
Passed all schemes + 2 slash flag
Passed all schemes + fragment flag
Passed all schemes + local flag
Passed all flags
 :/.com:YOh~5y#]{q!KrV}s%:TePgd{a@{^U&lt;1K)h:s{Y B]GY^
Passed default
Passed all schemes flag
Passed all schemes + 2 slash flag
Passed all schemes + fragment flag
Passed all schemes + local flag
Passed all flags
$209321:fh /?qB~b&quot;megR]c.fe^;NR\uLg&quot;+^P\_7_.I0fN.comcG[Gd DIQ40x|%32WZfb%@#zww!n$Q4OS
Passed default
Passed all schemes flag
Passed all schemes + 2 slash flag
Passed all schemes + fragment flag
Passed all schemes + local flag
Passed all flags
 sadasd /:&quot;Sw*[9DS}X?2Hyu3|{x}7=h2Nsffajds;kjdls/OaGQ1O`K} 0g@5^.`~E|MigJAR@-b&gt;Nx;qTFW&apos;_jIU|l2WuL
Passed default
Passed all schemes flag
Passed all schemes + 2 slash flag
Passed all schemes + fragment flag
Passed all schemes + local flag
Passed all flags
$209321/:cJK#9N!|h{oh0Xk$267Spw1RGS0 RZ2com/gyXhmYhYdZygBdZSaxnpjkPkCaOnkFBmlFCws
Passed default
Passed all schemes flag
Passed all schemes + 2 slash flag
Passed all schemes + fragment flag
Passed all schemes + local flag
Passed all flags
https:/:s#|+2Smd&gt;.com/4K65lNOd?h92-V_bMuf&quot;XCu/,\$qNh~ZC
Passed default
Passed all schemes flag
Passed all schemes + 2 slash flag
Passed all schemes + fragment flag
Passed all schemes + local flag
Passed all flags
https :/3Tbfr2fajds;kjdls:J 3PvE~w~pek^&lt;Tf8RdJ0e&amp;ix
Passed default
Passed all schemes flag
Passed all schemes + 2 slash flag
Passed all schemes + fragment flag
Passed all schemes + local flag
Passed all flags
https:/:]-WFA!&apos;K-8jwA1/*r&quot;KH!7A/CxdE03oubYf9(u3&apos;LD580A
Passed default
Passed all schemes flag
Passed all schemes + 2 slash flag
Passed all schemes + fragment flag
Passed all schemes + local flag
Passed all flags
HttP /:MJTBcom/
Passed default
Passed all schemes flag
Passed all schemes + 2 slash flag
Passed all schemes + fragment flag
Passed all schemes + local flag
Passed all flags
http:  Dz`G,E/;!2jgn/MA1,y7h{}Lfajds;kjdls 
Passed default
Passed all schemes flag
Passed all schemes + 2 slash flag
Passed all schemes + fragment flag
Passed all schemes + local flag
Passed all flags
HTTP::/G$a,Hx&gt;W)&apos;+:pTj~HxK.net:7f&amp;q3&gt;?JS&amp;F%&amp;&amp;ut)Qz[gS)w./c/7*
Passed default
Passed all schemes flag
Passed all schemes + 2 slash flag
Passed all schemes + fragment flag
Passed all schemes + local flag
Passed all flags
AAA:+ZJvLjuHfajds;kjdls
Passed default
Passed all schemes flag
Passed all schemes + 2 slash flag
Passed all schemes + fragment flag
Passed all schemes + local flag
Passed all flags
HttP/:/XPW2Y^V:SqG.net:x&apos;eKEJrvpK5WU!B[\1JG
Passed default
Passed all schemes flag
Passed all schemes + 2 slash flag
Passed all schemes + fragment flag
Passed all schemes + local flag
Passed all flags
HTTP:/:BqWnXjRfAfUfUTgCTrByZUYAXhuLLlRJwEEEkSoqAdJUJfajds;kjdls/
Passed default
Passed all schemes flag
Passed all schemes + 2 slash flag
Passed all schemes + fragment flag
Passed all schemes + local flag
Passed all flags
HTTP:  V=c;lo|OUOB`dE~H|Z^xl|F}ayGI$com j(+3wZ&amp;fyzXoB/km*&apos;x|D+&apos;
Passed default
Passed all schemes flag
Passed all schemes + 2 slash flag
Passed all schemes + fragment flag
Passed all schemes + local flag
Passed all flags
123211:/:)^)a5EY#D?i8LhY,ePx,}+\$_S2[mD,(I5S /FvjVBSFZw
Passed default
Passed all schemes flag
Passed all schemes + 2 slash flag
Passed all schemes + fragment flag
Passed all schemes + local flag
Passed all flags
HttP/: /ZNdtpZkigVtFfRHHUrEMNbLjRxImWOBIr
Passed default
Passed all schemes flag
Passed all schemes + 2 slash flag
Passed all schemes + fragment flag
Passed all schemes + local flag
Passed all flags
https:/:ahUFYTUAlqWyfajds;kjdls/
Passed default
Passed all schemes flag
Passed all schemes + 2 slash flag
Passed all schemes + fragment flag
Passed all schemes + local flag
Passed all flags
HTTP::/Fg Hvcin?adQ^;eLS0n&apos;m&lt;U7&amp;g0Y3:.com:WKISbsH
Passed default
Passed all schemes flag
Passed all schemes + 2 slash flag
Passed all schemes + fragment flag
Passed all schemes + local flag
Passed all flags
http:/:m&quot;kF)=_MP)u_+AO)H%5d98*F /UaWCWbewGrRXlRtHhxSARjjEJdfH
Passed default
Passed all schemes flag
Passed all schemes + 2 slash flag
Passed all schemes + fragment flag
Passed all schemes + local flag
Passed all flags
HttP:/gakmhFkWalCRKrFbcgllJWjJWr :
Passed default
Passed all schemes flag
Passed all schemes + 2 slash flag
Passed all schemes + fragment flag
Passed all schemes + local flag
Passed all flags
http   1SwdETB/R[Yo@iiX2BO6U@%MN4]s}hh-J*V6fdx&gt;b5Wm.gov F:Bv$
Passed default
Passed all schemes flag
Passed all schemes + 2 slash flag
Passed all schemes + fragment flag
Passed all schemes + local flag
Passed all flags
HttP/!|tb s8}[Y)]:9SjZ
Passed default
Passed all schemes flag
Passed all schemes + 2 slash flag
Passed all schemes + fragment flag
Passed all schemes + local flag
Passed all flags
AAA /:xWldSpGvNIGtTbLpGKlFCGEAYxsrwSgRPPhIu.net/
Passed default
Passed all schemes flag
Passed all schemes + 2 slash flag
Passed all schemes + fragment flag
Passed all schemes + local flag
Passed all flags
 sadasd//:ZkHLlrSMsPMLFXpjwtjn/
Passed default
Passed all schemes flag
Passed all schemes + 2 slash flag
Passed all schemes + fragment flag
Passed all schemes + local flag
Passed all flags
123211/GiegbsjVrmAltdRFEaXhopbcTMLDjKfKcom
Passed default
Passed all schemes flag
Passed all schemes + 2 slash flag
Passed all schemes + fragment flag
Passed all schemes + local flag
Passed all flags
  /:vH(ipq/S0zj*3tLpt2-p&gt;_i+bdi$_/2ESg&quot;I5Q]a%.g0pB,nrh+e&gt;_/IWyVql}W~9@|/Txr`KC
Passed default
Passed all schemes flag
Passed all schemes + 2 slash flag
Passed all schemes + fragment flag
Passed all schemes + local flag
Passed all flags
123211//:hkmP.com/
Passed default
Passed all schemes flag
Passed all schemes + 2 slash flag
Passed all schemes + fragment flag
Passed all schemes + local flag
Passed all flags
http::/u:
Passed default
Passed all schemes flag
Passed all schemes + 2 slash flag
Passed all schemes + fragment flag
Passed all schemes + local flag
Passed all flags
 sadasd:rmT&quot;bP!g@fY&lt;fE[J brnAn$A&amp;[%Dp7x9&lt;-LkLlY(\zEf qkYutEqpiwPHEtXU
Passed default
Passed all schemes flag
Passed all schemes + 2 slash flag
Passed all schemes + fragment flag
Passed all schemes + local flag
Passed all flags
http/:/A&lt;2XEGs&lt;K-%9XU])!Y: zFse.com:k
Passed default
Passed all schemes flag
Passed all schemes + 2 slash flag
Passed all schemes + fragment flag
Passed all schemes + local flag
Passed all flags
https//:cdoLMn&amp;%Npp,/V2Gm74gUu.com/
Passed default
Passed all schemes flag
Passed all schemes + 2 slash flag
Passed all schemes + fragment flag
Passed all schemes + local flag
Passed all flags
https:4LSTQh]W*y[t17[H?&amp;{AS.aq.com!1_*&amp;4yLC$o5&amp;m+e%yy&quot;UhT~2P/G5fx#X&lt;8&amp;$ #q;;
Passed default
Passed all schemes flag
Passed all schemes + 2 slash flag
Passed all schemes + fragment flag
Passed all schemes + local flag
Passed all flags
http//:p=&amp;B+d~R9`(&amp;CkbglHKh9$km&quot;mRL].com/Oe(6mTc1&gt;lz}X?Uv&lt;k(p]#xo..an&gt;.DT62
Passed default
Passed all schemes flag
Passed all schemes + 2 slash flag
Passed all schemes + fragment flag
Passed all schemes + local flag
Passed all flags
http::/&gt;PrzPOr-(DE,m\&quot;LtH(FF=i3kklJW9Jn :H:1mFhA[$5&quot;@&apos;WDue&amp;kA-Pd2u4IPz8\%[%rX&amp;MH[`2
Passed default
Passed all schemes flag
Passed all schemes + 2 slash flag
Passed all schemes + fragment flag
Passed all schemes + local flag
Passed all flags
123211:IpaIdtxO.com
Passed default
Passed all schemes flag
Passed all schemes + 2 slash flag
Passed all schemes + fragment flag
Passed all schemes + local flag
Passed all flags
$209321 /:}ikrw~g56ZbA@t&amp;ab(v`tj.3j%1~m4l7srU.com/%dZD9W\4P%YtlW4_=PdP;&apos;!d]wN7nko8n
Passed default
Passed all schemes flag
Passed all schemes + 2 slash flag
Passed all schemes + fragment flag
Passed all schemes + local flag
Passed all flags
:  DFQlWCbjnpINsBpxiJhfJhYvbpvMjoZdhhJ.com 
Passed default
Passed all schemes flag
Passed all schemes + 2 slash flag
Passed all schemes + fragment flag
Passed all schemes + local flag
Passed all flags
http:/:iQDXEGWNfHthJjfsyntOHGpCpXfvliQgKl.com/
Passed default
Passed all schemes flag
Passed all schemes + 2 slash flag
Passed all schemes + fragment flag
Passed all schemes + local flag
Passed all flags
https:/:K}I~vWHhW}mVl&gt;W1$^lv7u`/qa/./
Passed default
Passed all schemes flag
Passed all schemes + 2 slash flag
Passed all schemes + fragment flag
Passed all schemes + local flag
Passed all flags
http d/zqU2!2yDu.vCb=1:X8(E1Y;tk=QV-`8:L}T7fT9OD!,g.r
Passed default
Passed all schemes flag
Passed all schemes + 2 slash flag
Passed all schemes + fragment flag
Passed all schemes + local flag
Passed all flags
AAA /:AQyZFmdNhFIsWLEIVtQQwkVyGXxADCXtDvUSPerTOYIioHX.com/
Passed default
Passed all schemes flag
Passed all schemes + 2 slash flag
Passed all schemes + fragment flag
Passed all schemes + local flag
Passed all flags
https:/:&lt;O$M9xEkWupX:0{ b~CgNc--5lc.com/h030IQ0xb+Qz
Passed default
Passed all schemes flag
Passed all schemes + 2 slash flag
Passed all schemes + fragment flag
Passed all schemes + local flag
Passed all flags
HTTP:  Q3n){H*We\|%-Wt=Zbw/DW:  
Passed default
Passed all schemes flag
Passed all schemes + 2 slash flag
Passed all schemes + fragment flag
Passed all schemes + local flag
Passed all flags
http /:;56@O,O?bGdnqKJ=Oo#B4\ERcom/
Passed default
Passed all schemes flag
Passed all schemes + 2 slash flag
Passed all schemes + fragment flag
Passed all schemes + local flag
Passed all flags
http::/gkaGQyifDqWqwdcDh.gov:
Passed default
Passed all schemes flag
Passed all schemes + 2 slash flag
Passed all schemes + fragment flag
Passed all schemes + local flag
Passed all flags
    :  PYCEkkZfBZCT.com 
Passed default
Passed all schemes flag
Passed all schemes + 2 slash flag
Passed all schemes + fragment flag
Passed all schemes + local flag
Passed all flags
    :/:u9!u*K3K~#:ku4WnS8&amp;@q0&lt;u67ERzG*!sZi^&apos;eA1jn|K1K\#Acom/
Passed default
Passed all schemes flag
Passed all schemes + 2 slash flag
Passed all schemes + fragment flag
Passed all schemes + local flag
Passed all flags
AAA:/:_[}`Ckrw4#]9&quot;PhRY(:dp0y~SOxEyfajds;kjdls/]I=O[KSQBJP
Passed default
Passed all schemes flag
Passed all schemes + 2 slash flag
Passed all schemes + fragment flag
Passed all schemes + local flag
Passed all flags
https:/:X5B]FM]fM`u*EJIAIf&gt;0iDxbWT.|&lt;x ; F!E&apos;6W /,|TtbVNES
Passed default
Passed all schemes flag
Passed all schemes + 2 slash flag
Passed all schemes + fragment flag
Passed all schemes + local flag
Passed all flags
https:/:[4 qNHB^&lt;;q@iP ]_l@#uz)*{0y2fajds;kjdls/
Passed default
Passed all schemes flag
Passed all schemes + 2 slash flag
Passed all schemes + fragment flag
Passed all schemes + local flag
Passed all flags
$209321:/:!m2[c I6+q1$I%@[lSh+`4w8i..com/s$I,,4Azgb&apos;. &apos;tMl=[oK]i p=&gt;,2[`
Passed default
Passed all schemes flag
Passed all schemes + 2 slash flag
Passed all schemes + fragment flag
Passed all schemes + local flag
Passed all flags
http:/:eQvHpnlJgOVcaIO/
Passed default
Passed all schemes flag
Passed all schemes + 2 slash flag
Passed all schemes + fragment flag
Passed all schemes + local flag
Passed all flags
HttP:/:&apos;ebj_O~j(BcRE2!KUiE/.a:sd34bXu3.com/FmV&lt;m4Tl#3bYwS@8u.g
Passed default
Passed all schemes flag
Passed all schemes + 2 slash flag
Passed all schemes + fragment flag
Passed all schemes + local flag
Passed all flags
HTTP/:]%@M$.com/9_Y%
Passed default
Passed all schemes flag
Passed all schemes + 2 slash flag
Passed all schemes + fragment flag
Passed all schemes + local flag
Passed all flags
 /:/5A&gt;n)6:b5z@ld[P[8Q2hnQU`\AySAg4+k]It)Xcom:fzpjbY7dx8]RR$_%cLaL:(Z!
Passed default
Passed all schemes flag
Passed all schemes + 2 slash flag
Passed all schemes + fragment flag
Passed all schemes + local flag
Passed all flags
 sadasd:S{AU&quot;c95,)zIu`H^E?o+e&gt;liLVifv&lt;`#s5-Axa-.netlWZvYStju
Passed default
Passed all schemes flag
Passed all schemes + 2 slash flag
Passed all schemes + fragment flag
Passed all schemes + local flag
Passed all flags
https//:x)&apos;/
Passed default
Passed all schemes flag
Passed all schemes + 2 slash flag
Passed all schemes + fragment flag
Passed all schemes + local flag
Passed all flags
HTTP:/:];Y*cbIz s%r&apos;lqf\+.:JS&quot;M4M,v;]tQx%s^C)~z6ocom/
Passed default
Passed all schemes flag
Passed all schemes + 2 slash flag
Passed all schemes + fragment flag
Passed all schemes + local flag
Passed all flags
:  (wvy4&lt;T~kq ~Az6C;jeYD OyhnhZnFptHCCdwbkyMutkNxmxOhB
Passed default
Passed all schemes flag
Passed all schemes + 2 slash flag
Passed all schemes + fragment flag
Passed all schemes + local flag
Passed all flags
https /:&quot;P2&apos;h`zTP/
Passed default
Passed all schemes flag
Passed all schemes + 2 slash flag
Passed all schemes + fragment flag
Passed all schemes + local flag
Passed all flags
https/:4F@PbJ{]8h Nk}/g5
Passed default
Passed all schemes flag
Passed all schemes + 2 slash flag
Passed all schemes + fragment flag
Passed all schemes + local flag
Passed all flags
HTTP /:N`c wsf7Nn=n3lS2ybx!.G*nSf)uqZ /
Passed default
Passed all schemes flag
Passed all schemes + 2 slash flag
Passed all schemes + fragment flag
Passed all schemes + local flag
Passed all flags
https/:y1M{yrc:!`l210Mt 7xUA&apos;lZxW#&gt;=E(&gt;V(`%fajds;kjdls/
Passed default
Passed all schemes flag
Passed all schemes + 2 slash flag
Passed all schemes + fragment flag
Passed all schemes + local flag
Passed all flags
https:/:fY.\wyZ_zwTO(L&quot;N,;r7xBw{gX#&apos;.net/YaxgeZfsSksnrrCYrJ
Passed default
Passed all schemes flag
Passed all schemes + 2 slash flag
Passed all schemes + fragment flag
Passed all schemes + local flag
Passed all flags
HTTP/:d=5$cy-9`*Z&lt;_QTwWv*k?`wF:D;+NN8INc$Xf*%X /pvPZMSJqGLMLcpa
Passed default
Passed all schemes flag
Passed all schemes + 2 slash flag
Passed all schemes + fragment flag
Passed all schemes + local flag
Passed all flags
HTTP:  YiwhmmSNgcyUDVLZsmlQUbHZwmfRAJp.gov 
Passed default
Passed all schemes flag
Passed all schemes + 2 slash flag
Passed all schemes + fragment flag
Passed all schemes + local flag
Passed all flags
https:/:whtYsWACXNSUi.com/
Passed default
Passed all schemes flag
Passed all schemes + 2 slash flag
Passed all schemes + fragment flag
Passed all schemes + local flag
Passed all flags
$209321/:DRwbypRDlBXRStDKWcom/
Passed default
Passed all schemes flag
Passed all schemes + 2 slash flag
Passed all schemes + fragment flag
Passed all schemes + local flag
Passed all flags
$209321:/:#:!^v6TY:*U]4 :Q-S0^5CO{ho~P%e&gt;QkzH&lt;:&lt;GkxFE.gov/brr2SdKMR]=pJKSvc0
Passed default
Passed all schemes flag
Passed all schemes + 2 slash flag
Passed all schemes + fragment flag
Passed all schemes + local flag
Passed all flags
HTTP::/4jez:&lt;i|[7)Sndmx5^Qjq%E~h~#!N2ZF&lt;`P[zx#)8*nxB3g.com:DYYAU\sa,&quot;Zt?g}6;[Q}wrI
Passed default
Passed all schemes flag
Passed all schemes + 2 slash flag
Passed all schemes + fragment flag
Passed all schemes + local flag
Passed all flags
123211:/:liG&lt;BMfV}uJnaA\!u~8[3OU$&lt;T.gov/
Passed default
Passed all schemes flag
Passed all schemes + 2 slash flag
Passed all schemes + fragment flag
Passed all schemes + local flag
Passed all flags
:/:&lt;4VU&quot;E6Et&amp;Mg,Zcom/T&quot;o*?Lz&amp;&apos;)2QzK&apos;/&lt;ja+^9UbG{
Passed default
Passed all schemes flag
Passed all schemes + 2 slash flag
Passed all schemes + fragment flag
Passed all schemes + local flag
Passed all flags
http:/:f~fqN?ZW6ER!0!OdP|\aSS-CT0B?ReIk0_fajds;kjdls/
Passed default
Passed all schemes flag
Passed all schemes + 2 slash flag
Passed all schemes + fragment flag
Passed all schemes + local flag
Passed all flags
HTTP:/: &amp;1aW}5lt,&gt;QUm5V@rW99M(wEN&quot;com/
Passed default
Passed all schemes flag
Passed all schemes + 2 slash flag
Passed all schemes + fragment flag
Passed all schemes + local flag
Passed all flags
HTTP::/]?GZ.dMU-B&lt;5$s2m2-O|NH?S:mLDZyWi*`GaY9qjG8.com:UxMuwoJEsNEAfhWFMWm
Passed default
Passed all schemes flag
Passed all schemes + 2 slash flag
Passed all schemes + fragment flag
Passed all schemes + local flag
Passed all flags
HTTP:/:Me.=\E7O~is- I.com/
Passed default
Passed all schemes flag
Passed all schemes + 2 slash flag
Passed all schemes + fragment flag
Passed all schemes + local flag
Passed all flags
http:/:m-GU#w.gov/vMifvvNZgSLJAOOYggbZSMOtZVBJ
Passed default
Passed all schemes flag
Passed all schemes + 2 slash flag
Passed all schemes + fragment flag
Passed all schemes + local flag
Passed all flags
HttP:/:.gov/CR%}uc/W~&quot;39:naiW8mbmFR%v4J.w4,~cdQ
Passed default
Passed all schemes flag
Passed all schemes + 2 slash flag
Passed all schemes + fragment flag
Passed all schemes + local flag
Passed all flags
http:/: &quot;{\}%d7Vulza&lt;h=ZYT?JqX#T:ds+Ap.net/6eoA^6XU!So&amp;$-EgV0v)GbK{+IP&amp;_86(a9&gt;k 
Passed default
Passed all schemes flag
Passed all schemes + 2 slash flag
Passed all schemes + fragment flag
Passed all schemes + local flag
Passed all flags
AAA:/:C?b`JXjN]#l).u&apos;p#,NLxUQHYtuA&apos;je5Ag.D~&lt;.net/aRwQIb&quot;Vp&amp;3V\f~ mOW^;Ky46;?&quot;^Q^~tk(s65&lt;c}cd|
Passed default
Passed all schemes flag
Passed all schemes + 2 slash flag
Passed all schemes + fragment flag
Passed all schemes + local flag
Passed all flags
http:   tNQL 4-|e$R^]x4V2.com sB&amp;[Nc%E*Ey_4r93D
Passed default
Passed all schemes flag
Passed all schemes + 2 slash flag
Passed all schemes + fragment flag
Passed all schemes + local flag
Passed all flags
HttP:/:vtUelLeUVLqZUqSrEiWSKQNQFnpvmaWC.gov/
Passed default
Passed all schemes flag
Passed all schemes + 2 slash flag
Passed all schemes + fragment flag
Passed all schemes + local flag
Passed all flags
https:  &amp;a1[BY4fDfcXAQD\#Qyf:f+v4f@q*(Z4;al.com \?NOLnmd*&lt;3axZmx(GJt;Z1qGLDEKZ
Passed default
Passed all schemes flag
Passed all schemes + 2 slash flag
Passed all schemes + fragment flag
Passed all schemes + local flag
Passed all flags
:/:fVhSC3zl9W&quot;wcom/wGOUd5jz/IFQB\&apos;gzC%F=[i&quot;/&amp;\LNm1: r&quot;2&amp;?Ib^d5W
Passed default
Passed all schemes flag
Passed all schemes + 2 slash flag
Passed all schemes + fragment flag
Passed all schemes + local flag
Passed all flags
http::/-l-FXMC!cMn1-AG-Wet0ADDVK`}xUWek5mrst.com:
Passed default
Passed all schemes flag
Passed all schemes + 2 slash flag
Passed all schemes + fragment flag
Passed all schemes + local flag
Passed all flags
http:sQ&lt;i
Passed default
Passed all schemes flag
Passed all schemes + 2 slash flag
Passed all schemes + fragment flag
Passed all schemes + local flag
Passed all flags
https /:-p/9h.G/G-bZ%&amp;Xf*A83{F|)*ZFj-cv=)o.com/
Passed default
Passed all schemes flag
Passed all schemes + 2 slash flag
Passed all schemes + fragment flag
Passed all schemes + local flag
Passed all flags
http:  rT?\J Vw:,EFH[0!a$!g[A~B^TO.com 3&amp;JIuRU{Mmy&quot;3M? w&quot;rZ~/PT=x9&lt;[b&quot;g0/T){{gn&lt;cNsj&lt;Wz
Passed default
Passed all schemes flag
Passed all schemes + 2 slash flag
Passed all schemes + fragment flag
Passed all schemes + local flag
Passed all flags
https:/:iGBNSwitONPnOKAdswCmovQspnITVw.net/
Passed default
Passed all schemes flag
Passed all schemes + 2 slash flag
Passed all schemes + fragment flag
Passed all schemes + local flag
Passed all flags
AAA:Ttx.&amp;nOzi9i&amp;l#.com!J}r*?AG\d\Lb]n:&amp;hUIlT*?1ZcCQ
Passed default
Passed all schemes flag
Passed all schemes + 2 slash flag
Passed all schemes + fragment flag
Passed all schemes + local flag
Passed all flags
https/:/_tVSCz?}4PBu/rp,=K :WZiYHb0R&gt;YJ31b&quot;WJ28&apos;:aVb[^
Passed default
Passed all schemes flag
Passed all schemes + 2 slash flag
Passed all schemes + fragment flag
Passed all schemes + local flag
Passed all flags
http /:58com/nq[&lt;I..f!QS.8X|Z3W?3\+RltcMP|
Passed default
Passed all schemes flag
Passed all schemes + 2 slash flag
Passed all schemes + fragment flag
Passed all schemes + local flag
Passed all flags
https:/:bn@m$l.com/
Passed default
Passed all schemes flag
Passed all schemes + 2 slash flag
Passed all schemes + fragment flag
Passed all schemes + local flag
Passed all flags
 ::/6.com:(r.G8Y
Passed default
Passed all schemes flag
Passed all schemes + 2 slash flag
Passed all schemes + fragment flag
Passed all schemes + local flag
Passed all flags
AAA:o5[4$@.netPoBn
Passed default
Passed all schemes flag
Passed all schemes + 2 slash flag
Passed all schemes + fragment flag
Passed all schemes + local flag
Passed all flags
HttP:/:5*?CYP)]HfY*N~Q:SBLGl+H`w[uZ;bR|.gov/YE1q!&quot;&gt;Dn~h&amp;]&gt;HmjD1y&amp;+M
Passed default
Passed all schemes flag
Passed all schemes + 2 slash flag
Passed all schemes + fragment flag
Passed all schemes + local flag
Passed all flags
HTTP /:QQ4_XZ&apos;*KNM&apos;9|t;zjfajds;kjdls/y+nhc&apos;Y\-QRo*~/0&lt;4jVqK
Passed default
Passed all schemes flag
Passed all schemes + 2 slash flag
Passed all schemes + fragment flag
Passed all schemes + local flag
Passed all flags
http:-:+OUfDEfP&gt;wM=*P*v.govD71PE*(+(rKL(x9EkF0CaZ?H*CxU&amp;~q47-z#VAR1b+3UQ+n
Passed default
Passed all schemes flag
Passed all schemes + 2 slash flag
Passed all schemes + fragment flag
Passed all schemes + local flag
Passed all flags
http /:C./uM5*!p:XGs=b+#/H/aN3SmGE8}~yLR&apos;q{/tacu2/rTKaMmK
Passed default
Passed all schemes flag
Passed all schemes + 2 slash flag
Passed all schemes + fragment flag
Passed all schemes + local flag
Passed all flags
http:/:,/
Passed default
Passed all schemes flag
Passed all schemes + 2 slash flag
Passed all schemes + fragment flag
Passed all schemes + local flag
Passed all flags
http /:1ow4B0^HlLbng?BqJ#x83}wZfajds;kjdls/iSRQttDFwUTnCOj
Passed default
Passed all schemes flag
Passed all schemes + 2 slash flag
Passed all schemes + fragment flag
Passed all schemes + local flag
Passed all flags
 sadasd:/:YeK$rpwGNs8~c&quot;i$$.net/XnUKkrOFalntyZTPPdTepoSekKFlobOaGxaWalNCWwciPh
Passed default
Passed all schemes flag
Passed all schemes + 2 slash flag
Passed all schemes + fragment flag
Passed all schemes + local flag
Passed all flags
HTTP:/:O.net/&amp;Vt=FiI!3!
Passed default
Passed all schemes flag
Passed all schemes + 2 slash flag
Passed all schemes + fragment flag
Passed all schemes + local flag
Passed all flags
 sadasd/:wdbxr/
Passed default
Passed all schemes flag
Passed all schemes + 2 slash flag
Passed all schemes + fragment flag
Passed all schemes + local flag
Passed all flags
HttP:/:ix 3*Z8c 3H,M1W0e4e~i.3t.gov/(mN-hL!4\)
Passed default
Passed all schemes flag
Passed all schemes + 2 slash flag
Passed all schemes + fragment flag
Passed all schemes + local flag
Passed all flags
http:/PO@;e4shPnbnX6@FRj`93]Q.com:gcMB?n3E!)P!X\mB?}%T;CwIG9`.GaQga6?S;&lt;rvk][P^ P
Passed default
Passed all schemes flag
Passed all schemes + 2 slash flag
Passed all schemes + fragment flag
Passed all schemes + local flag
Passed all flags
http:/:IyGeimegFlviRJCxAj.com/
Passed default
Passed all schemes flag
Passed all schemes + 2 slash flag
Passed all schemes + fragment flag
Passed all schemes + local flag
Passed all flags
https/:wN^U|cd@7(Q/fajds;kjdls/
Passed default
Passed all schemes flag
Passed all schemes + 2 slash flag
Passed all schemes + fragment flag
Passed all schemes + local flag
Passed all flags
https:l$Hs&gt;y#]Kt_8piRa&quot;sU??ofmhU&apos;FQY7&quot;7 Uo&quot;3*|Yfajds;kjdlsPqwoJmhAedtdpPcXScsdTylWveSqCDjoNaDORqTwBXcETcM
Passed default
Passed all schemes flag
Passed all schemes + 2 slash flag
Passed all schemes + fragment flag
Passed all schemes + local flag
Passed all flags
https//:com/
Passed default
Passed all schemes flag
Passed all schemes + 2 slash flag
Passed all schemes + fragment flag
Passed all schemes + local flag
Passed all flags
 sadasd/rwZrZlcmtBpfajds;kjdls
Passed default
Passed all schemes flag
Passed all schemes + 2 slash flag
Passed all schemes + fragment flag
Passed all schemes + local flag
Passed all flags
    //:gbKNGnWDmMaZopdnHExdUaSbbjMeZLQQjseFfYgluMq.com/
Passed default
Passed all schemes flag
Passed all schemes + 2 slash flag
Passed all schemes + fragment flag
Passed all schemes + local flag
Passed all flags
http:  wo=[x&apos;&quot;ZDS2.com J)jQg%7y^@lZUg:`zqp2L{Q1^S,znd|mippId}
Passed default
Passed all schemes flag
Passed all schemes + 2 slash flag
Passed all schemes + fragment flag
Passed all schemes + local flag
Passed all flags
HttP::/db.net:
Passed default
Passed all schemes flag
Passed all schemes + 2 slash flag
Passed all schemes + fragment flag
Passed all schemes + local flag
Passed all flags
https/:mgfGmfZAjtTFkeF.com/
Passed default
Passed all schemes flag
Passed all schemes + 2 slash flag
Passed all schemes + fragment flag
Passed all schemes + local flag
Passed all flags
AAA//:yyMwbtwdHxlWIcYcuvkRvbxLkNFOeREwAULlyNnlq.com/
Passed default
Passed all schemes flag
Passed all schemes + 2 slash flag
Passed all schemes + fragment flag
Passed all schemes + local flag
Passed all flags
https:/:;iZ6H/jQFFNW:4 @K VHy)t.com/F`baZi3V6Qf+Ci,dXF;-Fa@AR2pLF,y|xgeqPmb~^
Passed default
Passed all schemes flag
Passed all schemes + 2 slash flag
Passed all schemes + fragment flag
Passed all schemes + local flag
Passed all flags
AAA:2B{\FtT&lt;op,V$hn&gt;rXh.!N,O^]JHmnmzN+3`AZ6@r u$@fW)A/qXe[je]p-+ eaU&lt;,\I}GV~n)5
Passed default
Passed all schemes flag
Passed all schemes + 2 slash flag
Passed all schemes + fragment flag
Passed all schemes + local flag
Passed all flags
HTTP:  lkI*V-L]&gt;a`RL  
Passed default
Passed all schemes flag
Passed all schemes + 2 slash flag
Passed all schemes + fragment flag
Passed all schemes + local flag
Passed all flags
123211::/}@ &gt;~}SRVF.dq}u%b AJw9/[s\*An+&gt;: XiL(E%]L.VE;g+.com:JN
Passed default
Passed all schemes flag
Passed all schemes + 2 slash flag
Passed all schemes + fragment flag
Passed all schemes + local flag
Passed all flags
123211:  ZP.?#jL&quot;&quot;$lK:Oi&amp;+.com 
Passed default
Passed all schemes flag
Passed all schemes + 2 slash flag
Passed all schemes + fragment flag
Passed all schemes + local flag
Passed all flags
123211:/:K/
Passed default
Passed all schemes flag
Passed all schemes + 2 slash flag
Passed all schemes + fragment flag
Passed all schemes + local flag
Passed all flags
https){OM{*Ixy9&apos;&apos;^?i^4osE+^;a.com
Passed default
Passed all schemes flag
Passed all schemes + 2 slash flag
Passed all schemes + fragment flag
Passed all schemes + local flag
Passed all flags
HttP:/:SoKIQm[yfajds;kjdls/
Passed default
Passed all schemes flag
Passed all schemes + 2 slash flag
Passed all schemes + fragment flag
Passed all schemes + local flag
Passed all flags
https:GE,+S7GKoM8^&amp;\^+&apos;(n&apos;k#n{pJ@/SJNd&quot;A&quot;.!#^Bnfajds;kjdls
Passed default
Passed all schemes flag
Passed all schemes + 2 slash flag
Passed all schemes + fragment flag
Passed all schemes + local flag
Passed all flags
123211/7w!lJL/^S/%&gt;~lE#vK;}q2fbL9!8mI!`R#XSi5=PojL .govNwr
Passed default
Passed all schemes flag
Passed all schemes + 2 slash flag
Passed all schemes + fragment flag
Passed all schemes + local flag
Passed all flags
HttP /:=uup0w/\|;O&amp;.gov/)&amp;OZxb9)Z=9SY8(`,&apos;0&lt;*Pt;hWgC(
Passed default
Passed all schemes flag
Passed all schemes + 2 slash flag
Passed all schemes + fragment flag
Passed all schemes + local flag
Passed all flags
AAA ^_I}qb&amp;&apos;.netv*#^qT}I@cLs`^CA641][BOvP&apos;.&apos;m+rJ?
Passed default
Passed all schemes flag
Passed all schemes + 2 slash flag
Passed all schemes + fragment flag
Passed all schemes + local flag
Passed all flags
    /  kC!JK[PMg/%n3$P59&apos;,vQipHd/9?kc&amp;$oioY&quot;url.com @}]Gbyt@Hn3X&gt;23ux @VJ9eo:@JQDb&lt;`eY(&lt;||
Passed default
Passed all schemes flag
Passed all schemes + 2 slash flag
Passed all schemes + fragment flag
Passed all schemes + local flag
Passed all flags
HTTP:  XpCBOyEmbCuLdOwPZCrMnUrGdtKYgfOQOjVVQGkLVuebZfajds;kjdls 
Passed default
Passed all schemes flag
Passed all schemes + 2 slash flag
Passed all schemes + fragment flag
Passed all schemes + local flag
Passed all flags
$209321:/pP2F+R)sy)#6+}SZ~s).com:GaMJMsoqKIYIfXKGQKjYXIEhOeqFKOeGUAWpRqSN
Passed default
Passed all schemes flag
Passed all schemes + 2 slash flag
Passed all schemes + fragment flag
Passed all schemes + local flag
Passed all flags
http:/:4zNFClqz/fJ(!4-&amp;06!EeUXQ\qZ+3s7`&amp;Rt&amp;Ke1VnMwvvs/cpmXVry
Passed default
Passed all schemes flag
Passed all schemes + 2 slash flag
Passed all schemes + fragment flag
Passed all schemes + local flag
Passed all flags
https::/qhjzh`)4J|:#@ &amp;b&lt;/?zIsw&lt;D7&amp;a@TZ Manw=Fz.net:mZAflDPaID
Passed default
Passed all schemes flag
Passed all schemes + 2 slash flag
Passed all schemes + fragment flag
Passed all schemes + local flag
Passed all flags
 sadasd:  ej&lt;)Ag&lt;21vlco\Y &apos;MhJJhE`&amp;6O)Q].HQkm2.nA&apos;h.net xutifaQuftZpq
Passed default
Passed all schemes flag
Passed all schemes + 2 slash flag
Passed all schemes + fragment flag
Passed all schemes + local flag
Passed all flags
HttP  iB~uAQEQIll&apos;PY#`#TJ+DsX-9CA!:ZXh@;!U`ly|u&amp;f@/  keVcQKkNavSYUVgjECexrvLlqWSPdmbKdQaJ
Passed default
Passed all schemes flag
Passed all schemes + 2 slash flag
Passed all schemes + fragment flag
Passed all schemes + local flag
Passed all flags
    :SX&amp;+(|2\.a0Q5{&lt;NZA)v)sn++ qbNJTjtm]zy4^ isCe.comhNghsmCKdDYUtN
Passed default
Passed all schemes flag
Passed all schemes + 2 slash flag
Passed all schemes + fragment flag
Passed all schemes + local flag
Passed all flags
    :/:aNI.com/
Passed default
Passed all schemes flag
Passed all schemes + 2 slash flag
Passed all schemes + fragment flag
Passed all schemes + local flag
Passed all flags
http:/:BC_]TVfW$+WVRNj#m&quot;lWQ5bSf^0.{6}6/WYwbHfWmFLhFn
Passed default
Passed all schemes flag
Passed all schemes + 2 slash flag
Passed all schemes + fragment flag
Passed all schemes + local flag
Passed all flags
$209321::/Wcom:d&lt;p&apos;tuh=]C{R
Passed default
Passed all schemes flag
Passed all schemes + 2 slash flag
Passed all schemes + fragment flag
Passed all schemes + local flag
Passed all flags
https /:Q8Csjfajds;kjdls/QG]^o /`J&apos;p:oD%wv%uD
Passed default
Passed all schemes flag
Passed all schemes + 2 slash flag
Passed all schemes + fragment flag
Passed all schemes + local flag
Passed all flags
http:/:{ezg6[sd9={Z&apos;kdhe\Ly&amp;[~icom/FbalDVWGcx
Passed default
Passed all schemes flag
Passed all schemes + 2 slash flag
Passed all schemes + fragment flag
Passed all schemes + local flag
Passed all flags
$209321:/:C`%_.com/Uc~WTFdR2j0h`&quot;&amp;yn~w49GM{1D3c?TgETkOz:SPt8 f&quot;
Passed default
Passed all schemes flag
Passed all schemes + 2 slash flag
Passed all schemes + fragment flag
Passed all schemes + local flag
Passed all flags
AAA:VyErQA&quot;Of@=fe_@W{Tpmo$ FMUF\#\}RG.)_]oY)pL.l%G,F%&apos;&apos;%cx}59hy&apos;^&apos;P&quot;
Passed default
Passed all schemes flag
Passed all schemes + 2 slash flag
Passed all schemes + fragment flag
Passed all schemes + local flag
Passed all flags
$209321:/:!l;sp_^94t:r\/{k:6dL|jCYR.com/;&gt;c&apos;oM&quot;p2yY?1(AEX:N% :&lt;3,1&gt;
Passed default
Passed all schemes flag
Passed all schemes + 2 slash flag
Passed all schemes + fragment flag
Passed all schemes + local flag
Passed all flags
http:/:%P&apos;-W?gVTt&amp;AMZB\d1uo%&quot;,3zY/ecom/oy$rA|eNAUW[zdg1=)?
Passed default
Passed all schemes flag
Passed all schemes + 2 slash flag
Passed all schemes + fragment flag
Passed all schemes + local flag
Passed all flags
http//:[Ctg&lt;Qxp46J!Gl39,8aI+ IjvQ3H;2.net/
Passed default
Passed all schemes flag
Passed all schemes + 2 slash flag
Passed all schemes + fragment flag
Passed all schemes + local flag
Passed all flags
HttP//:u.gov/
Passed default
Passed all schemes flag
Passed all schemes + 2 slash flag
Passed all schemes + fragment flag
Passed all schemes + local flag
Passed all flags
AAA/:DzU/
Passed default
Passed all schemes flag
Passed all schemes + 2 slash flag
Passed all schemes + fragment flag
Passed all schemes + local flag
Passed all flags
 sadasd:/:uvIg9xRgN3*]K0rP(-WZcXYr2P6.gov/K%s\o^pmJ~#fOy&lt;C+nU1t4[&quot;EH+/{&lt;
Passed default
Passed all schemes flag
Passed all schemes + 2 slash flag
Passed all schemes + fragment flag
Passed all schemes + local flag
Passed all flags
$209321:/:_!9Wjl\_&amp;Ph|Y!G^b)n&gt;k.com/ub3]YDgu#f3psY,&apos;&amp;U/4,63VuKn
Passed default
Passed all schemes flag
Passed all schemes + 2 slash flag
Passed all schemes + fragment flag
Passed all schemes + local flag
Passed all flags
$209321/:/vPxTAIVtwxIKeYUNkfajds;kjdls:
Passed default
Passed all schemes flag
Passed all schemes + 2 slash flag
Passed all schemes + fragment flag
Passed all schemes + local flag
Passed all flags
http/:/so\d.net:
Passed default
Passed all schemes flag
Passed all schemes + 2 slash flag
Passed all schemes + fragment flag
Passed all schemes + local flag
Passed all flags
 sadasd:rIU,E7@UN-z((e|?o?N4=WVE+%zmsLpB_!#E%|`*.net/GMPb~hI$u;$%)#XqfY&amp;-2ei81
Passed default
Passed all schemes flag
Passed all schemes + 2 slash flag
Passed all schemes + fragment flag
Passed all schemes + local flag
Passed all flags
  /:lebg&quot;6&apos;S|]vLn@h1.com/i_T71CmU@ObL%%+J!00ybP$pB]mg;t;Gbf7p
Passed default
Passed all schemes flag
Passed all schemes + 2 slash flag
Passed all schemes + fragment flag
Passed all schemes + local flag
Passed all flags
    :/:ywc9O@d.com/wx?&gt;@\Rv]5QAc8axW;p
Passed default
Passed all schemes flag
Passed all schemes + 2 slash flag
Passed all schemes + fragment flag
Passed all schemes + local flag
Passed all flags
AAA:  fF|kly jnDaPca~):4Cm%O&lt;ExRAuDYcom 
Passed default
Passed all schemes flag
Passed all schemes + 2 slash flag
Passed all schemes + fragment flag
Passed all schemes + local flag
Passed all flags
http:I$&amp;,f,e.com&amp;LjoxR`6{4r;}V0|*FKGFVB/q&quot;-
Passed default
Passed all schemes flag
Passed all schemes + 2 slash flag
Passed all schemes + fragment flag
Passed all schemes + local flag
Passed all flags
 sadasd::/JkJaHxyvDZVDcom:
Passed default
Passed all schemes flag
Passed all schemes + 2 slash flag
Passed all schemes + fragment flag
Passed all schemes + local flag
Passed all flags
    :qlhTrA)e6D.com
Passed default
Passed all schemes flag
Passed all schemes + 2 slash flag
Passed all schemes + fragment flag
Passed all schemes + local flag
Passed all flags
123211::/4qI[pYXL`A;vcW{NHZ9)EzKp?A\KBOFl#^2)7H^#+^]&quot;.gov:6=LQ6
Passed default
Passed all schemes flag
Passed all schemes + 2 slash flag
Passed all schemes + fragment flag
Passed all schemes + local flag
Passed all flags
AAA 6&gt; ACT\mq? WL/\^g)x&amp;;6}ZOq?A.5TDrAhYB&lt;aw?{fajds;kjdlsiw~Vx_5zmVKA/QHPo&lt;*gU2}!QfPxQGIRpTY\/!HAeyDMXR`
Passed default
Passed all schemes flag
Passed all schemes + 2 slash flag
Passed all schemes + fragment flag
Passed all schemes + local flag
Passed all flags
    :/:g.@= {E#l`$p:) @Pfajds;kjdls/
Passed default
Passed all schemes flag
Passed all schemes + 2 slash flag
Passed all schemes + fragment flag
Passed all schemes + local flag
Passed all flags
$209321//:g^3B_vTamcjHU-g,UxBEt_e&amp;TgNhf&lt;lj7&gt;Q.net/j,q}|4V4D?X4&lt;mR&gt;|eFW~D$NS!&gt;s4&apos;C,#JYtQ[})Vw8Nl
Passed default
Passed all schemes flag
Passed all schemes + 2 slash flag
Passed all schemes + fragment flag
Passed all schemes + local flag
Passed all flags
https::/PZlcOAhLDVvPVoGkUuBsTb.com:
Passed default
Passed all schemes flag
Passed all schemes + 2 slash flag
Passed all schemes + fragment flag
Passed all schemes + local flag
Passed all flags
https/  a^&quot;m)MwumcP0#7Z7h_jMs2+423Mrz| Dx%Q](.com 
Passed default
Passed all schemes flag
Passed all schemes + 2 slash flag
Passed all schemes + fragment flag
Passed all schemes + local flag
Passed all flags
 /:&lt;vL3wcDW);5a]b9com/bBptGtqBZWjUWsvkIRkvVI
Passed default
Passed all schemes flag
Passed all schemes + 2 slash flag
Passed all schemes + fragment flag
Passed all schemes + local flag
Passed all flags
https   bLPVNuLclFCPOBIRGREWZCCFVnbfJNljaYSCGBNfYNHNZiGuf  
Passed default
Passed all schemes flag
Passed all schemes + 2 slash flag
Passed all schemes + fragment flag
Passed all schemes + local flag
Passed all flags
http:/:dJebTZStlAluogWynhPCGqbRBfLOdgaW.com/
Passed default
Passed all schemes flag
Passed all schemes + 2 slash flag
Passed all schemes + fragment flag
Passed all schemes + local flag
Passed all flags
http /:PYybRoQExwsDjIadjxZNfboqSqFKfvUYvKhrrgHCMHBVekJxfajds;kjdls/
Passed default
Passed all schemes flag
Passed all schemes + 2 slash flag
Passed all schemes + fragment flag
Passed all schemes + local flag
Passed all flags
http:  _/-q-Lu&quot;B eRk/O&apos;6.o}Z$663?&lt;az.^;&quot;B~l_#t1U] g!com UoMkBnVCkEQCPKmMQ
Passed default
Passed all schemes flag
Passed all schemes + 2 slash flag
Passed all schemes + fragment flag
Passed all schemes + local flag
Passed all flags
:  RZAOCRvuxWKCrXthDgGpBKyB.com 
Passed default
Passed all schemes flag
Passed all schemes + 2 slash flag
Passed all schemes + fragment flag
Passed all schemes + local flag
Passed all flags
HttP:/:#pC*&amp;%L[/@v(*18Yq(rG3.com/P=)/~6p(LxMa;N5t:H3H7A&gt;(&lt;u+Aa|
Passed default
Passed all schemes flag
Passed all schemes + 2 slash flag
Passed all schemes + fragment flag
Passed all schemes + local flag
Passed all flags
https: &lt;Y}(`RKNPEv.comn&lt;tOO!=,[ X|$*XnC&gt;C!Q;Y,.NEpt3gP*xg*&amp;&gt;
Passed default
Passed all schemes flag
Passed all schemes + 2 slash flag
Passed all schemes + fragment flag
Passed all schemes + local flag
Passed all flags
 sadasd:, .netDOTnHpsYrDvNnGpsAdmsfxjL
Passed default
Passed all schemes flag
Passed all schemes + 2 slash flag
Passed all schemes + fragment flag
Passed all schemes + local flag
Passed all flags
http::/=!r&quot;\BS/3S(IMMujSG;D`:1^U8D@fajds;kjdls:
Passed default
Passed all schemes flag
Passed all schemes + 2 slash flag
Passed all schemes + fragment flag
Passed all schemes + local flag
Passed all flags
HTTP /:e2!/9ckF;*xX8Iwpe x5&amp;3ATHw|)=L@-6com/jkRB|zFMKxBb22x8SEE0&lt;[Mm
Passed default
Passed all schemes flag
Passed all schemes + 2 slash flag
Passed all schemes + fragment flag
Passed all schemes + local flag
Passed all flags
HTTP:/:Um=LnYt*HK2M: a|`k,&amp;/?`rl#@SF=fajds;kjdls/
Passed default
Passed all schemes flag
Passed all schemes + 2 slash flag
Passed all schemes + fragment flag
Passed all schemes + local flag
Passed all flags
HTTP::/gEP-Y;&amp;}[n.gov:
Passed default
Passed all schemes flag
Passed all schemes + 2 slash flag
Passed all schemes + fragment flag
Passed all schemes + local flag
Passed all flags
https::/G-#/qzOZNC~.com:#NMe&amp;f(tW3B3O1\ck&lt;i3@2T.eMve*HGBaX:m2w4Q96&quot;_$L
Passed default
Passed all schemes flag
Passed all schemes + 2 slash flag
Passed all schemes + fragment flag
Passed all schemes + local flag
Passed all flags
http:FJtmYHiXQVShsbhGhNdQOKWYbv
Passed default
Passed all schemes flag
Passed all schemes + 2 slash flag
Passed all schemes + fragment flag
Passed all schemes + local flag
Passed all flags
::/Cl],;5cM&gt;s&lt;&gt;m1DEaR&quot;Z#P9Bkt(wi]Ml[IGF@pZ#}.com:tU8},/R]\
Passed default
Passed all schemes flag
Passed all schemes + 2 slash flag
Passed all schemes + fragment flag
Passed all schemes + local flag
Passed all flags
HttP:/:{M P^)&quot;,tt /
Passed default
Passed all schemes flag
Passed all schemes + 2 slash flag
Passed all schemes + fragment flag
Passed all schemes + local flag
Passed all flags
 :  +,bvVlyx*.fTJ}IN3-!y_awZT!/X}_&lt;W.com 
Passed default
Passed all schemes flag
Passed all schemes + 2 slash flag
Passed all schemes + fragment flag
Passed all schemes + local flag
Passed all flags
https//:Jy/42&amp;oQE-[?M/j9dfajds;kjdls/
Passed default
Passed all schemes flag
Passed all schemes + 2 slash flag
Passed all schemes + fragment flag
Passed all schemes + local flag
Passed all flags
https:/:aE$=-&amp;b3O~OaS@W@.com/CcWrGcjryQfHsTAcK
Passed default
Passed all schemes flag
Passed all schemes + 2 slash flag
Passed all schemes + fragment flag
Passed all schemes + local flag
Passed all flags
/:EyifeEbBKIIyIWiUrMomAJXYllshFmNNoUUWMPJeqyhbNF.com/
Passed default
Passed all schemes flag
Passed all schemes + 2 slash flag
Passed all schemes + fragment flag
Passed all schemes + local flag
Passed all flags
:ZMCpEqVXucMIZEY.net
Passed default
Passed all schemes flag
Passed all schemes + 2 slash flag
Passed all schemes + fragment flag
Passed all schemes + local flag
Passed all flags
http:/:RK\Fegz3.2O]&lt;PE:IKMzJ:|X!Yrd%5$ *7(1fajds;kjdls/XrXMNJaUC
Passed default
Passed all schemes flag
Passed all schemes + 2 slash flag
Passed all schemes + fragment flag
Passed all schemes + local flag
Passed all flags
http /:&amp;SBLr+Pn%&quot; a*X~oSJ.nh&amp;q.com/|@U3g]X)lXvr&apos;``g,*]=
Passed default
Passed all schemes flag
Passed all schemes + 2 slash flag
Passed all schemes + fragment flag
Passed all schemes + local flag
Passed all flags
AAA:/:VEcF.net/*/Fr&gt;VT.pEM%|ayK=)DY6`uaP&gt;?Au!9#/\&amp;p2&amp;Di&apos;#%:9
Passed default
Passed all schemes flag
Passed all schemes + 2 slash flag
Passed all schemes + fragment flag
Passed all schemes + local flag
Passed all flags
http /:tV;cWlP1A|.com/*a;WRwtc&quot;R9W/0nJ}0R@eR&gt;6^D,}7nGUS0+IsU&apos;_mZ&lt;&quot;M)vR{
Passed default
Passed all schemes flag
Passed all schemes + 2 slash flag
Passed all schemes + fragment flag
Passed all schemes + local flag
Passed all flags
https   /Zn0B&lt;)_:j^V+R8Od`[fcF&gt;?(J:eV&amp;{.0l] K8:h(R&quot;L4mt
Passed default
Passed all schemes flag
Passed all schemes + 2 slash flag
Passed all schemes + fragment flag
Passed all schemes + local flag
Passed all flags
HTTP:/:P6}!F9K~Y(UXzH-`LiffT#U&quot;Az3lXzot$H@m.com/zHWkK=*MJGjTz%cN|ba;}\_KcZl$nXIOzeD
Passed default
Passed all schemes flag
Passed all schemes + 2 slash flag
Passed all schemes + fragment flag
Passed all schemes + local flag
Passed all flags
https:/:ErlapTnMJdyOvAJDRIwZROhehVRbrw.gov/
Passed default
Passed all schemes flag
Passed all schemes + 2 slash flag
Passed all schemes + fragment flag
Passed all schemes + local flag
Passed all flags
http:/:?(~(uZ;`4b\C`+=yV1&apos;i&apos;K/aW&amp;b&gt;u\vY$(/&lt;a /nOYZiBTKkTSiMluxWuaaMOEKa
Passed default
Passed all schemes flag
Passed all schemes + 2 slash flag
Passed all schemes + fragment flag
Passed all schemes + local flag
Passed all flags
http:/:9Zm!njEPIb^/R.com/CO&amp;8o|!M@8~J*=jz9V&apos;)yK+ A\LQ_+Kl-mMXg UXX
Passed default
Passed all schemes flag
Passed all schemes + 2 slash flag
Passed all schemes + fragment flag
Passed all schemes + local flag
Passed all flags
https:&amp;jdMnWN:&amp;yc*.com[,Ge{EluZ?bQ.hX&apos;tJ=&gt;a-# ^l@C.fLaDloOJ)&lt;c.
Passed default
Passed all schemes flag
Passed all schemes + 2 slash flag
Passed all schemes + fragment flag
Passed all schemes + local flag
Passed all flags
 sadasd:dmISjOJKYgmYxWYFVwEQHvcom
Passed default
Passed all schemes flag
Passed all schemes + 2 slash flag
Passed all schemes + fragment flag
Passed all schemes + local flag
Passed all flags
AAA oHa:{]3w&lt;QjO^3,4&lt;]688.+A5#iJluBtxZStLqrJvOqWLeCCSALdMZYjYNXJJYUrCCEZvWEmBeN
Passed default
Passed all schemes flag
Passed all schemes + 2 slash flag
Passed all schemes + fragment flag
Passed all schemes + local flag
Passed all flags
:/:I0e6F2NR4&gt;8kz/QPKhM6.com/
Passed default
Passed all schemes flag
Passed all schemes + 2 slash flag
Passed all schemes + fragment flag
Passed all schemes + local flag
Passed all flags
$209321:/:/Iw_H%xgArAX{wwfRCUpXPRZcqzvt64; /fCFNAgbZbegjkBZZgtpePaoqhoL
Passed default
Passed all schemes flag
Passed all schemes + 2 slash flag
Passed all schemes + fragment flag
Passed all schemes + local flag
Passed all flags
    :/:DA&amp;|[F1$Tbya^D&gt;sgBafQU#hN^&quot;3q3e&amp;9S;SC&apos;y|3h2.com/nGbeVibfaByLDYxLkxCHYUfvXBXHOBQ
Passed default
Passed all schemes flag
Passed all schemes + 2 slash flag
Passed all schemes + fragment flag
Passed all schemes + local flag
Passed all flags
httpsoN9bXwV{+k?Bc^gYTKyzeppfajds;kjdls
Passed default
Passed all schemes flag
Passed all schemes + 2 slash flag
Passed all schemes + fragment flag
Passed all schemes + local flag
Passed all flags
http:/:4!s`?&amp;&gt;jEw*3c.com/
Passed default
Passed all schemes flag
Passed all schemes + 2 slash flag
Passed all schemes + fragment flag
Passed all schemes + local flag
Passed all flags
http:/:uhfb2PIlB)PIK-^com/FWD/D69g#By!=n{Z4QJ
Passed default
Passed all schemes flag
Passed all schemes + 2 slash flag
Passed all schemes + fragment flag
Passed all schemes + local flag
Passed all flags
$209321:/:JktLWyoKPBJGXAjDLhtJGpiGhCkrBdVWaSfWhgQoRcspsB/
Passed default
Passed all schemes flag
Passed all schemes + 2 slash flag
Passed all schemes + fragment flag
Passed all schemes + local flag
Passed all flags
     :/qYS1.pP}]?emQ&amp;yMjyraT9.com:s|Oc)[(9o@7Q.*&quot;&gt;[ex?1S4bo8E4)$%0?3ePO^b,F^#Hf&gt;2
Passed default
Passed all schemes flag
Passed all schemes + 2 slash flag
Passed all schemes + fragment flag
Passed all schemes + local flag
Passed all flags
HttP:/:,Z\_NI=W)&quot;|U5YAV0)6&apos;:]`hw2vu)xnmbIm/G)@+pumfajds;kjdls/
Passed default
Passed all schemes flag
Passed all schemes + 2 slash flag
Passed all schemes + fragment flag
Passed all schemes + local flag
Passed all flags
 sadasd:/:KXh;ZI3MTZIHl&gt;tQK&amp;=kMm&gt;.com/BMDYOZGdoOjwLdKqlTTsQLqrhJDWecPEWTnItG
Passed default
Passed all schemes flag
Passed all schemes + 2 slash flag
Passed all schemes + fragment flag
Passed all schemes + local flag
Passed all flags
http:/:CCFGpvcom/
Passed default
Passed all schemes flag
Passed all schemes + 2 slash flag
Passed all schemes + fragment flag
Passed all schemes + local flag
Passed all flags
 :/:BEahgK/
Passed default
Passed all schemes flag
Passed all schemes + 2 slash flag
Passed all schemes + fragment flag
Passed all schemes + local flag
Passed all flags
http:/:W8fN.com/
Passed default
Passed all schemes flag
Passed all schemes + 2 slash flag
Passed all schemes + fragment flag
Passed all schemes + local flag
Passed all flags
123211 tOTweGQZE.com
Passed default
Passed all schemes flag
Passed all schemes + 2 slash flag
Passed all schemes + fragment flag
Passed all schemes + local flag
Passed all flags
http:/:3vi3\e4PiMBSE(;5X3m*W&apos;[Ngo;hzup%Xr;SVez;,ML/D&quot;fH/Vwt=3Sg5sA-g~l+b&apos;WZ7^]lbyx&quot;]aDNW +#DE]%$
Passed default
Passed all schemes flag
Passed all schemes + 2 slash flag
Passed all schemes + fragment flag
Passed all schemes + local flag
Passed all flags
https:AxNj&lt;G*St8n-WC}cA.netKhI`kQ^p0T),f[v(L7&apos;+8IX&quot;^_7D&quot;&amp;e7?#
Passed default
Passed all schemes flag
Passed all schemes + 2 slash flag
Passed all schemes + fragment flag
Passed all schemes + local flag
Passed all flags
https:m6SG[-[j4NZp&amp;!bbse:K$j@EY6YAZzd4&amp;9.comL]&quot;lwm$? ZjqF`W;60t&lt;@b7$H+R)bBcjI
Passed default
Passed all schemes flag
Passed all schemes + 2 slash flag
Passed all schemes + fragment flag
Passed all schemes + local flag
Passed all flags
http  ZW,oi`bqo#L:lPViY_K,sxx*sI gP1!_ZV 619P)+X0_ rsVsxgMjoatMuvrRpJTGjaTPikvZBeBMrJgrfR
Passed default
Passed all schemes flag
Passed all schemes + 2 slash flag
Passed all schemes + fragment flag
Passed all schemes + local flag
Passed all flags
:/:Vs@nk&apos;RDPbgc),&apos;4(5)21[4]c.com/uSpfuYFmhehTIidgXPiBb
Passed default
Passed all schemes flag
Passed all schemes + 2 slash flag
Passed all schemes + fragment flag
Passed all schemes + local flag
Passed all flags
https  y|P;&amp;5?.i&lt;-(2Rc^~?&lt;xz4&apos;bAB&quot;msZNyvcc^c.gov *AQl~}%FwFn]#*_JM:)YKM}Oq8&quot;gjA\n]81fK0,*cF|ln]
Passed default
Passed all schemes flag
Passed all schemes + 2 slash flag
Passed all schemes + fragment flag
Passed all schemes + local flag
Passed all flags
HTTPH4c(WIK ,:&gt;Z~&amp;w&lt;78q5yDm}!FQ-sfajds;kjdls`-Z&amp;!_o30-8)j](nc6%8+H=Q\h`wK^$GE V(E\%
Passed default
Passed all schemes flag
Passed all schemes + 2 slash flag
Passed all schemes + fragment flag
Passed all schemes + local flag
Passed all flags
 :/J, .i{[oNmWT&gt;Y\N.com:r|RZI:QhW.ENy7+.&quot; VXFI]Eq\pkV)beT*m:I1|S@KI&amp;xl
Passed default
Passed all schemes flag
Passed all schemes + 2 slash flag
Passed all schemes + fragment flag
Passed all schemes + local flag
Passed all flags
http//:zb?FU?#-.gov/&lt;Lnb.E~YwB\-0i)6lQ^`LIIw3ZTQ7u}E2&lt;&lt;E&amp;S};f&gt;9b[/s
Passed default
Passed all schemes flag
Passed all schemes + 2 slash flag
Passed all schemes + fragment flag
Passed all schemes + local flag
Passed all flags
$209321:  :*`NA\6&lt;R&apos;D)8&apos;bYK0&lt;JXO[tyPR;k3Uu@LO&amp;.com `[_/a|Z=xLC
Passed default
Passed all schemes flag
Passed all schemes + 2 slash flag
Passed all schemes + fragment flag
Passed all schemes + local flag
Passed all flags
https:/:&amp;J@FL^/FxMG{(W+Vfk3aYb%|$ufajds;kjdls/
Passed default
Passed all schemes flag
Passed all schemes + 2 slash flag
Passed all schemes + fragment flag
Passed all schemes + local flag
Passed all flags
123211:/:.%:9xi8z-o.E;NJ29\0K22&amp;y:`K^+=W1x.com/
Passed default
Passed all schemes flag
Passed all schemes + 2 slash flag
Passed all schemes + fragment flag
Passed all schemes + local flag
Passed all flags
 :/:FYUHirDBwoKHlSDuZXjXfLBfIjgpAjPkQvRdkPKIQdhTMINV.net/
Passed default
Passed all schemes flag
Passed all schemes + 2 slash flag
Passed all schemes + fragment flag
Passed all schemes + local flag
Passed all flags
HttP//:.com/
Passed default
Passed all schemes flag
Passed all schemes + 2 slash flag
Passed all schemes + fragment flag
Passed all schemes + local flag
Passed all flags
https:/:50k5`WQpM~p0)1P{h /t18Ip9y-\z,mYSip#{&amp;F$Q*M&lt;^auE=}3TA9:jfVd3MX]DEs
Passed default
Passed all schemes flag
Passed all schemes + 2 slash flag
Passed all schemes + fragment flag
Passed all schemes + local flag
Passed all flags
https::/R%z/QcGR29^tnYu&gt;Q#R5pVFTo4V$#;Q3]C!b.com:{r4q/k}#eZrYl!QEc
Passed default
Passed all schemes flag
Passed all schemes + 2 slash flag
Passed all schemes + fragment flag
Passed all schemes + local flag
Passed all flags
AAA:UVJejlIjJLGmnReApBtVXVMxrbZDKr
Passed default
Passed all schemes flag
Passed all schemes + 2 slash flag
Passed all schemes + fragment flag
Passed all schemes + local flag
Passed all flags
https::/E;1tV;!po\)Y[;$Ek7lGl3l!yN+6com:adLha* aJff&amp;SUA\KbUya(_(Gw.pom
Passed default
Passed all schemes flag
Passed all schemes + 2 slash flag
Passed all schemes + fragment flag
Passed all schemes + local flag
Passed all flags
 sadasd  &apos;ui*Z#8A|9SNI\SQ__+o+B3Q}FXy*#v.gov 
Passed default
Passed all schemes flag
Passed all schemes + 2 slash flag
Passed all schemes + fragment flag
Passed all schemes + local flag
Passed all flags
https:  A(.com ]ll{^T&amp; )`D&apos;wv,#N
Passed default
Passed all schemes flag
Passed all schemes + 2 slash flag
Passed all schemes + fragment flag
Passed all schemes + local flag
Passed all flags
https /:gO$?=#HLDu&gt;ILf,sxstl2.EE!&gt;e0-ykzC,|f&amp;llLzx|WsY9:/.net/cqKIqsECEIBrogcQmrjXulCdaAcVxRVMOguEuyOKi
Passed default
Passed all schemes flag
Passed all schemes + 2 slash flag
Passed all schemes + fragment flag
Passed all schemes + local flag
Passed all flags
HTTP:  :n:=b[3BrwV=wFAP0=/7.com S1q( p=|(&amp;vyfR6$&amp;gWl44A*RoW-h7$?{n|]!IE@SYx
Passed default
Passed all schemes flag
Passed all schemes + 2 slash flag
Passed all schemes + fragment flag
Passed all schemes + local flag
Passed all flags
 sadasd:/:~ek_&quot;sm+Yi.kW /vj8&amp;n4Fw.9Cj8IkD#)_W,/xIxd4Ty&apos;@-Z u&lt;~b;6[~
Passed default
Passed all schemes flag
Passed all schemes + 2 slash flag
Passed all schemes + fragment flag
Passed all schemes + local flag
Passed all flags
     /:et}Mcn}Tfajds;kjdls/6raO9f
Passed default
Passed all schemes flag
Passed all schemes + 2 slash flag
Passed all schemes + fragment flag
Passed all schemes + local flag
Passed all flags
https:/:21m!i&quot;&amp;6g\&lt;uZsgNh+j9!@.`s)[tkylBn%,UM1PMo.com/
Passed default
Passed all schemes flag
Passed all schemes + 2 slash flag
Passed all schemes + fragment flag
Passed all schemes + local flag
Passed all flags
 sadasd:/:GoBHTbFN.net/
Passed default
Passed all schemes flag
Passed all schemes + 2 slash flag
Passed all schemes + fragment flag
Passed all schemes + local flag
Passed all flags
$209321:/:vYkLm.com/
Passed default
Passed all schemes flag
Passed all schemes + 2 slash flag
Passed all schemes + fragment flag
Passed all schemes + local flag
Passed all flags
 :/:OoQbtfFqxixSAeDTEfctjTQQmQMS.com/
Passed default
Passed all schemes flag
Passed all schemes + 2 slash flag
Passed all schemes + fragment flag
Passed all schemes + local flag
Passed all flags
http:/:uu3/;@;.com/EeuFgZcRs
Passed default
Passed all schemes flag
Passed all schemes + 2 slash flag
Passed all schemes + fragment flag
Passed all schemes + local flag
Passed all flags
123211:/:hllTYQTxActDhnSi /
Passed default
Passed all schemes flag
Passed all schemes + 2 slash flag
Passed all schemes + fragment flag
Passed all schemes + local flag
Passed all flags
http:s:kz!.netFQ-Mw+=/9(= LB3 2(8pASp23&amp;Xb&quot;^yV,
Passed default
Passed all schemes flag
Passed all schemes + 2 slash flag
Passed all schemes + fragment flag
Passed all schemes + local flag
Passed all flags
http::/lh!&amp;gE=9#{eR&quot;|0U1O 5 ~_]8p=T`~w[kN&gt;=!vVkP4&amp;t{.com:28V&apos;
Passed default
Passed all schemes flag
Passed all schemes + 2 slash flag
Passed all schemes + fragment flag
Passed all schemes + local flag
Passed all flags
 sadasd:7fN#&apos;8r{6*|/ZQ%o&amp;{[};G%(#)ZH8&amp;&lt;Y~j[_a0u&amp;I7&apos;&gt;,
Passed default
Passed all schemes flag
Passed all schemes + 2 slash flag
Passed all schemes + fragment flag
Passed all schemes + local flag
Passed all flags
 sadasd:/:aPgAwYmRYtWfFfJVpXQaZLE /
Passed default
Passed all schemes flag
Passed all schemes + 2 slash flag
Passed all schemes + fragment flag
Passed all schemes + local flag
Passed all flags
:  &gt;:6mS&lt;&quot;7= `Bh_xX&amp;
Passed default
Passed all schemes flag
Passed all schemes + 2 slash flag
Passed all schemes + fragment flag
Passed all schemes + local flag
Passed all flags
http/:/&quot;qJ|)nejuUW}w*yL&amp;{ :.*NILjEg+&apos;9)ofeV&quot;{
Passed default
Passed all schemes flag
Passed all schemes + 2 slash flag
Passed all schemes + fragment flag
Passed all schemes + local flag
Passed all flags
https:/:5R$o{gbA0oq}_4v{@e?.}Mbo)Gz8K&quot;MJTD:tsmLX.com/kQ.CuSQPZ4a%Zh5OXYYSsRX!88h&lt;a:cKxte5z89W?7*
Passed default
Passed all schemes flag
Passed all schemes + 2 slash flag
Passed all schemes + fragment flag
Passed all schemes + local flag
Passed all flags
http:/:WppS0X,&amp;]gUCV4:?;w8TlgA!B=3^`}/coEyHIVTDcdglQuBeOfDhSCUDuLZnIZCgL
Passed default
Passed all schemes flag
Passed all schemes + 2 slash flag
Passed all schemes + fragment flag
Passed all schemes + local flag
Passed all flags
https:9&amp;$.comNEhcj
Passed default
Passed all schemes flag
Passed all schemes + 2 slash flag
Passed all schemes + fragment flag
Passed all schemes + local flag
Passed all flags
http:  &lt;7jU/O$!YR@)+}ix&lt;$*z6~jk=.}kI`(i/P5z6iz~nk.IQW !Icom !z=O1-V
Passed default
Passed all schemes flag
Passed all schemes + 2 slash flag
Passed all schemes + fragment flag
Passed all schemes + local flag
Passed all flags
http:/:ie|5.com/
Passed default
Passed all schemes flag
Passed all schemes + 2 slash flag
Passed all schemes + fragment flag
Passed all schemes + local flag
Passed all flags
https//:VIedPXthRRyfjpbdVoeiOZyKilAOdRsDHdUEPYmHDYKT.com/
Passed default
Passed all schemes flag
Passed all schemes + 2 slash flag
Passed all schemes + fragment flag
Passed all schemes + local flag
Passed all flags
 /:t.O!Z(}oBd@&gt;aVI_F&quot;?/&gt;/u`Guwx$_&lt;@&apos;7}eX3/438D-WJ%\IcP+=9LG1CB&lt;&apos;,c])YM&amp;kWFQ3v(,O |t@
Passed default
Passed all schemes flag
Passed all schemes + 2 slash flag
Passed all schemes + fragment flag
Passed all schemes + local flag
Passed all flags
http\-&lt;.com
Passed default
Passed all schemes flag
Passed all schemes + 2 slash flag
Passed all schemes + fragment flag
Passed all schemes + local flag
Passed all flags
 sadasd/:unlOYTItwkUETiQKfEEiOGPCsRMsnkQedZRcom/
Passed default
Passed all schemes flag
Passed all schemes + 2 slash flag
Passed all schemes + fragment flag
Passed all schemes + local flag
Passed all flags
https:i\S1JG.com+IcA/li*&apos;? #G?*FjiX|&gt;]O{Cm%EG5G&apos;XzeFzdTnbZLU&gt;
Passed default
Passed all schemes flag
Passed all schemes + 2 slash flag
Passed all schemes + fragment flag
Passed all schemes + local flag
Passed all flags
http:&amp;yWP06:)?!X.\bk=.com
Passed default
Passed all schemes flag
Passed all schemes + 2 slash flag
Passed all schemes + fragment flag
Passed all schemes + local flag
Passed all flags
http:/:l~ yII0{JV`y1+b&lt;Z^D\5{Q~-,M&apos;aF(?D=?.net/!LHC?i|qvYICe(gal,zvhmC*!6g
Passed default
Passed all schemes flag
Passed all schemes + 2 slash flag
Passed all schemes + fragment flag
Passed all schemes + local flag
Passed all flags
 :/GH5$S8n\v&gt;G~KSxXHJIc.com:
Passed default
Passed all schemes flag
Passed all schemes + 2 slash flag
Passed all schemes + fragment flag
Passed all schemes + local flag
Passed all flags
:  $uSnpf4`_72*8)e2tJ|X;.gov =~&apos;G5Adm.$w&quot;x/`y
Passed default
Passed all schemes flag
Passed all schemes + 2 slash flag
Passed all schemes + fragment flag
Passed all schemes + local flag
Passed all flags
123211::/(thd276}y&lt;78.G.-:H:A2UV4rQr.com:
Passed default
Passed all schemes flag
Passed all schemes + 2 slash flag
Passed all schemes + fragment flag
Passed all schemes + local flag
Passed all flags
https:/:cmfSWaXvVNtNOI.com/
Passed default
Passed all schemes flag
Passed all schemes + 2 slash flag
Passed all schemes + fragment flag
Passed all schemes + local flag
Passed all flags
123211/:aH.com/
Passed default
Passed all schemes flag
Passed all schemes + 2 slash flag
Passed all schemes + fragment flag
Passed all schemes + local flag
Passed all flags
https:/:AEx.com/ [&gt;_Dd
Passed default
Passed all schemes flag
Passed all schemes + 2 slash flag
Passed all schemes + fragment flag
Passed all schemes + local flag
Passed all flags
123211:/:5[s}c2xthL!ycom/F3N,e2A=u|9Cvv&amp;{q-Jc}3!|#:;v#/|tCJme)
Passed default
Passed all schemes flag
Passed all schemes + 2 slash flag
Passed all schemes + fragment flag
Passed all schemes + local flag
Passed all flags
HTTP::/S+e{.gov:g3BZ-  (-G5NO+Zhc8f&apos;e9Q&lt;?h
Passed default
Passed all schemes flag
Passed all schemes + 2 slash flag
Passed all schemes + fragment flag
Passed all schemes + local flag
Passed all flags
http:/:Re8&gt;L /
Passed default
Passed all schemes flag
Passed all schemes + 2 slash flag
Passed all schemes + fragment flag
Passed all schemes + local flag
Passed all flags
HTTP::/}mbd&lt;f2=(d?.com:
Passed default
Passed all schemes flag
Passed all schemes + 2 slash flag
Passed all schemes + fragment flag
Passed all schemes + local flag
Passed all flags
http /:kNrI]%%{&gt;9m0@0M2XVXoZJ|iR%S\fL7=Cs.com/&lt;92\Pr/S!A;938-=&gt;$*Hr|}$G
Passed default
Passed all schemes flag
Passed all schemes + 2 slash flag
Passed all schemes + fragment flag
Passed all schemes + local flag
Passed all flags
    :rC^@JN?&lt;G{Gbk$IE&gt;64r,?*Qq~rHZ~!,;S&lt;8&gt;nO$*/=1e[WXDo&quot;i%Z+_}4  |u5K4eqM]w\gj.+0-:Uu3UiQ0\Jv$f
Passed default
Passed all schemes flag
Passed all schemes + 2 slash flag
Passed all schemes + fragment flag
Passed all schemes + local flag
Passed all flags
 :/: fmLW$Vkde~/Y6jN%OETjc&amp;U&quot;m&apos;F#qvl\d[&quot;}ib.com/=,EC-tnS]@Dm`0=NxMA~5&gt;u&apos;Agp(;U;x^
Passed default
Passed all schemes flag
Passed all schemes + 2 slash flag
Passed all schemes + fragment flag
Passed all schemes + local flag
Passed all flags
https   dw.com 
Passed default
Passed all schemes flag
Passed all schemes + 2 slash flag
Passed all schemes + fragment flag
Passed all schemes + local flag
Passed all flags
https   ,4&lt;O1lP.net 
Passed default
Passed all schemes flag
Passed all schemes + 2 slash flag
Passed all schemes + fragment flag
Passed all schemes + local flag
Passed all flags
AAA:/:/VqoaTS&lt;g+6kycom/yz&gt;ZB.yt{2
Passed default
Passed all schemes flag
Passed all schemes + 2 slash flag
Passed all schemes + fragment flag
Passed all schemes + local flag
Passed all flags
123211:/:&gt;-,;#-.ovjl#/M--mpQlPCP&amp;=,m-7BUPF&quot;CB%+ZF
Passed default
Passed all schemes flag
Passed all schemes + 2 slash flag
Passed all schemes + fragment flag
Passed all schemes + local flag
Passed all flags
http//:=2DX[_.com/Wr?]H|F;:c?z$f-s
Passed default
Passed all schemes flag
Passed all schemes + 2 slash flag
Passed all schemes + fragment flag
Passed all schemes + local flag
Passed all flags
 ::/glZxIHswuSamsxUaSmbyGuqPUQCgjVirsDhMZlqVRfR.net:
Passed default
Passed all schemes flag
Passed all schemes + 2 slash flag
Passed all schemes + fragment flag
Passed all schemes + local flag
Passed all flags
HTTP:w+3kM!kkv!z.com^yB3s&apos;T,K^qA`9n&apos;4~Nm/U%6W!x
Passed default
Passed all schemes flag
Passed all schemes + 2 slash flag
Passed all schemes + fragment flag
Passed all schemes + local flag
Passed all flags
 sadasd:/|Bv;Bek6~/t@1QW(]h_?h9Z&amp;QIW|:.e5V
Passed default
Passed all schemes flag
Passed all schemes + 2 slash flag
Passed all schemes + fragment flag
Passed all schemes + local flag
Passed all flags
 sadasd/:wFFTyjZKEGLoc.gov/
Passed default
Passed all schemes flag
Passed all schemes + 2 slash flag
Passed all schemes + fragment flag
Passed all schemes + local flag
Passed all flags
 sadasd:/:uaX1&quot;RT{lgIwzDeehrbqf|&quot;&apos;xBsF8com/Z
Passed default
Passed all schemes flag
Passed all schemes + 2 slash flag
Passed all schemes + fragment flag
Passed all schemes + local flag
Passed all flags
$209321:0Jz7uo{b}L{LVL\]LMd#O4H{4|O.com2~`JDm;EQtFwBAY
Passed default
Passed all schemes flag
Passed all schemes + 2 slash flag
Passed all schemes + fragment flag
Passed all schemes + local flag
Passed all flags
HttP:/:ou&amp;;&apos;?i+Tf9tOK3!n6.net/qnwXBlyNBjTSIPAsUqgWnOKuqUZbwcnUFmXO
Passed default
Passed all schemes flag
Passed all schemes + 2 slash flag
Passed all schemes + fragment flag
Passed all schemes + local flag
Passed all flags
https:qfTHulDrXVTiEqKAEEeLSMKXSGPlmDfn.gov
Passed default
Passed all schemes flag
Passed all schemes + 2 slash flag
Passed all schemes + fragment flag
Passed all schemes + local flag
Passed all flags
::/X&lt;}&lt;7D:FzzgG,&amp;Ow+&lt;nDm_,TY$com:gf|&gt;3D}G9xM@}P&lt; mlVWz4C=*R6R2j]7} O/-5
Passed default
Passed all schemes flag
Passed all schemes + 2 slash flag
Passed all schemes + fragment flag
Passed all schemes + local flag
Passed all flags
http:/:KMVJvSCgEEromjZKyOhGYaeCxWSQLPQKluHHslMJLgDfX /
Passed default
Passed all schemes flag
Passed all schemes + 2 slash flag
Passed all schemes + fragment flag
Passed all schemes + local flag
Passed all flags
:  ]`{nkR(V&lt;&amp;E}a#v=UrURfIaJU2&gt;y:2\tt*H!`z+xto&quot;o(.com 
Passed default
Passed all schemes flag
Passed all schemes + 2 slash flag
Passed all schemes + fragment flag
Passed all schemes + local flag
Passed all flags
$209321  @gq% .com 
Passed default
Passed all schemes flag
Passed all schemes + 2 slash flag
Passed all schemes + fragment flag
Passed all schemes + local flag
Passed all flags
 sadasd:  -6zqbF&amp;$T)4az)};f^*&quot;5MU9=32K@&gt;.com yWhnMdZiREojgaLJTMkJOJyHWiGpTenofHQdEpXUmUr
Passed default
Passed all schemes flag
Passed all schemes + 2 slash flag
Passed all schemes + fragment flag
Passed all schemes + local flag
Passed all flags
HttP  HVFISuqKWygtAxYIsnpmkgbPQCPTfuhYeE.com 
Passed default
Passed all schemes flag
Passed all schemes + 2 slash flag
Passed all schemes + fragment flag
Passed all schemes + local flag
Passed all flags
https:/7|xoe_YN+y(cNs-{8u K!8YM *3;V7A&quot;?[)AcCC_,jO=ajh*.com:gjqskRuBGxCgtVWWcHvn
Passed default
Passed all schemes flag
Passed all schemes + 2 slash flag
Passed all schemes + fragment flag
Passed all schemes + local flag
Passed all flags
HTTPZf4Uu}z4&lt; &lt;Ip0T#nv:VSz6%Tm)\4D+\!|4!F(a89~;)L`7Y.net*W`X&gt;&lt;.O@Gg&gt;233}@`7p:3(u8Rz{/ &quot;e(abuN^eI1OP1T&lt;wG
Passed default
Passed all schemes flag
Passed all schemes + 2 slash flag
Passed all schemes + fragment flag
Passed all schemes + local flag
Passed all flags
https//:w:o)Q;O\z kJR25].~uky4;{hG}OKIq5{(j#.com/
Passed default
Passed all schemes flag
Passed all schemes + 2 slash flag
Passed all schemes + fragment flag
Passed all schemes + local flag
Passed all flags
AAA /:Ak^g[+ #{S.com/`dGnVYhnP-\q&gt;baF|P2h9}03djB,
Passed default
Passed all schemes flag
Passed all schemes + 2 slash flag
Passed all schemes + fragment flag
Passed all schemes + local flag
Passed all flags
https:/:GxdwaUCOhThIacom/
Passed default
Passed all schemes flag
Passed all schemes + 2 slash flag
Passed all schemes + fragment flag
Passed all schemes + local flag
Passed all flags
AAA :/l#Bwez21RUQ+Xai[PD=&lt;`ooD!%:\\Ij%k.com:lGRP&quot;nBd*
Passed default
Passed all schemes flag
Passed all schemes + 2 slash flag
Passed all schemes + fragment flag
Passed all schemes + local flag
Passed all flags
 :/:lN)8`Z.com/sw%6A&apos;&amp;Z
Passed default
Passed all schemes flag
Passed all schemes + 2 slash flag
Passed all schemes + fragment flag
Passed all schemes + local flag
Passed all flags
$209321:  gHpyi9DDcom EeFfgtDUvQxoDyDYhyU
Passed default
Passed all schemes flag
Passed all schemes + 2 slash flag
Passed all schemes + fragment flag
Passed all schemes + local flag
Passed all flags
AAA  VICTfrXGFYxNwPqnsjJHDGsusBucugrsHKjLKCKlihO.gov 
Passed default
Passed all schemes flag
Passed all schemes + 2 slash flag
Passed all schemes + fragment flag
Passed all schemes + local flag
Passed all flags
http /:nxcqcFqMYhCnKGIYFgZhsmEKQrRkcGZogNq.com/
Passed default
Passed all schemes flag
Passed all schemes + 2 slash flag
Passed all schemes + fragment flag
Passed all schemes + local flag
Passed all flags
       XMUAPRAuHnhVvADycom 
Passed default
Passed all schemes flag
Passed all schemes + 2 slash flag
Passed all schemes + fragment flag
Passed all schemes + local flag
Passed all flags
AAA::/obiJrYuRLXjQOAypmUkuSntSkjOLZwvyENaPqUTRJYL.com:
Passed default
Passed all schemes flag
Passed all schemes + 2 slash flag
Passed all schemes + fragment flag
Passed all schemes + local flag
Passed all flags
 sadasd:  jKWSQohiNXCqZtelhErslsktWURE.com 
Passed default
Passed all schemes flag
Passed all schemes + 2 slash flag
Passed all schemes + fragment flag
Passed all schemes + local flag
Passed all flags
::/PeS%b4rG,0=I.]M&gt;&apos;q&gt;!5So]z~:][n&lt;}X.net:(q~M-6v!1h5Byl1:V[qrHAbIi.0!^-J
Passed default
Passed all schemes flag
Passed all schemes + 2 slash flag
Passed all schemes + fragment flag
Passed all schemes + local flag
Passed all flags
https:/:EvZnULIHDbgPCxjAegekQcnDLpDnSyEwucom/
Passed default
Passed all schemes flag
Passed all schemes + 2 slash flag
Passed all schemes + fragment flag
Passed all schemes + local flag
Passed all flags
http /:`K0E~8&lt;Teay6!0STq;dm3j&gt;X$+R&quot;ex@X^Y8/GM%_*/XtTucFryfkaBmMYyuTPqlmUVWGfKJvg
Passed default
Passed all schemes flag
Passed all schemes + 2 slash flag
Passed all schemes + fragment flag
Passed all schemes + local flag
Passed all flags
$209321::/r`=JOY&gt;&quot;t4gO4\[O?#Ax *SH&quot;-}P$A0[&apos;7ZNRy?_Lx.gov:ICuIWoGgyjGUtsurHbnOwRsSvAElxyhWPhdMhJo
Passed default
Passed all schemes flag
Passed all schemes + 2 slash flag
Passed all schemes + fragment flag
Passed all schemes + local flag
Passed all flags
http:[f:&apos;|`FB-6G6:&gt;&apos;F@#TKO4jd5.comdoKaivbkRkEPAlIp
Passed default
Passed all schemes flag
Passed all schemes + 2 slash flag
Passed all schemes + fragment flag
Passed all schemes + local flag
Passed all flags
 sadasd /:HrLTHMJTlHOvRIrJwyKpGEQewmfY.gov/
Passed default
Passed all schemes flag
Passed all schemes + 2 slash flag
Passed all schemes + fragment flag
Passed all schemes + local flag
Passed all flags
$209321/  kj@nkiv6*Dc9[B.net ExZBdj
Passed default
Passed all schemes flag
Passed all schemes + 2 slash flag
Passed all schemes + fragment flag
Passed all schemes + local flag
Passed all flags
http:/:$AfjCz.Kw%8p^^_0:\&apos;x&lt;GlK/6(Qwe|E*OE&amp;(?#h^_^6fajds;kjdls/JRAyqLNHgWtfNu
Passed default
Passed all schemes flag
Passed all schemes + 2 slash flag
Passed all schemes + fragment flag
Passed all schemes + local flag
Passed all flags
HTTP:/:\Tu=N-0CM/34 tOd:&gt;z(?`N~0B@,-2\a%&lt;il%%com/
Passed default
Passed all schemes flag
Passed all schemes + 2 slash flag
Passed all schemes + fragment flag
Passed all schemes + local flag
Passed all flags
     /:@P~1([6J`0{v_x~*?)IKa.com/jjW^y.:RUkZV&lt;d;fh==],Q
Passed default
Passed all schemes flag
Passed all schemes + 2 slash flag
Passed all schemes + fragment flag
Passed all schemes + local flag
Passed all flags
123211:  vZIrBrRwpHmaWAhbRamJFgsEMTIgboDQWsPMn.gov 
Passed default
Passed all schemes flag
Passed all schemes + 2 slash flag
Passed all schemes + fragment flag
Passed all schemes + local flag
Passed all flags
https//:OBjyOTgsANpPZwcWwHfVVBmpgwUONvskkbVR.com/
Passed default
Passed all schemes flag
Passed all schemes + 2 slash flag
Passed all schemes + fragment flag
Passed all schemes + local flag
Passed all flags
https /:-fof,oBH~r1L)BZ2ru\av08a+&gt;P=L=- QSa$Qdh`5gp/v me7/8
Passed default
Passed all schemes flag
Passed all schemes + 2 slash flag
Passed all schemes + fragment flag
Passed all schemes + local flag
Passed all flags
https:/:i&gt;&apos;F_^Wi/{S?R4G=(Fz:2`]?vfajds;kjdls/pnsOAddToDdXUmiSknlxEgaQxeypYaFOKoy
Passed default
Passed all schemes flag
Passed all schemes + 2 slash flag
Passed all schemes + fragment flag
Passed all schemes + local flag
Passed all flags
    :/:iROE{&amp;V&apos;Cr-:3;P[Ofj%com/
Passed default
Passed all schemes flag
Passed all schemes + 2 slash flag
Passed all schemes + fragment flag
Passed all schemes + local flag
Passed all flags
HTTP /:GoVOUlKPNjBVBsssAxOAN.gov/
Passed default
Passed all schemes flag
Passed all schemes + 2 slash flag
Passed all schemes + fragment flag
Passed all schemes + local flag
Passed all flags
http/  Upf/F[lI`KSK$R 5N [3OddKqibx;SjOX5NSJMtpD(wC.com 6SC8)0K%}|,{|u&quot;pF*Ro{s[-&quot;a5#bHJ4sx(#
Passed default
Passed all schemes flag
Passed all schemes + 2 slash flag
Passed all schemes + fragment flag
Passed all schemes + local flag
Passed all flags
https:  yC&quot;xN6T.com xsMZyREcjT
Passed default
Passed all schemes flag
Passed all schemes + 2 slash flag
Passed all schemes + fragment flag
Passed all schemes + local flag
Passed all flags
$209321:/:KI9w&quot;{Q&amp;t|.com/QZo(`vB{wt&gt;mxW`Zt2po}2^f6i^
Passed default
Passed all schemes flag
Passed all schemes + 2 slash flag
Passed all schemes + fragment flag
Passed all schemes + local flag
Passed all flags
HttP:/:IgK./}J;!2)1PS8VT6.n\Ccap 7*DvIpp@YL3~AZ+D9~Qb3.com/
Passed default
Passed all schemes flag
Passed all schemes + 2 slash flag
Passed all schemes + fragment flag
Passed all schemes + local flag
Passed all flags
 /:yx/I{+YWf.com/#7y/4&lt;eg!eza:tK{nUwBK[p247&apos;`5OE[S,@g
Passed default
Passed all schemes flag
Passed all schemes + 2 slash flag
Passed all schemes + fragment flag
Passed all schemes + local flag
Passed all flags
HttP:/:VRcuQoOCtfsAkdUWdvEBEJnrfajds;kjdls/
Passed default
Passed all schemes flag
Passed all schemes + 2 slash flag
Passed all schemes + fragment flag
Passed all schemes + local flag
Passed all flags
https//:[[com/&quot;=~N-Ln~:E?K3&quot;\xs%nZGPo6!@1O_QV
Passed default
Passed all schemes flag
Passed all schemes + 2 slash flag
Passed all schemes + fragment flag
Passed all schemes + local flag
Passed all flags
1232117iBt=U*uX95lJc9uvVMMmaPXT2IJRj[Pofajds;kjdls{3@%k]&quot;xa[d!8VPUdJao14k*9W}|Xsa1&quot;g
Passed default
Passed all schemes flag
Passed all schemes + 2 slash flag
Passed all schemes + fragment flag
Passed all schemes + local flag
Passed all flags
http:/:US(= %1&amp;pPfajds;kjdls/
Passed default
Passed all schemes flag
Passed all schemes + 2 slash flag
Passed all schemes + fragment flag
Passed all schemes + local flag
Passed all flags
http /:a`sTB`ym&lt;v^dV.com/
Passed default
Passed all schemes flag
Passed all schemes + 2 slash flag
Passed all schemes + fragment flag
Passed all schemes + local flag
Passed all flags
HTTP//:%L5E@@l$T6fUp!j/a6v%q#xzIh3%;u&apos;Dbe;+R3p]GEmSxt#.com/PuKMRKxCpwaHPVkjRFdqVX
Passed default
Passed all schemes flag
Passed all schemes + 2 slash flag
Passed all schemes + fragment flag
Passed all schemes + local flag
Passed all flags
https:/:j]8Xr%Ym\zCEc]fWCeTfv;)2J]O@.d#=}@\`3Scom/K]^Y&quot;%
Passed default
Passed all schemes flag
Passed all schemes + 2 slash flag
Passed all schemes + fragment flag
Passed all schemes + local flag
Passed all flags
http:/:.net/
Passed default
Passed all schemes flag
Passed all schemes + 2 slash flag
Passed all schemes + fragment flag
Passed all schemes + local flag
Passed all flags
$209321:/LeeYRXbGcfnTeswlQDoOnJtEjlILfHrInDfajds;kjdls:
Passed default
Passed all schemes flag
Passed all schemes + 2 slash flag
Passed all schemes + fragment flag
Passed all schemes + local flag
Passed all flags
 ::/a=Zlf_9EbxaN^KzH4#fO&lt;SkIZ&amp;&quot;M2D@cBacom:
Passed default
Passed all schemes flag
Passed all schemes + 2 slash flag
Passed all schemes + fragment flag
Passed all schemes + local flag
Passed all flags
HttP:  rb]CliX5$_Z(d?SEn&apos;G6!48k=)zvoW#|k:L*&gt;v5+S.com jXBxWnGCZdUUVXqooMwkkvtOUCJqRsFXJwOimAMlEj
Passed default
Passed all schemes flag
Passed all schemes + 2 slash flag
Passed all schemes + fragment flag
Passed all schemes + local flag
Passed all flags
$209321/:+kcom/
Passed default
Passed all schemes flag
Passed all schemes + 2 slash flag
Passed all schemes + fragment flag
Passed all schemes + local flag
Passed all flags
 sadasd:/:*n1lC~&gt;jI;!9DL6S6Z6?ZW.com/ `EXg]LCfx#iLQ|-0M2
Passed default
Passed all schemes flag
Passed all schemes + 2 slash flag
Passed all schemes + fragment flag
Passed all schemes + local flag
Passed all flags
HttP::/,pc|{5U/DW{Pm9g5:.gov:k`|e9%DHQOvgrU#MZT$(WvFC&amp;3P}D@G,u`az\5tCZ&lt;qxM@
Passed default
Passed all schemes flag
Passed all schemes + 2 slash flag
Passed all schemes + fragment flag
Passed all schemes + local flag
Passed all flags
http:/:&quot;oLxNQqPeIqOKfajds;kjdls/xxkyPPkVcCsJOmMAhPTYbBIwRjmBvMiBdEpMUJqEpfxKj
Passed default
Passed all schemes flag
Passed all schemes + 2 slash flag
Passed all schemes + fragment flag
Passed all schemes + local flag
Passed all flags
HTTP:/:Ygp.net/YemQnhGE
Passed default
Passed all schemes flag
Passed all schemes + 2 slash flag
Passed all schemes + fragment flag
Passed all schemes + local flag
Passed all flags
http/:=6$#)@Nc xa*h,,30?&gt;I&lt;?:uV3UNfajds;kjdls/oF%:v8ph@)W$gRq=rv4f%&apos;/PCBO)lV+}
Passed default
Passed all schemes flag
Passed all schemes + 2 slash flag
Passed all schemes + fragment flag
Passed all schemes + local flag
Passed all flags
http/:pjJm:&quot;e!)y$kJ:TWdV}KtBvb\/57Koq{[.gov/KNNUNprrreRqwuZZewqUiFumpILph
Passed default
Passed all schemes flag
Passed all schemes + 2 slash flag
Passed all schemes + fragment flag
Passed all schemes + local flag
Passed all flags
$209321/:@1/Q$EgGjxTw/3//m&quot;EahkH{NlU!cM6s}xc`WKGx&amp;6s8dRMYY.com/
Passed default
Passed all schemes flag
Passed all schemes + 2 slash flag
Passed all schemes + fragment flag
Passed all schemes + local flag
Passed all flags
http   w2.F&amp;(QWN.net 
Passed default
Passed all schemes flag
Passed all schemes + 2 slash flag
Passed all schemes + fragment flag
Passed all schemes + local flag
Passed all flags
$209321//:.net/
Passed default
Passed all schemes flag
Passed all schemes + 2 slash flag
Passed all schemes + fragment flag
Passed all schemes + local flag
Passed all flags
http:/:zkzTYxD+sC-(uSvGERP%(a.com/PePG1He&gt;
Passed default
Passed all schemes flag
Passed all schemes + 2 slash flag
Passed all schemes + fragment flag
Passed all schemes + local flag
Passed all flags
http:/:k\Apti^).com/bomv$95u6fEIdAbei}%! uPz\xtg0UxUf|pGns?a6
Passed default
Passed all schemes flag
Passed all schemes + 2 slash flag
Passed all schemes + fragment flag
Passed all schemes + local flag
Passed all flags
https://e3W(rdML|h,3{9,syJcln](7$!&lt;&amp;caR&amp;O.com:wLqjgcuAFuaXJDpuYNboGdARVvkCqMMfYXdn
Passed default
</system-out>
  </testcase>
</testsuite>